{"/Users/emiliopostigo/roastr-ai/frontend/src/App.js": {"path":"/Users/emiliopostigo/roastr-ai/frontend/src/App.js","statementMap":{"0":{"start":{"line":25,"column":2},"end":{"line":63,"column":4}}},"fnMap":{"0":{"name":"App","decl":{"start":{"line":24,"column":9},"end":{"line":24,"column":12}},"loc":{"start":{"line":24,"column":15},"end":{"line":64,"column":1}},"line":24}},"branchMap":{},"s":{"0":0},"f":{"0":0},"b":{}}
,"/Users/emiliopostigo/roastr-ai/frontend/src/index.js": {"path":"/Users/emiliopostigo/roastr-ai/frontend/src/index.js","statementMap":{"0":{"start":{"line":5,"column":13},"end":{"line":5,"column":65}},"1":{"start":{"line":6,"column":0},"end":{"line":10,"column":2}}},"fnMap":{},"branchMap":{},"s":{"0":0,"1":0},"f":{},"b":{}}
,"/Users/emiliopostigo/roastr-ai/frontend/src/api/social.ts": {"path":"/Users/emiliopostigo/roastr-ai/frontend/src/api/social.ts","statementMap":{"0":{"start":{"line":56,"column":14},"end":{"line":56,"column":83}},"1":{"start":{"line":56,"column":36},"end":{"line":56,"column":83}},"2":{"start":{"line":56,"column":59},"end":{"line":56,"column":82}},"3":{"start":{"line":59,"column":25},"end":{"line":82,"column":1}},"4":{"start":{"line":63,"column":2},"end":{"line":63,"column":19}},"5":{"start":{"line":65,"column":2},"end":{"line":65,"column":67}},"6":{"start":{"line":67,"column":17},"end":{"line":67,"column":45}},"7":{"start":{"line":68,"column":16},"end":{"line":68,"column":34}},"8":{"start":{"line":69,"column":21},"end":{"line":69,"column":64}},"9":{"start":{"line":70,"column":19},"end":{"line":70,"column":37}},"10":{"start":{"line":72,"column":19},"end":{"line":72,"column":53}},"11":{"start":{"line":73,"column":18},"end":{"line":73,"column":42}},"12":{"start":{"line":75,"column":2},"end":{"line":81,"column":4}},"13":{"start":{"line":84,"column":28},"end":{"line":100,"column":1}},"14":{"start":{"line":88,"column":2},"end":{"line":88,"column":19}},"15":{"start":{"line":90,"column":2},"end":{"line":90,"column":71}},"16":{"start":{"line":93,"column":18},"end":{"line":93,"column":38}},"17":{"start":{"line":95,"column":2},"end":{"line":97,"column":3}},"18":{"start":{"line":96,"column":4},"end":{"line":96,"column":63}},"19":{"start":{"line":99,"column":2},"end":{"line":99,"column":27}},"20":{"start":{"line":102,"column":27},"end":{"line":118,"column":1}},"21":{"start":{"line":106,"column":2},"end":{"line":106,"column":19}},"22":{"start":{"line":108,"column":2},"end":{"line":108,"column":70}},"23":{"start":{"line":111,"column":18},"end":{"line":111,"column":38}},"24":{"start":{"line":113,"column":2},"end":{"line":115,"column":3}},"25":{"start":{"line":114,"column":4},"end":{"line":114,"column":62}},"26":{"start":{"line":117,"column":2},"end":{"line":117,"column":27}},"27":{"start":{"line":121,"column":36},"end":{"line":144,"column":1}},"28":{"start":{"line":125,"column":2},"end":{"line":125,"column":19}},"29":{"start":{"line":127,"column":2},"end":{"line":127,"column":78}},"30":{"start":{"line":129,"column":22},"end":{"line":129,"column":55}},"31":{"start":{"line":130,"column":16},"end":{"line":130,"column":34}},"32":{"start":{"line":131,"column":21},"end":{"line":131,"column":64}},"33":{"start":{"line":132,"column":19},"end":{"line":132,"column":37}},"34":{"start":{"line":134,"column":19},"end":{"line":134,"column":58}},"35":{"start":{"line":135,"column":18},"end":{"line":135,"column":47}},"36":{"start":{"line":137,"column":2},"end":{"line":143,"column":4}},"37":{"start":{"line":146,"column":36},"end":{"line":162,"column":1}},"38":{"start":{"line":150,"column":2},"end":{"line":150,"column":19}},"39":{"start":{"line":152,"column":2},"end":{"line":152,"column":80}},"40":{"start":{"line":155,"column":18},"end":{"line":155,"column":38}},"41":{"start":{"line":157,"column":2},"end":{"line":159,"column":3}},"42":{"start":{"line":158,"column":4},"end":{"line":158,"column":71}},"43":{"start":{"line":161,"column":2},"end":{"line":161,"column":27}},"44":{"start":{"line":165,"column":37},"end":{"line":185,"column":1}},"45":{"start":{"line":173,"column":2},"end":{"line":173,"column":19}},"46":{"start":{"line":175,"column":2},"end":{"line":175,"column":81}},"47":{"start":{"line":178,"column":18},"end":{"line":178,"column":38}},"48":{"start":{"line":180,"column":2},"end":{"line":182,"column":3}},"49":{"start":{"line":181,"column":4},"end":{"line":181,"column":72}},"50":{"start":{"line":184,"column":2},"end":{"line":184,"column":27}},"51":{"start":{"line":188,"column":30},"end":{"line":203,"column":1}},"52":{"start":{"line":192,"column":2},"end":{"line":192,"column":19}},"53":{"start":{"line":194,"column":2},"end":{"line":194,"column":62}},"54":{"start":{"line":197,"column":22},"end":{"line":197,"column":143}},"55":{"start":{"line":199,"column":2},"end":{"line":202,"column":4}},"56":{"start":{"line":205,"column":33},"end":{"line":218,"column":1}},"57":{"start":{"line":206,"column":2},"end":{"line":206,"column":19}},"58":{"start":{"line":208,"column":2},"end":{"line":208,"column":67}},"59":{"start":{"line":211,"column":18},"end":{"line":211,"column":38}},"60":{"start":{"line":213,"column":2},"end":{"line":215,"column":3}},"61":{"start":{"line":214,"column":4},"end":{"line":214,"column":67}},"62":{"start":{"line":217,"column":2},"end":{"line":217,"column":27}},"63":{"start":{"line":221,"column":27},"end":{"line":224,"column":1}},"64":{"start":{"line":222,"column":18},"end":{"line":222,"column":74}},"65":{"start":{"line":223,"column":2},"end":{"line":223,"column":37}},"66":{"start":{"line":226,"column":30},"end":{"line":232,"column":1}},"67":{"start":{"line":227,"column":16},"end":{"line":227,"column":50}},"68":{"start":{"line":228,"column":2},"end":{"line":231,"column":4}},"69":{"start":{"line":235,"column":26},"end":{"line":238,"column":1}},"70":{"start":{"line":236,"column":2},"end":{"line":237,"column":41}}},"fnMap":{"0":{"name":"(anonymous_0)","decl":{"start":{"line":56,"column":14},"end":{"line":56,"column":15}},"loc":{"start":{"line":56,"column":36},"end":{"line":56,"column":83}},"line":56},"1":{"name":"(anonymous_1)","decl":{"start":{"line":56,"column":48},"end":{"line":56,"column":49}},"loc":{"start":{"line":56,"column":59},"end":{"line":56,"column":82}},"line":56},"2":{"name":"(anonymous_2)","decl":{"start":{"line":59,"column":25},"end":{"line":59,"column":26}},"loc":{"start":{"line":62,"column":40},"end":{"line":82,"column":1}},"line":62},"3":{"name":"(anonymous_3)","decl":{"start":{"line":84,"column":28},"end":{"line":84,"column":29}},"loc":{"start":{"line":87,"column":36},"end":{"line":100,"column":1}},"line":87},"4":{"name":"(anonymous_4)","decl":{"start":{"line":102,"column":27},"end":{"line":102,"column":28}},"loc":{"start":{"line":105,"column":36},"end":{"line":118,"column":1}},"line":105},"5":{"name":"(anonymous_5)","decl":{"start":{"line":121,"column":36},"end":{"line":121,"column":37}},"loc":{"start":{"line":124,"column":50},"end":{"line":144,"column":1}},"line":124},"6":{"name":"(anonymous_6)","decl":{"start":{"line":146,"column":36},"end":{"line":146,"column":37}},"loc":{"start":{"line":149,"column":36},"end":{"line":162,"column":1}},"line":149},"7":{"name":"(anonymous_7)","decl":{"start":{"line":165,"column":37},"end":{"line":165,"column":38}},"loc":{"start":{"line":172,"column":36},"end":{"line":185,"column":1}},"line":172},"8":{"name":"(anonymous_8)","decl":{"start":{"line":188,"column":30},"end":{"line":188,"column":31}},"loc":{"start":{"line":191,"column":6},"end":{"line":203,"column":1}},"line":191},"9":{"name":"(anonymous_9)","decl":{"start":{"line":205,"column":33},"end":{"line":205,"column":34}},"loc":{"start":{"line":205,"column":93},"end":{"line":218,"column":1}},"line":205},"10":{"name":"(anonymous_10)","decl":{"start":{"line":221,"column":27},"end":{"line":221,"column":28}},"loc":{"start":{"line":221,"column":57},"end":{"line":224,"column":1}},"line":221},"11":{"name":"(anonymous_11)","decl":{"start":{"line":226,"column":30},"end":{"line":226,"column":31}},"loc":{"start":{"line":226,"column":60},"end":{"line":232,"column":1}},"line":226},"12":{"name":"(anonymous_12)","decl":{"start":{"line":235,"column":26},"end":{"line":235,"column":27}},"loc":{"start":{"line":235,"column":41},"end":{"line":238,"column":1}},"line":235}},"branchMap":{"0":{"loc":{"start":{"line":56,"column":15},"end":{"line":56,"column":31}},"type":"default-arg","locations":[{"start":{"line":56,"column":28},"end":{"line":56,"column":31}}],"line":56},"1":{"loc":{"start":{"line":61,"column":2},"end":{"line":61,"column":31}},"type":"default-arg","locations":[{"start":{"line":61,"column":29},"end":{"line":61,"column":31}}],"line":61},"2":{"loc":{"start":{"line":67,"column":17},"end":{"line":67,"column":45}},"type":"binary-expr","locations":[{"start":{"line":67,"column":17},"end":{"line":67,"column":39}},{"start":{"line":67,"column":43},"end":{"line":67,"column":45}}],"line":67},"3":{"loc":{"start":{"line":68,"column":16},"end":{"line":68,"column":34}},"type":"binary-expr","locations":[{"start":{"line":68,"column":16},"end":{"line":68,"column":28}},{"start":{"line":68,"column":32},"end":{"line":68,"column":34}}],"line":68},"4":{"loc":{"start":{"line":69,"column":21},"end":{"line":69,"column":64}},"type":"cond-expr","locations":[{"start":{"line":69,"column":37},"end":{"line":69,"column":60}},{"start":{"line":69,"column":63},"end":{"line":69,"column":64}}],"line":69},"5":{"loc":{"start":{"line":79,"column":18},"end":{"line":79,"column":59}},"type":"cond-expr","locations":[{"start":{"line":79,"column":28},"end":{"line":79,"column":47}},{"start":{"line":79,"column":50},"end":{"line":79,"column":59}}],"line":79},"6":{"loc":{"start":{"line":95,"column":2},"end":{"line":97,"column":3}},"type":"if","locations":[{"start":{"line":95,"column":2},"end":{"line":97,"column":3}},{"start":{},"end":{}}],"line":95},"7":{"loc":{"start":{"line":113,"column":2},"end":{"line":115,"column":3}},"type":"if","locations":[{"start":{"line":113,"column":2},"end":{"line":115,"column":3}},{"start":{},"end":{}}],"line":113},"8":{"loc":{"start":{"line":123,"column":2},"end":{"line":123,"column":31}},"type":"default-arg","locations":[{"start":{"line":123,"column":29},"end":{"line":123,"column":31}}],"line":123},"9":{"loc":{"start":{"line":129,"column":22},"end":{"line":129,"column":55}},"type":"binary-expr","locations":[{"start":{"line":129,"column":22},"end":{"line":129,"column":49}},{"start":{"line":129,"column":53},"end":{"line":129,"column":55}}],"line":129},"10":{"loc":{"start":{"line":130,"column":16},"end":{"line":130,"column":34}},"type":"binary-expr","locations":[{"start":{"line":130,"column":16},"end":{"line":130,"column":28}},{"start":{"line":130,"column":32},"end":{"line":130,"column":34}}],"line":130},"11":{"loc":{"start":{"line":131,"column":21},"end":{"line":131,"column":64}},"type":"cond-expr","locations":[{"start":{"line":131,"column":37},"end":{"line":131,"column":60}},{"start":{"line":131,"column":63},"end":{"line":131,"column":64}}],"line":131},"12":{"loc":{"start":{"line":141,"column":18},"end":{"line":141,"column":59}},"type":"cond-expr","locations":[{"start":{"line":141,"column":28},"end":{"line":141,"column":47}},{"start":{"line":141,"column":50},"end":{"line":141,"column":59}}],"line":141},"13":{"loc":{"start":{"line":157,"column":2},"end":{"line":159,"column":3}},"type":"if","locations":[{"start":{"line":157,"column":2},"end":{"line":159,"column":3}},{"start":{},"end":{}}],"line":157},"14":{"loc":{"start":{"line":180,"column":2},"end":{"line":182,"column":3}},"type":"if","locations":[{"start":{"line":180,"column":2},"end":{"line":182,"column":3}},{"start":{},"end":{}}],"line":180},"15":{"loc":{"start":{"line":213,"column":2},"end":{"line":215,"column":3}},"type":"if","locations":[{"start":{"line":213,"column":2},"end":{"line":215,"column":3}},{"start":{},"end":{}}],"line":213},"16":{"loc":{"start":{"line":222,"column":18},"end":{"line":222,"column":74}},"type":"binary-expr","locations":[{"start":{"line":222,"column":18},"end":{"line":222,"column":47}},{"start":{"line":222,"column":51},"end":{"line":222,"column":74}}],"line":222},"17":{"loc":{"start":{"line":230,"column":8},"end":{"line":230,"column":55}},"type":"binary-expr","locations":[{"start":{"line":230,"column":8},"end":{"line":230,"column":13}},{"start":{"line":230,"column":17},"end":{"line":230,"column":55}}],"line":230},"18":{"loc":{"start":{"line":236,"column":9},"end":{"line":237,"column":40}},"type":"binary-expr","locations":[{"start":{"line":236,"column":9},"end":{"line":236,"column":58}},{"start":{"line":237,"column":9},"end":{"line":237,"column":40}}],"line":236}},"s":{"0":1,"1":11,"2":11,"3":1,"4":2,"5":2,"6":2,"7":2,"8":2,"9":2,"10":2,"11":2,"12":2,"13":1,"14":1,"15":1,"16":1,"17":1,"18":0,"19":1,"20":1,"21":1,"22":1,"23":1,"24":1,"25":0,"26":1,"27":1,"28":1,"29":1,"30":1,"31":1,"32":1,"33":1,"34":1,"35":1,"36":1,"37":1,"38":1,"39":1,"40":1,"41":1,"42":0,"43":1,"44":1,"45":2,"46":2,"47":2,"48":2,"49":0,"50":2,"51":1,"52":2,"53":2,"54":2,"55":2,"56":1,"57":1,"58":1,"59":1,"60":1,"61":0,"62":1,"63":1,"64":1,"65":1,"66":1,"67":2,"68":2,"69":1,"70":1},"f":{"0":11,"1":11,"2":2,"3":1,"4":1,"5":1,"6":1,"7":2,"8":2,"9":1,"10":1,"11":2,"12":1},"b":{"0":[0],"1":[1],"2":[2,1],"3":[2,1],"4":[0,2],"5":[0,2],"6":[0,1],"7":[0,1],"8":[0],"9":[1,0],"10":[1,0],"11":[0,1],"12":[0,1],"13":[0,1],"14":[0,2],"15":[0,1],"16":[1,1],"17":[2,1],"18":[1,0]},"_coverageSchema":"1a1c01bbd47fc00a2c39e90264f33305004495a9","hash":"81bdc468468c8051537d8c5bda212c46d9684d0e"}
,"/Users/emiliopostigo/roastr-ai/frontend/src/components/AccountCard.js": {"path":"/Users/emiliopostigo/roastr-ai/frontend/src/components/AccountCard.js","statementMap":{"0":{"start":{"line":10,"column":20},"end":{"line":87,"column":1}},"1":{"start":{"line":11,"column":19},"end":{"line":11,"column":46}},"2":{"start":{"line":12,"column":22},"end":{"line":12,"column":60}},"3":{"start":{"line":13,"column":23},"end":{"line":13,"column":82}},"4":{"start":{"line":15,"column":27},"end":{"line":20,"column":3}},"5":{"start":{"line":16,"column":4},"end":{"line":18,"column":5}},"6":{"start":{"line":17,"column":6},"end":{"line":17,"column":45}},"7":{"start":{"line":19,"column":4},"end":{"line":19,"column":28}},"8":{"start":{"line":22,"column":2},"end":{"line":86,"column":4}}},"fnMap":{"0":{"name":"(anonymous_0)","decl":{"start":{"line":10,"column":20},"end":{"line":10,"column":21}},"loc":{"start":{"line":10,"column":46},"end":{"line":87,"column":1}},"line":10},"1":{"name":"(anonymous_1)","decl":{"start":{"line":15,"column":27},"end":{"line":15,"column":28}},"loc":{"start":{"line":15,"column":38},"end":{"line":20,"column":3}},"line":15}},"branchMap":{"0":{"loc":{"start":{"line":12,"column":22},"end":{"line":12,"column":60}},"type":"binary-expr","locations":[{"start":{"line":12,"column":22},"end":{"line":12,"column":52}},{"start":{"line":12,"column":56},"end":{"line":12,"column":60}}],"line":12},"1":{"loc":{"start":{"line":13,"column":23},"end":{"line":13,"column":82}},"type":"binary-expr","locations":[{"start":{"line":13,"column":23},"end":{"line":13,"column":54}},{"start":{"line":13,"column":58},"end":{"line":13,"column":82}}],"line":13},"2":{"loc":{"start":{"line":16,"column":4},"end":{"line":18,"column":5}},"type":"if","locations":[{"start":{"line":16,"column":4},"end":{"line":18,"column":5}},{"start":{},"end":{}}],"line":16},"3":{"loc":{"start":{"line":44,"column":20},"end":{"line":44,"column":60}},"type":"cond-expr","locations":[{"start":{"line":44,"column":31},"end":{"line":44,"column":45}},{"start":{"line":44,"column":48},"end":{"line":44,"column":60}}],"line":44},"4":{"loc":{"start":{"line":48,"column":18},"end":{"line":48,"column":100}},"type":"cond-expr","locations":[{"start":{"line":48,"column":29},"end":{"line":48,"column":65}},{"start":{"line":48,"column":68},"end":{"line":48,"column":100}}],"line":48},"5":{"loc":{"start":{"line":50,"column":19},"end":{"line":50,"column":51}},"type":"cond-expr","locations":[{"start":{"line":50,"column":30},"end":{"line":50,"column":38}},{"start":{"line":50,"column":41},"end":{"line":50,"column":51}}],"line":50},"6":{"loc":{"start":{"line":56,"column":15},"end":{"line":56,"column":68}},"type":"cond-expr","locations":[{"start":{"line":56,"column":47},"end":{"line":56,"column":50}},{"start":{"line":56,"column":53},"end":{"line":56,"column":68}}],"line":56},"7":{"loc":{"start":{"line":73,"column":7},"end":{"line":84,"column":7}},"type":"binary-expr","locations":[{"start":{"line":73,"column":7},"end":{"line":73,"column":23}},{"start":{"line":74,"column":8},"end":{"line":83,"column":14}}],"line":73},"8":{"loc":{"start":{"line":77,"column":23},"end":{"line":77,"column":77}},"type":"cond-expr","locations":[{"start":{"line":77,"column":56},"end":{"line":77,"column":64}},{"start":{"line":77,"column":67},"end":{"line":77,"column":77}}],"line":77},"9":{"loc":{"start":{"line":80,"column":32},"end":{"line":80,"column":75}},"type":"cond-expr","locations":[{"start":{"line":80,"column":63},"end":{"line":80,"column":67}},{"start":{"line":80,"column":70},"end":{"line":80,"column":75}}],"line":80}},"s":{"0":0,"1":0,"2":0,"3":0,"4":0,"5":0,"6":0,"7":0,"8":0},"f":{"0":0,"1":0},"b":{"0":[0,0],"1":[0,0],"2":[0,0],"3":[0,0],"4":[0,0],"5":[0,0],"6":[0,0],"7":[0,0],"8":[0,0],"9":[0,0]}}
,"/Users/emiliopostigo/roastr-ai/frontend/src/components/AccountModal.js": {"path":"/Users/emiliopostigo/roastr-ai/frontend/src/components/AccountModal.js","statementMap":{"0":{"start":{"line":11,"column":21},"end":{"line":553,"column":1}},"1":{"start":{"line":25,"column":36},"end":{"line":25,"column":54}},"2":{"start":{"line":26,"column":46},"end":{"line":26,"column":61}},"3":{"start":{"line":27,"column":60},"end":{"line":27,"column":75}},"4":{"start":{"line":28,"column":44},"end":{"line":28,"column":56}},"5":{"start":{"line":30,"column":22},"end":{"line":30,"column":60}},"6":{"start":{"line":31,"column":23},"end":{"line":31,"column":82}},"7":{"start":{"line":32,"column":19},"end":{"line":32,"column":46}},"8":{"start":{"line":34,"column":21},"end":{"line":41,"column":3}},"9":{"start":{"line":35,"column":4},"end":{"line":40,"column":7}},"10":{"start":{"line":43,"column":27},"end":{"line":48,"column":3}},"11":{"start":{"line":44,"column":4},"end":{"line":46,"column":5}},"12":{"start":{"line":45,"column":6},"end":{"line":45,"column":45}},"13":{"start":{"line":47,"column":4},"end":{"line":47,"column":28}},"14":{"start":{"line":50,"column":30},"end":{"line":54,"column":3}},"15":{"start":{"line":51,"column":4},"end":{"line":53,"column":5}},"16":{"start":{"line":52,"column":6},"end":{"line":52,"column":16}},"17":{"start":{"line":56,"column":24},"end":{"line":60,"column":3}},"18":{"start":{"line":57,"column":4},"end":{"line":59,"column":5}},"19":{"start":{"line":58,"column":6},"end":{"line":58,"column":16}},"20":{"start":{"line":62,"column":28},"end":{"line":74,"column":8}},"21":{"start":{"line":63,"column":4},"end":{"line":63,"column":63}},"22":{"start":{"line":63,"column":30},"end":{"line":63,"column":60}},"23":{"start":{"line":65,"column":4},"end":{"line":73,"column":5}},"24":{"start":{"line":66,"column":6},"end":{"line":66,"column":26}},"25":{"start":{"line":70,"column":6},"end":{"line":70,"column":58}},"26":{"start":{"line":72,"column":6},"end":{"line":72,"column":66}},"27":{"start":{"line":72,"column":32},"end":{"line":72,"column":63}},"28":{"start":{"line":76,"column":29},"end":{"line":82,"column":53}},"29":{"start":{"line":77,"column":4},"end":{"line":81,"column":6}},"30":{"start":{"line":79,"column":12},"end":{"line":79,"column":47}},"31":{"start":{"line":84,"column":28},"end":{"line":90,"column":52}},"32":{"start":{"line":85,"column":4},"end":{"line":89,"column":6}},"33":{"start":{"line":87,"column":12},"end":{"line":87,"column":46}},"34":{"start":{"line":92,"column":27},"end":{"line":102,"column":3}},"35":{"start":{"line":93,"column":4},"end":{"line":101,"column":6}},"36":{"start":{"line":96,"column":8},"end":{"line":96,"column":46}},"37":{"start":{"line":97,"column":8},"end":{"line":97,"column":40}},"38":{"start":{"line":98,"column":8},"end":{"line":98,"column":18}},"39":{"start":{"line":104,"column":15},"end":{"line":108,"column":3}},"40":{"start":{"line":110,"column":2},"end":{"line":552,"column":4}},"41":{"start":{"line":166,"column":14},"end":{"line":177,"column":23}},"42":{"start":{"line":168,"column":31},"end":{"line":168,"column":51}},"43":{"start":{"line":201,"column":20},"end":{"line":264,"column":26}},"44":{"start":{"line":246,"column":45},"end":{"line":246,"column":72}},"45":{"start":{"line":254,"column":45},"end":{"line":254,"column":73}},"46":{"start":{"line":323,"column":49},"end":{"line":323,"column":72}},"47":{"start":{"line":336,"column":33},"end":{"line":336,"column":67}},"48":{"start":{"line":395,"column":35},"end":{"line":395,"column":97}},"49":{"start":{"line":422,"column":35},"end":{"line":422,"column":94}},"50":{"start":{"line":443,"column":39},"end":{"line":443,"column":96}},"51":{"start":{"line":447,"column":24},"end":{"line":449,"column":33}},"52":{"start":{"line":464,"column":37},"end":{"line":464,"column":77}},"53":{"start":{"line":468,"column":22},"end":{"line":470,"column":31}},"54":{"start":{"line":499,"column":35},"end":{"line":499,"column":96}},"55":{"start":{"line":519,"column":35},"end":{"line":519,"column":65}},"56":{"start":{"line":532,"column":39},"end":{"line":532,"column":70}}},"fnMap":{"0":{"name":"(anonymous_0)","decl":{"start":{"line":11,"column":21},"end":{"line":11,"column":22}},"loc":{"start":{"line":24,"column":6},"end":{"line":553,"column":1}},"line":24},"1":{"name":"(anonymous_1)","decl":{"start":{"line":34,"column":21},"end":{"line":34,"column":22}},"loc":{"start":{"line":34,"column":37},"end":{"line":41,"column":3}},"line":34},"2":{"name":"(anonymous_2)","decl":{"start":{"line":43,"column":27},"end":{"line":43,"column":28}},"loc":{"start":{"line":43,"column":38},"end":{"line":48,"column":3}},"line":43},"3":{"name":"(anonymous_3)","decl":{"start":{"line":50,"column":30},"end":{"line":50,"column":31}},"loc":{"start":{"line":50,"column":37},"end":{"line":54,"column":3}},"line":50},"4":{"name":"(anonymous_4)","decl":{"start":{"line":56,"column":24},"end":{"line":56,"column":25}},"loc":{"start":{"line":56,"column":31},"end":{"line":60,"column":3}},"line":56},"5":{"name":"(anonymous_5)","decl":{"start":{"line":62,"column":40},"end":{"line":62,"column":41}},"loc":{"start":{"line":62,"column":90},"end":{"line":74,"column":3}},"line":62},"6":{"name":"(anonymous_6)","decl":{"start":{"line":63,"column":21},"end":{"line":63,"column":22}},"loc":{"start":{"line":63,"column":30},"end":{"line":63,"column":60}},"line":63},"7":{"name":"(anonymous_7)","decl":{"start":{"line":72,"column":23},"end":{"line":72,"column":24}},"loc":{"start":{"line":72,"column":32},"end":{"line":72,"column":63}},"line":72},"8":{"name":"(anonymous_8)","decl":{"start":{"line":76,"column":41},"end":{"line":76,"column":42}},"loc":{"start":{"line":76,"column":54},"end":{"line":82,"column":3}},"line":76},"9":{"name":"(anonymous_9)","decl":{"start":{"line":79,"column":6},"end":{"line":79,"column":7}},"loc":{"start":{"line":79,"column":12},"end":{"line":79,"column":47}},"line":79},"10":{"name":"(anonymous_10)","decl":{"start":{"line":84,"column":40},"end":{"line":84,"column":41}},"loc":{"start":{"line":84,"column":53},"end":{"line":90,"column":3}},"line":84},"11":{"name":"(anonymous_11)","decl":{"start":{"line":87,"column":6},"end":{"line":87,"column":7}},"loc":{"start":{"line":87,"column":12},"end":{"line":87,"column":46}},"line":87},"12":{"name":"(anonymous_12)","decl":{"start":{"line":92,"column":27},"end":{"line":92,"column":28}},"loc":{"start":{"line":92,"column":33},"end":{"line":102,"column":3}},"line":92},"13":{"name":"(anonymous_13)","decl":{"start":{"line":95,"column":6},"end":{"line":95,"column":7}},"loc":{"start":{"line":95,"column":18},"end":{"line":99,"column":7}},"line":95},"14":{"name":"(anonymous_14)","decl":{"start":{"line":165,"column":22},"end":{"line":165,"column":23}},"loc":{"start":{"line":166,"column":14},"end":{"line":177,"column":23}},"line":166},"15":{"name":"(anonymous_15)","decl":{"start":{"line":168,"column":25},"end":{"line":168,"column":26}},"loc":{"start":{"line":168,"column":31},"end":{"line":168,"column":51}},"line":168},"16":{"name":"(anonymous_16)","decl":{"start":{"line":200,"column":30},"end":{"line":200,"column":31}},"loc":{"start":{"line":201,"column":20},"end":{"line":264,"column":26}},"line":201},"17":{"name":"(anonymous_17)","decl":{"start":{"line":246,"column":39},"end":{"line":246,"column":40}},"loc":{"start":{"line":246,"column":45},"end":{"line":246,"column":72}},"line":246},"18":{"name":"(anonymous_18)","decl":{"start":{"line":254,"column":39},"end":{"line":254,"column":40}},"loc":{"start":{"line":254,"column":45},"end":{"line":254,"column":73}},"line":254},"19":{"name":"(anonymous_19)","decl":{"start":{"line":323,"column":44},"end":{"line":323,"column":45}},"loc":{"start":{"line":323,"column":49},"end":{"line":323,"column":72}},"line":323},"20":{"name":"(anonymous_20)","decl":{"start":{"line":336,"column":27},"end":{"line":336,"column":28}},"loc":{"start":{"line":336,"column":33},"end":{"line":336,"column":67}},"line":336},"21":{"name":"(anonymous_21)","decl":{"start":{"line":395,"column":29},"end":{"line":395,"column":30}},"loc":{"start":{"line":395,"column":35},"end":{"line":395,"column":97}},"line":395},"22":{"name":"(anonymous_22)","decl":{"start":{"line":422,"column":29},"end":{"line":422,"column":30}},"loc":{"start":{"line":422,"column":35},"end":{"line":422,"column":94}},"line":422},"23":{"name":"(anonymous_23)","decl":{"start":{"line":443,"column":32},"end":{"line":443,"column":33}},"loc":{"start":{"line":443,"column":39},"end":{"line":443,"column":96}},"line":443},"24":{"name":"(anonymous_24)","decl":{"start":{"line":446,"column":41},"end":{"line":446,"column":42}},"loc":{"start":{"line":447,"column":24},"end":{"line":449,"column":33}},"line":447},"25":{"name":"(anonymous_25)","decl":{"start":{"line":464,"column":30},"end":{"line":464,"column":31}},"loc":{"start":{"line":464,"column":37},"end":{"line":464,"column":77}},"line":464},"26":{"name":"(anonymous_26)","decl":{"start":{"line":467,"column":38},"end":{"line":467,"column":39}},"loc":{"start":{"line":468,"column":22},"end":{"line":470,"column":31}},"line":468},"27":{"name":"(anonymous_27)","decl":{"start":{"line":499,"column":29},"end":{"line":499,"column":30}},"loc":{"start":{"line":499,"column":35},"end":{"line":499,"column":96}},"line":499},"28":{"name":"(anonymous_28)","decl":{"start":{"line":519,"column":29},"end":{"line":519,"column":30}},"loc":{"start":{"line":519,"column":35},"end":{"line":519,"column":65}},"line":519},"29":{"name":"(anonymous_29)","decl":{"start":{"line":532,"column":33},"end":{"line":532,"column":34}},"loc":{"start":{"line":532,"column":39},"end":{"line":532,"column":70}},"line":532}},"branchMap":{"0":{"loc":{"start":{"line":30,"column":22},"end":{"line":30,"column":60}},"type":"binary-expr","locations":[{"start":{"line":30,"column":22},"end":{"line":30,"column":52}},{"start":{"line":30,"column":56},"end":{"line":30,"column":60}}],"line":30},"1":{"loc":{"start":{"line":31,"column":23},"end":{"line":31,"column":82}},"type":"binary-expr","locations":[{"start":{"line":31,"column":23},"end":{"line":31,"column":54}},{"start":{"line":31,"column":58},"end":{"line":31,"column":82}}],"line":31},"2":{"loc":{"start":{"line":44,"column":4},"end":{"line":46,"column":5}},"type":"if","locations":[{"start":{"line":44,"column":4},"end":{"line":46,"column":5}},{"start":{},"end":{}}],"line":44},"3":{"loc":{"start":{"line":51,"column":4},"end":{"line":53,"column":5}},"type":"if","locations":[{"start":{"line":51,"column":4},"end":{"line":53,"column":5}},{"start":{},"end":{}}],"line":51},"4":{"loc":{"start":{"line":57,"column":4},"end":{"line":59,"column":5}},"type":"if","locations":[{"start":{"line":57,"column":4},"end":{"line":59,"column":5}},{"start":{},"end":{}}],"line":57},"5":{"loc":{"start":{"line":133,"column":58},"end":{"line":133,"column":98}},"type":"cond-expr","locations":[{"start":{"line":133,"column":69},"end":{"line":133,"column":83}},{"start":{"line":133,"column":86},"end":{"line":133,"column":98}}],"line":133},"6":{"loc":{"start":{"line":134,"column":58},"end":{"line":134,"column":140}},"type":"cond-expr","locations":[{"start":{"line":134,"column":69},"end":{"line":134,"column":105}},{"start":{"line":134,"column":108},"end":{"line":134,"column":140}}],"line":134},"7":{"loc":{"start":{"line":135,"column":21},"end":{"line":135,"column":53}},"type":"cond-expr","locations":[{"start":{"line":135,"column":32},"end":{"line":135,"column":40}},{"start":{"line":135,"column":43},"end":{"line":135,"column":53}}],"line":135},"8":{"loc":{"start":{"line":146,"column":17},"end":{"line":146,"column":70}},"type":"cond-expr","locations":[{"start":{"line":146,"column":49},"end":{"line":146,"column":52}},{"start":{"line":146,"column":55},"end":{"line":146,"column":70}}],"line":146},"9":{"loc":{"start":{"line":170,"column":18},"end":{"line":172,"column":142}},"type":"cond-expr","locations":[{"start":{"line":171,"column":22},"end":{"line":171,"column":81}},{"start":{"line":172,"column":22},"end":{"line":172,"column":142}}],"line":170},"10":{"loc":{"start":{"line":185,"column":11},"end":{"line":269,"column":11}},"type":"binary-expr","locations":[{"start":{"line":185,"column":11},"end":{"line":185,"column":33}},{"start":{"line":186,"column":12},"end":{"line":268,"column":18}}],"line":185},"11":{"loc":{"start":{"line":191,"column":15},"end":{"line":267,"column":15}},"type":"cond-expr","locations":[{"start":{"line":192,"column":16},"end":{"line":197,"column":22}},{"start":{"line":199,"column":16},"end":{"line":266,"column":22}}],"line":191},"12":{"loc":{"start":{"line":233,"column":28},"end":{"line":235,"column":102}},"type":"cond-expr","locations":[{"start":{"line":233,"column":58},"end":{"line":233,"column":128}},{"start":{"line":234,"column":28},"end":{"line":235,"column":102}}],"line":233},"13":{"loc":{"start":{"line":234,"column":28},"end":{"line":235,"column":102}},"type":"cond-expr","locations":[{"start":{"line":234,"column":58},"end":{"line":234,"column":120}},{"start":{"line":235,"column":28},"end":{"line":235,"column":102}}],"line":234},"14":{"loc":{"start":{"line":237,"column":29},"end":{"line":238,"column":84}},"type":"cond-expr","locations":[{"start":{"line":237,"column":59},"end":{"line":237,"column":69}},{"start":{"line":238,"column":29},"end":{"line":238,"column":84}}],"line":237},"15":{"loc":{"start":{"line":238,"column":29},"end":{"line":238,"column":84}},"type":"cond-expr","locations":[{"start":{"line":238,"column":59},"end":{"line":238,"column":70}},{"start":{"line":238,"column":73},"end":{"line":238,"column":84}}],"line":238},"16":{"loc":{"start":{"line":243,"column":25},"end":{"line":262,"column":25}},"type":"binary-expr","locations":[{"start":{"line":243,"column":25},"end":{"line":243,"column":54}},{"start":{"line":243,"column":58},"end":{"line":243,"column":84}},{"start":{"line":244,"column":26},"end":{"line":261,"column":32}}],"line":243},"17":{"loc":{"start":{"line":251,"column":31},"end":{"line":251,"column":78}},"type":"cond-expr","locations":[{"start":{"line":251,"column":69},"end":{"line":251,"column":72}},{"start":{"line":251,"column":75},"end":{"line":251,"column":78}}],"line":251},"18":{"loc":{"start":{"line":259,"column":31},"end":{"line":259,"column":79}},"type":"cond-expr","locations":[{"start":{"line":259,"column":70},"end":{"line":259,"column":73}},{"start":{"line":259,"column":76},"end":{"line":259,"column":79}}],"line":259},"19":{"loc":{"start":{"line":272,"column":11},"end":{"line":373,"column":11}},"type":"binary-expr","locations":[{"start":{"line":272,"column":11},"end":{"line":272,"column":33}},{"start":{"line":273,"column":12},"end":{"line":372,"column":18}}],"line":272},"20":{"loc":{"start":{"line":282,"column":60},"end":{"line":282,"column":123}},"type":"cond-expr","locations":[{"start":{"line":282,"column":93},"end":{"line":282,"column":107}},{"start":{"line":282,"column":110},"end":{"line":282,"column":123}}],"line":282},"21":{"loc":{"start":{"line":284,"column":22},"end":{"line":286,"column":60}},"type":"cond-expr","locations":[{"start":{"line":285,"column":26},"end":{"line":285,"column":62}},{"start":{"line":286,"column":26},"end":{"line":286,"column":60}}],"line":284},"22":{"loc":{"start":{"line":288,"column":23},"end":{"line":288,"column":77}},"type":"cond-expr","locations":[{"start":{"line":288,"column":56},"end":{"line":288,"column":64}},{"start":{"line":288,"column":67},"end":{"line":288,"column":77}}],"line":288},"23":{"loc":{"start":{"line":299,"column":15},"end":{"line":331,"column":15}},"type":"binary-expr","locations":[{"start":{"line":299,"column":15},"end":{"line":299,"column":45}},{"start":{"line":300,"column":16},"end":{"line":330,"column":22}}],"line":299},"24":{"loc":{"start":{"line":352,"column":19},"end":{"line":363,"column":19}},"type":"binary-expr","locations":[{"start":{"line":352,"column":19},"end":{"line":352,"column":49}},{"start":{"line":353,"column":20},"end":{"line":362,"column":26}}],"line":352},"25":{"loc":{"start":{"line":355,"column":24},"end":{"line":355,"column":58}},"type":"cond-expr","locations":[{"start":{"line":355,"column":41},"end":{"line":355,"column":53}},{"start":{"line":355,"column":56},"end":{"line":355,"column":58}}],"line":355},"26":{"loc":{"start":{"line":366,"column":17},"end":{"line":370,"column":17}},"type":"binary-expr","locations":[{"start":{"line":366,"column":17},"end":{"line":366,"column":31}},{"start":{"line":366,"column":35},"end":{"line":366,"column":65}},{"start":{"line":367,"column":18},"end":{"line":369,"column":24}}],"line":366},"27":{"loc":{"start":{"line":376,"column":11},"end":{"line":548,"column":11}},"type":"binary-expr","locations":[{"start":{"line":376,"column":11},"end":{"line":376,"column":35}},{"start":{"line":377,"column":12},"end":{"line":547,"column":18}}],"line":376},"28":{"loc":{"start":{"line":397,"column":22},"end":{"line":397,"column":102}},"type":"cond-expr","locations":[{"start":{"line":397,"column":53},"end":{"line":397,"column":69}},{"start":{"line":397,"column":72},"end":{"line":397,"column":102}}],"line":397},"29":{"loc":{"start":{"line":402,"column":24},"end":{"line":402,"column":88}},"type":"cond-expr","locations":[{"start":{"line":402,"column":55},"end":{"line":402,"column":70}},{"start":{"line":402,"column":73},"end":{"line":402,"column":88}}],"line":402},"30":{"loc":{"start":{"line":424,"column":22},"end":{"line":424,"column":104}},"type":"cond-expr","locations":[{"start":{"line":424,"column":55},"end":{"line":424,"column":71}},{"start":{"line":424,"column":74},"end":{"line":424,"column":104}}],"line":424},"31":{"loc":{"start":{"line":429,"column":24},"end":{"line":429,"column":90}},"type":"cond-expr","locations":[{"start":{"line":429,"column":57},"end":{"line":429,"column":72}},{"start":{"line":429,"column":75},"end":{"line":429,"column":90}}],"line":429},"32":{"loc":{"start":{"line":436,"column":17},"end":{"line":453,"column":17}},"type":"binary-expr","locations":[{"start":{"line":436,"column":17},"end":{"line":436,"column":47}},{"start":{"line":437,"column":18},"end":{"line":452,"column":24}}],"line":436},"33":{"loc":{"start":{"line":494,"column":23},"end":{"line":494,"column":103}},"type":"cond-expr","locations":[{"start":{"line":494,"column":34},"end":{"line":494,"column":76}},{"start":{"line":494,"column":79},"end":{"line":494,"column":103}}],"line":494},"34":{"loc":{"start":{"line":499,"column":63},"end":{"line":499,"column":95}},"type":"cond-expr","locations":[{"start":{"line":499,"column":74},"end":{"line":499,"column":84}},{"start":{"line":499,"column":87},"end":{"line":499,"column":95}}],"line":499},"35":{"loc":{"start":{"line":501,"column":22},"end":{"line":503,"column":142}},"type":"cond-expr","locations":[{"start":{"line":502,"column":26},"end":{"line":502,"column":148}},{"start":{"line":503,"column":26},"end":{"line":503,"column":142}}],"line":501},"36":{"loc":{"start":{"line":506,"column":21},"end":{"line":506,"column":66}},"type":"cond-expr","locations":[{"start":{"line":506,"column":32},"end":{"line":506,"column":47}},{"start":{"line":506,"column":50},"end":{"line":506,"column":66}}],"line":506},"37":{"loc":{"start":{"line":517,"column":17},"end":{"line":545,"column":17}},"type":"cond-expr","locations":[{"start":{"line":518,"column":18},"end":{"line":523,"column":27}},{"start":{"line":525,"column":18},"end":{"line":544,"column":24}}],"line":517}},"s":{"0":0,"1":0,"2":0,"3":0,"4":0,"5":0,"6":0,"7":0,"8":0,"9":0,"10":0,"11":0,"12":0,"13":0,"14":0,"15":0,"16":0,"17":0,"18":0,"19":0,"20":0,"21":0,"22":0,"23":0,"24":0,"25":0,"26":0,"27":0,"28":0,"29":0,"30":0,"31":0,"32":0,"33":0,"34":0,"35":0,"36":0,"37":0,"38":0,"39":0,"40":0,"41":0,"42":0,"43":0,"44":0,"45":0,"46":0,"47":0,"48":0,"49":0,"50":0,"51":0,"52":0,"53":0,"54":0,"55":0,"56":0},"f":{"0":0,"1":0,"2":0,"3":0,"4":0,"5":0,"6":0,"7":0,"8":0,"9":0,"10":0,"11":0,"12":0,"13":0,"14":0,"15":0,"16":0,"17":0,"18":0,"19":0,"20":0,"21":0,"22":0,"23":0,"24":0,"25":0,"26":0,"27":0,"28":0,"29":0},"b":{"0":[0,0],"1":[0,0],"2":[0,0],"3":[0,0],"4":[0,0],"5":[0,0],"6":[0,0],"7":[0,0],"8":[0,0],"9":[0,0],"10":[0,0],"11":[0,0],"12":[0,0],"13":[0,0],"14":[0,0],"15":[0,0],"16":[0,0,0],"17":[0,0],"18":[0,0],"19":[0,0],"20":[0,0],"21":[0,0],"22":[0,0],"23":[0,0],"24":[0,0],"25":[0,0],"26":[0,0,0],"27":[0,0],"28":[0,0],"29":[0,0],"30":[0,0],"31":[0,0],"32":[0,0],"33":[0,0],"34":[0,0],"35":[0,0],"36":[0,0],"37":[0,0]}}
,"/Users/emiliopostigo/roastr-ai/frontend/src/components/AppShell.jsx": {"path":"/Users/emiliopostigo/roastr-ai/frontend/src/components/AppShell.jsx","statementMap":{"0":{"start":{"line":7,"column":2},"end":{"line":22,"column":4}}},"fnMap":{"0":{"name":"AppShell","decl":{"start":{"line":6,"column":24},"end":{"line":6,"column":32}},"loc":{"start":{"line":6,"column":35},"end":{"line":23,"column":1}},"line":6}},"branchMap":{},"s":{"0":0},"f":{"0":0},"b":{}}
,"/Users/emiliopostigo/roastr-ai/frontend/src/components/AuthForm.js": {"path":"/Users/emiliopostigo/roastr-ai/frontend/src/components/AuthForm.js","statementMap":{"0":{"start":{"line":4,"column":17},"end":{"line":194,"column":1}},"1":{"start":{"line":5,"column":34},"end":{"line":9,"column":4}},"2":{"start":{"line":10,"column":36},"end":{"line":10,"column":51}},"3":{"start":{"line":11,"column":42},"end":{"line":11,"column":57}},"4":{"start":{"line":13,"column":18},"end":{"line":13,"column":34}},"5":{"start":{"line":14,"column":21},"end":{"line":14,"column":40}},"6":{"start":{"line":16,"column":23},"end":{"line":22,"column":3}},"7":{"start":{"line":17,"column":28},"end":{"line":17,"column":36}},"8":{"start":{"line":18,"column":4},"end":{"line":21,"column":8}},"9":{"start":{"line":18,"column":25},"end":{"line":21,"column":5}},"10":{"start":{"line":24,"column":23},"end":{"line":57,"column":3}},"11":{"start":{"line":25,"column":4},"end":{"line":25,"column":23}},"12":{"start":{"line":26,"column":4},"end":{"line":26,"column":23}},"13":{"start":{"line":28,"column":4},"end":{"line":56,"column":5}},"14":{"start":{"line":31,"column":6},"end":{"line":37,"column":7}},"15":{"start":{"line":32,"column":8},"end":{"line":32,"column":77}},"16":{"start":{"line":33,"column":8},"end":{"line":33,"column":65}},"17":{"start":{"line":34,"column":13},"end":{"line":37,"column":7}},"18":{"start":{"line":35,"column":8},"end":{"line":35,"column":92}},"19":{"start":{"line":36,"column":8},"end":{"line":36,"column":102}},"20":{"start":{"line":39,"column":25},"end":{"line":39,"column":58}},"21":{"start":{"line":41,"column":6},"end":{"line":51,"column":7}},"22":{"start":{"line":42,"column":8},"end":{"line":42,"column":56}},"23":{"start":{"line":43,"column":13},"end":{"line":51,"column":7}},"24":{"start":{"line":44,"column":8},"end":{"line":44,"column":80}},"25":{"start":{"line":45,"column":13},"end":{"line":51,"column":7}},"26":{"start":{"line":46,"column":8},"end":{"line":46,"column":72}},"27":{"start":{"line":47,"column":13},"end":{"line":51,"column":7}},"28":{"start":{"line":48,"column":8},"end":{"line":48,"column":40}},"29":{"start":{"line":49,"column":13},"end":{"line":51,"column":7}},"30":{"start":{"line":50,"column":8},"end":{"line":50,"column":37}},"31":{"start":{"line":53,"column":6},"end":{"line":53,"column":37}},"32":{"start":{"line":55,"column":6},"end":{"line":55,"column":26}},"33":{"start":{"line":59,"column":23},"end":{"line":67,"column":3}},"34":{"start":{"line":60,"column":23},"end":{"line":60,"column":51}},"35":{"start":{"line":62,"column":4},"end":{"line":62,"column":55}},"36":{"start":{"line":62,"column":42},"end":{"line":62,"column":55}},"37":{"start":{"line":63,"column":4},"end":{"line":63,"column":51}},"38":{"start":{"line":63,"column":38},"end":{"line":63,"column":51}},"39":{"start":{"line":64,"column":4},"end":{"line":64,"column":68}},"40":{"start":{"line":64,"column":55},"end":{"line":64,"column":68}},"41":{"start":{"line":66,"column":4},"end":{"line":66,"column":16}},"42":{"start":{"line":69,"column":2},"end":{"line":193,"column":4}},"43":{"start":{"line":125,"column":27},"end":{"line":125,"column":57}}},"fnMap":{"0":{"name":"(anonymous_0)","decl":{"start":{"line":4,"column":17},"end":{"line":4,"column":18}},"loc":{"start":{"line":4,"column":77},"end":{"line":194,"column":1}},"line":4},"1":{"name":"(anonymous_1)","decl":{"start":{"line":16,"column":23},"end":{"line":16,"column":24}},"loc":{"start":{"line":16,"column":30},"end":{"line":22,"column":3}},"line":16},"2":{"name":"(anonymous_2)","decl":{"start":{"line":18,"column":16},"end":{"line":18,"column":17}},"loc":{"start":{"line":18,"column":25},"end":{"line":21,"column":5}},"line":18},"3":{"name":"(anonymous_3)","decl":{"start":{"line":24,"column":23},"end":{"line":24,"column":24}},"loc":{"start":{"line":24,"column":36},"end":{"line":57,"column":3}},"line":24},"4":{"name":"(anonymous_4)","decl":{"start":{"line":59,"column":23},"end":{"line":59,"column":24}},"loc":{"start":{"line":59,"column":29},"end":{"line":67,"column":3}},"line":59},"5":{"name":"(anonymous_5)","decl":{"start":{"line":125,"column":21},"end":{"line":125,"column":22}},"loc":{"start":{"line":125,"column":27},"end":{"line":125,"column":57}},"line":125}},"branchMap":{"0":{"loc":{"start":{"line":4,"column":20},"end":{"line":4,"column":34}},"type":"default-arg","locations":[{"start":{"line":4,"column":27},"end":{"line":4,"column":34}}],"line":4},"1":{"loc":{"start":{"line":31,"column":6},"end":{"line":37,"column":7}},"type":"if","locations":[{"start":{"line":31,"column":6},"end":{"line":37,"column":7}},{"start":{"line":34,"column":13},"end":{"line":37,"column":7}}],"line":31},"2":{"loc":{"start":{"line":34,"column":13},"end":{"line":37,"column":7}},"type":"if","locations":[{"start":{"line":34,"column":13},"end":{"line":37,"column":7}},{"start":{},"end":{}}],"line":34},"3":{"loc":{"start":{"line":41,"column":6},"end":{"line":51,"column":7}},"type":"if","locations":[{"start":{"line":41,"column":6},"end":{"line":51,"column":7}},{"start":{"line":43,"column":13},"end":{"line":51,"column":7}}],"line":41},"4":{"loc":{"start":{"line":43,"column":13},"end":{"line":51,"column":7}},"type":"if","locations":[{"start":{"line":43,"column":13},"end":{"line":51,"column":7}},{"start":{"line":45,"column":13},"end":{"line":51,"column":7}}],"line":43},"5":{"loc":{"start":{"line":45,"column":13},"end":{"line":51,"column":7}},"type":"if","locations":[{"start":{"line":45,"column":13},"end":{"line":51,"column":7}},{"start":{"line":47,"column":13},"end":{"line":51,"column":7}}],"line":45},"6":{"loc":{"start":{"line":47,"column":13},"end":{"line":51,"column":7}},"type":"if","locations":[{"start":{"line":47,"column":13},"end":{"line":51,"column":7}},{"start":{"line":49,"column":13},"end":{"line":51,"column":7}}],"line":47},"7":{"loc":{"start":{"line":49,"column":13},"end":{"line":51,"column":7}},"type":"if","locations":[{"start":{"line":49,"column":13},"end":{"line":51,"column":7}},{"start":{},"end":{}}],"line":49},"8":{"loc":{"start":{"line":62,"column":4},"end":{"line":62,"column":55}},"type":"if","locations":[{"start":{"line":62,"column":4},"end":{"line":62,"column":55}},{"start":{},"end":{}}],"line":62},"9":{"loc":{"start":{"line":63,"column":4},"end":{"line":63,"column":51}},"type":"if","locations":[{"start":{"line":63,"column":4},"end":{"line":63,"column":51}},{"start":{},"end":{}}],"line":63},"10":{"loc":{"start":{"line":64,"column":4},"end":{"line":64,"column":68}},"type":"if","locations":[{"start":{"line":64,"column":4},"end":{"line":64,"column":68}},{"start":{},"end":{}}],"line":64},"11":{"loc":{"start":{"line":64,"column":8},"end":{"line":64,"column":53}},"type":"binary-expr","locations":[{"start":{"line":64,"column":8},"end":{"line":64,"column":18}},{"start":{"line":64,"column":22},"end":{"line":64,"column":53}}],"line":64},"12":{"loc":{"start":{"line":72,"column":7},"end":{"line":88,"column":7}},"type":"binary-expr","locations":[{"start":{"line":72,"column":7},"end":{"line":72,"column":17}},{"start":{"line":73,"column":8},"end":{"line":87,"column":14}}],"line":72},"13":{"loc":{"start":{"line":116,"column":18},"end":{"line":116,"column":52}},"type":"cond-expr","locations":[{"start":{"line":116,"column":33},"end":{"line":116,"column":39}},{"start":{"line":116,"column":42},"end":{"line":116,"column":52}}],"line":116},"14":{"loc":{"start":{"line":121,"column":25},"end":{"line":121,"column":77}},"type":"cond-expr","locations":[{"start":{"line":121,"column":38},"end":{"line":121,"column":59}},{"start":{"line":121,"column":62},"end":{"line":121,"column":77}}],"line":121},"15":{"loc":{"start":{"line":128,"column":13},"end":{"line":137,"column":13}},"type":"cond-expr","locations":[{"start":{"line":129,"column":14},"end":{"line":132,"column":20}},{"start":{"line":134,"column":14},"end":{"line":136,"column":20}}],"line":128},"16":{"loc":{"start":{"line":140,"column":9},"end":{"line":144,"column":9}},"type":"binary-expr","locations":[{"start":{"line":140,"column":9},"end":{"line":140,"column":19}},{"start":{"line":141,"column":10},"end":{"line":143,"column":14}}],"line":140},"17":{"loc":{"start":{"line":151,"column":20},"end":{"line":151,"column":48}},"type":"binary-expr","locations":[{"start":{"line":151,"column":20},"end":{"line":151,"column":29}},{"start":{"line":151,"column":33},"end":{"line":151,"column":48}}],"line":151},"18":{"loc":{"start":{"line":154,"column":11},"end":{"line":164,"column":11}},"type":"cond-expr","locations":[{"start":{"line":155,"column":12},"end":{"line":161,"column":18}},{"start":{"line":163,"column":12},"end":{"line":163,"column":55}}],"line":154},"19":{"loc":{"start":{"line":163,"column":12},"end":{"line":163,"column":55}},"type":"cond-expr","locations":[{"start":{"line":163,"column":22},"end":{"line":163,"column":38}},{"start":{"line":163,"column":41},"end":{"line":163,"column":55}}],"line":163},"20":{"loc":{"start":{"line":169,"column":7},"end":{"line":178,"column":7}},"type":"binary-expr","locations":[{"start":{"line":169,"column":7},"end":{"line":169,"column":14}},{"start":{"line":170,"column":8},"end":{"line":177,"column":14}}],"line":169},"21":{"loc":{"start":{"line":181,"column":7},"end":{"line":191,"column":7}},"type":"binary-expr","locations":[{"start":{"line":181,"column":7},"end":{"line":181,"column":21}},{"start":{"line":182,"column":8},"end":{"line":190,"column":14}}],"line":181},"22":{"loc":{"start":{"line":188,"column":24},"end":{"line":188,"column":66}},"type":"cond-expr","locations":[{"start":{"line":188,"column":34},"end":{"line":188,"column":50}},{"start":{"line":188,"column":53},"end":{"line":188,"column":66}}],"line":188}},"s":{"0":0,"1":0,"2":0,"3":0,"4":0,"5":0,"6":0,"7":0,"8":0,"9":0,"10":0,"11":0,"12":0,"13":0,"14":0,"15":0,"16":0,"17":0,"18":0,"19":0,"20":0,"21":0,"22":0,"23":0,"24":0,"25":0,"26":0,"27":0,"28":0,"29":0,"30":0,"31":0,"32":0,"33":0,"34":0,"35":0,"36":0,"37":0,"38":0,"39":0,"40":0,"41":0,"42":0,"43":0},"f":{"0":0,"1":0,"2":0,"3":0,"4":0,"5":0},"b":{"0":[0],"1":[0,0],"2":[0,0],"3":[0,0],"4":[0,0],"5":[0,0],"6":[0,0],"7":[0,0],"8":[0,0],"9":[0,0],"10":[0,0],"11":[0,0],"12":[0,0],"13":[0,0],"14":[0,0],"15":[0,0],"16":[0,0],"17":[0,0],"18":[0,0],"19":[0,0],"20":[0,0],"21":[0,0],"22":[0,0]}}
,"/Users/emiliopostigo/roastr-ai/frontend/src/components/ErrorBoundary.jsx": {"path":"/Users/emiliopostigo/roastr-ai/frontend/src/components/ErrorBoundary.jsx","statementMap":{"0":{"start":{"line":8,"column":4},"end":{"line":8,"column":17}},"1":{"start":{"line":9,"column":4},"end":{"line":9,"column":67}},"2":{"start":{"line":14,"column":4},"end":{"line":14,"column":30}},"3":{"start":{"line":19,"column":4},"end":{"line":22,"column":7}},"4":{"start":{"line":25,"column":4},"end":{"line":27,"column":5}},"5":{"start":{"line":26,"column":6},"end":{"line":26,"column":72}},"6":{"start":{"line":30,"column":16},"end":{"line":33,"column":3}},"7":{"start":{"line":32,"column":4},"end":{"line":32,"column":69}},"8":{"start":{"line":36,"column":4},"end":{"line":89,"column":5}},"9":{"start":{"line":38,"column":6},"end":{"line":88,"column":8}},"10":{"start":{"line":77,"column":33},"end":{"line":77,"column":69}},"11":{"start":{"line":92,"column":4},"end":{"line":92,"column":31}},"12":{"start":{"line":98,"column":2},"end":{"line":101,"column":4}},"13":{"start":{"line":99,"column":4},"end":{"line":99,"column":56}}},"fnMap":{"0":{"name":"(anonymous_0)","decl":{"start":{"line":7,"column":2},"end":{"line":7,"column":3}},"loc":{"start":{"line":7,"column":21},"end":{"line":10,"column":3}},"line":7},"1":{"name":"(anonymous_1)","decl":{"start":{"line":12,"column":2},"end":{"line":12,"column":3}},"loc":{"start":{"line":12,"column":41},"end":{"line":15,"column":3}},"line":12},"2":{"name":"(anonymous_2)","decl":{"start":{"line":17,"column":2},"end":{"line":17,"column":3}},"loc":{"start":{"line":17,"column":38},"end":{"line":28,"column":3}},"line":17},"3":{"name":"(anonymous_3)","decl":{"start":{"line":30,"column":16},"end":{"line":30,"column":17}},"loc":{"start":{"line":30,"column":22},"end":{"line":33,"column":3}},"line":30},"4":{"name":"(anonymous_4)","decl":{"start":{"line":35,"column":2},"end":{"line":35,"column":3}},"loc":{"start":{"line":35,"column":11},"end":{"line":93,"column":3}},"line":35},"5":{"name":"(anonymous_5)","decl":{"start":{"line":77,"column":27},"end":{"line":77,"column":28}},"loc":{"start":{"line":77,"column":33},"end":{"line":77,"column":69}},"line":77},"6":{"name":"useErrorHandler","decl":{"start":{"line":97,"column":16},"end":{"line":97,"column":31}},"loc":{"start":{"line":97,"column":34},"end":{"line":102,"column":1}},"line":97},"7":{"name":"(anonymous_7)","decl":{"start":{"line":98,"column":9},"end":{"line":98,"column":10}},"loc":{"start":{"line":98,"column":31},"end":{"line":101,"column":3}},"line":98}},"branchMap":{"0":{"loc":{"start":{"line":25,"column":4},"end":{"line":27,"column":5}},"type":"if","locations":[{"start":{"line":25,"column":4},"end":{"line":27,"column":5}},{"start":{},"end":{}}],"line":25},"1":{"loc":{"start":{"line":36,"column":4},"end":{"line":89,"column":5}},"type":"if","locations":[{"start":{"line":36,"column":4},"end":{"line":89,"column":5}},{"start":{},"end":{}}],"line":36},"2":{"loc":{"start":{"line":48,"column":15},"end":{"line":49,"column":78}},"type":"binary-expr","locations":[{"start":{"line":48,"column":15},"end":{"line":48,"column":41}},{"start":{"line":49,"column":16},"end":{"line":49,"column":78}}],"line":48},"3":{"loc":{"start":{"line":52,"column":13},"end":{"line":62,"column":13}},"type":"binary-expr","locations":[{"start":{"line":52,"column":13},"end":{"line":52,"column":51}},{"start":{"line":52,"column":55},"end":{"line":52,"column":71}},{"start":{"line":53,"column":14},"end":{"line":61,"column":24}}],"line":52},"4":{"loc":{"start":{"line":75,"column":15},"end":{"line":84,"column":15}},"type":"binary-expr","locations":[{"start":{"line":75,"column":15},"end":{"line":75,"column":33}},{"start":{"line":76,"column":16},"end":{"line":83,"column":25}}],"line":75}},"s":{"0":0,"1":0,"2":0,"3":0,"4":0,"5":0,"6":0,"7":0,"8":0,"9":0,"10":0,"11":0,"12":0,"13":0},"f":{"0":0,"1":0,"2":0,"3":0,"4":0,"5":0,"6":0,"7":0},"b":{"0":[0,0],"1":[0,0],"2":[0,0],"3":[0,0,0],"4":[0,0]}}
,"/Users/emiliopostigo/roastr-ai/frontend/src/components/MagicLinkForm.js": {"path":"/Users/emiliopostigo/roastr-ai/frontend/src/components/MagicLinkForm.js","statementMap":{"0":{"start":{"line":4,"column":22},"end":{"line":217,"column":1}},"1":{"start":{"line":5,"column":34},"end":{"line":8,"column":4}},"2":{"start":{"line":9,"column":36},"end":{"line":9,"column":51}},"3":{"start":{"line":10,"column":36},"end":{"line":10,"column":51}},"4":{"start":{"line":12,"column":18},"end":{"line":12,"column":34}},"5":{"start":{"line":13,"column":21},"end":{"line":13,"column":40}},"6":{"start":{"line":15,"column":23},"end":{"line":21,"column":3}},"7":{"start":{"line":16,"column":28},"end":{"line":16,"column":36}},"8":{"start":{"line":17,"column":4},"end":{"line":20,"column":8}},"9":{"start":{"line":17,"column":25},"end":{"line":20,"column":5}},"10":{"start":{"line":23,"column":23},"end":{"line":56,"column":3}},"11":{"start":{"line":24,"column":4},"end":{"line":24,"column":23}},"12":{"start":{"line":25,"column":4},"end":{"line":25,"column":23}},"13":{"start":{"line":27,"column":4},"end":{"line":55,"column":5}},"14":{"start":{"line":30,"column":6},"end":{"line":38,"column":7}},"15":{"start":{"line":31,"column":8},"end":{"line":31,"column":71}},"16":{"start":{"line":32,"column":8},"end":{"line":32,"column":27}},"17":{"start":{"line":33,"column":8},"end":{"line":33,"column":120}},"18":{"start":{"line":34,"column":13},"end":{"line":38,"column":7}},"19":{"start":{"line":35,"column":8},"end":{"line":35,"column":86}},"20":{"start":{"line":36,"column":8},"end":{"line":36,"column":27}},"21":{"start":{"line":37,"column":8},"end":{"line":37,"column":117}},"22":{"start":{"line":40,"column":25},"end":{"line":40,"column":58}},"23":{"start":{"line":42,"column":6},"end":{"line":50,"column":7}},"24":{"start":{"line":43,"column":8},"end":{"line":43,"column":40}},"25":{"start":{"line":44,"column":13},"end":{"line":50,"column":7}},"26":{"start":{"line":45,"column":8},"end":{"line":45,"column":89}},"27":{"start":{"line":46,"column":13},"end":{"line":50,"column":7}},"28":{"start":{"line":47,"column":8},"end":{"line":47,"column":107}},"29":{"start":{"line":48,"column":13},"end":{"line":50,"column":7}},"30":{"start":{"line":49,"column":8},"end":{"line":49,"column":37}},"31":{"start":{"line":52,"column":6},"end":{"line":52,"column":37}},"32":{"start":{"line":54,"column":6},"end":{"line":54,"column":26}},"33":{"start":{"line":58,"column":23},"end":{"line":65,"column":3}},"34":{"start":{"line":59,"column":23},"end":{"line":59,"column":51}},"35":{"start":{"line":61,"column":4},"end":{"line":61,"column":55}},"36":{"start":{"line":61,"column":42},"end":{"line":61,"column":55}},"37":{"start":{"line":62,"column":4},"end":{"line":62,"column":68}},"38":{"start":{"line":62,"column":55},"end":{"line":62,"column":68}},"39":{"start":{"line":64,"column":4},"end":{"line":64,"column":16}},"40":{"start":{"line":67,"column":28},"end":{"line":81,"column":3}},"41":{"start":{"line":68,"column":4},"end":{"line":68,"column":23}},"42":{"start":{"line":69,"column":4},"end":{"line":80,"column":5}},"43":{"start":{"line":70,"column":6},"end":{"line":74,"column":7}},"44":{"start":{"line":71,"column":8},"end":{"line":71,"column":62}},"45":{"start":{"line":73,"column":8},"end":{"line":73,"column":77}},"46":{"start":{"line":75,"column":6},"end":{"line":75,"column":60}},"47":{"start":{"line":77,"column":6},"end":{"line":77,"column":84}},"48":{"start":{"line":79,"column":6},"end":{"line":79,"column":26}},"49":{"start":{"line":83,"column":2},"end":{"line":125,"column":3}},"50":{"start":{"line":84,"column":4},"end":{"line":124,"column":6}},"51":{"start":{"line":116,"column":29},"end":{"line":116,"column":48}},"52":{"start":{"line":127,"column":2},"end":{"line":216,"column":4}}},"fnMap":{"0":{"name":"(anonymous_0)","decl":{"start":{"line":4,"column":22},"end":{"line":4,"column":23}},"loc":{"start":{"line":4,"column":82},"end":{"line":217,"column":1}},"line":4},"1":{"name":"(anonymous_1)","decl":{"start":{"line":15,"column":23},"end":{"line":15,"column":24}},"loc":{"start":{"line":15,"column":30},"end":{"line":21,"column":3}},"line":15},"2":{"name":"(anonymous_2)","decl":{"start":{"line":17,"column":16},"end":{"line":17,"column":17}},"loc":{"start":{"line":17,"column":25},"end":{"line":20,"column":5}},"line":17},"3":{"name":"(anonymous_3)","decl":{"start":{"line":23,"column":23},"end":{"line":23,"column":24}},"loc":{"start":{"line":23,"column":36},"end":{"line":56,"column":3}},"line":23},"4":{"name":"(anonymous_4)","decl":{"start":{"line":58,"column":23},"end":{"line":58,"column":24}},"loc":{"start":{"line":58,"column":29},"end":{"line":65,"column":3}},"line":58},"5":{"name":"(anonymous_5)","decl":{"start":{"line":67,"column":28},"end":{"line":67,"column":29}},"loc":{"start":{"line":67,"column":40},"end":{"line":81,"column":3}},"line":67},"6":{"name":"(anonymous_6)","decl":{"start":{"line":116,"column":23},"end":{"line":116,"column":24}},"loc":{"start":{"line":116,"column":29},"end":{"line":116,"column":48}},"line":116}},"branchMap":{"0":{"loc":{"start":{"line":4,"column":25},"end":{"line":4,"column":39}},"type":"default-arg","locations":[{"start":{"line":4,"column":32},"end":{"line":4,"column":39}}],"line":4},"1":{"loc":{"start":{"line":30,"column":6},"end":{"line":38,"column":7}},"type":"if","locations":[{"start":{"line":30,"column":6},"end":{"line":38,"column":7}},{"start":{"line":34,"column":13},"end":{"line":38,"column":7}}],"line":30},"2":{"loc":{"start":{"line":34,"column":13},"end":{"line":38,"column":7}},"type":"if","locations":[{"start":{"line":34,"column":13},"end":{"line":38,"column":7}},{"start":{},"end":{}}],"line":34},"3":{"loc":{"start":{"line":42,"column":6},"end":{"line":50,"column":7}},"type":"if","locations":[{"start":{"line":42,"column":6},"end":{"line":50,"column":7}},{"start":{"line":44,"column":13},"end":{"line":50,"column":7}}],"line":42},"4":{"loc":{"start":{"line":44,"column":13},"end":{"line":50,"column":7}},"type":"if","locations":[{"start":{"line":44,"column":13},"end":{"line":50,"column":7}},{"start":{"line":46,"column":13},"end":{"line":50,"column":7}}],"line":44},"5":{"loc":{"start":{"line":46,"column":13},"end":{"line":50,"column":7}},"type":"if","locations":[{"start":{"line":46,"column":13},"end":{"line":50,"column":7}},{"start":{"line":48,"column":13},"end":{"line":50,"column":7}}],"line":46},"6":{"loc":{"start":{"line":48,"column":13},"end":{"line":50,"column":7}},"type":"if","locations":[{"start":{"line":48,"column":13},"end":{"line":50,"column":7}},{"start":{},"end":{}}],"line":48},"7":{"loc":{"start":{"line":61,"column":4},"end":{"line":61,"column":55}},"type":"if","locations":[{"start":{"line":61,"column":4},"end":{"line":61,"column":55}},{"start":{},"end":{}}],"line":61},"8":{"loc":{"start":{"line":62,"column":4},"end":{"line":62,"column":68}},"type":"if","locations":[{"start":{"line":62,"column":4},"end":{"line":62,"column":68}},{"start":{},"end":{}}],"line":62},"9":{"loc":{"start":{"line":62,"column":8},"end":{"line":62,"column":53}},"type":"binary-expr","locations":[{"start":{"line":62,"column":8},"end":{"line":62,"column":18}},{"start":{"line":62,"column":22},"end":{"line":62,"column":53}}],"line":62},"10":{"loc":{"start":{"line":70,"column":6},"end":{"line":74,"column":7}},"type":"if","locations":[{"start":{"line":70,"column":6},"end":{"line":74,"column":7}},{"start":{"line":72,"column":13},"end":{"line":74,"column":7}}],"line":70},"11":{"loc":{"start":{"line":83,"column":2},"end":{"line":125,"column":3}},"type":"if","locations":[{"start":{"line":83,"column":2},"end":{"line":125,"column":3}},{"start":{},"end":{}}],"line":83},"12":{"loc":{"start":{"line":98,"column":40},"end":{"line":98,"column":86}},"type":"cond-expr","locations":[{"start":{"line":98,"column":50},"end":{"line":98,"column":66}},{"start":{"line":98,"column":69},"end":{"line":98,"column":86}}],"line":98},"13":{"loc":{"start":{"line":111,"column":13},"end":{"line":111,"column":67}},"type":"cond-expr","locations":[{"start":{"line":111,"column":25},"end":{"line":111,"column":40}},{"start":{"line":111,"column":43},"end":{"line":111,"column":67}}],"line":111},"14":{"loc":{"start":{"line":136,"column":11},"end":{"line":136,"column":54}},"type":"cond-expr","locations":[{"start":{"line":136,"column":21},"end":{"line":136,"column":37}},{"start":{"line":136,"column":40},"end":{"line":136,"column":54}}],"line":136},"15":{"loc":{"start":{"line":139,"column":71},"end":{"line":139,"column":117}},"type":"cond-expr","locations":[{"start":{"line":139,"column":81},"end":{"line":139,"column":97}},{"start":{"line":139,"column":100},"end":{"line":139,"column":117}}],"line":139},"16":{"loc":{"start":{"line":144,"column":7},"end":{"line":160,"column":7}},"type":"binary-expr","locations":[{"start":{"line":144,"column":7},"end":{"line":144,"column":17}},{"start":{"line":145,"column":8},"end":{"line":159,"column":14}}],"line":144},"17":{"loc":{"start":{"line":186,"column":20},"end":{"line":186,"column":48}},"type":"binary-expr","locations":[{"start":{"line":186,"column":20},"end":{"line":186,"column":29}},{"start":{"line":186,"column":33},"end":{"line":186,"column":48}}],"line":186},"18":{"loc":{"start":{"line":189,"column":11},"end":{"line":199,"column":11}},"type":"cond-expr","locations":[{"start":{"line":190,"column":12},"end":{"line":196,"column":18}},{"start":{"line":198,"column":12},"end":{"line":198,"column":34}}],"line":189},"19":{"loc":{"start":{"line":204,"column":7},"end":{"line":214,"column":7}},"type":"binary-expr","locations":[{"start":{"line":204,"column":7},"end":{"line":204,"column":21}},{"start":{"line":205,"column":8},"end":{"line":213,"column":14}}],"line":204}},"s":{"0":0,"1":0,"2":0,"3":0,"4":0,"5":0,"6":0,"7":0,"8":0,"9":0,"10":0,"11":0,"12":0,"13":0,"14":0,"15":0,"16":0,"17":0,"18":0,"19":0,"20":0,"21":0,"22":0,"23":0,"24":0,"25":0,"26":0,"27":0,"28":0,"29":0,"30":0,"31":0,"32":0,"33":0,"34":0,"35":0,"36":0,"37":0,"38":0,"39":0,"40":0,"41":0,"42":0,"43":0,"44":0,"45":0,"46":0,"47":0,"48":0,"49":0,"50":0,"51":0,"52":0},"f":{"0":0,"1":0,"2":0,"3":0,"4":0,"5":0,"6":0},"b":{"0":[0],"1":[0,0],"2":[0,0],"3":[0,0],"4":[0,0],"5":[0,0],"6":[0,0],"7":[0,0],"8":[0,0],"9":[0,0],"10":[0,0],"11":[0,0],"12":[0,0],"13":[0,0],"14":[0,0],"15":[0,0],"16":[0,0],"17":[0,0],"18":[0,0],"19":[0,0]}}
,"/Users/emiliopostigo/roastr-ai/frontend/src/components/NetworkConnectModal.js": {"path":"/Users/emiliopostigo/roastr-ai/frontend/src/components/NetworkConnectModal.js","statementMap":{"0":{"start":{"line":10,"column":28},"end":{"line":105,"column":1}},"1":{"start":{"line":11,"column":2},"end":{"line":11,"column":27}},"2":{"start":{"line":11,"column":15},"end":{"line":11,"column":27}},"3":{"start":{"line":13,"column":22},"end":{"line":13,"column":52}},"4":{"start":{"line":14,"column":23},"end":{"line":14,"column":74}},"5":{"start":{"line":16,"column":24},"end":{"line":19,"column":3}},"6":{"start":{"line":17,"column":4},"end":{"line":17,"column":23}},"7":{"start":{"line":18,"column":4},"end":{"line":18,"column":14}},"8":{"start":{"line":21,"column":30},"end":{"line":25,"column":3}},"9":{"start":{"line":22,"column":4},"end":{"line":24,"column":5}},"10":{"start":{"line":23,"column":6},"end":{"line":23,"column":16}},"11":{"start":{"line":27,"column":24},"end":{"line":31,"column":3}},"12":{"start":{"line":28,"column":4},"end":{"line":30,"column":5}},"13":{"start":{"line":29,"column":6},"end":{"line":29,"column":16}},"14":{"start":{"line":33,"column":2},"end":{"line":104,"column":4}}},"fnMap":{"0":{"name":"(anonymous_0)","decl":{"start":{"line":10,"column":28},"end":{"line":10,"column":29}},"loc":{"start":{"line":10,"column":86},"end":{"line":105,"column":1}},"line":10},"1":{"name":"(anonymous_1)","decl":{"start":{"line":16,"column":24},"end":{"line":16,"column":25}},"loc":{"start":{"line":16,"column":30},"end":{"line":19,"column":3}},"line":16},"2":{"name":"(anonymous_2)","decl":{"start":{"line":21,"column":30},"end":{"line":21,"column":31}},"loc":{"start":{"line":21,"column":37},"end":{"line":25,"column":3}},"line":21},"3":{"name":"(anonymous_3)","decl":{"start":{"line":27,"column":24},"end":{"line":27,"column":25}},"loc":{"start":{"line":27,"column":31},"end":{"line":31,"column":3}},"line":27}},"branchMap":{"0":{"loc":{"start":{"line":11,"column":2},"end":{"line":11,"column":27}},"type":"if","locations":[{"start":{"line":11,"column":2},"end":{"line":11,"column":27}},{"start":{},"end":{}}],"line":11},"1":{"loc":{"start":{"line":13,"column":22},"end":{"line":13,"column":52}},"type":"binary-expr","locations":[{"start":{"line":13,"column":22},"end":{"line":13,"column":44}},{"start":{"line":13,"column":48},"end":{"line":13,"column":52}}],"line":13},"2":{"loc":{"start":{"line":14,"column":23},"end":{"line":14,"column":74}},"type":"binary-expr","locations":[{"start":{"line":14,"column":23},"end":{"line":14,"column":46}},{"start":{"line":14,"column":50},"end":{"line":14,"column":74}}],"line":14},"3":{"loc":{"start":{"line":22,"column":4},"end":{"line":24,"column":5}},"type":"if","locations":[{"start":{"line":22,"column":4},"end":{"line":24,"column":5}},{"start":{},"end":{}}],"line":22},"4":{"loc":{"start":{"line":28,"column":4},"end":{"line":30,"column":5}},"type":"if","locations":[{"start":{"line":28,"column":4},"end":{"line":30,"column":5}},{"start":{},"end":{}}],"line":28},"5":{"loc":{"start":{"line":97,"column":74},"end":{"line":97,"column":163}},"type":"cond-expr","locations":[{"start":{"line":97,"column":110},"end":{"line":97,"column":122}},{"start":{"line":97,"column":125},"end":{"line":97,"column":163}}],"line":97}},"s":{"0":0,"1":0,"2":0,"3":0,"4":0,"5":0,"6":0,"7":0,"8":0,"9":0,"10":0,"11":0,"12":0,"13":0,"14":0},"f":{"0":0,"1":0,"2":0,"3":0},"b":{"0":[0,0],"1":[0,0],"2":[0,0],"3":[0,0],"4":[0,0],"5":[0,0]}}
,"/Users/emiliopostigo/roastr-ai/frontend/src/components/ShieldInterceptedList.js": {"path":"/Users/emiliopostigo/roastr-ai/frontend/src/components/ShieldInterceptedList.js","statementMap":{"0":{"start":{"line":9,"column":30},"end":{"line":157,"column":1}},"1":{"start":{"line":10,"column":50},"end":{"line":10,"column":65}},"2":{"start":{"line":11,"column":44},"end":{"line":11,"column":63}},"3":{"start":{"line":13,"column":21},"end":{"line":13,"column":68}},"4":{"start":{"line":15,"column":24},"end":{"line":17,"column":3}},"5":{"start":{"line":16,"column":4},"end":{"line":16,"column":68}},"6":{"start":{"line":19,"column":25},"end":{"line":27,"column":3}},"7":{"start":{"line":20,"column":24},"end":{"line":20,"column":46}},"8":{"start":{"line":21,"column":4},"end":{"line":25,"column":5}},"9":{"start":{"line":22,"column":6},"end":{"line":22,"column":33}},"10":{"start":{"line":24,"column":6},"end":{"line":24,"column":30}},"11":{"start":{"line":26,"column":4},"end":{"line":26,"column":34}},"12":{"start":{"line":29,"column":27},"end":{"line":40,"column":3}},"13":{"start":{"line":30,"column":4},"end":{"line":39,"column":5}},"14":{"start":{"line":32,"column":8},"end":{"line":32,"column":77}},"15":{"start":{"line":34,"column":8},"end":{"line":34,"column":89}},"16":{"start":{"line":36,"column":8},"end":{"line":36,"column":89}},"17":{"start":{"line":38,"column":8},"end":{"line":38,"column":81}},"18":{"start":{"line":42,"column":25},"end":{"line":53,"column":3}},"19":{"start":{"line":43,"column":4},"end":{"line":52,"column":5}},"20":{"start":{"line":45,"column":8},"end":{"line":45,"column":48}},"21":{"start":{"line":47,"column":8},"end":{"line":47,"column":54}},"22":{"start":{"line":49,"column":8},"end":{"line":49,"column":54}},"23":{"start":{"line":51,"column":8},"end":{"line":51,"column":50}},"24":{"start":{"line":55,"column":21},"end":{"line":62,"column":3}},"25":{"start":{"line":56,"column":4},"end":{"line":61,"column":7}},"26":{"start":{"line":64,"column":2},"end":{"line":156,"column":4}},"27":{"start":{"line":69,"column":10},"end":{"line":84,"column":19}},"28":{"start":{"line":71,"column":27},"end":{"line":71,"column":56}},"29":{"start":{"line":81,"column":50},"end":{"line":81,"column":76}},"30":{"start":{"line":102,"column":31},"end":{"line":102,"column":57}},"31":{"start":{"line":103,"column":34},"end":{"line":103,"column":65}},"32":{"start":{"line":104,"column":32},"end":{"line":104,"column":59}},"33":{"start":{"line":106,"column":12},"end":{"line":151,"column":14}},"34":{"start":{"line":145,"column":33},"end":{"line":145,"column":56}}},"fnMap":{"0":{"name":"(anonymous_0)","decl":{"start":{"line":9,"column":30},"end":{"line":9,"column":31}},"loc":{"start":{"line":9,"column":61},"end":{"line":157,"column":1}},"line":9},"1":{"name":"(anonymous_1)","decl":{"start":{"line":15,"column":48},"end":{"line":15,"column":49}},"loc":{"start":{"line":16,"column":4},"end":{"line":16,"column":68}},"line":16},"2":{"name":"(anonymous_2)","decl":{"start":{"line":19,"column":25},"end":{"line":19,"column":26}},"loc":{"start":{"line":19,"column":37},"end":{"line":27,"column":3}},"line":19},"3":{"name":"(anonymous_3)","decl":{"start":{"line":29,"column":27},"end":{"line":29,"column":28}},"loc":{"start":{"line":29,"column":41},"end":{"line":40,"column":3}},"line":29},"4":{"name":"(anonymous_4)","decl":{"start":{"line":42,"column":25},"end":{"line":42,"column":26}},"loc":{"start":{"line":42,"column":37},"end":{"line":53,"column":3}},"line":42},"5":{"name":"(anonymous_5)","decl":{"start":{"line":55,"column":21},"end":{"line":55,"column":22}},"loc":{"start":{"line":55,"column":37},"end":{"line":62,"column":3}},"line":55},"6":{"name":"(anonymous_6)","decl":{"start":{"line":68,"column":24},"end":{"line":68,"column":25}},"loc":{"start":{"line":69,"column":10},"end":{"line":84,"column":19}},"line":69},"7":{"name":"(anonymous_7)","decl":{"start":{"line":71,"column":21},"end":{"line":71,"column":22}},"loc":{"start":{"line":71,"column":27},"end":{"line":71,"column":56}},"line":71},"8":{"name":"(anonymous_8)","decl":{"start":{"line":81,"column":42},"end":{"line":81,"column":43}},"loc":{"start":{"line":81,"column":50},"end":{"line":81,"column":76}},"line":81},"9":{"name":"(anonymous_9)","decl":{"start":{"line":101,"column":29},"end":{"line":101,"column":30}},"loc":{"start":{"line":101,"column":37},"end":{"line":152,"column":11}},"line":101},"10":{"name":"(anonymous_10)","decl":{"start":{"line":145,"column":27},"end":{"line":145,"column":28}},"loc":{"start":{"line":145,"column":33},"end":{"line":145,"column":56}},"line":145}},"branchMap":{"0":{"loc":{"start":{"line":9,"column":33},"end":{"line":9,"column":54}},"type":"default-arg","locations":[{"start":{"line":9,"column":52},"end":{"line":9,"column":54}}],"line":9},"1":{"loc":{"start":{"line":16,"column":4},"end":{"line":16,"column":68}},"type":"binary-expr","locations":[{"start":{"line":16,"column":4},"end":{"line":16,"column":30}},{"start":{"line":16,"column":34},"end":{"line":16,"column":68}}],"line":16},"2":{"loc":{"start":{"line":21,"column":4},"end":{"line":25,"column":5}},"type":"if","locations":[{"start":{"line":21,"column":4},"end":{"line":25,"column":5}},{"start":{"line":23,"column":11},"end":{"line":25,"column":5}}],"line":21},"3":{"loc":{"start":{"line":30,"column":4},"end":{"line":39,"column":5}},"type":"switch","locations":[{"start":{"line":31,"column":6},"end":{"line":32,"column":77}},{"start":{"line":33,"column":6},"end":{"line":34,"column":89}},{"start":{"line":35,"column":6},"end":{"line":36,"column":89}},{"start":{"line":37,"column":6},"end":{"line":38,"column":81}}],"line":30},"4":{"loc":{"start":{"line":43,"column":4},"end":{"line":52,"column":5}},"type":"switch","locations":[{"start":{"line":44,"column":6},"end":{"line":45,"column":48}},{"start":{"line":46,"column":6},"end":{"line":47,"column":54}},{"start":{"line":48,"column":6},"end":{"line":49,"column":54}},{"start":{"line":50,"column":6},"end":{"line":51,"column":50}}],"line":43},"5":{"loc":{"start":{"line":73,"column":14},"end":{"line":75,"column":122}},"type":"cond-expr","locations":[{"start":{"line":74,"column":18},"end":{"line":74,"column":93}},{"start":{"line":75,"column":18},"end":{"line":75,"column":122}}],"line":73},"6":{"loc":{"start":{"line":78,"column":13},"end":{"line":78,"column":52}},"type":"cond-expr","locations":[{"start":{"line":78,"column":34},"end":{"line":78,"column":41}},{"start":{"line":78,"column":44},"end":{"line":78,"column":52}}],"line":78},"7":{"loc":{"start":{"line":79,"column":13},"end":{"line":83,"column":13}},"type":"binary-expr","locations":[{"start":{"line":79,"column":13},"end":{"line":79,"column":31}},{"start":{"line":80,"column":14},"end":{"line":82,"column":21}}],"line":79},"8":{"loc":{"start":{"line":89,"column":7},"end":{"line":154,"column":7}},"type":"cond-expr","locations":[{"start":{"line":90,"column":8},"end":{"line":98,"column":14}},{"start":{"line":100,"column":8},"end":{"line":153,"column":14}}],"line":89},"9":{"loc":{"start":{"line":93,"column":13},"end":{"line":95,"column":66}},"type":"cond-expr","locations":[{"start":{"line":94,"column":16},"end":{"line":94,"column":50}},{"start":{"line":95,"column":16},"end":{"line":95,"column":66}}],"line":93},"10":{"loc":{"start":{"line":132,"column":17},"end":{"line":141,"column":17}},"type":"binary-expr","locations":[{"start":{"line":132,"column":17},"end":{"line":132,"column":27}},{"start":{"line":133,"column":18},"end":{"line":140,"column":24}}],"line":132},"11":{"loc":{"start":{"line":148,"column":19},"end":{"line":148,"column":89}},"type":"cond-expr","locations":[{"start":{"line":148,"column":32},"end":{"line":148,"column":61}},{"start":{"line":148,"column":64},"end":{"line":148,"column":89}}],"line":148}},"s":{"0":0,"1":0,"2":0,"3":0,"4":0,"5":0,"6":0,"7":0,"8":0,"9":0,"10":0,"11":0,"12":0,"13":0,"14":0,"15":0,"16":0,"17":0,"18":0,"19":0,"20":0,"21":0,"22":0,"23":0,"24":0,"25":0,"26":0,"27":0,"28":0,"29":0,"30":0,"31":0,"32":0,"33":0,"34":0},"f":{"0":0,"1":0,"2":0,"3":0,"4":0,"5":0,"6":0,"7":0,"8":0,"9":0,"10":0},"b":{"0":[0],"1":[0,0],"2":[0,0],"3":[0,0,0,0],"4":[0,0,0,0],"5":[0,0],"6":[0,0],"7":[0,0],"8":[0,0],"9":[0,0],"10":[0,0],"11":[0,0]}}
,"/Users/emiliopostigo/roastr-ai/frontend/src/components/Sidebar.jsx": {"path":"/Users/emiliopostigo/roastr-ai/frontend/src/components/Sidebar.jsx","statementMap":{"0":{"start":{"line":15,"column":17},"end":{"line":64,"column":1}},"1":{"start":{"line":67,"column":2},"end":{"line":106,"column":4}},"2":{"start":{"line":71,"column":32},"end":{"line":71,"column":41}},"3":{"start":{"line":73,"column":10},"end":{"line":91,"column":12}},"4":{"start":{"line":78,"column":16},"end":{"line":82,"column":18}}},"fnMap":{"0":{"name":"Sidebar","decl":{"start":{"line":66,"column":24},"end":{"line":66,"column":31}},"loc":{"start":{"line":66,"column":34},"end":{"line":107,"column":1}},"line":66},"1":{"name":"(anonymous_1)","decl":{"start":{"line":70,"column":22},"end":{"line":70,"column":23}},"loc":{"start":{"line":70,"column":32},"end":{"line":92,"column":9}},"line":70},"2":{"name":"(anonymous_2)","decl":{"start":{"line":77,"column":25},"end":{"line":77,"column":26}},"loc":{"start":{"line":78,"column":16},"end":{"line":82,"column":18}},"line":78}},"branchMap":{"0":{"loc":{"start":{"line":79,"column":18},"end":{"line":81,"column":83}},"type":"cond-expr","locations":[{"start":{"line":80,"column":22},"end":{"line":80,"column":58}},{"start":{"line":81,"column":22},"end":{"line":81,"column":83}}],"line":79}},"s":{"0":0,"1":0,"2":0,"3":0,"4":0},"f":{"0":0,"1":0,"2":0},"b":{"0":[0,0]}}
,"/Users/emiliopostigo/roastr-ai/frontend/src/components/ThemeToggle.js": {"path":"/Users/emiliopostigo/roastr-ai/frontend/src/components/ThemeToggle.js","statementMap":{"0":{"start":{"line":4,"column":20},"end":{"line":24,"column":1}},"1":{"start":{"line":5,"column":33},"end":{"line":5,"column":43}},"2":{"start":{"line":7,"column":2},"end":{"line":23,"column":4}}},"fnMap":{"0":{"name":"(anonymous_0)","decl":{"start":{"line":4,"column":20},"end":{"line":4,"column":21}},"loc":{"start":{"line":4,"column":26},"end":{"line":24,"column":1}},"line":4}},"branchMap":{"0":{"loc":{"start":{"line":11,"column":31},"end":{"line":11,"column":66}},"type":"cond-expr","locations":[{"start":{"line":11,"column":50},"end":{"line":11,"column":57}},{"start":{"line":11,"column":60},"end":{"line":11,"column":66}}],"line":11},"1":{"loc":{"start":{"line":13,"column":7},"end":{"line":21,"column":7}},"type":"cond-expr","locations":[{"start":{"line":14,"column":8},"end":{"line":16,"column":14}},{"start":{"line":18,"column":8},"end":{"line":20,"column":14}}],"line":13}},"s":{"0":0,"1":0,"2":0},"f":{"0":0},"b":{"0":[0,0],"1":[0,0]}}
,"/Users/emiliopostigo/roastr-ai/frontend/src/components/TopBar.jsx": {"path":"/Users/emiliopostigo/roastr-ai/frontend/src/components/TopBar.jsx","statementMap":{"0":{"start":{"line":6,"column":26},"end":{"line":6,"column":40}},"1":{"start":{"line":7,"column":30},"end":{"line":7,"column":44}},"2":{"start":{"line":8,"column":32},"end":{"line":8,"column":46}},"3":{"start":{"line":10,"column":2},"end":{"line":33,"column":9}},"4":{"start":{"line":12,"column":6},"end":{"line":29,"column":7}},"5":{"start":{"line":13,"column":37},"end":{"line":16,"column":10}},"6":{"start":{"line":18,"column":8},"end":{"line":20,"column":9}},"7":{"start":{"line":19,"column":10},"end":{"line":19,"column":40}},"8":{"start":{"line":22,"column":8},"end":{"line":24,"column":9}},"9":{"start":{"line":23,"column":10},"end":{"line":23,"column":44}},"10":{"start":{"line":26,"column":8},"end":{"line":26,"column":61}},"11":{"start":{"line":28,"column":8},"end":{"line":28,"column":26}},"12":{"start":{"line":32,"column":4},"end":{"line":32,"column":16}},"13":{"start":{"line":35,"column":2},"end":{"line":81,"column":4}}},"fnMap":{"0":{"name":"TopBar","decl":{"start":{"line":5,"column":24},"end":{"line":5,"column":30}},"loc":{"start":{"line":5,"column":33},"end":{"line":82,"column":1}},"line":5},"1":{"name":"(anonymous_1)","decl":{"start":{"line":10,"column":12},"end":{"line":10,"column":13}},"loc":{"start":{"line":10,"column":18},"end":{"line":33,"column":3}},"line":10},"2":{"name":"fetchData","decl":{"start":{"line":11,"column":19},"end":{"line":11,"column":28}},"loc":{"start":{"line":11,"column":31},"end":{"line":30,"column":5}},"line":11}},"branchMap":{"0":{"loc":{"start":{"line":18,"column":8},"end":{"line":20,"column":9}},"type":"if","locations":[{"start":{"line":18,"column":8},"end":{"line":20,"column":9}},{"start":{},"end":{}}],"line":18},"1":{"loc":{"start":{"line":22,"column":8},"end":{"line":24,"column":9}},"type":"if","locations":[{"start":{"line":22,"column":8},"end":{"line":24,"column":9}},{"start":{},"end":{}}],"line":22},"2":{"loc":{"start":{"line":49,"column":9},"end":{"line":78,"column":9}},"type":"cond-expr","locations":[{"start":{"line":50,"column":10},"end":{"line":53,"column":16}},{"start":{"line":55,"column":10},"end":{"line":77,"column":13}}],"line":49},"3":{"loc":{"start":{"line":58,"column":23},"end":{"line":58,"column":113}},"type":"cond-expr","locations":[{"start":{"line":58,"column":55},"end":{"line":58,"column":64}},{"start":{"line":58,"column":67},"end":{"line":58,"column":113}}],"line":58},"4":{"loc":{"start":{"line":58,"column":67},"end":{"line":58,"column":113}},"type":"cond-expr","locations":[{"start":{"line":58,"column":90},"end":{"line":58,"column":101}},{"start":{"line":58,"column":104},"end":{"line":58,"column":113}}],"line":58},"5":{"loc":{"start":{"line":60,"column":15},"end":{"line":60,"column":68}},"type":"binary-expr","locations":[{"start":{"line":60,"column":15},"end":{"line":60,"column":58}},{"start":{"line":60,"column":62},"end":{"line":60,"column":68}}],"line":60},"6":{"loc":{"start":{"line":66,"column":30},"end":{"line":66,"column":72}},"type":"cond-expr","locations":[{"start":{"line":66,"column":51},"end":{"line":66,"column":60}},{"start":{"line":66,"column":63},"end":{"line":66,"column":72}}],"line":66},"7":{"loc":{"start":{"line":67,"column":17},"end":{"line":67,"column
[...]
e":423,"column":81},"end":{"line":423,"column":100}}],"line":423},"34":{"loc":{"start":{"line":431,"column":17},"end":{"line":473,"column":17}},"type":"binary-expr","locations":[{"start":{"line":431,"column":17},"end":{"line":431,"column":46}},{"start":{"line":432,"column":20},"end":{"line":472,"column":26}}],"line":431},"35":{"loc":{"start":{"line":441,"column":40},"end":{"line":443,"column":85}},"type":"cond-expr","locations":[{"start":{"line":442,"column":46},"end":{"line":442,"column":79}},{"start":{"line":443,"column":46},"end":{"line":443,"column":85}}],"line":441},"36":{"loc":{"start":{"line":448,"column":45},"end":{"line":456,"column":45}},"type":"cond-expr","locations":[{"start":{"line":449,"column":48},"end":{"line":451,"column":54}},{"start":{"line":453,"column":48},"end":{"line":455,"column":54}}],"line":448},"37":{"loc":{"start":{"line":460,"column":48},"end":{"line":460,"column":110}},"type":"cond-expr","locations":[{"start":{"line":460,"column":76},"end":{"line":460,"column":90}},{"start":{"line":460,"column":93},"end":{"line":460,"column":110}}],"line":460},"38":{"loc":{"start":{"line":492,"column":70},"end":{"line":492,"column":100}},"type":"binary-expr","locations":[{"start":{"line":492,"column":70},"end":{"line":492,"column":79}},{"start":{"line":492,"column":83},"end":{"line":492,"column":100}}],"line":492},"39":{"loc":{"start":{"line":505,"column":37},"end":{"line":505,"column":104}},"type":"cond-expr","locations":[{"start":{"line":505,"column":61},"end":{"line":505,"column":94}},{"start":{"line":505,"column":97},"end":{"line":505,"column":104}}],"line":505},"40":{"loc":{"start":{"line":519,"column":37},"end":{"line":519,"column":72}},"type":"cond-expr","locations":[{"start":{"line":519,"column":51},"end":{"line":519,"column":59}},{"start":{"line":519,"column":62},"end":{"line":519,"column":72}}],"line":519},"41":{"loc":{"start":{"line":525,"column":37},"end":{"line":525,"column":65}},"type":"cond-expr","locations":[{"start":{"line":525,"column":54},"end":{"line":525,"column":58}},{"start":{"line":525,"column":61},"end":{"line":525,"column":65}}],"line":525},"42":{"loc":{"start":{"line":528,"column":29},"end":{"line":533,"column":29}},"type":"binary-expr","locations":[{"start":{"line":528,"column":29},"end":{"line":528,"column":43}},{"start":{"line":528,"column":47},"end":{"line":528,"column":68}},{"start":{"line":529,"column":32},"end":{"line":532,"column":38}}],"line":528},"43":{"loc":{"start":{"line":537,"column":37},"end":{"line":537,"column":64}},"type":"cond-expr","locations":[{"start":{"line":537,"column":53},"end":{"line":537,"column":57}},{"start":{"line":537,"column":60},"end":{"line":537,"column":64}}],"line":537},"44":{"loc":{"start":{"line":545,"column":17},"end":{"line":594,"column":17}},"type":"binary-expr","locations":[{"start":{"line":545,"column":17},"end":{"line":545,"column":40}},{"start":{"line":545,"column":44},"end":{"line":545,"column":78}},{"start":{"line":546,"column":20},"end":{"line":593,"column":26}}],"line":545},"45":{"loc":{"start":{"line":557,"column":49},"end":{"line":559,"column":49}},"type":"binary-expr","locations":[{"start":{"line":557,"column":49},"end":{"line":557,"column":93}},{"start":{"line":558,"column":52},"end":{"line":558,"column":126}}],"line":557},"46":{"loc":{"start":{"line":572,"column":65},"end":{"line":574,"column":65}},"type":"binary-expr","locations":[{"start":{"line":572,"column":65},"end":{"line":572,"column":82}},{"start":{"line":573,"column":68},"end":{"line":573,"column":130}}],"line":572},"47":{"loc":{"start":{"line":576,"column":61},"end":{"line":580,"column":61}},"type":"binary-expr","locations":[{"start":{"line":576,"column":61},"end":{"line":576,"column":85}},{"start":{"line":577,"column":64},"end":{"line":579,"column":68}}],"line":576}},"s":{"0":0,"1":0,"2":0,"3":0,"4":0,"5":0,"6":0,"7":0,"8":0,"9":0,"10":0,"11":0,"12":0,"13":0,"14":0,"15":0,"16":0,"17":0,"18":0,"19":0,"20":0,"21":0,"22":0,"23":0,"24":0,"25":0,"26":0,"27":0,"28":0,"29":0,"30":0,"31":0,"32":0,"33":0,"34":0,"35":0,"36":0,"37":0,"38":0,"39":0,"40":0,"41":0,"42":0,"43":0,"44":0,"45":0,"46":0,"47":0,"48":0,"49":0,"50":0,"51":0,"52":0,"53":0,"54":0,"55":0,"56":0,"57":0,"58":0,"59":0,"60":0,"61":0,"62":0,"63":0,"64":0,"65":0,"66":0,"67":0,"68":0,"69":0,"70":0,"71":0,"72":0,"73":0,"74":0,"75":0,"76":0,"77":0,"78":0,"79":0,"80":0,"81":0,"82":0,"83":0,"84":0,"85":0,"86":0,"87":0,"88":0,"89":0,"90":0,"91":0,"92":0,"93":0,"94":0,"95":0,"96":0,"97":0,"98":0,"99":0,"100":0,"101":0,"102":0,"103":0,"104":0,"105":0,"106":0,"107":0,"108":0,"109":0,"110":0,"111":0,"112":0,"113":0,"114":0,"115":0},"f":{"0":0,"1":0,"2":0,"3":0,"4":0,"5":0,"6":0,"7":0,"8":0,"9":0,"10":0,"11":0,"12":0},"b":{"0":[0,0],"1":[0,0],"2":[0,0],"3":[0,0],"4":[0,0],"5":[0,0],"6":[0,0],"7":[0,0],"8":[0,0],"9":[0,0],"10":[0,0],"11":[0,0],"12":[0,0],"13":[0,0],"14":[0,0],"15":[0,0],"16":[0,0],"17":[0,0],"18":[0,0],"19":[0,0],"20":[0,0],"21":[0,0],"22":[0,0],"23":[0,0],"24":[0,0],"25":[0,0],"26":[0,0],"27":[0,0],"28":[0,0],"29":[0,0],"30":[0,0],"31":[0,0],"32":[0,0],"33":[0,0],"34":[0,0],"35":[0,0],"36":[0,0],"37":[0,0],"38":[0,0],"39":[0,0],"40":[0,0],"41":[0,0],"42":[0,0,0],"43":[0,0],"44":[0,0,0],"45":[0,0],"46":[0,0],"47":[0,0]}}
,"/Users/emiliopostigo/roastr-ai/frontend/src/pages/admin/users.jsx": {"path":"/Users/emiliopostigo/roastr-ai/frontend/src/pages/admin/users.jsx","statementMap":{"0":{"start":{"line":6,"column":23},"end":{"line":397,"column":1}},"1":{"start":{"line":7,"column":28},"end":{"line":7,"column":40}},"2":{"start":{"line":8,"column":32},"end":{"line":8,"column":46}},"3":{"start":{"line":9,"column":28},"end":{"line":9,"column":42}},"4":{"start":{"line":10,"column":40},"end":{"line":10,"column":54}},"5":{"start":{"line":11,"column":44},"end":{"line":11,"column":56}},"6":{"start":{"line":12,"column":19},"end":{"line":12,"column":32}},"7":{"start":{"line":15,"column":2},"end":{"line":43,"column":17}},"8":{"start":{"line":16,"column":35},"end":{"line":40,"column":5}},"9":{"start":{"line":17,"column":6},"end":{"line":39,"column":7}},"10":{"start":{"line":19,"column":24},"end":{"line":19,"column":61}},"11":{"start":{"line":20,"column":8},"end":{"line":23,"column":9}},"12":{"start":{"line":21,"column":10},"end":{"line":21,"column":29}},"13":{"start":{"line":22,"column":10},"end":{"line":22,"column":17}},"14":{"start":{"line":26,"column":25},"end":{"line":26,"column":79}},"15":{"start":{"line":27,"column":8},"end":{"line":30,"column":9}},"16":{"start":{"line":28,"column":10},"end":{"line":28,"column":33}},"17":{"start":{"line":29,"column":10},"end":{"line":29,"column":17}},"18":{"start":{"line":32,"column":8},"end":{"line":32,"column":33}},"19":{"start":{"line":35,"column":8},"end":{"line":35,"column":46}},"20":{"start":{"line":37,"column":8},"end":{"line":37,"column":51}},"21":{"start":{"line":38,"column":8},"end":{"line":38,"column":31}},"22":{"start":{"line":42,"column":4},"end":{"line":42,"column":29}},"23":{"start":{"line":45,"column":20},"end":{"line":72,"column":3}},"24":{"start":{"line":46,"column":4},"end":{"line":71,"column":5}},"25":{"start":{"line":47,"column":6},"end":{"line":47,"column":23}},"26":{"start":{"line":48,"column":23},"end":{"line":53,"column":8}},"27":{"start":{"line":55,"column":6},"end":{"line":57,"column":7}},"28":{"start":{"line":56,"column":8},"end":{"line":56,"column":49}},"29":{"start":{"line":59,"column":19},"end":{"line":59,"column":40}},"30":{"start":{"line":60,"column":6},"end":{"line":62,"column":7}},"31":{"start":{"line":61,"column":8},"end":{"line":61,"column":28}},"32":{"start":{"line":64,"column":6},"end":{"line":64,"column":52}},"33":{"start":{"line":65,"column":6},"end":{"line":68,"column":9}},"34":{"start":{"line":70,"column":6},"end":{"line":70,"column":24}},"35":{"start":{"line":74,"column":25},"end":{"line":107,"column":3}},"36":{"start":{"line":75,"column":4},"end":{"line":106,"column":5}},"37":{"start":{"line":76,"column":6},"end":{"line":76,"column":72}},"38":{"start":{"line":76,"column":32},"end":{"line":76,"column":69}},"39":{"start":{"line":78,"column":22},"end":{"line":78,"column":59}},"40":{"start":{"line":79,"column":23},"end":{"line":86,"column":8}},"41":{"start":{"line":88,"column":19},"end":{"line":88,"column":40}},"42":{"start":{"line":89,"column":6},"end":{"line":98,"column":7}},"43":{"start":{"line":90,"column":8},"end":{"line":93,"column":11}},"44":{"start":{"line":95,"column":8},"end":{"line":95,"column":46}},"45":{"start":{"line":97,"column":8},"end":{"line":97,"column":66}},"46":{"start":{"line":100,"column":6},"end":{"line":103,"column":9}},"47":{"start":{"line":105,"column":6},"end":{"line":105,"column":73}},"48":{"start":{"line":105,"column":32},"end":{"line":105,"column":70}},"49":{"start":{"line":109,"column":28},"end":{"line":140,"column":3}},"50":{"start":{"line":110,"column":4},"end":{"line":139,"column":5}},"51":{"start":{"line":111,"column":6},"end":{"line":111,"column":73}},"52":{"start":{"line":111,"column":32},"end":{"line":111,"column":70}},"53":{"start":{"line":113,"column":22},"end":{"line":113,"column":59}},"54":{"start":{"line":114,"column":23},"end":{"line":121,"column":8}},"55":{"start":{"line":123,"column":19},"end":{"line":123,"column":40}},"56":{"start":{"line":124,"column":6},"end":{"line":131,"column":7}},"57":{"start":{"line":125,"column":8},"end":{"line":128,"column":11}},"58":{"start":{"line":130,"column":8},"end":{"line":130,"column":79}},"59":{"start":{"line":133,"column":6},"end":{"line":136,"column":9}},"60":{"start":{"line":138,"column":6},"end":{"line":138,"column":74}},"61":{"start":{"line":138,"column":32},"end":{"line":138,"column":71}},"62":{"start":{"line":142,"column":24},"end":{"line":149,"column":3}},"63":{"start":{"line":143,"column":4},"end":{"line":148,"column":5}},"64":{"start":{"line":144,"column":6},"end":{"line":144,"column":34}},"65":{"start":{"line":145,"column":6},"end":{"line":145,"column":25}},"66":{"start":{"line":147,"column":6},"end":{"line":147,"column":46}},"67":{"start":{"line":151,"column":28},"end":{"line":159,"column":3}},"68":{"start":{"line":152,"column":19},"end":{"line":157,"column":5}},"69":{"start":{"line":158,"column":4},"end":{"line":158,"column":39}},"70":{"start":{"line":161,"column":21},"end":{"line":167,"column":3}},"71":{"start":{"line":162,"column":4},"end":{"line":166,"column":7}},"72":{"start":{"line":169,"column":2},"end":{"line":183,"column":3}},"73":{"start":{"line":170,"column":4},"end":{"line":182,"column":6}},"74":{"start":{"line":185,"column":2},"end":{"line":396,"column":4}},"75":{"start":{"line":208,"column":31},"end":{"line":208,"column":53}},"76":{"start":{"line":253,"column":33},"end":{"line":253,"column":47}},"77":{"start":{"line":299,"column":18},"end":{"line":374,"column":23}},"78":{"start":{"line":340,"column":28},"end":{"line":343,"column":29}},"79":{"start":{"line":341,"column":30},"end":{"line":341,"column":70}},"80":{"start":{"line":342,"column":30},"end":{"line":342,"column":57}},"81":{"start":{"line":358,"column":41},"end":{"line":358,"column":67}}},"fnMap":{"0":{"name":"(anonymous_0)","decl":{"start":{"line":6,"column":23},"end":{"line":6,"column":24}},"loc":{"start":{"line":6,"column":29},"end":{"line":397,"column":1}},"line":6},"1":{"name":"(anonymous_1)","decl":{"start":{"line":15,"column":12},"end":{"line":15,"column":13}},"loc":{"start":{"line":15,"column":18},"end":{"line":43,"column":3}},"line":15},"2":{"name":"(anonymous_2)","decl":{"start":{"line":16,"column":35},"end":{"line":16,"column":36}},"loc":{"start":{"line":16,"column":47},"end":{"line":40,"column":5}},"line":16},"3":{"name":"(anonymous_3)","decl":{"start":{"line":45,"column":20},"end":{"line":45,"column":21}},"loc":{"start":{"line":45,"column":43},"end":{"line":72,"column":3}},"line":45},"4":{"name":"(anonymous_4)","decl":{"start":{"line":74,"column":25},"end":{"line":74,"column":26}},"loc":{"start":{"line":74,"column":52},"end":{"line":107,"column":3}},"line":74},"5":{"name":"(anonymous_5)","decl":{"start":{"line":76,"column":23},"end":{"line":76,"column":24}},"loc":{"start":{"line":76,"column":32},"end":{"line":76,"column":69}},"line":76},"6":{"name":"(anonymous_6)","decl":{"start":{"line":105,"column":23},"end":{"line":105,"column":24}},"loc":{"start":{"line":105,"column":32},"end":{"line":105,"column":70}},"line":105},"7":{"name":"(anonymous_7)","decl":{"start":{"line":109,"column":28},"end":{"line":109,"column":29}},"loc":{"start":{"line":109,"column":46},"end":{"line":140,"column":3}},"line":109},"8":{"name":"(anonymous_8)","decl":{"start":{"line":111,"column":23},"end":{"line":111,"column":24}},"loc":{"start":{"line":111,"column":32},"end":{"line":111,"column":70}},"line":111},"9":{"name":"(anonymous_9)","decl":{"start":{"line":138,"column":23},"end":{"line":138,"column":24}},"loc":{"start":{"line":138,"column":32},"end":{"line":138,"column":71}},"line":138},"10":{"name":"(anonymous_10)","decl":{"start":{"line":142,"column":24},"end":{"line":142,"column":25}},"loc":{"start":{"line":142,"column":36},"end":{"line":149,"column":3}},"line":142},"11":{"name":"(anonymous_11)","decl":{"start":{"line":151,"column":28},"end":{"line":151,"column":29}},"loc":{"start":{"line":151,"column":38},"end":{"line":159,"column":3}},"line":151},"12":{"name":"(anonymous_12)","decl":{"start":{"line":161,"column":21},"end":{"line":161,"column":22}},"loc":{"start":{"line":161,"column":37},"end":{"line":167,"column":3}},"line":161},"13":{"name":"(anonymous_13)","decl":{"start":{"line":208,"column":25},"end":{"line":208,"column":26}},"loc":{"start":{"line":208,"column":31},"end":{"line":208,"column":53}},"line":208},"14":{"name":"(anonymous_14)","decl":{"start":{"line":253,"column":27},"end":{"line":253,"column":28}},"loc":{"start":{"line":253,"column":33},"end":{"line":253,"column":47}},"line":253},"15":{"name":"(anonymous_15)","decl":{"start":{"line":298,"column":27},"end":{"line":298,"column":28}},"loc":{"start":{"line":299,"column":18},"end":{"line":374,"column":23}},"line":299},"16":{"name":"(anonymous_16)","decl":{"start":{"line":339,"column":36},"end":{"line":339,"column":37}},"loc":{"start":{"line":339,"column":43},"end":{"line":344,"column":27}},"line":339},"17":{"name":"(anonymous_17)","decl":{"start":{"line":358,"column":35},"end":{"line":358,"column":36}},"loc":{"start":{"line":358,"column":41},"end":{"line":358,"column":67}},"line":358}},"branchMap":{"0":{"loc":{"start":{"line":20,"column":8},"end":{"line":23,"column":9}},"type":"if","locations":[{"start":{"line":20,"column":8},"end":{"line":23,"column":9}},{"start":{},"end":{}}],"line":20},"1":{"loc":{"start":{"line":27,"column":8},"end":{"line":30,"column":9}},"type":"if","locations":[{"start":{"line":27,"column":8},"end":{"line":30,"column":9}},{"start":{},"end":{}}],"line":27},"2":{"loc":{"start":{"line":55,"column":6},"end":{"line":57,"column":7}},"type":"if","locations":[{"start":{"line":55,"column":6},"end":{"line":57,"column":7}},{"start":{},"end":{}}],"line":55},"3":{"loc":{"start":{"line":60,"column":6},"end":{"line":62,"column":7}},"type":"if","locations":[{"start":{"line":60,"column":6},"end":{"line":62,"column":7}},{"start":{},"end":{}}],"line":60},"4":{"loc":{"start":{"line":89,"column":6},"end":{"line":98,"column":7}},"type":"if","locations":[{"start":{"line":89,"column":6},"end":{"line":98,"column":7}},{"start":{"line":96,"column":13},"end":{"line":98,"column":7}}],"line":89},"5":{"loc":{"start":{"line":97,"column":24},"end":{"line":97,"column":64}},"type":"binary-expr","locations":[{"start":{"line":97,"column":24},"end":{"line":97,"column":34}},{"start":{"line":97,"column":38},"end":{"line":97,"column":64}}],"line":97},"6":{"loc":{"start":{"line":124,"column":6},"end":{"line":131,"column":7}},"type":"if","locations":[{"start":{"line":124,"column":6},"end":{"line":131,"column":7}},{"start":{"line":129,"column":13},"end":{"line":131,"column":7}}],"line":124},"7":{"loc":{"start":{"line":130,"column":24},"end":{"line":130,"column":77}},"type":"binary-expr","locations":[{"start":{"line":130,"column":24},"end":{"line":130,"column":34}},{"start":{"line":130,"column":38},"end":{"line":130,"column":77}}],"line":130},"8":{"loc":{"start":{"line":158,"column":11},"end":{"line":158,"column":38}},"type":"binary-expr","locations":[{"start":{"line":158,"column":11},"end":{"line":158,"column":23}},{"start":{"line":158,"column":27},"end":{"line":158,"column":38}}],"line":158},"9":{"loc":{"start":{"line":169,"column":2},"end":{"line":183,"column":3}},"type":"if","locations":[{"start":{"line":169,"column":2},"end":{"line":183,"column":3}},{"start":{},"end":{}}],"line":169},"10":{"loc":{"start":{"line":230,"column":9},"end":{"line":263,"column":9}},"type":"binary-expr","locations":[{"start":{"line":230,"column":9},"end":{"line":230,"column":14}},{"start":{"line":231,"column":10},"end":{"line":262,"column":16}}],"line":230},"11":{"loc":{"start":{"line":232,"column":12},"end":{"line":234,"column":119}},"type":"cond-expr","locations":[{"start":{"line":233,"column":16},"end":{"line":233,"column":131}},{"start":{"line":234,"column":16},"end":{"line":234,"column":119}}],"line":232},"12":{"loc":{"start":{"line":238,"column":17},"end":{"line":246,"column":17}},"type":"cond-expr","locations":[{"start":{"line":239,"column":18},"end":{"line":241,"column":24}},{"start":{"line":243,"column":18},"end":{"line":245,"column":24}}],"line":238},"13":{"loc":{"start":{"line":309,"column":29},"end":{"line":309,"column":54}},"type":"binary-expr","locations":[{"start":{"line":309,"column":29},"end":{"line":309,"column":38}},{"start":{"line":309,"column":42},"end":{"line":309,"column":54}}],"line":309},"14":{"loc":{"start":{"line":323,"column":23},"end":{"line":327,"column":23}},"type":"cond-expr","locations":[{"start":{"line":324,"column":24},"end":{"line":324,"column":86}},{"start":{"line":326,"column":24},"end":{"line":326,"column":84}}],"line":323},"15":{"loc":{"start":{"line":333,"column":23},"end":{"line":333,"column":75}},"type":"binary-expr","locations":[{"start":{"line":333,"column":23},"end":{"line":333,"column":70}},{"start":{"line":333,"column":74},"end":{"line":333,"column":75}}],"line":333},"16":{"loc":{"start":{"line":340,"column":28},"end":{"line":343,"column":29}},"type":"if","locations":[{"start":{"line":340,"column":28},"end":{"line":343,"column":29}},{"start":{},"end":{}}],"line":340},"17":{"loc":{"start":{"line":340,"column":32},"end":{"line":340,"column":78}},"type":"binary-expr","locations":[{"start":{"line":340,"column":32},"end":{"line":340,"column":46}},{"start":{"line":340,"column":50},"end":{"line":340,"column":78}}],"line":340},"18":{"loc":{"start":{"line":362,"column":27},"end":{"line":369,"column":27}},"type":"cond-expr","locations":[{"start":{"line":363,"column":28},"end":{"line":366,"column":34}},{"start":{"line":368,"column":28},"end":{"line":368,"column":32}}],"line":362},"19":{"loc":{"start":{"line":380,"column":11},"end":{"line":390,"column":11}},"type":"binary-expr","locations":[{"start":{"line":380,"column":11},"end":{"line":380,"column":29}},{"start":{"line":381,"column":12},"end":{"line":389,"column":18}}],"line":380}},"s":{"0":0,"1":0,"2":0,"3":0,"4":0,"5":0,"6":0,"7":0,"8":0,"9":0,"10":0,"11":0,"12":0,"13":0,"14":0,"15":0,"16":0,"17":0,"18":0,"19":0,"20":0,"21":0,"22":0,"23":0,"24":0,"25":0,"26":0,"27":0,"28":0,"29":0,"30":0,"31":0,"32":0,"33":0,"34":0,"35":0,"36":0,"37":0,"38":0,"39":0,"40":0,"41":0,"42":0,"43":0,"44":0,"45":0,"46":0,"47":0,"48":0,"49":0,"50":0,"51":0,"52":0,"53":0,"54":0,"55":0,"56":0,"57":0,"58":0,"59":0,"60":0,"61":0,"62":0,"63":0,"64":0,"65":0,"66":0,"67":0,"68":0,"69":0,"70":0,"71":0,"72":0,"73":0,"74":0,"75":0,"76":0,"77":0,"78":0,"79":0,"80":0,"81":0},"f":{"0":0,"1":0,"2":0,"3":0,"4":0,"5":0,"6":0,"7":0,"8":0,"9":0,"10":0,"11":0,"12":0,"13":0,"14":0,"15":0,"16":0,"17":0},"b":{"0":[0,0],"1":[0,0],"2":[0,0],"3":[0,0],"4":[0,0],"5":[0,0],"6":[0,0],"7":[0,0],"8":[0,0],"9":[0,0],"10":[0,0],"11":[0,0],"12":[0,0],"13":[0,0],"14":[0,0],"15":[0,0],"16":[0,0],"17":[0,0],"18":[0,0],"19":[0,0]}}
}
