TN:
SF:src/App.js
FN:24,App
FNF:1
FNH:0
FNDA:0,App
DA:25,0
LF:1
LH:0
BRF:0
BRH:0
end_of_record
TN:
SF:src/index.js
FNF:0
FNH:0
DA:5,0
DA:6,0
LF:2
LH:0
BRF:0
BRH:0
end_of_record
TN:
SF:src/api/social.ts
FN:56,(anonymous_0)
FN:56,(anonymous_1)
FN:59,(anonymous_2)
FN:84,(anonymous_3)
FN:102,(anonymous_4)
FN:121,(anonymous_5)
FN:146,(anonymous_6)
FN:165,(anonymous_7)
FN:188,(anonymous_8)
FN:205,(anonymous_9)
FN:221,(anonymous_10)
FN:226,(anonymous_11)
FN:235,(anonymous_12)
FNF:13
FNH:13
FNDA:11,(anonymous_0)
FNDA:11,(anonymous_1)
FNDA:2,(anonymous_2)
FNDA:1,(anonymous_3)
FNDA:1,(anonymous_4)
FNDA:1,(anonymous_5)
FNDA:1,(anonymous_6)
FNDA:2,(anonymous_7)
FNDA:2,(anonymous_8)
FNDA:1,(anonymous_9)
FNDA:1,(anonymous_10)
FNDA:2,(anonymous_11)
FNDA:1,(anonymous_12)
DA:56,11
DA:59,1
DA:63,2
DA:65,2
DA:67,2
DA:68,2
DA:69,2
DA:70,2
DA:72,2
DA:73,2
DA:75,2
DA:84,1
DA:88,1
DA:90,1
DA:93,1
DA:95,1
DA:96,0
DA:99,1
DA:102,1
DA:106,1
DA:108,1
DA:111,1
DA:113,1
DA:114,0
DA:117,1
DA:121,1
DA:125,1
DA:127,1
DA:129,1
DA:130,1
DA:131,1
DA:132,1
DA:134,1
DA:135,1
DA:137,1
DA:146,1
DA:150,1
DA:152,1
DA:155,1
DA:157,1
DA:158,0
DA:161,1
DA:165,1
DA:173,2
DA:175,2
DA:178,2
DA:180,2
DA:181,0
DA:184,2
DA:188,1
DA:192,2
DA:194,2
DA:197,2
DA:199,2
DA:205,1
DA:206,1
DA:208,1
DA:211,1
DA:213,1
DA:214,0
DA:217,1
DA:221,1
DA:222,1
DA:223,1
DA:226,1
DA:227,2
DA:228,2
DA:235,1
DA:236,1
LF:69
LH:64
BRDA:56,0,0,0
BRDA:61,1,0,1
BRDA:67,2,0,2
BRDA:67,2,1,1
BRDA:68,3,0,2
BRDA:68,3,1,1
BRDA:69,4,0,0
BRDA:69,4,1,2
BRDA:79,5,0,0
BRDA:79,5,1,2
BRDA:95,6,0,0
BRDA:95,6,1,1
BRDA:113,7,0,0
BRDA:113,7,1,1
BRDA:123,8,0,0
BRDA:129,9,0,1
BRDA:129,9,1,0
BRDA:130,10,0,1
BRDA:130,10,1,0
BRDA:131,11,0,0
BRDA:131,11,1,1
BRDA:141,12,0,0
BRDA:141,12,1,1
BRDA:157,13,0,0
BRDA:157,13,1,1
BRDA:180,14,0,0
BRDA:180,14,1,2
BRDA:213,15,0,0
BRDA:213,15,1,1
BRDA:222,16,0,1
BRDA:222,16,1,1
BRDA:230,17,0,2
BRDA:230,17,1,1
BRDA:236,18,0,1
BRDA:236,18,1,0
BRF:35
BRH:21
end_of_record
TN:
SF:src/components/AccountCard.js
FN:10,(anonymous_0)
FN:15,(anonymous_1)
FNF:2
FNH:0
FNDA:0,(anonymous_0)
FNDA:0,(anonymous_1)
DA:10,0
DA:11,0
DA:12,0
DA:13,0
DA:15,0
DA:16,0
DA:17,0
DA:19,0
DA:22,0
LF:9
LH:0
BRDA:12,0,0,0
BRDA:12,0,1,0
BRDA:13,1,0,0
BRDA:13,1,1,0
BRDA:16,2,0,0
BRDA:16,2,1,0
BRDA:44,3,0,0
BRDA:44,3,1,0
BRDA:48,4,0,0
BRDA:48,4,1,0
BRDA:50,5,0,0
BRDA:50,5,1,0
BRDA:56,6,0,0
BRDA:56,6,1,0
BRDA:73,7,0,0
BRDA:73,7,1,0
BRDA:77,8,0,0
BRDA:77,8,1,0
BRDA:80,9,0,0
BRDA:80,9,1,0
BRF:20
BRH:0
end_of_record
TN:
SF:src/components/AccountModal.js
FN:11,(anonymous_0)
FN:34,(anonymous_1)
FN:43,(anonymous_2)
FN:50,(anonymous_3)
FN:56,(anonymous_4)
FN:62,(anonymous_5)
FN:63,(anonymous_6)
FN:72,(anonymous_7)
FN:76,(anonymous_8)
FN:79,(anonymous_9)
FN:84,(anonymous_10)
FN:87,(anonymous_11)
FN:92,(anonymous_12)
FN:95,(anonymous_13)
FN:165,(anonymous_14)
FN:168,(anonymous_15)
FN:200,(anonymous_16)
FN:246,(anonymous_17)
FN:254,(anonymous_18)
FN:323,(anonymous_19)
FN:336,(anonymous_20)
FN:395,(anonymous_21)
FN:422,(anonymous_22)
FN:443,(anonymous_23)
FN:446,(anonymous_24)
FN:464,(anonymous_25)
FN:467,(anonymous_26)
FN:499,(anonymous_27)
FN:519,(anonymous_28)
FN:532,(anonymous_29)
FNF:30
FNH:0
FNDA:0,(anonymous_0)
FNDA:0,(anonymous_1)
FNDA:0,(anonymous_2)
FNDA:0,(anonymous_3)
FNDA:0,(anonymous_4)
FNDA:0,(anonymous_5)
FNDA:0,(anonymous_6)
FNDA:0,(anonymous_7)
FNDA:0,(anonymous_8)
FNDA:0,(anonymous_9)
FNDA:0,(anonymous_10)
FNDA:0,(anonymous_11)
FNDA:0,(anonymous_12)
FNDA:0,(anonymous_13)
FNDA:0,(anonymous_14)
FNDA:0,(anonymous_15)
FNDA:0,(anonymous_16)
FNDA:0,(anonymous_17)
FNDA:0,(anonymous_18)
FNDA:0,(anonymous_19)
FNDA:0,(anonymous_20)
FNDA:0,(anonymous_21)
FNDA:0,(anonymous_22)
FNDA:0,(anonymous_23)
FNDA:0,(anonymous_24)
FNDA:0,(anonymous_25)
FNDA:0,(anonymous_26)
FNDA:0,(anonymous_27)
FNDA:0,(anonymous_28)
FNDA:0,(anonymous_29)
DA:11,0
DA:25,0
DA:26,0
DA:27,0
DA:28,0
DA:30,0
DA:31,0
DA:32,0
DA:34,0
DA:35,0
DA:43,0
DA:44,0
DA:45,0
DA:47,0
DA:50,0
DA:51,0
DA:52,0
DA:56,0
DA:57,0
DA:58,0
DA:62,0
DA:63,0
DA:65,0
DA:66,0
DA:70,0
DA:72,0
DA:76,0
DA:77,0
DA:79,0
DA:84,0
DA:85,0
DA:87,0
DA:92,0
DA:93,0
DA:96,0
DA:97,0
DA:98,0
DA:104,0
DA:110,0
DA:166,0
DA:168,0
DA:201,0
DA:246,0
DA:254,0
DA:323,0
DA:336,0
DA:395,0
DA:422,0
DA:443,0
DA:447,0
DA:464,0
DA:468,0
DA:499,0
DA:519,0
DA:532,0
LF:55
LH:0
BRDA:30,0,0,0
BRDA:30,0,1,0
BRDA:31,1,0,0
BRDA:31,1,1,0
BRDA:44,2,0,0
BRDA:44,2,1,0
BRDA:51,3,0,0
BRDA:51,3,1,0
BRDA:57,4,0,0
BRDA:57,4,1,0
BRDA:133,5,0,0
BRDA:133,5,1,0
BRDA:134,6,0,0
BRDA:134,6,1,0
BRDA:135,7,0,0
BRDA:135,7,1,0
BRDA:146,8,0,0
BRDA:146,8,1,0
BRDA:170,9,0,0
BRDA:170,9,1,0
BRDA:185,10,0,0
BRDA:185,10,1,0
BRDA:191,11,0,0
BRDA:191,11,1,0
BRDA:233,12,0,0
BRDA:233,12,1,0
BRDA:234,13,0,0
BRDA:234,13,1,0
BRDA:237,14,0,0
BRDA:237,14,1,0
BRDA:238,15,0,0
BRDA:238,15,1,0
BRDA:243,16,0,0
BRDA:243,16,1,0
BRDA:243,16,2,0
BRDA:251,17,0,0
BRDA:251,17,1,0
BRDA:259,18,0,0
BRDA:259,18,1,0
BRDA:272,19,0,0
BRDA:272,19,1,0
BRDA:282,20,0,0
BRDA:282,20,1,0
BRDA:284,21,0,0
BRDA:284,21,1,0
BRDA:288,22,0,0
BRDA:288,22,1,0
BRDA:299,23,0,0
BRDA:299,23,1,0
BRDA:352,24,0,0
BRDA:352,24,1,0
BRDA:355,25,0,0
BRDA:355,25,1,0
BRDA:366,26,0,0
BRDA:366,26,1,0
BRDA:366,26,2,0
BRDA:376,27,0,0
BRDA:376,27,1,0
BRDA:397,28,0,0
BRDA:397,28,1,0
BRDA:402,29,0,0
BRDA:402,29,1,0
BRDA:424,30,0,0
BRDA:424,30,1,0
BRDA:429,31,0,0
BRDA:429,31,1,0
BRDA:436,32,0,0
BRDA:436,32,1,0
BRDA:494,33,0,0
BRDA:494,33,1,0
BRDA:499,34,0,0
BRDA:499,34,1,0
BRDA:501,35,0,0
BRDA:501,35,1,0
BRDA:506,36,0,0
BRDA:506,36,1,0
BRDA:517,37,0,0
BRDA:517,37,1,0
BRF:78
BRH:0
end_of_record
TN:
SF:src/components/AppShell.jsx
FN:6,AppShell
FNF:1
FNH:0
FNDA:0,AppShell
DA:7,0
LF:1
LH:0
BRF:0
BRH:0
end_of_record
TN:
SF:src/components/AuthForm.js
FN:4,(anonymous_0)
FN:16,(anonymous_1)
FN:18,(anonymous_2)
FN:24,(anonymous_3)
FN:59,(anonymous_4)
FN:125,(anonymous_5)
FNF:6
FNH:0
FNDA:0,(anonymous_0)
FNDA:0,(anonymous_1)
FNDA:0,(anonymous_2)
FNDA:0,(anonymous_3)
FNDA:0,(anonymous_4)
FNDA:0,(anonymous_5)
DA:4,0
DA:5,0
DA:10,0
DA:11,0
DA:13,0
DA:14,0
DA:16,0
DA:17,0
DA:18,0
DA:24,0
DA:25,0
DA:26,0
DA:28,0
DA:31,0
DA:32,0
DA:33,0
DA:34,0
DA:35,0
DA:36,0
DA:39,0
DA:41,0
DA:42,0
DA:43,0
DA:44,0
DA:45,0
DA:46,0
DA:47,0
DA:48,0
DA:49,0
DA:50,0
DA:53,0
DA:55,0
DA:59,0
DA:60,0
DA:62,0
DA:63,0
DA:64,0
DA:66,0
DA:69,0
DA:125,0
LF:40
LH:0
BRDA:4,0,0,0
BRDA:31,1,0,0
BRDA:31,1,1,0
BRDA:34,2,0,0
BRDA:34,2,1,0
BRDA:41,3,0,0
BRDA:41,3,1,0
BRDA:43,4,0,0
BRDA:43,4,1,0
BRDA:45,5,0,0
BRDA:45,5,1,0
BRDA:47,6,0,0
BRDA:47,6,1,0
BRDA:49,7,0,0
BRDA:49,7,1,0
BRDA:62,8,0,0
BRDA:62,8,1,0
BRDA:63,9,0,0
BRDA:63,9,1,0
BRDA:64,10,0,0
BRDA:64,10,1,0
BRDA:64,11,0,0
BRDA:64,11,1,0
BRDA:72,12,0,0
BRDA:72,12,1,0
BRDA:116,13,0,0
BRDA:116,13,1,0
BRDA:121,14,0,0
BRDA:121,14,1,0
BRDA:128,15,0,0
BRDA:128,15,1,0
BRDA:140,16,0,0
BRDA:140,16,1,0
BRDA:151,17,0,0
BRDA:151,17,1,0
BRDA:154,18,0,0
BRDA:154,18,1,0
BRDA:163,19,0,0
BRDA:163,19,1,0
BRDA:169,20,0,0
BRDA:169,20,1,0
BRDA:181,21,0,0
BRDA:181,21,1,0
BRDA:188,22,0,0
BRDA:188,22,1,0
BRF:45
BRH:0
end_of_record
TN:
SF:src/components/ErrorBoundary.jsx
FN:7,(anonymous_0)
FN:12,(anonymous_1)
FN:17,(anonymous_2)
FN:30,(anonymous_3)
FN:35,(anonymous_4)
FN:77,(anonymous_5)
FN:97,useErrorHandler
FN:98,(anonymous_7)
FNF:8
FNH:0
FNDA:0,(anonymous_0)
FNDA:0,(anonymous_1)
FNDA:0,(anonymous_2)
FNDA:0,(anonymous_3)
FNDA:0,(anonymous_4)
FNDA:0,(anonymous_5)
FNDA:0,useErrorHandler
FNDA:0,(anonymous_7)
DA:8,0
DA:9,0
DA:14,0
DA:19,0
DA:25,0
DA:26,0
DA:30,0
DA:32,0
DA:36,0
DA:38,0
DA:77,0
DA:92,0
DA:98,0
DA:99,0
LF:14
LH:0
BRDA:25,0,0,0
BRDA:25,0,1,0
BRDA:36,1,0,0
BRDA:36,1,1,0
BRDA:48,2,0,0
BRDA:48,2,1,0
BRDA:52,3,0,0
BRDA:52,3,1,0
BRDA:52,3,2,0
BRDA:75,4,0,0
BRDA:75,4,1,0
BRF:11
BRH:0
end_of_record
TN:
SF:src/components/MagicLinkForm.js
FN:4,(anonymous_0)
FN:15,(anonymous_1)
FN:17,(anonymous_2)
FN:23,(anonymous_3)
FN:58,(anonymous_4)
FN:67,(anonymous_5)
FN:116,(anonymous_6)
FNF:7
FNH:0
FNDA:0,(anonymous_0)
FNDA:0,(anonymous_1)
FNDA:0,(anonymous_2)
FNDA:0,(anonymous_3)
FNDA:0,(anonymous_4)
FNDA:0,(anonymous_5)
FNDA:0,(anonymous_6)
DA:4,0
DA:5,0
DA:9,0
DA:10,0
DA:12,0
DA:13,0
DA:15,0
DA:16,0
DA:17,0
DA:23,0
DA:24,0
DA:25,0
DA:27,0
DA:30,0
DA:31,0
DA:32,0
DA:33,0
DA:34,0
DA:35,0
DA:36,0
DA:37,0
DA:40,0
DA:42,0
DA:43,0
DA:44,0
DA:45,0
DA:46,0
DA:47,0
DA:48,0
DA:49,0
DA:52,0
DA:54,0
DA:58,0
DA:59,0
DA:61,0
DA:62,0
DA:64,0
DA:67,0
DA:68,0
DA:69,0
DA:70,0
DA:71,0
DA:73,0
DA:75,0
DA:77,0
DA:79,0
DA:83,0
DA:84,0
DA:116,0
DA:127,0
LF:50
LH:0
BRDA:4,0,0,0
BRDA:30,1,0,0
BRDA:30,1,1,0
BRDA:34,2,0,0
BRDA:34,2,1,0
BRDA:42,3,0,0
BRDA:42,3,1,0
BRDA:44,4,0,0
BRDA:44,4,1,0
BRDA:46,5,0,0
BRDA:46,5,1,0
BRDA:48,6,0,0
BRDA:48,6,1,0
BRDA:61,7,0,0
BRDA:61,7,1,0
BRDA:62,8,0,0
BRDA:62,8,1,0
BRDA:62,9,0,0
BRDA:62,9,1,0
BRDA:70,10,0,0
BRDA:70,10,1,0
BRDA:83,11,0,0
BRDA:83,11,1,0
BRDA:98,12,0,0
BRDA:98,12,1,0
BRDA:111,13,0,0
BRDA:111,13,1,0
BRDA:136,14,0,0
BRDA:136,14,1,0
BRDA:139,15,0,0
BRDA:139,15,1,0
BRDA:144,16,0,0
BRDA:144,16,1,0
BRDA:186,17,0,0
BRDA:186,17,1,0
BRDA:189,18,0,0
BRDA:189,18,1,0
BRDA:204,19,0,0
BRDA:204,19,1,0
BRF:39
BRH:0
end_of_record
TN:
SF:src/components/NetworkConnectModal.js
FN:10,(anonymous_0)
FN:16,(anonymous_1)
FN:21,(anonymous_2)
FN:27,(anonymous_3)
FNF:4
FNH:0
FNDA:0,(anonymous_0)
FNDA:0,(anonymous_1)
FNDA:0,(anonymous_2)
FNDA:0,(anonymous_3)
DA:10,0
DA:11,0
DA:13,0
DA:14,0
DA:16,0
DA:17,0
DA:18,0
DA:21,0
DA:22,0
DA:23,0
DA:27,0
DA:28,0
DA:29,0
DA:33,0
LF:14
LH:0
BRDA:11,0,0,0
BRDA:11,0,1,0
BRDA:13,1,0,0
BRDA:13,1,1,0
BRDA:14,2,0,0
BRDA:14,2,1,0
BRDA:22,3,0,0
BRDA:22,3,1,0
BRDA:28,4,0,0
BRDA:28,4,1,0
BRDA:97,5,0,0
BRDA:97,5,1,0
BRF:12
BRH:0
end_of_record
TN:
SF:src/components/ShieldInterceptedList.js
FN:9,(anonymous_0)
FN:15,(anonymous_1)
FN:19,(anonymous_2)
FN:29,(anonymous_3)
FN:42,(anonymous_4)
FN:55,(anonymous_5)
FN:68,(anonymous_6)
FN:71,(anonymous_7)
FN:81,(anonymous_8)
FN:101,(anonymous_9)
FN:145,(anonymous_10)
FNF:11
FNH:0
FNDA:0,(anonymous_0)
FNDA:0,(anonymous_1)
FNDA:0,(anonymous_2)
FNDA:0,(anonymous_3)
FNDA:0,(anonymous_4)
FNDA:0,(anonymous_5)
FNDA:0,(anonymous_6)
FNDA:0,(anonymous_7)
FNDA:0,(anonymous_8)
FNDA:0,(anonymous_9)
FNDA:0,(anonymous_10)
DA:9,0
DA:10,0
DA:11,0
DA:13,0
DA:15,0
DA:16,0
DA:19,0
DA:20,0
DA:21,0
DA:22,0
DA:24,0
DA:26,0
DA:29,0
DA:30,0
DA:32,0
DA:34,0
DA:36,0
DA:38,0
DA:42,0
DA:43,0
DA:45,0
DA:47,0
DA:49,0
DA:51,0
DA:55,0
DA:56,0
DA:64,0
DA:69,0
DA:71,0
DA:81,0
DA:102,0
DA:103,0
DA:104,0
DA:106,0
DA:145,0
LF:35
LH:0
BRDA:9,0,0,0
BRDA:16,1,0,0
BRDA:16,1,1,0
BRDA:21,2,0,0
BRDA:21,2,1,0
BRDA:30,3,0,0
BRDA:30,3,1,0
BRDA:30,3,2,0
BRDA:30,3,3,0
BRDA:43,4,0,0
BRDA:43,4,1,0
BRDA:43,4,2,0
BRDA:43,4,3,0
BRDA:73,5,0,0
BRDA:73,5,1,0
BRDA:78,6,0,0
BRDA:78,6,1,0
BRDA:79,7,0,0
BRDA:79,7,1,0
BRDA:89,8,0,0
BRDA:89,8,1,0
BRDA:93,9,0,0
BRDA:93,9,1,0
BRDA:132,10,0,0
BRDA:132,10,1,0
BRDA:148,11,0,0
BRDA:148,11,1,0
BRF:27
BRH:0
end_of_record
TN:
SF:src/components/Sidebar.jsx
FN:66,Sidebar
FN:70,(anonymous_1)
FN:77,(anonymous_2)
FNF:3
FNH:0
FNDA:0,Sidebar
FNDA:0,(anonymous_1)
FNDA:0,(anonymous_2)
DA:15,0
DA:67,0
DA:71,0
DA:73,0
DA:78,0
LF:5
LH:0
BRDA:79,0,0,0
BRDA:79,0,1,0
BRF:2
BRH:0
end_of_record
TN:
SF:src/components/ThemeToggle.js
FN:4,(anonymous_0)
FNF:1
FNH:0
FNDA:0,(anonymous_0)
DA:4,0
DA:5,0
DA:7,0
LF:3
LH:0
BRDA:11,0,0,0
BRDA:11,0,1,0
BRDA:13,1,0,0
BRDA:13,1,1,0
BRF:4
BRH:0
end_of_record
TN:
SF:src/components/TopBar.jsx
FN:5,TopBar
FN:10,(anonymous_1)
FN:11,fetchData
FNF:3
FNH:0
FNDA:0,TopBar
FNDA:0,(anonymous_1)
FNDA:0,fetchData
DA:6,0
DA:7,0
DA:8,0
DA:10,0
DA:12,0
DA:13,0
DA:18,0
DA:19,0
DA:22,0
DA:23,0
DA:26,0
DA:28,0
DA:32,0
DA:35,0
LF:14
LH:0
BRDA:18,0,0,0
BRDA:18,0,1,0
BRDA:22,1,0,0
BRDA:22,1,1,0
BRDA:49,2,0,0
BRDA:49,2,1,0
BRDA:58,3,0,0
BRDA:58,3,1,0
BRDA:58,4,0,0
BRDA:58,4,1,0
BRDA:60,5,0,0
BRDA:60,5,1,0
BRDA:66,6,0,0
BRDA:66,6,1,0
BRDA:67,7,0,0
BRDA:67,7,1,0
BRDA:72,8,0,0
BRDA:72,8,1,0
BRF:18
BRH:0
end_of_record
TN:
SF:src/components/ui/ConfirmDialog.jsx
FN:6,ConfirmDialog
FN:16,(anonymous_1)
FN:22,(anonymous_2)
FN:28,(anonymous_3)
FN:32,(anonymous_4)
FNF:5
FNH:0
FNDA:0,ConfirmDialog
FNDA:0,(anonymous_1)
FNDA:0,(anonymous_2)
FNDA:0,(anonymous_3)
FNDA:0,(anonymous_4)
DA:16,0
DA:17,0
DA:18,0
DA:22,0
DA:23,0
DA:24,0
DA:28,0
DA:29,0
DA:30,0
DA:31,0
DA:32,0
DA:33,0
DA:34,0
DA:37,0
DA:41,0
DA:43,0
DA:45,0
LF:17
LH:0
BRDA:10,0,0,0
BRDA:11,1,0,0
BRDA:12,2,0,0
BRDA:13,3,0,0
BRDA:14,4,0,0
BRDA:17,5,0,0
BRDA:17,5,1,0
BRDA:23,6,0,0
BRDA:23,6,1,0
BRDA:29,7,0,0
BRDA:29,7,1,0
BRDA:43,8,0,0
BRDA:43,8,1,0
BRDA:54,9,0,0
BRDA:54,9,1,0
BRDA:55,10,0,0
BRDA:55,10,1,0
BRDA:77,11,0,0
BRDA:77,11,1,0
BRF:19
BRH:0
end_of_record
TN:
SF:src/components/ui/MockModeIndicator.jsx
FN:5,(anonymous_0)
FNF:1
FNH:0
FNDA:0,(anonymous_0)
DA:5,0
DA:11,0
DA:12,0
DA:15,0
LF:4
LH:0
BRDA:6,0,0,0
BRDA:7,1,0,0
BRDA:8,2,0,0
BRDA:9,3,0,0
BRDA:11,4,0,0
BRDA:11,4,1,0
BRDA:16,5,0,0
BRDA:16,5,1,0
BRDA:21,6,0,0
BRDA:21,6,1,0
BRDA:22,7,0,0
BRDA:22,7,1,0
BRF:12
BRH:0
end_of_record
TN:
SF:src/components/ui/badge.jsx
FN:29,Badge
FNF:1
FNH:0
FNDA:0,Badge
DA:5,0
DA:30,0
LF:2
LH:0
BRF:0
BRH:0
end_of_record
TN:
SF:src/components/ui/button.jsx
FN:35,(anonymous_0)
FNF:1
FNH:0
FNDA:0,(anonymous_0)
DA:5,0
DA:34,0
DA:36,0
DA:45,0
LF:4
LH:0
BRDA:35,0,0,0
BRF:1
BRH:0
end_of_record
TN:
SF:src/components/ui/card.jsx
FN:4,(anonymous_0)
FN:16,(anonymous_1)
FN:25,(anonymous_2)
FN:37,(anonymous_3)
FN:46,(anonymous_4)
FN:51,(anonymous_5)
FNF:6
FNH:0
FNDA:0,(anonymous_0)
FNDA:0,(anonymous_1)
FNDA:0,(anonymous_2)
FNDA:0,(anonymous_3)
FNDA:0,(anonymous_4)
FNDA:0,(anonymous_5)
DA:4,0
DA:5,0
DA:14,0
DA:16,0
DA:17,0
DA:23,0
DA:25,0
DA:26,0
DA:35,0
DA:37,0
DA:38,0
DA:44,0
DA:46,0
DA:47,0
DA:49,0
DA:51,0
DA:52,0
DA:58,0
LF:18
LH:0
BRF:0
BRH:0
end_of_record
TN:
SF:src/components/ui/input.jsx
FN:4,(anonymous_0)
FNF:1
FNH:0
FNDA:0,(anonymous_0)
DA:4,0
DA:5,0
DA:17,0
LF:3
LH:0
BRF:0
BRH:0
end_of_record
TN:
SF:src/components/ui/select.jsx
FN:5,(anonymous_0)
FN:10,(anonymous_1)
FN:13,(anonymous_2)
FN:21,(anonymous_3)
FN:25,(anonymous_4)
FN:36,(anonymous_5)
FN:52,(anonymous_6)
FN:61,(anonymous_7)
FN:62,(anonymous_8)
FN:63,(anonymous_9)
FN:73,(anonymous_10)
FN:90,(anonymous_11)
FN:105,(anonymous_12)
FN:113,(anonymous_13)
FNF:14
FNH:0
FNDA:0,(anonymous_0)
FNDA:0,(anonymous_1)
FNDA:0,(anonymous_2)
FNDA:0,(anonymous_3)
FNDA:0,(anonymous_4)
FNDA:0,(anonymous_5)
FNDA:0,(anonymous_6)
FNDA:0,(anonymous_7)
FNDA:0,(anonymous_8)
FNDA:0,(anonymous_9)
FNDA:0,(anonymous_10)
FNDA:0,(anonymous_11)
FNDA:0,(anonymous_12)
FNDA:0,(anonymous_13)
DA:5,0
DA:6,0
DA:8,0
DA:11,0
DA:12,0
DA:13,0
DA:18,0
DA:19,0
DA:22,0
DA:23,0
DA:25,0
DA:29,0
DA:34,0
DA:36,0
DA:37,0
DA:50,0
DA:52,0
DA:53,0
DA:59,0
DA:61,0
DA:62,0
DA:63,0
DA:64,0
DA:65,0
DA:69,0
DA:70,0
DA:73,0
DA:74,0
DA:78,0
DA:80,0
DA:91,0
DA:92,0
DA:97,0
DA:103,0
DA:105,0
DA:106,0
DA:113,0
DA:119,0
LF:38
LH:0
BRDA:11,0,0,0
BRDA:11,0,1,0
BRDA:18,1,0,0
BRDA:18,1,1,0
BRDA:55,2,0,0
BRDA:55,2,1,0
BRDA:55,2,2,0
BRDA:64,3,0,0
BRDA:64,3,1,0
BRDA:64,4,0,0
BRDA:64,4,1,0
BRDA:69,5,0,0
BRDA:69,5,1,0
BRDA:78,6,0,0
BRDA:78,6,1,0
BRDA:91,7,0,0
BRDA:91,7,1,0
BRDA:110,8,0,0
BRDA:110,8,1,0
BRF:19
BRH:0
end_of_record
TN:
SF:src/components/ui/skeleton.jsx
FN:3,Skeleton
FNF:1
FNH:0
FNDA:0,Skeleton
DA:4,0
LF:1
LH:0
BRF:0
BRH:0
end_of_record
TN:
SF:src/components/widgets/ActivityFeedCard.jsx
FN:7,ActivityFeedCard
FN:11,(anonymous_1)
FN:12,fetchData
FN:28,(anonymous_3)
FN:41,(anonymous_4)
FN:61,(anonymous_5)
FN:86,(anonymous_6)
FNF:7
FNH:0
FNDA:0,ActivityFeedCard
FNDA:0,(anonymous_1)
FNDA:0,fetchData
FNDA:0,(anonymous_3)
FNDA:0,(anonymous_4)
FNDA:0,(anonymous_5)
FNDA:0,(anonymous_6)
DA:8,0
DA:9,0
DA:11,0
DA:13,0
DA:14,0
DA:15,0
DA:16,0
DA:19,0
DA:21,0
DA:25,0
DA:28,0
DA:29,0
DA:31,0
DA:33,0
DA:35,0
DA:37,0
DA:41,0
DA:42,0
DA:44,0
DA:46,0
DA:48,0
DA:50,0
DA:54,0
DA:55,0
DA:62,0
DA:75,0
DA:87,0
LF:27
LH:0
BRDA:15,0,0,0
BRDA:15,0,1,0
BRDA:29,1,0,0
BRDA:29,1,1,0
BRDA:29,1,2,0
BRDA:29,1,3,0
BRDA:42,2,0,0
BRDA:42,2,1,0
BRDA:42,2,2,0
BRDA:42,2,3,0
BRDA:54,3,0,0
BRDA:54,3,1,0
BRDA:84,4,0,0
BRDA:84,4,1,0
BRDA:84,5,0,0
BRDA:84,5,1,0
BRDA:112,6,0,0
BRDA:112,6,1,0
BRF:18
BRH:0
end_of_record
TN:
SF:src/components/widgets/HealthFlagsCard.jsx
FN:8,HealthFlagsCard
FN:12,(anonymous_1)
FN:13,fetchData
FN:29,(anonymous_3)
FN:50,(anonymous_4)
FN:61,(anonymous_5)
FN:91,(anonymous_6)
FNF:7
FNH:0
FNDA:0,HealthFlagsCard
FNDA:0,(anonymous_1)
FNDA:0,fetchData
FNDA:0,(anonymous_3)
FNDA:0,(anonymous_4)
FNDA:0,(anonymous_5)
FNDA:0,(anonymous_6)
DA:9,0
DA:10,0
DA:12,0
DA:14,0
DA:15,0
DA:16,0
DA:17,0
DA:20,0
DA:22,0
DA:26,0
DA:28,0
DA:29,0
DA:32,0
DA:33,0
DA:47,0
DA:48,0
DA:50,0
DA:51,0
DA:53,0
DA:55,0
DA:57,0
DA:61,0
DA:62,0
DA:64,0
DA:66,0
DA:68,0
DA:72,0
DA:92,0
LF:28
LH:0
BRDA:16,0,0,0
BRDA:16,0,1,0
BRDA:32,1,0,0
BRDA:32,1,1,0
BRDA:47,2,0,0
BRDA:47,2,1,0
BRDA:48,3,0,0
BRDA:48,3,1,0
BRDA:51,4,0,0
BRDA:51,4,1,0
BRDA:51,4,2,0
BRDA:62,5,0,0
BRDA:62,5,1,0
BRDA:62,5,2,0
BRDA:113,6,0,0
BRDA:113,6,1,0
BRDA:114,7,0,0
BRDA:114,7,1,0
BRDA:119,8,0,0
BRDA:119,8,1,0
BRDA:120,9,0,0
BRDA:120,9,1,0
BRDA:125,10,0,0
BRDA:125,10,1,0
BRDA:126,11,0,0
BRDA:126,11,1,0
BRDA:134,12,0,0
BRDA:134,12,1,0
BRF:28
BRH:0
end_of_record
TN:
SF:src/components/widgets/IntegrationStatusCard.jsx
FN:84,(anonymous_0)
FN:107,(anonymous_1)
FN:108,(anonymous_2)
FN:112,(anonymous_3)
FN:116,(anonymous_4)
FN:133,(anonymous_5)
FN:180,(anonymous_6)
FN:190,(anonymous_7)
FN:237,(anonymous_8)
FN:243,(anonymous_9)
FN:250,(anonymous_10)
FN:297,(anonymous_11)
FN:309,(anonymous_12)
FN:318,(anonymous_13)
FN:397,(anonymous_14)
FN:420,(anonymous_15)
FNF:16
FNH:0
FNDA:0,(anonymous_0)
FNDA:0,(anonymous_1)
FNDA:0,(anonymous_2)
FNDA:0,(anonymous_3)
FNDA:0,(anonymous_4)
FNDA:0,(anonymous_5)
FNDA:0,(anonymous_6)
FNDA:0,(anonymous_7)
FNDA:0,(anonymous_8)
FNDA:0,(anonymous_9)
FNDA:0,(anonymous_10)
FNDA:0,(anonymous_11)
FNDA:0,(anonymous_12)
FNDA:0,(anonymous_13)
FNDA:0,(anonymous_14)
FNDA:0,(anonymous_15)
DA:32,0
DA:84,0
DA:93,0
DA:94,0
DA:95,0
DA:97,0
DA:98,0
DA:107,0
DA:108,0
DA:109,0
DA:112,0
DA:116,0
DA:117,0
DA:118,0
DA:119,0
DA:121,0
DA:122,0
DA:128,0
DA:133,0
DA:134,0
DA:173,0
DA:176,0
DA:177,0
DA:180,0
DA:181,0
DA:182,0
DA:190,0
DA:191,0
DA:192,0
DA:193,0
DA:194,0
DA:195,0
DA:197,0
DA:198,0
DA:199,0
DA:200,0
DA:204,0
DA:205,0
DA:237,0
DA:243,0
DA:250,0
DA:265,0
DA:297,0
DA:309,0
DA:318,0
DA:397,0
DA:420,0
LF:47
LH:0
BRDA:90,0,0,0
BRDA:91,1,0,0
BRDA:98,2,0,0
BRDA:98,2,1,0
BRDA:124,3,0,0
BRDA:124,3,1,0
BRDA:173,4,0,0
BRDA:173,4,1,0
BRDA:181,5,0,0
BRDA:181,5,1,0
BRDA:191,6,0,0
BRDA:191,6,1,0
BRDA:197,7,0,0
BRDA:197,7,1,0
BRDA:198,8,0,0
BRDA:198,8,1,0
BRDA:199,9,0,0
BRDA:199,9,1,0
BRDA:204,10,0,0
BRDA:204,10,1,0
BRDA:218,11,0,0
BRDA:218,11,1,0
BRDA:220,12,0,0
BRDA:220,12,1,0
BRDA:228,13,0,0
BRDA:228,13,1,0
BRDA:228,13,2,0
BRDA:236,14,0,0
BRDA:236,14,1,0
BRDA:242,15,0,0
BRDA:242,15,1,0
BRDA:266,16,0,0
BRDA:266,16,1,0
BRDA:287,17,0,0
BRDA:287,17,1,0
BRDA:295,18,0,0
BRDA:295,18,1,0
BRDA:300,19,0,0
BRDA:300,19,1,0
BRDA:308,20,0,0
BRDA:308,20,1,0
BRDA:314,21,0,0
BRDA:314,21,1,0
BRDA:322,22,0,0
BRDA:322,22,1,0
BRDA:339,23,0,0
BRDA:339,23,1,0
BRDA:339,24,0,0
BRDA:339,24,1,0
BRDA:345,25,0,0
BRDA:345,25,1,0
BRDA:349,26,0,0
BRDA:349,26,1,0
BRDA:349,26,2,0
BRDA:354,27,0,0
BRDA:354,27,1,0
BRDA:354,27,2,0
BRDA:356,28,0,0
BRDA:356,28,1,0
BRDA:372,29,0,0
BRDA:372,29,1,0
BRDA:377,30,0,0
BRDA:377,30,1,0
BRDA:377,30,2,0
BRDA:395,31,0,0
BRDA:395,31,1,0
BRDA:395,31,2,0
BRDA:402,32,0,0
BRDA:402,32,1,0
BRDA:407,33,0,0
BRDA:407,33,1,0
BRDA:414,34,0,0
BRDA:414,34,1,0
BRDA:414,34,2,0
BRDA:416,35,0,0
BRDA:416,35,1,0
BRDA:424,36,0,0
BRDA:424,36,1,0
BRDA:433,37,0,0
BRDA:433,37,1,0
BRF:80
BRH:0
end_of_record
TN:
SF:src/components/widgets/IntegrationsCard.jsx
FN:7,IntegrationsCard
FN:11,(anonymous_1)
FN:12,fetchData
FN:35,(anonymous_3)
FN:46,(anonymous_4)
FN:47,(anonymous_5)
FN:71,(anonymous_6)
FN:93,(anonymous_7)
FNF:8
FNH:0
FNDA:0,IntegrationsCard
FNDA:0,(anonymous_1)
FNDA:0,fetchData
FNDA:0,(anonymous_3)
FNDA:0,(anonymous_4)
FNDA:0,(anonymous_5)
FNDA:0,(anonymous_6)
FNDA:0,(anonymous_7)
DA:8,0
DA:9,0
DA:11,0
DA:13,0
DA:14,0
DA:15,0
DA:16,0
DA:19,0
DA:21,0
DA:25,0
DA:28,0
DA:29,0
DA:36,0
DA:46,0
DA:47,0
DA:49,0
DA:72,0
DA:94,0
LF:18
LH:0
BRDA:15,0,0,0
BRDA:15,0,1,0
BRDA:28,1,0,0
BRDA:28,1,1,0
BRDA:46,2,0,0
BRDA:46,2,1,0
BRDA:47,3,0,0
BRDA:47,3,1,0
BRDA:58,4,0,0
BRDA:58,4,1,0
BRDA:65,5,0,0
BRDA:65,5,1,0
BRDA:87,6,0,0
BRDA:87,6,1,0
BRDA:104,7,0,0
BRDA:104,7,1,0
BRF:16
BRH:0
end_of_record
TN:
SF:src/components/widgets/JobsQueueCard.jsx
FN:7,JobsQueueCard
FN:11,(anonymous_1)
FN:12,fetchData
FN:27,(anonymous_3)
FN:40,(anonymous_4)
FN:51,(anonymous_5)
FN:136,(anonymous_6)
FNF:7
FNH:0
FNDA:0,JobsQueueCard
FNDA:0,(anonymous_1)
FNDA:0,fetchData
FNDA:0,(anonymous_3)
FNDA:0,(anonymous_4)
FNDA:0,(anonymous_5)
FNDA:0,(anonymous_6)
DA:8,0
DA:9,0
DA:11,0
DA:13,0
DA:15,0
DA:27,0
DA:28,0
DA:29,0
DA:32,0
DA:33,0
DA:37,0
DA:39,0
DA:40,0
DA:43,0
DA:44,0
DA:52,0
DA:63,0
DA:66,0
DA:137,0
LF:19
LH:0
BRDA:43,0,0,0
BRDA:43,0,1,0
BRDA:63,1,0,0
BRDA:63,1,1,0
BRDA:75,2,0,0
BRDA:75,2,1,0
BRDA:94,3,0,0
BRDA:94,3,1,0
BRDA:104,4,0,0
BRDA:104,4,1,0
BRDA:114,5,0,0
BRDA:114,5,1,0
BRDA:124,6,0,0
BRDA:124,6,1,0
BRDA:130,7,0,0
BRDA:130,7,1,0
BRF:16
BRH:0
end_of_record
TN:
SF:src/components/widgets/LogsTableCard.jsx
FN:9,LogsTableCard
FN:15,(anonymous_1)
FN:16,fetchData
FN:32,(anonymous_3)
FN:35,(anonymous_4)
FN:48,(anonymous_5)
FN:68,(anonymous_6)
FN:109,(anonymous_7)
FN:142,(anonymous_8)
FN:182,(anonymous_9)
FNF:10
FNH:0
FNDA:0,LogsTableCard
FNDA:0,(anonymous_1)
FNDA:0,fetchData
FNDA:0,(anonymous_3)
FNDA:0,(anonymous_4)
FNDA:0,(anonymous_5)
FNDA:0,(anonymous_6)
FNDA:0,(anonymous_7)
FNDA:0,(anonymous_8)
FNDA:0,(anonymous_9)
DA:10,0
DA:11,0
DA:12,0
DA:13,0
DA:15,0
DA:17,0
DA:18,0
DA:19,0
DA:20,0
DA:23,0
DA:25,0
DA:29,0
DA:31,0
DA:32,0
DA:35,0
DA:36,0
DA:38,0
DA:40,0
DA:42,0
DA:44,0
DA:48,0
DA:49,0
DA:50,0
DA:53,0
DA:56,0
DA:57,0
DA:69,0
DA:82,0
DA:109,0
DA:143,0
DA:183,0
DA:184,0
LF:32
LH:0
BRDA:19,0,0,0
BRDA:19,0,1,0
BRDA:36,1,0,0
BRDA:36,1,1,0
BRDA:36,1,2,0
BRDA:36,1,3,0
BRDA:48,2,0,0
BRDA:48,2,1,0
BRDA:49,3,0,0
BRDA:49,3,1,0
BRDA:50,4,0,0
BRDA:50,4,1,0
BRDA:50,4,2,0
BRDA:53,5,0,0
BRDA:53,5,1,0
BRDA:56,6,0,0
BRDA:56,6,1,0
BRDA:130,7,0,0
BRDA:130,7,1,0
BRDA:168,8,0,0
BRDA:168,8,1,0
BRDA:178,9,0,0
BRDA:178,9,1,0
BRDA:178,10,0,0
BRDA:178,10,1,0
BRDA:180,11,0,0
BRDA:180,11,1,0
BRDA:180,11,2,0
BRF:28
BRH:0
end_of_record
TN:
SF:src/components/widgets/PlanStatusCard.jsx
FN:8,PlanStatusCard
FN:13,(anonymous_1)
FN:14,fetchData
FN:118,(anonymous_3)
FNF:4
FNH:0
FNDA:0,PlanStatusCard
FNDA:0,(anonymous_1)
FNDA:0,fetchData
FNDA:0,(anonymous_3)
DA:9,0
DA:10,0
DA:11,0
DA:13,0
DA:15,0
DA:16,0
DA:21,0
DA:22,0
DA:24,0
DA:26,0
DA:30,0
DA:33,0
DA:34,0
DA:50,0
DA:71,0
DA:72,0
DA:74,0
DA:119,0
LF:18
LH:0
BRDA:21,0,0,0
BRDA:21,0,1,0
BRDA:22,1,0,0
BRDA:22,1,1,0
BRDA:33,2,0,0
BRDA:33,2,1,0
BRDA:71,3,0,0
BRDA:71,3,1,0
BRDA:93,4,0,0
BRDA:93,4,1,0
BRDA:102,5,0,0
BRDA:102,5,1,0
BRDA:102,6,0,0
BRDA:102,6,1,0
BRDA:110,7,0,0
BRDA:110,7,1,0
BRDA:110,8,0,0
BRDA:110,8,1,0
BRF:18
BRH:0
end_of_record
TN:
SF:src/components/widgets/StyleProfileCard.jsx
FN:38,StyleProfileCard
FN:47,(anonymous_1)
FN:52,(anonymous_2)
FN:64,(anonymous_3)
FN:80,(anonymous_4)
FN:84,(anonymous_5)
FN:90,(anonymous_6)
FN:98,(anonymous_7)
FN:117,(anonymous_8)
FN:138,(anonymous_9)
FN:182,(anonymous_10)
FN:195,(anonymous_11)
FN:231,(anonymous_12)
FN:239,(anonymous_13)
FN:247,(anonymous_14)
FNF:15
FNH:0
FNDA:0,StyleProfileCard
FNDA:0,(anonymous_1)
FNDA:0,(anonymous_2)
FNDA:0,(anonymous_3)
FNDA:0,(anonymous_4)
FNDA:0,(anonymous_5)
FNDA:0,(anonymous_6)
FNDA:0,(anonymous_7)
FNDA:0,(anonymous_8)
FNDA:0,(anonymous_9)
FNDA:0,(anonymous_10)
FNDA:0,(anonymous_11)
FNDA:0,(anonymous_12)
FNDA:0,(anonymous_13)
FNDA:0,(anonymous_14)
DA:20,0
DA:29,0
DA:39,0
DA:40,0
DA:41,0
DA:42,0
DA:43,0
DA:45,0
DA:47,0
DA:48,0
DA:49,0
DA:52,0
DA:53,0
DA:54,0
DA:55,0
DA:56,0
DA:57,0
DA:60,0
DA:64,0
DA:65,0
DA:66,0
DA:67,0
DA:68,0
DA:69,0
DA:70,0
DA:74,0
DA:76,0
DA:80,0
DA:81,0
DA:82,0
DA:83,0
DA:84,0
DA:86,0
DA:90,0
DA:91,0
DA:98,0
DA:99,0
DA:100,0
DA:108,0
DA:109,0
DA:117,0
DA:129,0
DA:130,0
DA:138,0
DA:150,0
DA:183,0
DA:195,0
DA:231,0
DA:239,0
DA:247,0
DA:259,0
LF:51
LH:0
BRDA:55,0,0,0
BRDA:55,0,1,0
BRDA:67,1,0,0
BRDA:67,1,1,0
BRDA:69,2,0,0
BRDA:69,2,1,0
BRDA:99,3,0,0
BRDA:99,3,1,0
BRDA:108,4,0,0
BRDA:108,4,1,0
BRDA:129,5,0,0
BRDA:129,5,1,0
BRDA:159,6,0,0
BRDA:159,6,1,0
BRDA:186,7,0,0
BRDA:186,7,1,0
BRDA:188,8,0,0
BRDA:188,8,1,0
BRDA:200,9,0,0
BRDA:200,9,1,0
BRDA:213,10,0,0
BRDA:213,10,1,0
BRDA:216,11,0,0
BRDA:216,11,1,0
BRF:24
BRH:0
end_of_record
TN:
SF:src/components/widgets/UsageCostCard.jsx
FN:7,UsageCostCard
FN:11,(anonymous_1)
FN:12,fetchData
FN:36,(anonymous_3)
FNF:4
FNH:0
FNDA:0,UsageCostCard
FNDA:0,(anonymous_1)
FNDA:0,fetchData
FNDA:0,(anonymous_3)
DA:8,0
DA:9,0
DA:11,0
DA:13,0
DA:14,0
DA:15,0
DA:16,0
DA:19,0
DA:21,0
DA:25,0
DA:28,0
DA:29,0
DA:37,0
DA:48,0
DA:50,0
LF:15
LH:0
BRDA:15,0,0,0
BRDA:15,0,1,0
BRDA:28,1,0,0
BRDA:28,1,1,0
BRDA:48,2,0,0
BRDA:48,2,1,0
BRDA:83,3,0,0
BRDA:83,3,1,0
BRDA:101,4,0,0
BRDA:101,4,1,0
BRDA:114,5,0,0
BRDA:114,5,1,0
BRDA:120,6,0,0
BRDA:120,6,1,0
BRDA:142,7,0,0
BRDA:142,7,1,0
BRDA:155,8,0,0
BRDA:155,8,1,0
BRDA:155,9,0,0
BRDA:155,9,1,0
BRDA:162,10,0,0
BRDA:162,10,1,0
BRDA:162,11,0,0
BRDA:162,11,1,0
BRF:24
BRH:0
end_of_record
TN:
SF:src/components/widgets/index.js
FNF:0
FNH:0
DA:11,0
DA:22,0
DA:33,0
LF:3
LH:0
BRF:0
BRH:0
end_of_record
TN:
SF:src/contexts/AuthContext.js
FN:7,(anonymous_0)
FN:15,(anonymous_1)
FN:22,(anonymous_2)
FN:26,(anonymous_3)
FN:80,(anonymous_4)
FN:121,(anonymous_5)
FN:127,(anonymous_6)
FN:140,(anonymous_7)
FN:153,(anonymous_8)
FN:166,(anonymous_9)
FN:179,(anonymous_10)
FN:189,(anonymous_11)
FN:202,(anonymous_12)
FNF:13
FNH:0
FNDA:0,(anonymous_0)
FNDA:0,(anonymous_1)
FNDA:0,(anonymous_2)
FNDA:0,(anonymous_3)
FNDA:0,(anonymous_4)
FNDA:0,(anonymous_5)
FNDA:0,(anonymous_6)
FNDA:0,(anonymous_7)
FNDA:0,(anonymous_8)
FNDA:0,(anonymous_9)
FNDA:0,(anonymous_10)
FNDA:0,(anonymous_11)
FNDA:0,(anonymous_12)
DA:5,0
DA:7,0
DA:8,0
DA:9,0
DA:10,0
DA:12,0
DA:15,0
DA:16,0
DA:17,0
DA:18,0
DA:19,0
DA:20,0
DA:22,0
DA:23,0
DA:26,0
DA:27,0
DA:28,0
DA:30,0
DA:32,0
DA:33,0
DA:34,0
DA:37,0
DA:38,0
DA:39,0
DA:40,0
DA:43,0
DA:45,0
DA:46,0
DA:59,0
DA:60,0
DA:61,0
DA:64,0
DA:65,0
DA:66,0
DA:67,0
DA:68,0
DA:71,0
DA:72,0
DA:77,0
DA:80,0
DA:81,0
DA:83,0
DA:85,0
DA:86,0
DA:88,0
DA:89,0
DA:90,0
DA:91,0
DA:92,0
DA:95,0
DA:97,0
DA:98,0
DA:111,0
DA:112,0
DA:116,0
DA:117,0
DA:121,0
DA:122,0
DA:123,0
DA:127,0
DA:128,0
DA:129,0
DA:130,0
DA:131,0
DA:133,0
DA:134,0
DA:136,0
DA:140,0
DA:141,0
DA:142,0
DA:143,0
DA:144,0
DA:146,0
DA:147,0
DA:149,0
DA:153,0
DA:154,0
DA:155,0
DA:156,0
DA:157,0
DA:159,0
DA:160,0
DA:162,0
DA:166,0
DA:167,0
DA:168,0
DA:169,0
DA:170,0
DA:172,0
DA:173,0
DA:175,0
DA:179,0
DA:180,0
DA:181,0
DA:182,0
DA:184,0
DA:185,0
DA:189,0
DA:190,0
DA:191,0
DA:192,0
DA:195,0
DA:196,0
DA:198,0
DA:202,0
DA:203,0
DA:205,0
DA:206,0
DA:207,0
DA:209,0
DA:213,0
DA:236,0
LF:112
LH:0
BRDA:9,0,0,0
BRDA:9,0,1,0
BRDA:30,1,0,0
BRDA:30,1,1,0
BRDA:32,2,0,0
BRDA:32,2,1,0
BRDA:39,3,0,0
BRDA:39,3,1,0
BRDA:45,4,0,0
BRDA:45,4,1,0
BRDA:49,5,0,0
BRDA:49,5,1,0
BRDA:50,6,0,0
BRDA:50,6,1,0
BRDA:51,7,0,0
BRDA:51,7,1,0
BRDA:52,8,0,0
BRDA:52,8,1,0
BRDA:65,9,0,0
BRDA:65,9,1,0
BRDA:71,10,0,0
BRDA:71,10,1,0
BRDA:81,11,0,0
BRDA:81,11,1,0
BRDA:83,12,0,0
BRDA:83,12,1,0
BRDA:86,13,0,0
BRDA:86,13,1,0
BRDA:88,14,0,0
BRDA:88,14,1,0
BRDA:91,15,0,0
BRDA:91,15,1,0
BRDA:97,16,0,0
BRDA:97,16,1,0
BRDA:101,17,0,0
BRDA:101,17,1,0
BRDA:102,18,0,0
BRDA:102,18,1,0
BRDA:103,19,0,0
BRDA:103,19,1,0
BRDA:104,20,0,0
BRDA:104,20,1,0
BRDA:111,21,0,0
BRDA:111,21,1,0
BRDA:116,22,0,0
BRDA:116,22,1,0
BRDA:203,23,0,0
BRDA:203,23,1,0
BRDA:232,24,0,0
BRDA:232,24,1,0
BRF:50
BRH:0
end_of_record
TN:
SF:src/hooks/useSocialAccounts.js
FN:17,(anonymous_0)
FN:23,(anonymous_1)
FN:24,(anonymous_2)
FN:27,(anonymous_3)
FN:31,(anonymous_4)
FN:36,(anonymous_5)
FN:37,(anonymous_6)
FN:39,(anonymous_7)
FN:45,(anonymous_8)
FN:48,(anonymous_9)
FN:50,(anonymous_10)
FN:60,(anonymous_11)
FN:71,(anonymous_12)
FN:74,(anonymous_13)
FN:76,(anonymous_14)
FN:86,(anonymous_15)
FN:97,(anonymous_16)
FN:100,(anonymous_17)
FN:100,(anonymous_18)
FN:116,(anonymous_19)
FN:119,(anonymous_20)
FN:119,(anonymous_21)
FN:135,(anonymous_22)
FN:138,(anonymous_23)
FN:138,(anonymous_24)
FN:154,(anonymous_25)
FN:157,(anonymous_26)
FN:157,(anonymous_27)
FN:173,(anonymous_28)
FN:176,(anonymous_29)
FN:176,(anonymous_30)
FN:192,(anonymous_31)
FN:205,(anonymous_32)
FN:212,(anonymous_33)
FN:212,(anonymous_34)
FN:213,(anonymous_35)
FN:217,(anonymous_36)
FN:236,(anonymous_37)
FN:237,(anonymous_38)
FNF:39
FNH:37
FNDA:33,(anonymous_0)
FNDA:8,(anonymous_1)
FNDA:12,(anonymous_2)
FNDA:7,(anonymous_3)
FNDA:2,(anonymous_4)
FNDA:30,(anonymous_5)
FNDA:180,(anonymous_6)
FNDA:528,(anonymous_7)
FNDA:3,(anonymous_8)
FNDA:3,(anonymous_9)
FNDA:2,(anonymous_10)
FNDA:0,(anonymous_11)
FNDA:1,(anonymous_12)
FNDA:1,(anonymous_13)
FNDA:2,(anonymous_14)
FNDA:0,(anonymous_15)
FNDA:2,(anonymous_16)
FNDA:2,(anonymous_17)
FNDA:6,(anonymous_18)
FNDA:2,(anonymous_19)
FNDA:2,(anonymous_20)
FNDA:6,(anonymous_21)
FNDA:1,(anonymous_22)
FNDA:1,(anonymous_23)
FNDA:3,(anonymous_24)
FNDA:1,(anonymous_25)
FNDA:1,(anonymous_26)
FNDA:3,(anonymous_27)
FNDA:1,(anonymous_28)
FNDA:1,(anonymous_29)
FNDA:3,(anonymous_30)
FNDA:1,(anonymous_31)
FNDA:2,(anonymous_32)
FNDA:2,(anonymous_33)
FNDA:6,(anonymous_34)
FNDA:2,(anonymous_35)
FNDA:2,(anonymous_36)
FNDA:97,(anonymous_37)
FNDA:97,(anonymous_38)
DA:17,1
DA:18,33
DA:19,33
DA:20,33
DA:23,33
DA:24,12
DA:27,33
DA:28,7
DA:31,33
DA:32,2
DA:36,33
DA:37,180
DA:39,528
DA:45,33
DA:47,3
DA:48,3
DA:51,2
DA:55,3
DA:56,3
DA:60,0
DA:66,0
DA:67,0
DA:71,33
DA:73,1
DA:74,1
DA:77,2
DA:81,1
DA:82,1
DA:86,0
DA:92,0
DA:93,0
DA:97,33
DA:99,2
DA:100,2
DA:101,6
DA:106,2
DA:107,2
DA:110,0
DA:111,0
DA:112,0
DA:116,33
DA:118,2
DA:119,2
DA:120,6
DA:125,2
DA:126,2
DA:129,0
DA:130,0
DA:131,0
DA:135,33
DA:137,1
DA:138,1
DA:139,3
DA:144,1
DA:145,1
DA:148,0
DA:149,0
DA:150,0
DA:154,33
DA:156,1
DA:157,1
DA:158,3
DA:163,1
DA:164,1
DA:167,0
DA:168,0
DA:169,0
DA:173,33
DA:175,1
DA:176,1
DA:177,3
DA:182,1
DA:183,1
DA:186,0
DA:187,0
DA:188,0
DA:192,33
DA:193,1
DA:194,1
DA:195,1
DA:197,1
DA:200,0
DA:201,0
DA:205,33
DA:207,2
DA:208,2
DA:209,2
DA:212,6
DA:213,2
DA:214,2
DA:215,2
DA:217,2
DA:218,2
DA:219,2
DA:222,2
DA:223,2
DA:226,0
DA:227,0
DA:228,0
DA:229,0
DA:230,0
DA:235,33
DA:236,97
DA:237,97
DA:239,33
LF:105
LH:77
BRDA:28,0,0,7
BRDA:28,0,1,1
BRDA:32,1,0,2
BRDA:32,1,1,1
BRDA:50,2,0,3
BRDA:50,2,1,1
BRDA:51,3,0,1
BRDA:51,3,1,1
BRDA:62,4,0,0
BRDA:62,4,1,0
BRDA:76,5,0,1
BRDA:76,5,1,0
BRDA:77,6,0,1
BRDA:77,6,1,1
BRDA:88,7,0,0
BRDA:88,7,1,0
BRDA:101,8,0,1
BRDA:101,8,1,5
BRDA:120,9,0,2
BRDA:120,9,1,4
BRDA:139,10,0,1
BRDA:139,10,1,2
BRDA:158,11,0,1
BRDA:158,11,1,2
BRDA:177,12,0,1
BRDA:177,12,1,2
BRDA:195,13,0,1
BRDA:195,13,1,0
BRF:28
BRH:22
end_of_record
TN:
SF:src/hooks/useTheme.js
FN:3,(anonymous_0)
FN:4,(anonymous_1)
FN:19,(anonymous_2)
FN:33,(anonymous_3)
FN:36,(anonymous_4)
FN:45,(anonymous_5)
FN:48,(anonymous_6)
FN:49,(anonymous_7)
FNF:8
FNH:0
FNDA:0,(anonymous_0)
FNDA:0,(anonymous_1)
FNDA:0,(anonymous_2)
FNDA:0,(anonymous_3)
FNDA:0,(anonymous_4)
FNDA:0,(anonymous_5)
FNDA:0,(anonymous_6)
FNDA:0,(anonymous_7)
DA:3,0
DA:4,0
DA:6,0
DA:7,0
DA:8,0
DA:12,0
DA:13,0
DA:16,0
DA:19,0
DA:20,0
DA:22,0
DA:23,0
DA:25,0
DA:29,0
DA:33,0
DA:34,0
DA:36,0
DA:38,0
DA:39,0
DA:43,0
DA:45,0
DA:48,0
DA:49,0
DA:52,0
LF:24
LH:0
BRDA:7,0,0,0
BRDA:7,0,1,0
BRDA:12,1,0,0
BRDA:12,1,1,0
BRDA:22,2,0,0
BRDA:22,2,1,0
BRDA:38,3,0,0
BRDA:38,3,1,0
BRDA:39,4,0,0
BRDA:39,4,1,0
BRDA:49,5,0,0
BRDA:49,5,1,0
BRF:12
BRH:0
end_of_record
TN:
SF:src/lib/mockMode.js
FN:9,(anonymous_0)
FN:31,(anonymous_1)
FN:56,(anonymous_2)
FN:81,(anonymous_3)
FN:91,(anonymous_4)
FN:92,(anonymous_5)
FN:95,(anonymous_6)
FN:102,(anonymous_7)
FN:123,(anonymous_8)
FN:152,(anonymous_9)
FN:171,(anonymous_10)
FN:176,(anonymous_11)
FN:184,(anonymous_12)
FN:187,(anonymous_13)
FN:202,(anonymous_14)
FN:217,(anonymous_15)
FN:221,(anonymous_16)
FN:232,(anonymous_17)
FN:234,(anonymous_18)
FN:245,(anonymous_19)
FN:252,(anonymous_20)
FN:253,(anonymous_21)
FN:254,(anonymous_22)
FN:265,(anonymous_23)
FN:280,(anonymous_24)
FNF:25
FNH:3
FNDA:0,(anonymous_0)
FNDA:2,(anonymous_1)
FNDA:0,(anonymous_2)
FNDA:0,(anonymous_3)
FNDA:6,(anonymous_4)
FNDA:0,(anonymous_5)
FNDA:0,(anonymous_6)
FNDA:0,(anonymous_7)
FNDA:0,(anonymous_8)
FNDA:0,(anonymous_9)
FNDA:0,(anonymous_10)
FNDA:0,(anonymous_11)
FNDA:0,(anonymous_12)
FNDA:0,(anonymous_13)
FNDA:0,(anonymous_14)
FNDA:0,(anonymous_15)
FNDA:0,(anonymous_16)
FNDA:0,(anonymous_17)
FNDA:0,(anonymous_18)
FNDA:0,(anonymous_19)
FNDA:0,(anonymous_20)
FNDA:0,(anonymous_21)
FNDA:0,(anonymous_22)
FNDA:0,(anonymous_23)
FNDA:2,(anonymous_24)
DA:9,2
DA:10,0
DA:11,0
DA:13,0
DA:31,2
DA:33,2
DA:34,2
DA:38,0
DA:39,0
DA:43,0
DA:44,0
DA:45,0
DA:47,0
DA:50,0
DA:56,2
DA:57,0
DA:58,0
DA:59,0
DA:60,0
DA:61,0
DA:63,0
DA:81,2
DA:82,0
DA:83,0
DA:84,0
DA:91,2
DA:92,6
DA:93,0
DA:95,0
DA:98,0
DA:99,0
DA:102,0
DA:119,0
DA:120,0
DA:123,0
DA:147,0
DA:148,0
DA:149,0
DA:152,0
DA:168,0
DA:171,0
DA:176,0
DA:184,2
DA:185,0
DA:187,0
DA:202,0
DA:217,0
DA:221,0
DA:234,0
DA:235,0
DA:242,0
DA:245,0
DA:252,0
DA:253,0
DA:254,0
DA:265,0
DA:280,2
DA:281,2
DA:283,2
DA:284,2
DA:286,2
DA:287,2
LF:62
LH:15
BRDA:14,0,0,0
BRDA:14,0,1,0
BRDA:14,0,2,0
BRDA:14,0,3,0
BRDA:14,0,4,0
BRDA:14,0,5,0
BRDA:33,1,0,2
BRDA:33,1,1,0
BRDA:38,2,0,0
BRDA:38,2,1,0
BRDA:43,3,0,0
BRDA:43,3,1,0
BRDA:44,4,0,0
BRDA:44,4,1,0
BRDA:59,5,0,0
BRDA:59,5,1,0
BRDA:68,6,0,0
BRDA:68,6,1,0
BRDA:70,7,0,0
BRDA:70,7,1,0
BRDA:72,8,0,0
BRDA:72,8,1,0
BRDA:82,9,0,0
BRDA:82,9,1,0
BRDA:92,10,0,0
BRDA:98,11,0,0
BRDA:98,11,1,0
BRDA:119,12,0,0
BRDA:119,12,1,0
BRDA:147,13,0,0
BRDA:147,13,1,0
BRDA:147,14,0,0
BRDA:147,14,1,0
BRDA:148,15,0,0
BRDA:148,15,1,0
BRDA:148,16,0,0
BRDA:148,16,1,0
BRDA:253,17,0,0
BRDA:281,18,0,2
BRDA:281,18,1,0
BRDA:283,19,0,2
BRDA:283,19,1,0
BRDA:286,20,0,2
BRDA:286,20,1,0
BRF:44
BRH:4
end_of_record
TN:
SF:src/lib/supabaseClient.js
FN:12,(anonymous_0)
FN:48,(anonymous_1)
FN:69,(anonymous_2)
FN:86,(anonymous_3)
FN:87,(anonymous_4)
FN:96,(anonymous_5)
FN:100,(anonymous_6)
FN:117,(anonymous_7)
FN:121,(anonymous_8)
FN:138,(anonymous_9)
FN:142,(anonymous_10)
FN:160,(anonymous_11)
FN:171,(anonymous_12)
FN:198,(anonymous_13)
FN:223,(anonymous_14)
FN:227,(anonymous_15)
FN:239,(anonymous_16)
FN:247,(anonymous_17)
FN:251,(anonymous_18)
FN:261,createSupabaseClient
FN:296,(anonymous_20)
FN:312,(anonymous_21)
FN:323,(anonymous_22)
FN:336,(anonymous_23)
FN:352,(anonymous_24)
FN:362,(anonymous_25)
FN:368,(anonymous_26)
FN:379,(anonymous_27)
FN:390,(anonymous_28)
FN:395,(anonymous_29)
FN:419,(anonymous_30)
FNF:31
FNH:0
FNDA:0,(anonymous_0)
FNDA:0,(anonymous_1)
FNDA:0,(anonymous_2)
FNDA:0,(anonymous_3)
FNDA:0,(anonymous_4)
FNDA:0,(anonymous_5)
FNDA:0,(anonymous_6)
FNDA:0,(anonymous_7)
FNDA:0,(anonymous_8)
FNDA:0,(anonymous_9)
FNDA:0,(anonymous_10)
FNDA:0,(anonymous_11)
FNDA:0,(anonymous_12)
FNDA:0,(anonymous_13)
FNDA:0,(anonymous_14)
FNDA:0,(anonymous_15)
FNDA:0,(anonymous_16)
FNDA:0,(anonymous_17)
FNDA:0,(anonymous_18)
FNDA:0,createSupabaseClient
FNDA:0,(anonymous_20)
FNDA:0,(anonymous_21)
FNDA:0,(anonymous_22)
FNDA:0,(anonymous_23)
FNDA:0,(anonymous_24)
FNDA:0,(anonymous_25)
FNDA:0,(anonymous_26)
FNDA:0,(anonymous_27)
FNDA:0,(anonymous_28)
FNDA:0,(anonymous_29)
FNDA:0,(anonymous_30)
DA:5,0
DA:13,0
DA:14,0
DA:15,0
DA:18,0
DA:33,0
DA:44,0
DA:45,0
DA:50,0
DA:51,0
DA:52,0
DA:53,0
DA:54,0
DA:57,0
DA:58,0
DA:59,0
DA:62,0
DA:63,0
DA:64,0
DA:70,0
DA:71,0
DA:80,0
DA:81,0
DA:83,0
DA:87,0
DA:88,0
DA:89,0
DA:91,0
DA:97,0
DA:100,0
DA:102,0
DA:111,0
DA:112,0
DA:114,0
DA:118,0
DA:121,0
DA:124,0
DA:125,0
DA:131,0
DA:132,0
DA:133,0
DA:135,0
DA:139,0
DA:142,0
DA:145,0
DA:154,0
DA:155,0
DA:157,0
DA:161,0
DA:163,0
DA:164,0
DA:166,0
DA:168,0
DA:172,0
DA:173,0
DA:175,0
DA:176,0
DA:179,0
DA:180,0
DA:181,0
DA:184,0
DA:185,0
DA:186,0
DA:187,0
DA:190,0
DA:191,0
DA:193,0
DA:194,0
DA:199,0
DA:201,0
DA:202,0
DA:205,0
DA:206,0
DA:207,0
DA:210,0
DA:211,0
DA:212,0
DA:213,0
DA:216,0
DA:218,0
DA:219,0
DA:224,0
DA:227,0
DA:228,0
DA:229,0
DA:231,0
DA:236,0
DA:240,0
DA:248,0
DA:251,0
DA:253,0
DA:262,0
DA:263,0
DA:264,0
DA:267,0
DA:268,0
DA:270,0
DA:271,0
DA:272,0
DA:277,0
DA:278,0
DA:291,0
DA:294,0
DA:297,0
DA:307,0
DA:308,0
DA:313,0
DA:318,0
DA:319,0
DA:324,0
DA:331,0
DA:332,0
DA:337,0
DA:347,0
DA:348,0
DA:353,0
DA:357,0
DA:358,0
DA:363,0
DA:364,0
DA:372,0
DA:374,0
DA:375,0
DA:383,0
DA:385,0
DA:386,0
DA:391,0
DA:397,0
DA:398,0
DA:410,0
DA:418,0
DA:419,0
DA:420,0
DA:423,0
DA:424,0
LF:135
LH:0
BRDA:51,0,0,0
BRDA:51,0,1,0
BRDA:57,1,0,0
BRDA:57,1,1,0
BRDA:96,2,0,0
BRDA:124,3,0,0
BRDA:124,3,1,0
BRDA:124,4,0,0
BRDA:124,4,1,0
BRDA:138,5,0,0
BRDA:175,6,0,0
BRDA:175,6,1,0
BRDA:175,7,0,0
BRDA:175,7,1,0
BRDA:184,8,0,0
BRDA:184,8,1,0
BRDA:201,9,0,0
BRDA:201,9,1,0
BRDA:210,10,0,0
BRDA:210,10,1,0
BRDA:228,11,0,0
BRDA:228,11,1,0
BRDA:247,12,0,0
BRDA:262,13,0,0
BRDA:262,13,1,0
BRDA:270,14,0,0
BRDA:270,14,1,0
BRDA:270,15,0,0
BRDA:270,15,1,0
BRDA:302,16,0,0
BRDA:302,16,1,0
BRDA:307,17,0,0
BRDA:307,17,1,0
BRDA:318,18,0,0
BRDA:318,18,1,0
BRDA:331,19,0,0
BRDA:331,19,1,0
BRDA:341,20,0,0
BRDA:341,20,1,0
BRDA:347,21,0,0
BRDA:347,21,1,0
BRDA:357,22,0,0
BRDA:357,22,1,0
BRDA:364,23,0,0
BRDA:364,23,1,0
BRDA:374,24,0,0
BRDA:374,24,1,0
BRDA:385,25,0,0
BRDA:385,25,1,0
BRDA:397,26,0,0
BRDA:397,26,1,0
BRDA:418,27,0,0
BRDA:418,27,1,0
BRDA:420,28,0,0
BRDA:420,28,1,0
BRF:55
BRH:0
end_of_record
TN:
SF:src/lib/utils.js
FN:4,cn
FNF:1
FNH:0
FNDA:0,cn
DA:5,0
LF:1
LH:0
BRF:0
BRH:0
end_of_record
TN:
SF:src/mocks/social.js
FNF:0
FNH:0
DA:6,2
DA:48,2
DA:91,2
DA:131,2
DA:140,2
DA:147,2
DA:154,2
DA:162,2
DA:171,2
LF:9
LH:9
BRF:0
BRH:0
end_of_record
TN:
SF:src/pages/AccountsPage.js
FN:14,(anonymous_0)
FN:40,(anonymous_1)
FN:44,(anonymous_2)
FN:48,(anonymous_3)
FN:52,(anonymous_4)
FN:56,(anonymous_5)
FN:60,(anonymous_6)
FN:191,(anonymous_7)
FN:195,(anonymous_8)
FN:209,(anonymous_9)
FN:216,(anonymous_10)
FNF:11
FNH:0
FNDA:0,(anonymous_0)
FNDA:0,(anonymous_1)
FNDA:0,(anonymous_2)
FNDA:0,(anonymous_3)
FNDA:0,(anonymous_4)
FNDA:0,(anonymous_5)
FNDA:0,(anonymous_6)
FNDA:0,(anonymous_7)
FNDA:0,(anonymous_8)
FNDA:0,(anonymous_9)
FNDA:0,(anonymous_10)
DA:14,0
DA:33,0
DA:35,0
DA:36,0
DA:38,0
DA:40,0
DA:41,0
DA:44,0
DA:45,0
DA:48,0
DA:49,0
DA:52,0
DA:53,0
DA:56,0
DA:57,0
DA:60,0
DA:61,0
DA:62,0
DA:64,0
DA:67,0
DA:192,0
DA:195,0
DA:210,0
DA:211,0
DA:213,0
DA:216,0
LF:26
LH:0
BRDA:38,0,0,0
BRDA:38,0,1,0
BRDA:61,1,0,0
BRDA:61,1,1,0
BRDA:179,2,0,0
BRDA:179,2,1,0
BRDA:210,3,0,0
BRDA:210,3,1,0
BRDA:211,4,0,0
BRDA:211,4,1,0
BRDA:226,5,0,0
BRDA:226,5,1,0
BRDA:236,6,0,0
BRDA:236,6,1,0
BRF:14
BRH:0
end_of_record
TN:
SF:src/pages/Billing.jsx
FN:7,Billing
FN:12,(anonymous_1)
FN:13,fetchData
FN:32,(anonymous_3)
FN:186,(anonymous_4)
FN:214,(anonymous_5)
FN:252,(anonymous_6)
FNF:7
FNH:0
FNDA:0,Billing
FNDA:0,(anonymous_1)
FNDA:0,fetchData
FNDA:0,(anonymous_3)
FNDA:0,(anonymous_4)
FNDA:0,(anonymous_5)
FNDA:0,(anonymous_6)
DA:8,0
DA:9,0
DA:10,0
DA:12,0
DA:14,0
DA:15,0
DA:20,0
DA:21,0
DA:23,0
DA:25,0
DA:29,0
DA:32,0
DA:33,0
DA:34,0
DA:37,0
DA:38,0
DA:39,0
DA:42,0
DA:46,0
DA:47,0
DA:57,0
DA:102,0
DA:104,0
DA:187,0
DA:215,0
DA:253,0
LF:26
LH:0
BRDA:20,0,0,0
BRDA:20,0,1,0
BRDA:21,1,0,0
BRDA:21,1,1,0
BRDA:37,2,0,0
BRDA:37,2,1,0
BRDA:46,3,0,0
BRDA:46,3,1,0
BRDA:102,4,0,0
BRDA:102,4,1,0
BRDA:128,5,0,0
BRDA:128,5,1,0
BRDA:130,6,0,0
BRDA:130,6,1,0
BRDA:130,7,0,0
BRDA:130,7,1,0
BRDA:136,8,0,0
BRDA:136,8,1,0
BRDA:160,9,0,0
BRDA:160,9,1,0
BRDA:162,10,0,0
BRDA:162,10,1,0
BRDA:173,11,0,0
BRDA:173,11,1,0
BRDA:173,12,0,0
BRDA:173,12,1,0
BRDA:187,13,0,0
BRDA:187,13,1,0
BRDA:188,14,0,0
BRDA:188,14,1,0
BRDA:195,15,0,0
BRDA:195,15,1,0
BRDA:204,16,0,0
BRDA:204,16,1,0
BRDA:224,17,0,0
BRDA:224,17,1,0
BRDA:227,18,0,0
BRDA:227,18,1,0
BRDA:227,19,0,0
BRDA:227,19,1,0
BRDA:246,20,0,0
BRDA:246,20,1,0
BRDA:287,21,0,0
BRDA:287,21,1,0
BRF:44
BRH:0
end_of_record
TN:
SF:src/pages/Compose.jsx
FN:7,Compose
FN:12,(anonymous_1)
FN:34,(anonymous_2)
FN:77,(anonymous_3)
FN:179,(anonymous_4)
FNF:5
FNH:0
FNDA:0,Compose
FNDA:0,(anonymous_1)
FNDA:0,(anonymous_2)
FNDA:0,(anonymous_3)
FNDA:0,(anonymous_4)
DA:8,0
DA:9,0
DA:10,0
DA:12,0
DA:13,0
DA:15,0
DA:16,0
DA:17,0
DA:23,0
DA:24,0
DA:25,0
DA:28,0
DA:30,0
DA:34,0
DA:35,0
DA:37,0
DA:38,0
DA:40,0
DA:41,0
DA:42,0
DA:44,0
DA:46,0
DA:50,0
DA:77,0
DA:180,0
LF:25
LH:0
BRDA:13,0,0,0
BRDA:13,0,1,0
BRDA:23,1,0,0
BRDA:23,1,1,0
BRDA:35,2,0,0
BRDA:35,2,1,0
BRDA:90,3,0,0
BRDA:90,3,1,0
BRDA:115,4,0,0
BRDA:115,4,1,0
BRDA:123,5,0,0
BRDA:123,5,1,0
BRDA:127,6,0,0
BRDA:127,6,1,0
BRF:14
BRH:0
end_of_record
TN:
SF:src/pages/Connect.jsx
FN:17,Connect
FN:28,(anonymous_1)
FN:40,(anonymous_2)
FN:46,(anonymous_3)
FN:58,(anonymous_4)
FN:63,(anonymous_5)
FN:83,(anonymous_6)
FN:97,(anonymous_7)
FN:101,(anonymous_8)
FN:125,(anonymous_9)
FN:132,(anonymous_10)
FN:141,(anonymous_11)
FN:143,(anonymous_12)
FN:147,(anonymous_13)
FN:160,(anonymous_14)
FN:172,(anonymous_15)
FN:177,(anonymous_16)
FN:182,(anonymous_17)
FN:184,(anonymous_18)
FN:188,(anonymous_19)
FN:190,(anonymous_20)
FN:241,(anonymous_21)
FN:310,(anonymous_22)
FN:329,(anonymous_23)
FN:384,(anonymous_24)
FNF:25
FNH:0
FNDA:0,Connect
FNDA:0,(anonymous_1)
FNDA:0,(anonymous_2)
FNDA:0,(anonymous_3)
FNDA:0,(anonymous_4)
FNDA:0,(anonymous_5)
FNDA:0,(anonymous_6)
FNDA:0,(anonymous_7)
FNDA:0,(anonymous_8)
FNDA:0,(anonymous_9)
FNDA:0,(anonymous_10)
FNDA:0,(anonymous_11)
FNDA:0,(anonymous_12)
FNDA:0,(anonymous_13)
FNDA:0,(anonymous_14)
FNDA:0,(anonymous_15)
FNDA:0,(anonymous_16)
FNDA:0,(anonymous_17)
FNDA:0,(anonymous_18)
FNDA:0,(anonymous_19)
FNDA:0,(anonymous_20)
FNDA:0,(anonymous_21)
FNDA:0,(anonymous_22)
FNDA:0,(anonymous_23)
FNDA:0,(anonymous_24)
DA:18,0
DA:19,0
DA:20,0
DA:21,0
DA:22,0
DA:23,0
DA:24,0
DA:26,0
DA:28,0
DA:29,0
DA:30,0
DA:31,0
DA:32,0
DA:33,0
DA:36,0
DA:40,0
DA:41,0
DA:42,0
DA:43,0
DA:44,0
DA:45,0
DA:46,0
DA:47,0
DA:49,0
DA:52,0
DA:54,0
DA:58,0
DA:59,0
DA:60,0
DA:63,0
DA:64,0
DA:66,0
DA:67,0
DA:75,0
DA:76,0
DA:77,0
DA:80,0
DA:83,0
DA:84,0
DA:87,0
DA:88,0
DA:91,0
DA:93,0
DA:97,0
DA:98,0
DA:101,0
DA:106,0
DA:107,0
DA:115,0
DA:116,0
DA:117,0
DA:120,0
DA:123,0
DA:124,0
DA:125,0
DA:131,0
DA:132,0
DA:137,0
DA:141,0
DA:142,0
DA:143,0
DA:144,0
DA:146,0
DA:147,0
DA:155,0
DA:158,0
DA:160,0
DA:172,0
DA:173,0
DA:174,0
DA:177,0
DA:178,0
DA:179,0
DA:182,0
DA:183,0
DA:184,0
DA:185,0
DA:188,0
DA:189,0
DA:190,0
DA:193,0
DA:194,0
DA:204,0
DA:242,0
DA:243,0
DA:244,0
DA:245,0
DA:246,0
DA:247,0
DA:249,0
DA:310,0
DA:329,0
DA:384,0
LF:93
LH:0
BRDA:31,0,0,0
BRDA:31,0,1,0
BRDA:43,1,0,0
BRDA:43,1,1,0
BRDA:75,2,0,0
BRDA:75,2,1,0
BRDA:115,3,0,0
BRDA:115,3,1,0
BRDA:146,4,0,0
BRDA:146,4,1,0
BRDA:174,5,0,0
BRDA:174,5,1,0
BRDA:179,6,0,0
BRDA:179,6,1,0
BRDA:184,7,0,0
BRDA:184,7,1,0
BRDA:190,8,0,0
BRDA:190,8,1,0
BRDA:193,9,0,0
BRDA:193,9,1,0
BRDA:247,10,0,0
BRDA:247,10,1,0
BRDA:252,11,0,0
BRDA:252,11,1,0
BRDA:265,12,0,0
BRDA:265,12,1,0
BRDA:280,13,0,0
BRDA:280,13,1,0
BRDA:281,14,0,0
BRDA:281,14,1,0
BRDA:286,15,0,0
BRDA:286,15,1,0
BRDA:291,16,0,0
BRDA:291,16,1,0
BRDA:295,17,0,0
BRDA:295,17,1,0
BRDA:295,17,2,0
BRDA:308,18,0,0
BRDA:308,18,1,0
BRDA:315,19,0,0
BRDA:315,19,1,0
BRDA:335,20,0,0
BRDA:335,20,1,0
BRDA:351,21,0,0
BRDA:351,21,1,0
BRDA:359,22,0,0
BRDA:359,22,1,0
BRDA:372,23,0,0
BRDA:372,23,1,0
BRF:49
BRH:0
end_of_record
TN:
SF:src/pages/Integrations.jsx
FN:7,Integrations
FN:11,(anonymous_1)
FN:12,fetchIntegrations
FN:29,(anonymous_3)
FN:34,(anonymous_4)
FN:39,(anonymous_5)
FN:40,(anonymous_6)
FN:79,(anonymous_7)
FN:103,(anonymous_8)
FN:129,(anonymous_9)
FN:151,(anonymous_10)
FNF:11
FNH:0
FNDA:0,Integrations
FNDA:0,(anonymous_1)
FNDA:0,fetchIntegrations
FNDA:0,(anonymous_3)
FNDA:0,(anonymous_4)
FNDA:0,(anonymous_5)
FNDA:0,(anonymous_6)
FNDA:0,(anonymous_7)
FNDA:0,(anonymous_8)
FNDA:0,(anonymous_9)
FNDA:0,(anonymous_10)
DA:8,0
DA:9,0
DA:11,0
DA:13,0
DA:14,0
DA:15,0
DA:16,0
DA:17,0
DA:20,0
DA:22,0
DA:26,0
DA:29,0
DA:30,0
DA:34,0
DA:35,0
DA:39,0
DA:40,0
DA:42,0
DA:43,0
DA:53,0
DA:80,0
DA:103,0
DA:130,0
DA:151,0
LF:24
LH:0
BRDA:15,0,0,0
BRDA:15,0,1,0
BRDA:42,1,0,0
BRDA:42,1,1,0
BRDA:69,2,0,0
BRDA:69,2,1,0
BRDA:90,3,0,0
BRDA:90,3,1,0
BRDA:140,4,0,0
BRDA:140,4,1,0
BRDA:173,5,0,0
BRDA:173,5,1,0
BRF:12
BRH:0
end_of_record
TN:
SF:src/pages/Logs.jsx
FN:9,Logs
FN:17,(anonymous_1)
FN:21,(anonymous_2)
FN:26,(anonymous_3)
FN:29,(anonymous_4)
FN:33,(anonymous_5)
FN:47,(anonymous_6)
FN:52,(anonymous_7)
FN:57,(anonymous_8)
FN:66,(anonymous_9)
FN:69,(anonymous_10)
FN:75,(anonymous_11)
FN:86,(anonymous_12)
FN:99,(anonymous_13)
FN:137,(anonymous_14)
FN:166,(anonymous_15)
FN:177,(anonymous_16)
FN:188,(anonymous_17)
FN:209,(anonymous_18)
FN:228,(anonymous_19)
FN:265,(anonymous_20)
FN:293,(anonymous_21)
FN:325,(anonymous_22)
FNF:23
FNH:0
FNDA:0,Logs
FNDA:0,(anonymous_1)
FNDA:0,(anonymous_2)
FNDA:0,(anonymous_3)
FNDA:0,(anonymous_4)
FNDA:0,(anonymous_5)
FNDA:0,(anonymous_6)
FNDA:0,(anonymous_7)
FNDA:0,(anonymous_8)
FNDA:0,(anonymous_9)
FNDA:0,(anonymous_10)
FNDA:0,(anonymous_11)
FNDA:0,(anonymous_12)
FNDA:0,(anonymous_13)
FNDA:0,(anonymous_14)
FNDA:0,(anonymous_15)
FNDA:0,(anonymous_16)
FNDA:0,(anonymous_17)
FNDA:0,(anonymous_18)
FNDA:0,(anonymous_19)
FNDA:0,(anonymous_20)
FNDA:0,(anonymous_21)
FNDA:0,(anonymous_22)
DA:10,0
DA:11,0
DA:12,0
DA:13,0
DA:14,0
DA:15,0
DA:17,0
DA:18,0
DA:21,0
DA:23,0
DA:24,0
DA:26,0
DA:29,0
DA:30,0
DA:33,0
DA:34,0
DA:35,0
DA:36,0
DA:37,0
DA:38,0
DA:41,0
DA:43,0
DA:47,0
DA:48,0
DA:51,0
DA:52,0
DA:56,0
DA:57,0
DA:58,0
DA:63,0
DA:66,0
DA:67,0
DA:69,0
DA:75,0
DA:77,0
DA:78,0
DA:79,0
DA:80,0
DA:81,0
DA:82,0
DA:83,0
DA:86,0
DA:87,0
DA:89,0
DA:91,0
DA:93,0
DA:95,0
DA:99,0
DA:100,0
DA:102,0
DA:104,0
DA:106,0
DA:108,0
DA:112,0
DA:113,0
DA:123,0
DA:137,0
DA:166,0
DA:177,0
DA:188,0
DA:209,0
DA:229,0
DA:230,0
DA:266,0
DA:294,0
DA:326,0
DA:327,0
LF:67
LH:0
BRDA:23,0,0,0
BRDA:23,0,1,0
BRDA:36,1,0,0
BRDA:36,1,1,0
BRDA:51,2,0,0
BRDA:51,2,1,0
BRDA:56,3,0,0
BRDA:56,3,1,0
BRDA:58,4,0,0
BRDA:58,4,1,0
BRDA:87,5,0,0
BRDA:87,5,1,0
BRDA:87,5,2,0
BRDA:87,5,3,0
BRDA:100,6,0,0
BRDA:100,6,1,0
BRDA:100,6,2,0
BRDA:100,6,3,0
BRDA:112,7,0,0
BRDA:112,7,1,0
BRDA:139,8,0,0
BRDA:139,8,1,0
BRDA:140,9,0,0
BRDA:140,9,1,0
BRDA:253,10,0,0
BRDA:253,10,1,0
BRDA:309,11,0,0
BRDA:309,11,1,0
BRDA:319,12,0,0
BRDA:319,12,1,0
BRDA:319,13,0,0
BRDA:319,13,1,0
BRDA:321,14,0,0
BRDA:321,14,1,0
BRDA:321,14,2,0
BRF:35
BRH:0
end_of_record
TN:
SF:src/pages/PlanPicker.jsx
FN:21,PlanPicker
FN:30,(anonymous_1)
FN:35,(anonymous_2)
FN:47,(anonymous_3)
FN:61,(anonymous_4)
FN:78,(anonymous_5)
FN:94,(anonymous_6)
FN:98,(anonymous_7)
FN:131,(anonymous_8)
FN:208,(anonymous_9)
FN:267,(anonymous_10)
FN:269,(anonymous_11)
FNF:12
FNH:0
FNDA:0,PlanPicker
FNDA:0,(anonymous_1)
FNDA:0,(anonymous_2)
FNDA:0,(anonymous_3)
FNDA:0,(anonymous_4)
FNDA:0,(anonymous_5)
FNDA:0,(anonymous_6)
FNDA:0,(anonymous_7)
FNDA:0,(anonymous_8)
FNDA:0,(anonymous_9)
FNDA:0,(anonymous_10)
FNDA:0,(anonymous_11)
DA:9,0
DA:15,0
DA:22,0
DA:23,0
DA:24,0
DA:25,0
DA:26,0
DA:28,0
DA:30,0
DA:31,0
DA:32,0
DA:35,0
DA:36,0
DA:37,0
DA:38,0
DA:39,0
DA:40,0
DA:43,0
DA:47,0
DA:48,0
DA:49,0
DA:50,0
DA:51,0
DA:52,0
DA:55,0
DA:57,0
DA:61,0
DA:62,0
DA:64,0
DA:65,0
DA:73,0
DA:74,0
DA:75,0
DA:78,0
DA:79,0
DA:82,0
DA:84,0
DA:85,0
DA:88,0
DA:90,0
DA:94,0
DA:95,0
DA:98,0
DA:99,0
DA:100,0
DA:102,0
DA:103,0
DA:105,0
DA:108,0
DA:109,0
DA:119,0
DA:132,0
DA:133,0
DA:135,0
DA:208,0
DA:267,0
DA:269,0
LF:57
LH:0
BRDA:38,0,0,0
BRDA:38,0,1,0
BRDA:50,1,0,0
BRDA:50,1,1,0
BRDA:73,2,0,0
BRDA:73,2,1,0
BRDA:95,3,0,0
BRDA:95,3,1,0
BRDA:99,4,0,0
BRDA:99,4,1,0
BRDA:102,5,0,0
BRDA:102,5,1,0
BRDA:108,6,0,0
BRDA:108,6,1,0
BRDA:138,7,0,0
BRDA:138,7,1,0
BRDA:138,8,0,0
BRDA:138,8,1,0
BRDA:140,9,0,0
BRDA:140,9,1,0
BRDA:174,10,0,0
BRDA:174,10,1,0
BRDA:183,11,0,0
BRDA:183,11,1,0
BRDA:190,12,0,0
BRDA:190,12,1,0
BRDA:197,13,0,0
BRDA:197,13,1,0
BRDA:209,14,0,0
BRDA:209,14,1,0
BRDA:210,15,0,0
BRDA:210,15,1,0
BRDA:211,16,0,0
BRDA:211,16,1,0
BRDA:213,17,0,0
BRDA:213,17,1,0
BRDA:215,18,0,0
BRDA:215,18,1,0
BRDA:264,19,0,0
BRDA:264,19,1,0
BRF:40
BRH:0
end_of_record
TN:
SF:src/pages/Settings.jsx
FN:9,Settings
FN:28,(anonymous_1)
FN:29,fetchData
FN:47,(anonymous_3)
FN:51,(anonymous_4)
FN:60,(anonymous_5)
FN:61,(anonymous_6)
FN:154,(anonymous_7)
FN:174,(anonymous_8)
FN:195,(anonymous_9)
FN:238,(anonymous_10)
FN:284,(anonymous_11)
FN:296,(anonymous_12)
FN:337,(anonymous_13)
FNF:14
FNH:0
FNDA:0,Settings
FNDA:0,(anonymous_1)
FNDA:0,fetchData
FNDA:0,(anonymous_3)
FNDA:0,(anonymous_4)
FNDA:0,(anonymous_5)
FNDA:0,(anonymous_6)
FNDA:0,(anonymous_7)
FNDA:0,(anonymous_8)
FNDA:0,(anonymous_9)
FNDA:0,(anonymous_10)
FNDA:0,(anonymous_11)
FNDA:0,(anonymous_12)
FNDA:0,(anonymous_13)
DA:10,0
DA:24,0
DA:25,0
DA:26,0
DA:28,0
DA:30,0
DA:31,0
DA:32,0
DA:33,0
DA:34,0
DA:38,0
DA:40,0
DA:44,0
DA:47,0
DA:48,0
DA:49,0
DA:51,0
DA:52,0
DA:54,0
DA:56,0
DA:60,0
DA:61,0
DA:62,0
DA:63,0
DA:64,0
DA:66,0
DA:67,0
DA:69,0
DA:71,0
DA:75,0
DA:76,0
DA:86,0
DA:154,0
DA:174,0
DA:195,0
DA:238,0
DA:285,0
DA:296,0
DA:337,0
LF:39
LH:0
BRDA:32,0,0,0
BRDA:32,0,1,0
BRDA:75,1,0,0
BRDA:75,1,1,0
BRDA:98,2,0,0
BRDA:98,2,1,0
BRDA:116,3,0,0
BRDA:116,3,1,0
BRDA:129,4,0,0
BRDA:129,4,1,0
BRDA:221,5,0,0
BRDA:221,5,1,0
BRDA:237,6,0,0
BRDA:237,6,1,0
BRDA:243,7,0,0
BRDA:243,7,1,0
BRDA:243,8,0,0
BRDA:243,8,1,0
BRDA:248,9,0,0
BRDA:248,9,1,0
BRDA:248,10,0,0
BRDA:248,10,1,0
BRDA:256,11,0,0
BRDA:256,11,1,0
BRDA:300,12,0,0
BRDA:300,12,1,0
BRDA:305,13,0,0
BRDA:305,13,1,0
BRDA:341,14,0,0
BRDA:341,14,1,0
BRDA:346,15,0,0
BRDA:346,15,1,0
BRF:32
BRH:0
end_of_record
TN:
SF:src/pages/StyleProfile.jsx
FN:43,StyleProfile
FN:58,(anonymous_1)
FN:67,(anonymous_2)
FN:75,(anonymous_3)
FN:92,(anonymous_4)
FN:98,(anonymous_5)
FN:107,(anonymous_6)
FN:113,(anonymous_7)
FN:123,(anonymous_8)
FN:147,(anonymous_9)
FN:160,(anonymous_10)
FN:166,(anonymous_11)
FN:170,(anonymous_12)
FN:174,(anonymous_13)
FN:180,(anonymous_14)
FN:200,(anonymous_15)
FN:204,(anonymous_16)
FN:208,(anonymous_17)
FN:218,(anonymous_18)
FN:220,(anonymous_19)
FN:232,(anonymous_20)
FN:324,(anonymous_21)
FN:348,(anonymous_22)
FN:470,(anonymous_23)
FN:486,(anonymous_24)
FN:489,(anonymous_25)
FN:515,(anonymous_26)
FN:541,(anonymous_27)
FN:569,(anonymous_28)
FN:597,(anonymous_29)
FNF:30
FNH:0
FNDA:0,StyleProfile
FNDA:0,(anonymous_1)
FNDA:0,(anonymous_2)
FNDA:0,(anonymous_3)
FNDA:0,(anonymous_4)
FNDA:0,(anonymous_5)
FNDA:0,(anonymous_6)
FNDA:0,(anonymous_7)
FNDA:0,(anonymous_8)
FNDA:0,(anonymous_9)
FNDA:0,(anonymous_10)
FNDA:0,(anonymous_11)
FNDA:0,(anonymous_12)
FNDA:0,(anonymous_13)
FNDA:0,(anonymous_14)
FNDA:0,(anonymous_15)
FNDA:0,(anonymous_16)
FNDA:0,(anonymous_17)
FNDA:0,(anonymous_18)
FNDA:0,(anonymous_19)
FNDA:0,(anonymous_20)
FNDA:0,(anonymous_21)
FNDA:0,(anonymous_22)
FNDA:0,(anonymous_23)
FNDA:0,(anonymous_24)
FNDA:0,(anonymous_25)
FNDA:0,(anonymous_26)
FNDA:0,(anonymous_27)
FNDA:0,(anonymous_28)
FNDA:0,(anonymous_29)
DA:25,0
DA:34,0
DA:44,0
DA:45,0
DA:46,0
DA:47,0
DA:48,0
DA:49,0
DA:50,0
DA:51,0
DA:52,0
DA:53,0
DA:55,0
DA:56,0
DA:58,0
DA:59,0
DA:60,0
DA:61,0
DA:62,0
DA:63,0
DA:65,0
DA:67,0
DA:71,0
DA:75,0
DA:76,0
DA:77,0
DA:78,0
DA:79,0
DA:80,0
DA:81,0
DA:82,0
DA:86,0
DA:88,0
DA:92,0
DA:93,0
DA:94,0
DA:95,0
DA:96,0
DA:97,0
DA:98,0
DA:100,0
DA:103,0
DA:107,0
DA:108,0
DA:109,0
DA:110,0
DA:113,0
DA:114,0
DA:115,0
DA:116,0
DA:119,0
DA:120,0
DA:122,0
DA:123,0
DA:125,0
DA:136,0
DA:137,0
DA:138,0
DA:139,0
DA:140,0
DA:142,0
DA:143,0
DA:145,0
DA:146,0
DA:147,0
DA:149,0
DA:153,0
DA:154,0
DA:156,0
DA:160,0
DA:161,0
DA:162,0
DA:163,0
DA:166,0
DA:167,0
DA:170,0
DA:171,0
DA:172,0
DA:173,0
DA:174,0
DA:176,0
DA:180,0
DA:181,0
DA:182,0
DA:186,0
DA:187,0
DA:188,0
DA:189,0
DA:190,0
DA:192,0
DA:193,0
DA:196,0
DA:200,0
DA:201,0
DA:204,0
DA:205,0
DA:208,0
DA:209,0
DA:218,0
DA:219,0
DA:220,0
DA:223,0
DA:224,0
DA:232,0
DA:240,0
DA:241,0
DA:251,0
DA:325,0
DA:348,0
DA:471,0
DA:487,0
DA:489,0
DA:515,0
DA:542,0
DA:570,0
DA:597,0
LF:116
LH:0
BRDA:61,0,0,0
BRDA:61,0,1,0
BRDA:65,1,0,0
BRDA:65,1,1,0
BRDA:65,2,0,0
BRDA:65,2,1,0
BRDA:78,3,0,0
BRDA:78,3,1,0
BRDA:80,4,0,0
BRDA:80,4,1,0
BRDA:82,5,0,0
BRDA:82,5,1,0
BRDA:95,6,0,0
BRDA:95,6,1,0
BRDA:98,7,0,0
BRDA:98,7,1,0
BRDA:114,8,0,0
BRDA:114,8,1,0
BRDA:136,9,0,0
BRDA:136,9,1,0
BRDA:139,10,0,0
BRDA:139,10,1,0
BRDA:145,11,0,0
BRDA:145,11,1,0
BRDA:186,12,0,0
BRDA:186,12,1,0
BRDA:219,13,0,0
BRDA:219,13,1,0
BRDA:219,14,0,0
BRDA:219,14,1,0
BRDA:223,15,0,0
BRDA:223,15,1,0
BRDA:240,16,0,0
BRDA:240,16,1,0
BRDA:255,17,0,0
BRDA:255,17,1,0
BRDA:265,18,0,0
BRDA:265,18,1,0
BRDA:297,19,0,0
BRDA:297,19,1,0
BRDA:314,20,0,0
BRDA:314,20,1,0
BRDA:346,21,0,0
BRDA:346,21,1,0
BRDA:362,22,0,0
BRDA:362,22,1,0
BRDA:490,23,0,0
BRDA:490,23,1,0
BRDA:493,24,0,0
BRDA:493,24,1,0
BRDA:494,25,0,0
BRDA:494,25,1,0
BRDA:500,26,0,0
BRDA:500,26,1,0
BRDA:505,27,0,0
BRDA:505,27,1,0
BRDA:506,28,0,0
BRDA:506,28,1,0
BRDA:519,29,0,0
BRDA:519,29,1,0
BRF:60
BRH:0
end_of_record
TN:
SF:src/pages/auth-callback.jsx
FN:5,(anonymous_0)
FN:8,(anonymous_1)
FN:9,(anonymous_2)
FNF:3
FNH:0
FNDA:0,(anonymous_0)
FNDA:0,(anonymous_1)
FNDA:0,(anonymous_2)
DA:5,0
DA:6,0
DA:8,0
DA:9,0
DA:10,0
DA:11,0
DA:13,0
DA:14,0
DA:15,0
DA:20,0
DA:23,0
DA:25,0
DA:32,0
DA:35,0
DA:36,0
DA:44,0
DA:47,0
LF:17
LH:0
BRDA:13,0,0,0
BRDA:13,0,1,0
BRDA:23,1,0,0
BRDA:23,1,1,0
BRF:4
BRH:0
end_of_record
TN:
SF:src/pages/dashboard.jsx
FN:4,Dashboard
FN:19,(anonymous_1)
FNF:2
FNH:0
FNDA:0,Dashboard
FNDA:0,(anonymous_1)
DA:5,0
DA:20,0
DA:21,0
DA:23,0
DA:24,0
DA:25,0
DA:28,0
LF:7
LH:0
BRDA:23,0,0,0
BRDA:23,0,1,0
BRDA:29,1,0,0
BRDA:29,1,1,0
BRF:4
BRH:0
end_of_record
TN:
SF:src/pages/login.jsx
FN:8,(anonymous_0)
FN:16,(anonymous_1)
FN:18,(anonymous_2)
FN:32,(anonymous_3)
FN:40,(anonymous_4)
FN:46,(anonymous_5)
FN:54,(anonymous_6)
FN:55,(anonymous_7)
FNF:8
FNH:0
FNDA:0,(anonymous_0)
FNDA:0,(anonymous_1)
FNDA:0,(anonymous_2)
FNDA:0,(anonymous_3)
FNDA:0,(anonymous_4)
FNDA:0,(anonymous_5)
FNDA:0,(anonymous_6)
FNDA:0,(anonymous_7)
DA:8,0
DA:9,0
DA:10,0
DA:11,0
DA:14,0
DA:16,0
DA:18,0
DA:19,0
DA:20,0
DA:21,0
DA:22,0
DA:25,0
DA:29,0
DA:32,0
DA:33,0
DA:39,0
DA:40,0
DA:41,0
DA:46,0
DA:47,0
DA:51,0
DA:54,0
DA:55,0
DA:56,0
DA:59,0
LF:25
LH:0
BRDA:21,0,0,0
BRDA:21,0,1,0
BRDA:39,1,0,0
BRDA:39,1,1,0
BRDA:55,2,0,0
BRDA:55,2,1,0
BRDA:87,3,0,0
BRDA:87,3,1,0
BRDA:89,4,0,0
BRDA:89,4,1,0
BRDA:95,5,0,0
BRDA:95,5,1,0
BRDA:113,6,0,0
BRDA:113,6,1,0
BRDA:118,7,0,0
BRDA:118,7,1,0
BRF:16
BRH:0
end_of_record
TN:
SF:src/pages/register.jsx
FN:8,(anonymous_0)
FN:16,(anonymous_1)
FN:18,(anonymous_2)
FN:32,(anonymous_3)
FN:39,(anonymous_4)
FN:50,(anonymous_5)
FN:58,(anonymous_6)
FN:59,(anonymous_7)
FNF:8
FNH:0
FNDA:0,(anonymous_0)
FNDA:0,(anonymous_1)
FNDA:0,(anonymous_2)
FNDA:0,(anonymous_3)
FNDA:0,(anonymous_4)
FNDA:0,(anonymous_5)
FNDA:0,(anonymous_6)
FNDA:0,(anonymous_7)
DA:8,0
DA:9,0
DA:10,0
DA:11,0
DA:14,0
DA:16,0
DA:18,0
DA:19,0
DA:20,0
DA:21,0
DA:22,0
DA:25,0
DA:29,0
DA:32,0
DA:33,0
DA:39,0
DA:40,0
DA:41,0
DA:50,0
DA:51,0
DA:55,0
DA:58,0
DA:59,0
DA:60,0
DA:63,0
LF:25
LH:0
BRDA:21,0,0,0
BRDA:21,0,1,0
BRDA:40,1,0,0
BRDA:40,1,1,0
BRDA:59,2,0,0
BRDA:59,2,1,0
BRDA:91,3,0,0
BRDA:91,3,1,0
BRDA:93,4,0,0
BRDA:93,4,1,0
BRDA:99,5,0,0
BRDA:99,5,1,0
BRDA:150,6,0,0
BRDA:150,6,1,0
BRDA:155,7,0,0
BRDA:155,7,1,0
BRF:16
BRH:0
end_of_record
TN:
SF:src/pages/reset-password.jsx
FN:6,(anonymous_0)
FN:12,(anonymous_1)
FN:46,(anonymous_2)
FN:64,(anonymous_3)
FN:140,(anonymous_4)
FN:224,(anonymous_5)
FNF:6
FNH:0
FNDA:0,(anonymous_0)
FNDA:0,(anonymous_1)
FNDA:0,(anonymous_2)
FNDA:0,(anonymous_3)
FNDA:0,(anonymous_4)
FNDA:0,(anonymous_5)
DA:6,0
DA:7,0
DA:8,0
DA:9,0
DA:10,0
DA:12,0
DA:13,0
DA:14,0
DA:15,0
DA:17,0
DA:18,0
DA:19,0
DA:20,0
DA:25,0
DA:27,0
DA:28,0
DA:29,0
DA:30,0
DA:31,0
DA:32,0
DA:33,0
DA:34,0
DA:37,0
DA:42,0
DA:46,0
DA:47,0
DA:48,0
DA:49,0
DA:50,0
DA:55,0
DA:60,0
DA:64,0
DA:65,0
DA:66,0
DA:69,0
DA:70,0
DA:140,0
DA:165,0
DA:224,0
LF:39
LH:0
BRDA:27,0,0,0
BRDA:27,0,1,0
BRDA:29,1,0,0
BRDA:29,1,1,0
BRDA:31,2,0,0
BRDA:31,2,1,0
BRDA:33,3,0,0
BRDA:33,3,1,0
BRDA:69,4,0,0
BRDA:69,4,1,0
BRDA:91,5,0,0
BRDA:91,5,1,0
BRDA:93,6,0,0
BRDA:93,6,1,0
BRDA:99,7,0,0
BRDA:99,7,1,0
BRDA:135,8,0,0
BRDA:135,8,1,0
BRDA:188,9,0,0
BRDA:188,9,1,0
BRDA:190,10,0,0
BRDA:190,10,1,0
BRDA:196,11,0,0
BRDA:196,11,1,0
BRDA:236,12,0,0
BRDA:236,12,1,0
BRDA:239,13,0,0
BRDA:239,13,1,0
BRF:28
BRH:0
end_of_record
TN:
SF:src/pages/admin/AdminDashboard.jsx
FN:6,(anonymous_0)
FN:28,(anonymous_1)
FN:29,(anonymous_2)
FN:56,(anonymous_3)
FN:88,(anonymous_4)
FN:104,(anonymous_5)
FN:105,(anonymous_6)
FN:106,(anonymous_7)
FN:109,(anonymous_8)
FN:110,(anonymous_9)
FN:111,(anonymous_10)
FN:114,(anonymous_11)
FN:116,(anonymous_12)
FN:143,(anonymous_13)
FN:147,(anonymous_14)
FN:149,(anonymous_15)
FN:177,(anonymous_16)
FN:181,(anonymous_17)
FN:183,(anonymous_18)
FN:210,(anonymous_19)
FN:214,(anonymous_20)
FN:216,(anonymous_21)
FN:244,(anonymous_22)
FN:248,(anonymous_23)
FN:257,(anonymous_24)
FN:266,(anonymous_25)
FN:274,(anonymous_26)
FN:276,(anonymous_27)
FN:283,(anonymous_28)
FN:285,(anonymous_29)
FN:334,(anonymous_30)
FN:379,(anonymous_31)
FN:423,(anonymous_32)
FN:443,(anonymous_33)
FN:463,(anonymous_34)
FN:491,(anonymous_35)
FN:505,(anonymous_36)
FN:518,(anonymous_37)
FN:568,(anonymous_38)
FN:638,(anonymous_39)
FN:659,(anonymous_40)
FN:674,(anonymous_41)
FN:696,(anonymous_42)
FNF:43
FNH:0
FNDA:0,(anonymous_0)
FNDA:0,(anonymous_1)
FNDA:0,(anonymous_2)
FNDA:0,(anonymous_3)
FNDA:0,(anonymous_4)
FNDA:0,(anonymous_5)
FNDA:0,(anonymous_6)
FNDA:0,(anonymous_7)
FNDA:0,(anonymous_8)
FNDA:0,(anonymous_9)
FNDA:0,(anonymous_10)
FNDA:0,(anonymous_11)
FNDA:0,(anonymous_12)
FNDA:0,(anonymous_13)
FNDA:0,(anonymous_14)
FNDA:0,(anonymous_15)
FNDA:0,(anonymous_16)
FNDA:0,(anonymous_17)
FNDA:0,(anonymous_18)
FNDA:0,(anonymous_19)
FNDA:0,(anonymous_20)
FNDA:0,(anonymous_21)
FNDA:0,(anonymous_22)
FNDA:0,(anonymous_23)
FNDA:0,(anonymous_24)
FNDA:0,(anonymous_25)
FNDA:0,(anonymous_26)
FNDA:0,(anonymous_27)
FNDA:0,(anonymous_28)
FNDA:0,(anonymous_29)
FNDA:0,(anonymous_30)
FNDA:0,(anonymous_31)
FNDA:0,(anonymous_32)
FNDA:0,(anonymous_33)
FNDA:0,(anonymous_34)
FNDA:0,(anonymous_35)
FNDA:0,(anonymous_36)
FNDA:0,(anonymous_37)
FNDA:0,(anonymous_38)
FNDA:0,(anonymous_39)
FNDA:0,(anonymous_40)
FNDA:0,(anonymous_41)
FNDA:0,(anonymous_42)
DA:6,0
DA:7,0
DA:8,0
DA:9,0
DA:10,0
DA:11,0
DA:12,0
DA:20,0
DA:26,0
DA:28,0
DA:29,0
DA:30,0
DA:32,0
DA:33,0
DA:34,0
DA:35,0
DA:39,0
DA:40,0
DA:41,0
DA:42,0
DA:45,0
DA:46,0
DA:48,0
DA:49,0
DA:53,0
DA:56,0
DA:57,0
DA:58,0
DA:59,0
DA:62,0
DA:69,0
DA:70,0
DA:71,0
DA:72,0
DA:74,0
DA:81,0
DA:82,0
DA:85,0
DA:86,0
DA:87,0
DA:88,0
DA:94,0
DA:95,0
DA:100,0
DA:104,0
DA:105,0
DA:106,0
DA:109,0
DA:110,0
DA:111,0
DA:114,0
DA:115,0
DA:116,0
DA:118,0
DA:119,0
DA:127,0
DA:128,0
DA:129,0
DA:133,0
DA:135,0
DA:138,0
DA:143,0
DA:147,0
DA:148,0
DA:149,0
DA:151,0
DA:152,0
DA:161,0
DA:162,0
DA:163,0
DA:167,0
DA:169,0
DA:172,0
DA:177,0
DA:181,0
DA:182,0
DA:183,0
DA:185,0
DA:186,0
DA:194,0
DA:195,0
DA:196,0
DA:200,0
DA:202,0
DA:205,0
DA:210,0
DA:214,0
DA:215,0
DA:216,0
DA:218,0
DA:219,0
DA:228,0
DA:229,0
DA:230,0
DA:234,0
DA:236,0
DA:239,0
DA:244,0
DA:248,0
DA:249,0
DA:250,0
DA:251,0
DA:253,0
DA:257,0
DA:258,0
DA:263,0
DA:266,0
DA:267,0
DA:274,0
DA:275,0
DA:276,0
DA:283,0
DA:284,0
DA:285,0
DA:292,0
DA:293,0
DA:308,0
DA:334,0
DA:379,0
DA:423,0
DA:443,0
DA:463,0
DA:491,0
DA:505,0
DA:518,0
DA:569,0
DA:638,0
DA:659,0
DA:675,0
DA:676,0
DA:677,0
DA:697,0
DA:698,0
DA:699,0
LF:134
LH:0
BRDA:33,0,0,0
BRDA:33,0,1,0
BRDA:40,1,0,0
BRDA:40,1,1,0
BRDA:69,2,0,0
BRDA:69,2,1,0
BRDA:70,3,0,0
BRDA:70,3,1,0
BRDA:71,4,0,0
BRDA:71,4,1,0
BRDA:72,5,0,0
BRDA:72,5,1,0
BRDA:81,6,0,0
BRDA:81,6,1,0
BRDA:86,7,0,0
BRDA:86,7,1,0
BRDA:128,8,0,0
BRDA:128,8,1,0
BRDA:135,9,0,0
BRDA:135,9,1,0
BRDA:147,10,0,0
BRDA:162,11,0,0
BRDA:162,11,1,0
BRDA:169,12,0,0
BRDA:169,12,1,0
BRDA:195,13,0,0
BRDA:195,13,1,0
BRDA:202,14,0,0
BRDA:202,14,1,0
BRDA:229,15,0,0
BRDA:229,15,1,0
BRDA:236,16,0,0
BRDA:236,16,1,0
BRDA:263,17,0,0
BRDA:263,17,1,0
BRDA:275,18,0,0
BRDA:275,18,1,0
BRDA:284,19,0,0
BRDA:284,19,1,0
BRDA:292,20,0,0
BRDA:292,20,1,0
BRDA:292,21,0,0
BRDA:292,21,1,0
BRDA:356,22,0,0
BRDA:356,22,1,0
BRDA:358,23,0,0
BRDA:358,23,1,0
BRDA:364,24,0,0
BRDA:364,24,1,0
BRDA:537,25,0,0
BRDA:537,25,1,0
BRDA:569,26,0,0
BRDA:569,26,1,0
BRDA:583,27,0,0
BRDA:583,27,1,0
BRDA:585,28,0,0
BRDA:585,28,1,0
BRDA:605,29,0,0
BRDA:605,29,1,0
BRDA:607,30,0,0
BRDA:607,30,1,0
BRDA:610,31,0,0
BRDA:610,31,1,0
BRDA:615,32,0,0
BRDA:615,32,1,0
BRDA:627,33,0,0
BRDA:627,33,1,0
BRDA:628,34,0,0
BRDA:628,34,1,0
BRDA:641,35,0,0
BRDA:641,35,1,0
BRDA:646,36,0,0
BRDA:646,36,1,0
BRDA:652,37,0,0
BRDA:652,37,1,0
BRDA:657,38,0,0
BRDA:657,38,1,0
BRDA:663,39,0,0
BRDA:663,39,1,0
BRDA:676,40,0,0
BRDA:676,40,1,0
BRDA:677,41,0,0
BRDA:677,41,1,0
BRDA:683,42,0,0
BRDA:683,42,1,0
BRDA:697,43,0,0
BRDA:697,43,1,0
BRDA:697,44,0,0
BRDA:697,44,1,0
BRDA:778,45,0,0
BRDA:778,45,1,0
BRDA:778,45,2,0
BRF:92
BRH:0
end_of_record
TN:
SF:src/pages/admin/UserDetail.jsx
FN:4,(anonymous_0)
FN:15,(anonymous_1)
FN:16,(anonymous_2)
FN:51,(anonymous_3)
FN:52,(anonymous_4)
FN:82,(anonymous_5)
FN:109,(anonymous_6)
FN:140,(anonymous_7)
FN:167,(anonymous_8)
FN:204,(anonymous_9)
FN:214,(anonymous_10)
FN:437,(anonymous_11)
FN:554,(anonymous_12)
FNF:13
FNH:0
FNDA:0,(anonymous_0)
FNDA:0,(anonymous_1)
FNDA:0,(anonymous_2)
FNDA:0,(anonymous_3)
FNDA:0,(anonymous_4)
FNDA:0,(anonymous_5)
FNDA:0,(anonymous_6)
FNDA:0,(anonymous_7)
FNDA:0,(anonymous_8)
FNDA:0,(anonymous_9)
FNDA:0,(anonymous_10)
FNDA:0,(anonymous_11)
FNDA:0,(anonymous_12)
DA:4,0
DA:5,0
DA:6,0
DA:7,0
DA:8,0
DA:9,0
DA:10,0
DA:11,0
DA:12,0
DA:15,0
DA:16,0
DA:17,0
DA:18,0
DA:19,0
DA:20,0
DA:21,0
DA:24,0
DA:30,0
DA:31,0
DA:32,0
DA:33,0
DA:34,0
DA:36,0
DA:38,0
DA:39,0
DA:42,0
DA:43,0
DA:47,0
DA:51,0
DA:52,0
DA:53,0
DA:55,0
DA:56,0
DA:57,0
DA:63,0
DA:64,0
DA:65,0
DA:66,0
DA:68,0
DA:69,0
DA:72,0
DA:73,0
DA:75,0
DA:79,0
DA:82,0
DA:83,0
DA:84,0
DA:85,0
DA:86,0
DA:94,0
DA:95,0
DA:96,0
DA:98,0
DA:99,0
DA:102,0
DA:103,0
DA:105,0
DA:109,0
DA:110,0
DA:111,0
DA:113,0
DA:114,0
DA:115,0
DA:116,0
DA:125,0
DA:127,0
DA:129,0
DA:130,0
DA:133,0
DA:134,0
DA:136,0
DA:140,0
DA:141,0
DA:142,0
DA:143,0
DA:144,0
DA:152,0
DA:154,0
DA:156,0
DA:157,0
DA:160,0
DA:161,0
DA:163,0
DA:167,0
DA:168,0
DA:169,0
DA:171,0
DA:172,0
DA:173,0
DA:174,0
DA:177,0
DA:178,0
DA:179,0
DA:180,0
DA:189,0
DA:191,0
DA:193,0
DA:194,0
DA:197,0
DA:198,0
DA:200,0
DA:204,0
DA:205,0
DA:214,0
DA:215,0
DA:220,0
DA:223,0
DA:224,0
DA:234,0
DA:235,0
DA:251,0
DA:438,0
DA:555,0
LF:113
LH:0
BRDA:19,0,0,0
BRDA:19,0,1,0
BRDA:30,1,0,0
BRDA:30,1,1,0
BRDA:32,2,0,0
BRDA:32,2,1,0
BRDA:53,3,0,0
BRDA:53,3,1,0
BRDA:63,4,0,0
BRDA:63,4,1,0
BRDA:69,5,0,0
BRDA:69,5,1,0
BRDA:94,6,0,0
BRDA:94,6,1,0
BRDA:99,7,0,0
BRDA:99,7,1,0
BRDA:111,8,0,0
BRDA:111,8,1,0
BRDA:122,9,0,0
BRDA:122,9,1,0
BRDA:125,10,0,0
BRDA:125,10,1,0
BRDA:130,11,0,0
BRDA:130,11,1,0
BRDA:152,12,0,0
BRDA:152,12,1,0
BRDA:157,13,0,0
BRDA:157,13,1,0
BRDA:169,14,0,0
BRDA:169,14,1,0
BRDA:172,15,0,0
BRDA:172,15,1,0
BRDA:189,16,0,0
BRDA:189,16,1,0
BRDA:194,17,0,0
BRDA:194,17,1,0
BRDA:220,18,0,0
BRDA:220,18,1,0
BRDA:223,19,0,0
BRDA:223,19,1,0
BRDA:234,20,0,0
BRDA:234,20,1,0
BRDA:282,21,0,0
BRDA:282,21,1,0
BRDA:287,22,0,0
BRDA:287,22,1,0
BRDA:294,23,0,0
BRDA:294,23,1,0
BRDA:299,24,0,0
BRDA:299,24,1,0
BRDA:304,25,0,0
BRDA:304,25,1,0
BRDA:317,26,0,0
BRDA:317,26,1,0
BRDA:322,27,0,0
BRDA:322,27,1,0
BRDA:322,28,0,0
BRDA:322,28,1,0
BRDA:324,29,0,0
BRDA:324,29,1,0
BRDA:330,30,0,0
BRDA:330,30,1,0
BRDA:338,31,0,0
BRDA:338,31,1,0
BRDA:346,32,0,0
BRDA:346,32,1,0
BRDA:423,33,0,0
BRDA:423,33,1,0
BRDA:431,34,0,0
BRDA:431,34,1,0
BRDA:441,35,0,0
BRDA:441,35,1,0
BRDA:448,36,0,0
BRDA:448,36,1,0
BRDA:460,37,0,0
BRDA:460,37,1,0
BRDA:492,38,0,0
BRDA:492,38,1,0
BRDA:505,39,0,0
BRDA:505,39,1,0
BRDA:519,40,0,0
BRDA:519,40,1,0
BRDA:525,41,0,0
BRDA:525,41,1,0
BRDA:528,42,0,0
BRDA:528,42,1,0
BRDA:528,42,2,0
BRDA:537,43,0,0
BRDA:537,43,1,0
BRDA:545,44,0,0
BRDA:545,44,1,0
BRDA:545,44,2,0
BRDA:557,45,0,0
BRDA:557,45,1,0
BRDA:572,46,0,0
BRDA:572,46,1,0
BRDA:576,47,0,0
BRDA:576,47,1,0
BRF:98
BRH:0
end_of_record
TN:
SF:src/pages/admin/users.jsx
FN:6,(anonymous_0)
FN:15,(anonymous_1)
FN:16,(anonymous_2)
FN:45,(anonymous_3)
FN:74,(anonymous_4)
FN:76,(anonymous_5)
FN:105,(anonymous_6)
FN:109,(anonymous_7)
FN:111,(anonymous_8)
FN:138,(anonymous_9)
FN:142,(anonymous_10)
FN:151,(anonymous_11)
FN:161,(anonymous_12)
FN:208,(anonymous_13)
FN:253,(anonymous_14)
FN:298,(anonymous_15)
FN:339,(anonymous_16)
FN:358,(anonymous_17)
FNF:18
FNH:0
FNDA:0,(anonymous_0)
FNDA:0,(anonymous_1)
FNDA:0,(anonymous_2)
FNDA:0,(anonymous_3)
FNDA:0,(anonymous_4)
FNDA:0,(anonymous_5)
FNDA:0,(anonymous_6)
FNDA:0,(anonymous_7)
FNDA:0,(anonymous_8)
FNDA:0,(anonymous_9)
FNDA:0,(anonymous_10)
FNDA:0,(anonymous_11)
FNDA:0,(anonymous_12)
FNDA:0,(anonymous_13)
FNDA:0,(anonymous_14)
FNDA:0,(anonymous_15)
FNDA:0,(anonymous_16)
FNDA:0,(anonymous_17)
DA:6,0
DA:7,0
DA:8,0
DA:9,0
DA:10,0
DA:11,0
DA:12,0
DA:15,0
DA:16,0
DA:17,0
DA:19,0
DA:20,0
DA:21,0
DA:22,0
DA:26,0
DA:27,0
DA:28,0
DA:29,0
DA:32,0
DA:35,0
DA:37,0
DA:38,0
DA:42,0
DA:45,0
DA:46,0
DA:47,0
DA:48,0
DA:55,0
DA:56,0
DA:59,0
DA:60,0
DA:61,0
DA:64,0
DA:65,0
DA:70,0
DA:74,0
DA:75,0
DA:76,0
DA:78,0
DA:79,0
DA:88,0
DA:89,0
DA:90,0
DA:95,0
DA:97,0
DA:100,0
DA:105,0
DA:109,0
DA:110,0
DA:111,0
DA:113,0
DA:114,0
DA:123,0
DA:124,0
DA:125,0
DA:130,0
DA:133,0
DA:138,0
DA:142,0
DA:143,0
DA:144,0
DA:145,0
DA:147,0
DA:151,0
DA:152,0
DA:158,0
DA:161,0
DA:162,0
DA:169,0
DA:170,0
DA:185,0
DA:208,0
DA:253,0
DA:299,0
DA:340,0
DA:341,0
DA:342,0
DA:358,0
LF:78
LH:0
BRDA:20,0,0,0
BRDA:20,0,1,0
BRDA:27,1,0,0
BRDA:27,1,1,0
BRDA:55,2,0,0
BRDA:55,2,1,0
BRDA:60,3,0,0
BRDA:60,3,1,0
BRDA:89,4,0,0
BRDA:89,4,1,0
BRDA:97,5,0,0
BRDA:97,5,1,0
BRDA:124,6,0,0
BRDA:124,6,1,0
BRDA:130,7,0,0
BRDA:130,7,1,0
BRDA:158,8,0,0
BRDA:158,8,1,0
BRDA:169,9,0,0
BRDA:169,9,1,0
BRDA:230,10,0,0
BRDA:230,10,1,0
BRDA:232,11,0,0
BRDA:232,11,1,0
BRDA:238,12,0,0
BRDA:238,12,1,0
BRDA:309,13,0,0
BRDA:309,13,1,0
BRDA:323,14,0,0
BRDA:323,14,1,0
BRDA:333,15,0,0
BRDA:333,15,1,0
BRDA:340,16,0,0
BRDA:340,16,1,0
BRDA:340,17,0,0
BRDA:340,17,1,0
BRDA:362,18,0,0
BRDA:362,18,1,0
BRDA:380,19,0,0
BRDA:380,19,1,0
BRF:40
BRH:0
end_of_record
