<?xml version="1.0" encoding="UTF-8" ?>
<testsuites name="vitest tests" tests="9" failures="0" errors="0" time="0.046456916">
    <testsuite name="tests/unit/routes/v2-settings.test.js" timestamp="2025-12-16T09:50:35.114Z" hostname="macbookpro.lan" tests="9" failures="0" errors="0" skipped="0" time="0.046456916">
        <testcase classname="tests/unit/routes/v2-settings.test.js" name="V2 Settings Public Routes - Contract Tests &gt; GET /api/v2/settings/public &gt; should return public settings with correct structure" time="0.021169125">
        </testcase>
        <testcase classname="tests/unit/routes/v2-settings.test.js" name="V2 Settings Public Routes - Contract Tests &gt; GET /api/v2/settings/public &gt; should be accessible without authentication" time="0.006070084">
        </testcase>
        <testcase classname="tests/unit/routes/v2-settings.test.js" name="V2 Settings Public Routes - Contract Tests &gt; GET /api/v2/settings/tones &gt; should return tones with correct structure" time="0.002073584">
        </testcase>
        <testcase classname="tests/unit/routes/v2-settings.test.js" name="V2 Settings Public Routes - Contract Tests &gt; GET /api/v2/settings/tones &gt; should be accessible without authentication" time="0.001982">
        </testcase>
        <testcase classname="tests/unit/routes/v2-settings.test.js" name="V2 Settings Public Routes - Contract Tests &gt; GET /api/v2/settings/roastr-persona/schema &gt; should return persona schema with correct structure" time="0.002592375">
        </testcase>
        <testcase classname="tests/unit/routes/v2-settings.test.js" name="V2 Settings Public Routes - Contract Tests &gt; GET /api/v2/settings/roastr-persona/schema &gt; should be accessible without authentication" time="0.001374667">
        </testcase>
        <testcase classname="tests/unit/routes/v2-settings.test.js" name="V2 Settings Public Routes - Contract Tests &gt; GET /api/v2/settings/shield &gt; should return shield config with correct structure" time="0.001316875">
        </testcase>
        <testcase classname="tests/unit/routes/v2-settings.test.js" name="V2 Settings Public Routes - Contract Tests &gt; GET /api/v2/settings/shield &gt; should be accessible without authentication" time="0.001235666">
        </testcase>
        <testcase classname="tests/unit/routes/v2-settings.test.js" name="V2 Settings Public Routes - Contract Tests &gt; Error handling &gt; should handle SettingsLoader errors gracefully" time="0.007037292">
        </testcase>
    </testsuite>
</testsuites>
