<?xml version="1.0" encoding="UTF-8" ?>
<testsuites name="vitest tests" tests="1" failures="1" errors="0" time="0">
    <testsuite name="tests/integration/persona-api.test.js" timestamp="2025-12-18T23:39:23.941Z" hostname="macbookpro.lan" tests="1" failures="1" errors="0" skipped="0" time="0">
        <testcase classname="tests/integration/persona-api.test.js" name="tests/integration/persona-api.test.js" time="0">
            <failure message="jest is not defined" type="ReferenceError">
ReferenceError: jest is not defined
 ❯ tests/integration/persona-api.test.js:26:1
            </failure>
        </testcase>
    </testsuite>
</testsuites>
