<?xml version="1.0" encoding="UTF-8" ?>
<testsuites name="vitest tests" tests="14" failures="0" errors="0" time="0.125444375">
    <testsuite name="tests/unit/middleware/authPolicyGate.test.js" timestamp="2026-01-08T13:26:39.765Z" hostname="MacBook-Pro-de-Emilio-2.local" tests="14" failures="0" errors="0" skipped="0" time="0.125444375">
        <testcase classname="tests/unit/middleware/authPolicyGate.test.js" name="authPolicyGate - ROA-523 Wiring &gt; Module exports &gt; exports authPolicyGate function" time="0.05467525">
        </testcase>
        <testcase classname="tests/unit/middleware/authPolicyGate.test.js" name="authPolicyGate - ROA-523 Wiring &gt; Module exports &gt; exports AUTH_ACTIONS constants" time="0.001825459">
        </testcase>
        <testcase classname="tests/unit/middleware/authPolicyGate.test.js" name="authPolicyGate - ROA-523 Wiring &gt; Module exports &gt; exports AUTH_TYPES constants" time="0.001947417">
        </testcase>
        <testcase classname="tests/unit/middleware/authPolicyGate.test.js" name="authPolicyGate - ROA-523 Wiring &gt; Module exports &gt; exports AUTH_ERROR_CODES constants" time="0.001427">
        </testcase>
        <testcase classname="tests/unit/middleware/authPolicyGate.test.js" name="authPolicyGate - ROA-523 Wiring &gt; authPolicyGate middleware factory &gt; creates middleware function" time="0.000997417">
        </testcase>
        <testcase classname="tests/unit/middleware/authPolicyGate.test.js" name="authPolicyGate - ROA-523 Wiring &gt; authPolicyGate middleware factory &gt; validates action parameter" time="0.001129833">
        </testcase>
        <testcase classname="tests/unit/middleware/authPolicyGate.test.js" name="authPolicyGate - ROA-523 Wiring &gt; authPolicyGate middleware factory &gt; validates authType parameter" time="0.000943459">
        </testcase>
        <testcase classname="tests/unit/middleware/authPolicyGate.test.js" name="authPolicyGate - ROA-523 Wiring &gt; Wiring verification (integration notes) &gt; documents expected behavior for blocked login" time="0.00084525">
        </testcase>
        <testcase classname="tests/unit/middleware/authPolicyGate.test.js" name="authPolicyGate - ROA-523 Wiring &gt; Wiring verification (integration notes) &gt; documents expected behavior for feature flag OFF" time="0.000941167">
        </testcase>
        <testcase classname="tests/unit/middleware/authPolicyGate.test.js" name="authPolicyGate - ROA-523 Wiring &gt; Wiring verification (integration notes) &gt; documents expected behavior for policy allows" time="0.000676542">
        </testcase>
        <testcase classname="tests/unit/middleware/authPolicyGate.test.js" name="authPolicyGate - ROA-523 Wiring &gt; Wiring verification (integration notes) &gt; documents expected behavior for fail-open" time="0.000642125">
        </testcase>
        <testcase classname="tests/unit/middleware/authPolicyGate.test.js" name="authPolicyGate - ROA-523 Wiring &gt; Contract documentation &gt; documents input contract to RateLimitPolicyGlobal" time="0.00066675">
        </testcase>
        <testcase classname="tests/unit/middleware/authPolicyGate.test.js" name="authPolicyGate - ROA-523 Wiring &gt; Contract documentation &gt; documents output contract from RateLimitPolicyGlobal" time="0.000668875">
        </testcase>
        <testcase classname="tests/unit/middleware/authPolicyGate.test.js" name="authPolicyGate - ROA-523 Wiring &gt; Contract documentation &gt; documents error translation rules" time="0.000682708">
        </testcase>
    </testsuite>
</testsuites>
