<?xml version="1.0" encoding="UTF-8" ?>
<testsuites name="vitest tests" tests="4" failures="0" errors="0" time="0.615164514">
    <testsuite name="tests/unit/scripts/gdd-v2-tooling-alignment.test.js" timestamp="2025-12-28T19:50:18.925Z" hostname="cursor" tests="4" failures="0" errors="0" skipped="0" time="0.615164514">
        <testcase classname="tests/unit/scripts/gdd-v2-tooling-alignment.test.js" name="ROA-516 — GDD v2 tooling alignment &gt; does not require system-map node IDs to match docs filenames" time="0.061252419">
        </testcase>
        <testcase classname="tests/unit/scripts/gdd-v2-tooling-alignment.test.js" name="ROA-516 — GDD v2 tooling alignment &gt; fails v2 validation when system-map references missing docs paths" time="0.015381582">
        </testcase>
        <testcase classname="tests/unit/scripts/gdd-v2-tooling-alignment.test.js" name="ROA-516 — GDD v2 tooling alignment &gt; ignores legacy spec.md references in v2 validation mode" time="0.001921727">
        </testcase>
        <testcase classname="tests/unit/scripts/gdd-v2-tooling-alignment.test.js" name="ROA-516 — GDD v2 tooling alignment &gt; scores v2 health without v1-only metrics (coverage/agents/spec)" time="0.014152829">
        </testcase>
    </testsuite>
</testsuites>
