<?xml version="1.0" encoding="UTF-8" ?>
<testsuites name="vitest tests" tests="82" failures="0" errors="0" time="3.404394458">
    <testsuite name="tests/loop/decision-engine.test.js" timestamp="2026-01-25T20:45:43.064Z" hostname="macbookpro.lan" tests="21" failures="0" errors="0" skipped="0" time="0.302510166">
        <testcase classname="tests/loop/decision-engine.test.js" name="Decision Engine &gt; makeDecision &gt; pre-task phase &gt; should return CONTINUE if no violations" time="0.001246666">
        </testcase>
        <testcase classname="tests/loop/decision-engine.test.js" name="Decision Engine &gt; makeDecision &gt; pre-task phase &gt; should return BLOCK if violations detected" time="0.000189625">
        </testcase>
        <testcase classname="tests/loop/decision-engine.test.js" name="Decision Engine &gt; makeDecision &gt; post-task phase &gt; should return CONTINUE if no violations" time="0.000142084">
        </testcase>
        <testcase classname="tests/loop/decision-engine.test.js" name="Decision Engine &gt; makeDecision &gt; post-task phase &gt; should return BLOCK if critical violations" time="0.000253375">
        </testcase>
        <testcase classname="tests/loop/decision-engine.test.js" name="Decision Engine &gt; makeDecision &gt; post-task phase &gt; should return BLOCK if high violations (default)" time="0.00009175">
        </testcase>
        <testcase classname="tests/loop/decision-engine.test.js" name="Decision Engine &gt; makeDecision &gt; post-task phase &gt; should return ESCALATE if high violations and allowHighViolations context" time="0.000073292">
        </testcase>
        <testcase classname="tests/loop/decision-engine.test.js" name="Decision Engine &gt; makeDecision &gt; post-task phase &gt; should return ESCALATE if medium violations" time="0.000108625">
        </testcase>
        <testcase classname="tests/loop/decision-engine.test.js" name="Decision Engine &gt; getSeverity &gt; should return null for empty violations" time="0.000068875">
        </testcase>
        <testcase classname="tests/loop/decision-engine.test.js" name="Decision Engine &gt; getSeverity &gt; should return CRITICAL for critical violation types" time="0.000232708">
        </testcase>
        <testcase classname="tests/loop/decision-engine.test.js" name="Decision Engine &gt; getSeverity &gt; should return HIGH for high violation types" time="0.000121209">
        </testcase>
        <testcase classname="tests/loop/decision-engine.test.js" name="Decision Engine &gt; getSeverity &gt; should return MEDIUM for medium violation types" time="0.000046833">
        </testcase>
        <testcase classname="tests/loop/decision-engine.test.js" name="Decision Engine &gt; getSeverity &gt; should return highest severity if mixed violations" time="0.000056375">
        </testcase>
        <testcase classname="tests/loop/decision-engine.test.js" name="Decision Engine &gt; hasCriticalViolations &gt; should return false for empty violations" time="0.000056584">
        </testcase>
        <testcase classname="tests/loop/decision-engine.test.js" name="Decision Engine &gt; hasCriticalViolations &gt; should return true if any critical violation" time="0.000041208">
        </testcase>
        <testcase classname="tests/loop/decision-engine.test.js" name="Decision Engine &gt; hasCriticalViolations &gt; should return false if no critical violations" time="0.000036417">
        </testcase>
        <testcase classname="tests/loop/decision-engine.test.js" name="Decision Engine &gt; summarizeViolations &gt; should return empty summary for no violations" time="0.000161833">
        </testcase>
        <testcase classname="tests/loop/decision-engine.test.js" name="Decision Engine &gt; summarizeViolations &gt; should count violations correctly" time="0.000131375">
        </testcase>
        <testcase classname="tests/loop/decision-engine.test.js" name="Decision Engine &gt; shouldRollback &gt; should return true for BLOCK decision" time="0.0000535">
        </testcase>
        <testcase classname="tests/loop/decision-engine.test.js" name="Decision Engine &gt; shouldRollback &gt; should return false for other decisions" time="0.00006">
        </testcase>
        <testcase classname="tests/loop/decision-engine.test.js" name="Decision Engine &gt; shouldEscalate &gt; should return true for ESCALATE decision" time="0.000040792">
        </testcase>
        <testcase classname="tests/loop/decision-engine.test.js" name="Decision Engine &gt; shouldEscalate &gt; should return false for other decisions" time="0.000056542">
        </testcase>
    </testsuite>
    <testsuite name="tests/loop/escalation.test.js" timestamp="2026-01-25T20:45:43.067Z" hostname="macbookpro.lan" tests="14" failures="0" errors="0" skipped="0" time="0.307036125">
        <testcase classname="tests/loop/escalation.test.js" name="Escalation Handler &gt; ESCALATION_OPTIONS &gt; should have all required options" time="0.000912667">
        </testcase>
        <testcase classname="tests/loop/escalation.test.js" name="Escalation Handler &gt; saveEscalation &gt; should create escalation files" time="0.003666542">
        </testcase>
        <testcase classname="tests/loop/escalation.test.js" name="Escalation Handler &gt; saveEscalation &gt; should create instructions file" time="0.001417042">
        </testcase>
        <testcase classname="tests/loop/escalation.test.js" name="Escalation Handler &gt; getEscalationFilePath &gt; should return correct path" time="0.000413542">
        </testcase>
        <testcase classname="tests/loop/escalation.test.js" name="Escalation Handler &gt; readEscalationFile &gt; should read JSON decision file" time="0.000766542">
        </testcase>
        <testcase classname="tests/loop/escalation.test.js" name="Escalation Handler &gt; readEscalationFile &gt; should parse text file with option" time="0.000538791">
        </testcase>
        <testcase classname="tests/loop/escalation.test.js" name="Escalation Handler &gt; readEscalationFile &gt; should parse reject option from text" time="0.000496292">
        </testcase>
        <testcase classname="tests/loop/escalation.test.js" name="Escalation Handler &gt; readEscalationFile &gt; should parse modify option from text" time="0.000422583">
        </testcase>
        <testcase classname="tests/loop/escalation.test.js" name="Escalation Handler &gt; readEscalationFile &gt; should parse abort option from text" time="0.000702917">
        </testcase>
        <testcase classname="tests/loop/escalation.test.js" name="Escalation Handler &gt; readEscalationFile &gt; should default to abort on invalid text" time="0.000521875">
        </testcase>
        <testcase classname="tests/loop/escalation.test.js" name="Escalation Handler &gt; markEscalationResolved &gt; should update escalation status" time="0.0012205">
        </testcase>
        <testcase classname="tests/loop/escalation.test.js" name="Escalation Handler &gt; markEscalationResolved &gt; should handle missing escalation file gracefully" time="0.000489417">
        </testcase>
        <testcase classname="tests/loop/escalation.test.js" name="Escalation Handler &gt; Escalation Options Validation &gt; should have unique option values" time="0.0000875">
        </testcase>
        <testcase classname="tests/loop/escalation.test.js" name="Escalation Handler &gt; Escalation Options Validation &gt; should have lowercase option values" time="0.000130458">
        </testcase>
    </testsuite>
    <testsuite name="tests/loop/execute-task.test.js" timestamp="2026-01-25T20:45:43.068Z" hostname="macbookpro.lan" tests="13" failures="0" errors="0" skipped="0" time="1.830421958">
        <testcase classname="tests/loop/execute-task.test.js" name="Execute Task - Path Security &gt; should allow valid alphanumeric taskIds" time="0.176657666">
        </testcase>
        <testcase classname="tests/loop/execute-task.test.js" name="Execute Task - Path Security &gt; should reject path traversal attempts" time="0.041641833">
        </testcase>
        <testcase classname="tests/loop/execute-task.test.js" name="Execute Task - Progress Tracking &gt; should create progress directory structure" time="0.162065959">
        </testcase>
        <testcase classname="tests/loop/execute-task.test.js" name="Execute Task - Progress Tracking &gt; should create progress.json file" time="0.155485458">
        </testcase>
        <testcase classname="tests/loop/execute-task.test.js" name="Execute Task - CLI Arguments &gt; should require task-id argument" time="0.035396042">
        </testcase>
        <testcase classname="tests/loop/execute-task.test.js" name="Execute Task - CLI Arguments &gt; should accept instruction argument" time="0.15649275">
        </testcase>
        <testcase classname="tests/loop/execute-task.test.js" name="Execute Task - CLI Arguments &gt; should parse args with equals in value" time="0.15556225">
        </testcase>
        <testcase classname="tests/loop/execute-task.test.js" name="Execute Task - Dry Run Mode &gt; should execute in dry-run without making changes" time="0.151519708">
        </testcase>
        <testcase classname="tests/loop/execute-task.test.js" name="Execute Task - Dry Run Mode &gt; should track progress in progress.json" time="0.150172625">
        </testcase>
        <testcase classname="tests/loop/execute-task.test.js" name="Execute Task - Exit Codes &gt; should exit 0 on successful dry-run" time="0.145317917">
        </testcase>
        <testcase classname="tests/loop/execute-task.test.js" name="Execute Task - V2-Only Integration &gt; should call pre-task validator" time="0.156555792">
        </testcase>
        <testcase classname="tests/loop/execute-task.test.js" name="Execute Task - Output &amp; Summary &gt; should display summary at the end" time="0.159503834">
        </testcase>
        <testcase classname="tests/loop/execute-task.test.js" name="Execute Task - File System &gt; should verify execute-task.js exists" time="0.000079416">
        </testcase>
    </testsuite>
    <testsuite name="tests/loop/git-utils.test.js" timestamp="2026-01-25T20:45:43.069Z" hostname="macbookpro.lan" tests="6" failures="0" errors="0" skipped="0" time="0.352765875">
        <testcase classname="tests/loop/git-utils.test.js" name="Git Utils &gt; isWorkingDirectoryClean &gt; should return boolean" time="0.05267325">
        </testcase>
        <testcase classname="tests/loop/git-utils.test.js" name="Git Utils &gt; getCurrentCommit &gt; should return commit SHA string" time="0.024370709">
        </testcase>
        <testcase classname="tests/loop/git-utils.test.js" name="Git Utils &gt; getCurrentBranch &gt; should return branch name string" time="0.016233667">
        </testcase>
        <testcase classname="tests/loop/git-utils.test.js" name="Git Utils &gt; getModifiedFiles &gt; should return array" time="0.034271667">
        </testcase>
        <testcase classname="tests/loop/git-utils.test.js" name="Git Utils &gt; getStagedFiles &gt; should return array" time="0.020247959">
        </testcase>
        <testcase classname="tests/loop/git-utils.test.js" name="Git Utils &gt; API validation &gt; should export all required functions" time="0.000459833">
        </testcase>
    </testsuite>
    <testsuite name="tests/loop/prd-parser.test.js" timestamp="2026-01-25T20:45:43.069Z" hostname="macbookpro.lan" tests="17" failures="0" errors="0" skipped="0" time="0.305473167">
        <testcase classname="tests/loop/prd-parser.test.js" name="PRD Parser &gt; parsePRD &gt; should parse PRD file successfully" time="0.00189475">
        </testcase>
        <testcase classname="tests/loop/prd-parser.test.js" name="PRD Parser &gt; parsePRD &gt; should throw error if PRD file not found" time="0.000473208">
        </testcase>
        <testcase classname="tests/loop/prd-parser.test.js" name="PRD Parser &gt; extractTitle &gt; should extract title from &quot;# PRD:&quot; format" time="0.000142916">
        </testcase>
        <testcase classname="tests/loop/prd-parser.test.js" name="PRD Parser &gt; extractTitle &gt; should extract title from &quot;# &quot; format" time="0.000237291">
        </testcase>
        <testcase classname="tests/loop/prd-parser.test.js" name="PRD Parser &gt; extractTitle &gt; should return default title if no title found" time="0.000083416">
        </testcase>
        <testcase classname="tests/loop/prd-parser.test.js" name="PRD Parser &gt; extractObjectives &gt; should extract objectives from PRD" time="0.000354541">
        </testcase>
        <testcase classname="tests/loop/prd-parser.test.js" name="PRD Parser &gt; extractAcceptanceCriteria &gt; should extract all ACs from PRD" time="0.000404166">
        </testcase>
        <testcase classname="tests/loop/prd-parser.test.js" name="PRD Parser &gt; extractAcceptanceCriteria &gt; should parse checklist items correctly" time="0.000369459">
        </testcase>
        <testcase classname="tests/loop/prd-parser.test.js" name="PRD Parser &gt; extractOutOfScope &gt; should extract out-of-scope items" time="0.000437333">
        </testcase>
        <testcase classname="tests/loop/prd-parser.test.js" name="PRD Parser &gt; extractTechnicalNotes &gt; should extract technical notes" time="0.000294667">
        </testcase>
        <testcase classname="tests/loop/prd-parser.test.js" name="PRD Parser &gt; generateSubtasksFromACs &gt; should generate subtasks from ACs" time="0.000939375">
        </testcase>
        <testcase classname="tests/loop/prd-parser.test.js" name="PRD Parser &gt; isInScope &gt; should return true for task in AC" time="0.000403375">
        </testcase>
        <testcase classname="tests/loop/prd-parser.test.js" name="PRD Parser &gt; isInScope &gt; should return true for task in objectives" time="0.000236334">
        </testcase>
        <testcase classname="tests/loop/prd-parser.test.js" name="PRD Parser &gt; isInScope &gt; should return false by default if not explicitly in scope (deny by default)" time="0.000693833">
        </testcase>
        <testcase classname="tests/loop/prd-parser.test.js" name="PRD Parser &gt; findSubtaskByAC &gt; should find subtask by AC ID" time="0.000372667">
        </testcase>
        <testcase classname="tests/loop/prd-parser.test.js" name="PRD Parser &gt; findSubtaskByAC &gt; should return null if AC not found" time="0.000848375">
        </testcase>
        <testcase classname="tests/loop/prd-parser.test.js" name="PRD Parser &gt; findSubtaskByAC &gt; should be case-insensitive" time="0.000210791">
        </testcase>
    </testsuite>
    <testsuite name="tests/loop/rollback.test.js" timestamp="2026-01-25T20:45:43.070Z" hostname="macbookpro.lan" tests="11" failures="0" errors="0" skipped="0" time="0.306187167">
        <testcase classname="tests/loop/rollback.test.js" name="Rollback Manager &gt; RollbackState &gt; should create instance with taskId" time="0.00105675">
        </testcase>
        <testcase classname="tests/loop/rollback.test.js" name="Rollback Manager &gt; RollbackState &gt; should capture current git state" time="0.045974">
        </testcase>
        <testcase classname="tests/loop/rollback.test.js" name="Rollback Manager &gt; RollbackState &gt; should mark stash created" time="0.000143458">
        </testcase>
        <testcase classname="tests/loop/rollback.test.js" name="Rollback Manager &gt; RollbackState &gt; should mark temp commit" time="0.000279125">
        </testcase>
        <testcase classname="tests/loop/rollback.test.js" name="Rollback Manager &gt; RollbackState &gt; should serialize to JSON correctly" time="0.035708">
        </testcase>
        <testcase classname="tests/loop/rollback.test.js" name="Rollback Manager &gt; RollbackState &gt; should have valid ISO timestamp" time="0.000112875">
        </testcase>
        <testcase classname="tests/loop/rollback.test.js" name="Rollback Manager &gt; RollbackState - Edge Cases &gt; should handle empty taskId" time="0.000463334">
        </testcase>
        <testcase classname="tests/loop/rollback.test.js" name="Rollback Manager &gt; RollbackState - Edge Cases &gt; should handle special characters in taskId" time="0.000132042">
        </testcase>
        <testcase classname="tests/loop/rollback.test.js" name="Rollback Manager &gt; RollbackState - Edge Cases &gt; should create independent instances" time="0.000429916">
        </testcase>
        <testcase classname="tests/loop/rollback.test.js" name="Rollback Manager &gt; API Contract &gt; should have all required methods" time="0.000156208">
        </testcase>
        <testcase classname="tests/loop/rollback.test.js" name="Rollback Manager &gt; API Contract &gt; should have all required properties" time="0.000221875">
        </testcase>
    </testsuite>
</testsuites>
