{"/Users/emiliopostigo/roastr-ai/src/batchRunner.js": {"path":"/Users/emiliopostigo/roastr-ai/src/batchRunner.js","statementMap":{"0":{"start":{"line":3,"column":27},"end":{"line":3,"column":71}},"1":{"start":{"line":11,"column":4},"end":{"line":11,"column":55}},"2":{"start":{"line":12,"column":4},"end":{"line":12,"column":46}},"3":{"start":{"line":19,"column":4},"end":{"line":21,"column":5}},"4":{"start":{"line":20,"column":6},"end":{"line":20,"column":85}},"5":{"start":{"line":28,"column":4},"end":{"line":75,"column":5}},"6":{"start":{"line":29,"column":6},"end":{"line":29,"column":59}},"7":{"start":{"line":30,"column":24},"end":{"line":30,"column":34}},"8":{"start":{"line":33,"column":6},"end":{"line":33,"column":52}},"9":{"start":{"line":34,"column":25},"end":{"line":34,"column":79}},"10":{"start":{"line":36,"column":6},"end":{"line":39,"column":7}},"11":{"start":{"line":37,"column":8},"end":{"line":37,"column":72}},"12":{"start":{"line":38,"column":8},"end":{"line":38,"column":24}},"13":{"start":{"line":41,"column":6},"end":{"line":41,"column":100}},"14":{"start":{"line":44,"column":6},"end":{"line":44,"column":52}},"15":{"start":{"line":45,"column":26},"end":{"line":45,"column":66}},"16":{"start":{"line":48,"column":6},"end":{"line":48,"column":53}},"17":{"start":{"line":49,"column":6},"end":{"line":49,"column":47}},"18":{"start":{"line":52,"column":24},"end":{"line":52,"column":46}},"19":{"start":{"line":53,"column":6},"end":{"line":53,"column":65}},"20":{"start":{"line":54,"column":6},"end":{"line":54,"column":109}},"21":{"start":{"line":57,"column":23},"end":{"line":57,"column":53}},"22":{"start":{"line":58,"column":6},"end":{"line":58,"column":29}},"23":{"start":{"line":61,"column":6},"end":{"line":61,"column":72}},"24":{"start":{"line":63,"column":6},"end":{"line":65,"column":7}},"25":{"start":{"line":64,"column":8},"end":{"line":64,"column":51}},"26":{"start":{"line":68,"column":6},"end":{"line":72,"column":7}},"27":{"start":{"line":69,"column":8},"end":{"line":69,"column":49}},"28":{"start":{"line":71,"column":8},"end":{"line":71,"column":73}},"29":{"start":{"line":74,"column":6},"end":{"line":74,"column":22}},"30":{"start":{"line":82,"column":20},"end":{"line":82,"column":41}},"31":{"start":{"line":84,"column":4},"end":{"line":97,"column":7}},"32":{"start":{"line":85,"column":6},"end":{"line":96,"column":9}},"33":{"start":{"line":86,"column":8},"end":{"line":86,"column":76}},"34":{"start":{"line":88,"column":8},"end":{"line":95,"column":9}},"35":{"start":{"line":89,"column":10},"end":{"line":89,"column":51}},"36":{"start":{"line":90,"column":10},"end":{"line":90,"column":45}},"37":{"start":{"line":91,"column":10},"end":{"line":91,"column":26}},"38":{"start":{"line":93,"column":10},"end":{"line":93,"column":67}},"39":{"start":{"line":94,"column":10},"end":{"line":94,"column":26}},"40":{"start":{"line":102,"column":0},"end":{"line":113,"column":1}},"41":{"start":{"line":103,"column":17},"end":{"line":103,"column":34}},"42":{"start":{"line":106,"column":2},"end":{"line":106,"column":31}},"43":{"start":{"line":109,"column":2},"end":{"line":112,"column":5}},"44":{"start":{"line":110,"column":4},"end":{"line":110,"column":71}},"45":{"start":{"line":111,"column":4},"end":{"line":111,"column":20}},"46":{"start":{"line":115,"column":0},"end":{"line":115,"column":29}}},"fnMap":{"0":{"name":"(anonymous_0)","decl":{"start":{"line":10,"column":2},"end":{"line":10,"column":3}},"loc":{"start":{"line":10,"column":16},"end":{"line":13,"column":3}},"line":10},"1":{"name":"(anonymous_1)","decl":{"start":{"line":18,"column":2},"end":{"line":18,"column":3}},"loc":{"start":{"line":18,"column":29},"end":{"line":22,"column":3}},"line":18},"2":{"name":"(anonymous_2)","decl":{"start":{"line":27,"column":2},"end":{"line":27,"column":3}},"loc":{"start":{"line":27,"column":14},"end":{"line":76,"column":3}},"line":27},"3":{"name":"(anonymous_3)","decl":{"start":{"line":81,"column":2},"end":{"line":81,"column":3}},"loc":{"start":{"line":81,"column":24},"end":{"line":98,"column":3}},"line":81},"4":{"name":"(anonymous_4)","decl":{"start":{"line":84,"column":20},"end":{"line":84,"column":21}},"loc":{"start":{"line":84,"column":30},"end":{"line":97,"column":5}},"line":84},"5":{"name":"(anonymous_5)","decl":{"start":{"line":85,"column":25},"end":{"line":85,"column":26}},"loc":{"start":{"line":85,"column":37},"end":{"line":96,"column":7}},"line":85},"6":{"name":"(anonymous_6)","decl":{"start":{"line":109,"column":21},"end":{"line":109,"column":22}},"loc":{"start":{"line":109,"column":30},"end":{"line":112,"column":3}},"line":109}},"branchMap":{"0":{"loc":{"start":{"line":19,"column":4},"end":{"line":21,"column":5}},"type":"if","locations":[{"start":{"line":19,"column":4},"end":{"line":21,"column":5}},{"start":{},"end":{}}],"line":19},"1":{"loc":{"start":{"line":36,"column":6},"end":{"line":39,"column":7}},"type":"if","locations":[{"start":{"line":36,"column":6},"end":{"line":39,"column":7}},{"start":{},"end":{}}],"line":36},"2":{"loc":{"start":{"line":57,"column":23},"end":{"line":57,"column":53}},"type":"cond-expr","locations":[{"start":{"line":57,"column":48},"end":{"line":57,"column":49}},{"start":{"line":57,"column":52},"end":{"line":57,"column":53}}],"line":57},"3":{"loc":{"start":{"line":63,"column":6},"end":{"line":65,"column":7}},"type":"if","locations":[{"start":{"line":63,"column":6},"end":{"line":65,"column":7}},{"start":{},"end":{}}],"line":63},"4":{"loc":{"start":{"line":102,"column":0},"end":{"line":113,"column":1}},"type":"if","locations":[{"start":{"line":102,"column":0},"end":{"line":113,"column":1}},{"start":{},"end":{}}],"line":102}},"s":{"0":0,"1":0,"2":0,"3":0,"4":0,"5":0,"6":0,"7":0,"8":0,"9":0,"10":0,"11":0,"12":0,"13":0,"14":0,"15":0,"16":0,"17":0,"18":0,"19":0,"20":0,"21":0,"22":0,"23":0,"24":0,"25":0,"26":0,"27":0,"28":0,"29":0,"30":0,"31":0,"32":0,"33":0,"34":0,"35":0,"36":0,"37":0,"38":0,"39":0,"40":0,"41":0,"42":0,"43":0,"44":0,"45":0,"46":0},"f":{"0":0,"1":0,"2":0,"3":0,"4":0,"5":0,"6":0},"b":{"0":[0,0],"1":[0,0],"2":[0,0],"3":[0,0],"4":[0,0]}}
,"/Users/emiliopostigo/roastr-ai/src/cli.js": {"path":"/Users/emiliopostigo/roastr-ai/src/cli.js","statementMap":{"0":{"start":{"line":2,"column":0},"end":{"line":2,"column":27}},"1":{"start":{"line":3,"column":14},"end":{"line":3,"column":30}},"2":{"start":{"line":5,"column":16},"end":{"line":5,"column":47}},"3":{"start":{"line":6,"column":0},"end":{"line":9,"column":1}},"4":{"start":{"line":7,"column":2},"end":{"line":7,"column":66}},"5":{"start":{"line":8,"column":2},"end":{"line":8,"column":18}},"6":{"start":{"line":11,"column":0},"end":{"line":31,"column":5}},"7":{"start":{"line":12,"column":2},"end":{"line":30,"column":3}},"8":{"start":{"line":13,"column":16},"end":{"line":22,"column":5}},"9":{"start":{"line":23,"column":4},"end":{"line":23,"column":50}},"10":{"start":{"line":25,"column":4},"end":{"line":29,"column":5}},"11":{"start":{"line":26,"column":6},"end":{"line":26,"column":49}},"12":{"start":{"line":28,"column":6},"end":{"line":28,"column":43}}},"fnMap":{"0":{"name":"(anonymous_0)","decl":{"start":{"line":11,"column":1},"end":{"line":11,"column":2}},"loc":{"start":{"line":11,"column":13},"end":{"line":31,"column":1}},"line":11}},"branchMap":{"0":{"loc":{"start":{"line":6,"column":0},"end":{"line":9,"column":1}},"type":"if","locations":[{"start":{"line":6,"column":0},"end":{"line":9,"column":1}},{"start":{},"end":{}}],"line":6},"1":{"loc":{"start":{"line":25,"column":4},"end":{"line":29,"column":5}},"type":"if","locations":[{"start":{"line":25,"column":4},"end":{"line":29,"column":5}},{"start":{"line":27,"column":11},"end":{"line":29,"column":5}}],"line":25}},"s":{"0":0,"1":0,"2":0,"3":0,"4":0,"5":0,"6":0,"7":0,"8":0,"9":0,"10":0,"11":0,"12":0},"f":{"0":0},"b":{"0":[0,0],"1":[0,0]}}
,"/Users/emiliopostigo/roastr-ai/src/index.js": {"path":"/Users/emiliopostigo/roastr-ai/src/index.js","statementMap":{"0":{"start":{"line":1,"column":16},"end":{"line":1,"column":34}},"1":{"start":{"line":2,"column":19},"end":{"line":2,"column":41}},"2":{"start":{"line":3,"column":13},"end":{"line":3,"column":28}},"3":{"start":{"line":4,"column":0},"end":{"line":4,"column":27}},"4":{"start":{"line":6,"column":27},"end":{"line":6,"column":67}},"5":{"start":{"line":7,"column":24},"end":{"line":7,"column":61}},"6":{"start":{"line":8,"column":27},"end":{"line":8,"column":71}},"7":{"start":{"line":9,"column":28},"end":{"line":9,"column":69}},"8":{"start":{"line":10,"column":23},"end":{"line":10,"column":56}},"9":{"start":{"line":12,"column":12},"end":{"line":12,"column":21}},"10":{"start":{"line":13,"column":13},"end":{"line":13,"column":37}},"11":{"start":{"line":16,"column":0},"end":{"line":16,"column":27}},"12":{"start":{"line":19,"column":0},"end":{"line":19,"column":59}},"13":{"start":{"line":23,"column":0},"end":{"line":28,"column":1}},"14":{"start":{"line":24,"column":2},"end":{"line":24,"column":44}},"15":{"start":{"line":26,"column":2},"end":{"line":26,"column":72}},"16":{"start":{"line":27,"column":2},"end":{"line":27,"column":18}},"17":{"start":{"line":31,"column":24},"end":{"line":31,"column":45}},"18":{"start":{"line":34,"column":0},"end":{"line":36,"column":3}},"19":{"start":{"line":35,"column":2},"end":{"line":35,"column":61}},"20":{"start":{"line":39,"column":0},"end":{"line":62,"column":3}},"21":{"start":{"line":40,"column":28},"end":{"line":40,"column":36}},"22":{"start":{"line":42,"column":2},"end":{"line":44,"column":3}},"23":{"start":{"line":43,"column":4},"end":{"line":43,"column":86}},"24":{"start":{"line":47,"column":21},"end":{"line":47,"column":54}},"25":{"start":{"line":48,"column":23},"end":{"line":48,"column":77}},"26":{"start":{"line":50,"column":2},"end":{"line":61,"column":3}},"27":{"start":{"line":51,"column":18},"end":{"line":51,"column":81}},"28":{"start":{"line":52,"column":4},"end":{"line":52,"column":44}},"29":{"start":{"line":54,"column":4},"end":{"line":54,"column":61}},"30":{"start":{"line":56,"column":4},"end":{"line":58,"column":5}},"31":{"start":{"line":57,"column":6},"end":{"line":57,"column":68}},"32":{"start":{"line":60,"column":4},"end":{"line":60,"column":84}},"33":{"start":{"line":65,"column":0},"end":{"line":92,"column":3}},"34":{"start":{"line":66,"column":22},"end":{"line":66,"column":30}},"35":{"start":{"line":68,"column":2},"end":{"line":70,"column":3}},"36":{"start":{"line":69,"column":4},"end":{"line":69,"column":86}},"37":{"start":{"line":72,"column":2},"end":{"line":91,"column":3}},"38":{"start":{"line":73,"column":18},"end":{"line":73,"column":62}},"39":{"start":{"line":74,"column":4},"end":{"line":78,"column":7}},"40":{"start":{"line":80,"column":4},"end":{"line":80,"column":71}},"41":{"start":{"line":83,"column":4},"end":{"line":85,"column":5}},"42":{"start":{"line":84,"column":6},"end":{"line":84,"column":58}},"43":{"start":{"line":87,"column":4},"end":{"line":90,"column":7}},"44":{"start":{"line":95,"column":0},"end":{"line":103,"column":3}},"45":{"start":{"line":96,"column":2},"end":{"line":102,"column":3}},"46":{"start":{"line":97,"column":18},"end":{"line":97,"column":50}},"47":{"start":{"line":98,"column":4},"end":{"line":98,"column":20}},"48":{"start":{"line":100,"column":4},"end":{"line":100,"column":73}},"49":{"start":{"line":101,"column":4},"end":{"line":101,"column":88}},"50":{"start":{"line":106,"column":0},"end":{"line":127,"column":3}},"51":{"start":{"line":107,"column":29},"end":{"line":107,"column":37}},"52":{"start":{"line":109,"column":2},"end":{"line":111,"column":3}},"53":{"start":{"line":110,"column":4},"end":{"line":110,"column":86}},"54":{"start":{"line":113,"column":2},"end":{"line":115,"column":3}},"55":{"start":{"line":114,"column":4},"end":{"line":114,"column":84}},"56":{"start":{"line":117,"column":2},"end":{"line":126,"column":3}},"57":{"start":{"line":118,"column":4},"end":{"line":118,"column":51}},"58":{"start":{"line":119,"column":4},"end":{"line":122,"column":7}},"59":{"start":{"line":124,"column":4},"end":{"line":124,"column":68}},"60":{"start":{"line":125,"column":4},"end":{"line":125,"column":74}},"61":{"start":{"line":134,"column":0},"end":{"line":164,"column":3}},"62":{"start":{"line":135,"column":2},"end":{"line":163,"column":3}},"63":{"start":{"line":136,"column":19},"end":{"line":136,"column":51}},"64":{"start":{"line":139,"column":25},"end":{"line":143,"column":5}},"65":{"start":{"line":146,"column":4},"end":{"line":157,"column":5}},"66":{"start":{"line":147,"column":6},"end":{"line":156,"column":7}},"67":{"start":{"line":148,"column":8},"end":{"line":155,"column":10}},"68":{"start":{"line":159,"column":4},"end":{"line":159,"column":27}},"69":{"start":{"line":161,"column":4},"end":{"line":161,"column":72}},"70":{"start":{"line":162,"column":4},"end":{"line":162,"column":80}},"71":{"start":{"line":167,"column":0},"end":{"line":191,"column":3}},"72":{"start":{"line":168,"column":2},"end":{"line":190,"column":3}},"73":{"start":{"line":169,"column":25},"end":{"line":169,"column":35}},"74":{"start":{"line":170,"column":80},"end":{"line":170,"column":88}},"75":{"start":{"line":175,"column":4},"end":{"line":186,"column":7}},"76":{"start":{"line":188,"column":4},"end":{"line":188,"column":73}},"77":{"start":{"line":189,"column":4},"end":{"line":189,"column":83}},"78":{"start":{"line":194,"column":0},"end":{"line":208,"column":3}},"79":{"start":{"line":195,"column":2},"end":{"line":207,"column":3}},"80":{"start":{"line":196,"column":31},"end":{"line":196,"column":55}},"81":{"start":{"line":197,"column":4},"end":{"line":197,"column":54}},"82":{"start":{"line":199,"column":20},"end":{"line":199,"column":57}},"83":{"start":{"line":201,"column":4},"end":{"line":201,"column":40}},"84":{"start":{"line":203,"column":4},"end":{"line":203,"column":22}},"85":{"start":{"line":205,"column":4},"end":{"line":205,"column":73}},"86":{"start":{"line":206,"column":4},"end":{"line":206,"column":74}},"87":{"start":{"line":211,"column":0},"end":{"line":240,"column":3}},"88":{"start":{"line":212,"column":2},"end":{"line":239,"column":3}},"89":{"start":{"line":213,"column":31},"end":{"line":213,"column":55}},"90":{"start":{"line":214,"column":23},"end":{"line":214,"column":72}},"91":{"start":{"line":216,"column":4},"end":{"line":235,"column":5}},"92":{"start":{"line":217,"column":26},"end":{"line":217,"column":61}},"93":{"start":{"line":218,"column":6},"end":{"line":218,"column":42}},"94":{"start":{"line":220,"column":6},"end":{"line":227,"column":9}},"95":{"start":{"line":229,"column":6},"end":{"line":229,"column":42}},"96":{"start":{"line":230,"column":6},"end":{"line":234,"column":9}},"97":{"start":{"line":237,"column":4},"end":{"line":237,"column":66}},"98":{"start":{"line":238,"column":4},"end":{"line":238,"column":68}},"99":{"start":{"line":247,"column":0},"end":{"line":257,"column":3}},"100":{"start":{"line":248,"column":2},"end":{"line":256,"column":3}},"101":{"start":{"line":249,"column":21},"end":{"line":249,"column":46}},"102":{"start":{"line":250,"column":20},"end":{"line":250,"column":47}},"103":{"start":{"line":252,"column":4},"end":{"line":252,"column":22}},"104":{"start":{"line":254,"column":4},"end":{"line":254,"column":71}},"105":{"start":{"line":255,"column":4},"end":{"line":255,"column":77}},"106":{"start":{"line":260,"column":0},"end":{"line":271,"column":3}},"107":{"start":{"line":261,"column":2},"end":{"line":270,"column":3}},"108":{"start":{"line":262,"column":25},"end":{"line":262,"column":35}},"109":{"start":{"line":263,"column":21},"end":{"line":263,"column":46}},"110":{"start":{"line":264,"column":20},"end":{"line":264,"column":57}},"111":{"start":{"line":266,"column":4},"end":{"line":266,"column":36}},"112":{"start":{"line":268,"column":4},"end":{"line":268,"column":80}},"113":{"start":{"line":269,"column":4},"end":{"line":269,"column":86}},"114":{"start":{"line":278,"column":0},"end":{"line":286,"column":3}},"115":{"start":{"line":279,"column":2},"end":{"line":285,"column":3}},"116":{"start":{"line":280,"column":21},"end":{"line":280,"column":55}},"117":{"start":{"line":281,"column":4},"end":{"line":281,"column":23}},"118":{"start":{"line":283,"column":4},"end":{"line":283,"column":63}},"119":{"start":{"line":284,"column":4},"end":{"line":284,"column":64}},"120":{"start":{"line":289,"column":0},"end":{"line":313,"column":3}},"121":{"start":{"line":290,"column":2},"end":{"line":312,"column":3}},"122":{"start":{"line":291,"column":31},"end":{"line":291,"column":41}},"123":{"start":{"line":292,"column":18},"end":{"line":292,"column":50}},"124":{"start":{"line":294,"column":23},"end":{"line":294,"column":74}},"125":{"start":{"line":297,"column":21},"end":{"line":302,"column":5}},"126":{"start":{"line":304,"column":4},"end":{"line":306,"column":5}},"127":{"start":{"line":305,"column":6},"end":{"line":305,"column":102}},"128":{"start":{"line":308,"column":4},"end":{"line":308,"column":23}},"129":{"start":{"line":310,"column":4},"end":{"line":310,"column":62}},"130":{"start":{"line":311,"column":4},"end":{"line":311,"column":64}},"131":{"start":{"line":320,"column":0},"end":{"line":343,"column":3}},"132":{"start":{"line":321,"column":2},"end":{"line":342,"column":3}},"133":{"start":{"line":322,"column":65},"end":{"line":322,"column":73}},"134":{"start":{"line":324,"column":4},"end":{"line":326,"column":5}},"135":{"start":{"line":325,"column":6},"end":{"line":325,"column":88}},"136":{"start":{"line":329,"column":25},"end":{"line":329,"column":129}},"137":{"start":{"line":331,"column":18},"end":{"line":331,"column":85}},"138":{"start":{"line":333,"column":4},"end":{"line":338,"column":7}},"139":{"start":{"line":340,"column":4},"end":{"line":340,"column":70}},"140":{"start":{"line":341,"column":4},"end":{"line":341,"column":80}},"141":{"start":{"line":346,"column":0},"end":{"line":348,"column":3}},"142":{"start":{"line":347,"column":2},"end":{"line":347,"column":73}}},"fnMap":{"0":{"name":"(anonymous_0)","decl":{"start":{"line":34,"column":13},"end":{"line":34,"column":14}},"loc":{"start":{"line":34,"column":27},"end":{"line":36,"column":1}},"line":34},"1":{"name":"(anonymous_1)","decl":{"start":{"line":39,"column":19},"end":{"line":39,"column":20}},"loc":{"start":{"line":39,"column":39},"end":{"line":62,"column":1}},"line":39},"2":{"name":"(anonymous_2)","decl":{"start":{"line":65,"column":23},"end":{"line":65,"column":24}},"loc":{"start":{"line":65,"column":43},"end":{"line":92,"column":1}},"line":65},"3":{"name":"(anonymous_3)","decl":{"start":{"line":95,"column":22},"end":{"line":95,"column":23}},"loc":{"start":{"line":95,"column":42},"end":{"line":103,"column":1}},"line":95},"4":{"name":"(anonymous_4)","decl":{"start":{"line":106,"column":21},"end":{"line":106,"column":22}},"loc":{"start":{"line":106,"column":41},"end":{"line":127,"column":1}},"line":106},"5":{"name":"(anonymous_5)","decl":{"start":{"line":134,"column":36},"end":{"line":134,"column":37}},"loc":{"start":{"line":134,"column":56},"end":{"line":164,"column":1}},"line":134},"6":{"name":"(anonymous_6)","decl":{"start":{"line":167,"column":47},"end":{"line":167,"column":48}},"loc":{"start":{"line":167,"column":67},"end":{"line":191,"column":1}},"line":167},"7":{"name":"(anonymous_7)","decl":{"start":{"line":194,"column":37},"end":{"line":194,"column":38}},"loc":{"start":{"line":194,"column":57},"end":{"line":208,"column":1}},"line":194},"8":{"name":"(anonymous_8)","decl":{"start":{"line":211,"column":35},"end":{"line":211,"column":36}},"loc":{"start":{"line":211,"column":55},"end":{"line":240,"column":1}},"line":211},"9":{"name":"(anonymous_9)","decl":{"start":{"line":247,"column":35},"end":{"line":247,"column":36}},"loc":{"start":{"line":247,"column":55},"end":{"line":257,"column":1}},"line":247},"10":{"name":"(anonymous_10)","decl":{"start":{"line":260,"column":45},"end":{"line":260,"column":46}},"loc":{"start":{"line":260,"column":65},"end":{"line":271,"column":1}},"line":260},"11":{"name":"(anonymous_11)","decl":{"start":{"line":278,"column":21},"end":{"line":278,"column":22}},"loc":{"start":{"line":278,"column":41},"end":{"line":286,"column":1}},"line":278},"12":{"name":"(anonymous_12)","decl":{"start":{"line":289,"column":37},"end":{"line":289,"column":38}},"loc":{"start":{"line":289,"column":57},"end":{"line":313,"column":1}},"line":289},"13":{"name":"(anonymous_13)","decl":{"start":{"line":320,"column":31},"end":{"line":320,"column":32}},"loc":{"start":{"line":320,"column":51},"end":{"line":343,"column":1}},"line":320},"14":{"name":"(anonymous_14)","decl":{"start":{"line":346,"column":17},"end":{"line":346,"column":18}},"loc":{"start":{"line":346,"column":23},"end":{"line":348,"column":1}},"line":346}},"branchMap":{"0":{"loc":{"start":{"line":13,"column":13},"end":{"line":13,"column":37}},"type":"binary-expr","locations":[{"start":{"line":13,"column":13},"end":{"line":13,"column":29}},{"start":{"line":13,"column":33},"end":{"line":13,"column":37}}],"line":13},"1":{"loc":{"start":{"line":42,"column":2},"end":{"line":44,"column":3}},"type":"if","locations":[{"start":{"line":42,"column":2},"end":{"line":44,"column":3}},{"start":{},"end":{}}],"line":42},"2":{"loc":{"start":{"line":42,"column":6},"end":{"line":42,"column":45}},"type":"binary-expr","locations":[{"start":{"line":42,"column":6},"end":{"line":42,"column":14}},{"start":{"line":42,"column":18},"end":{"line":42,"column":45}}],"line":42},"3":{"loc":{"start":{"line":48,"column":23},"end":{"line":48,"column":77}},"type":"cond-expr","locations":[{"start":{"line":48,"column":59},"end":{"line":48,"column":63}},{"start":{"line":48,"column":66},"end":{"line":48,"column":77}}],"line":48},"4":{"loc":{"start":{"line":48,"column":23},"end":{"line":48,"column":56}},"type":"binary-expr","locations":[{"start":{"line":48,"column":23},"end":{"line":48,"column":27}},{"start":{"line":48,"column":31},"end":{"line":48,"column":56}}],"line":48},"5":{"loc":{"start":{"line":56,"column":4},"end":{"line":58,"column":5}},"type":"if","locations":[{"start":{"line":56,"column":4},"end":{"line":58,"column":5}},{"start":{},"end":{}}],"line":56},"6":{"loc":{"start":{"line":68,"column":2},"end":{"line":70,"column":3}},"type":"if","locations":[{"start":{"line":68,"column":2},"end":{"line":70,"column":3}},{"start":{},"end":{}}],"line":68},"7":{"loc":{"start":{"line":68,"column":6},"end":{"line":68,"column":45}},"type":"binary-expr","locations":[{"start":{"line":68,"column":6},"end":{"line":68,"column":14}},{"start":{"line":68,"column":18},"end":{"line":68,"column":45}}],"line":68},"8":{"loc":{"start":{"line":83,"column":4},"end":{"line":85,"column":5}},"type":"if","locations":[{"start":{"line":83,"column":4},"end":{"line":85,"column":5}},{"start":{},"end":{}}],"line":83},"9":{"loc":{"start":{"line":89,"column":15},"end":{"line":89,"column":71}},"type":"cond-expr","locations":[{"start":{"line":89,"column":46},"end":{"line":89,"column":59}},{"start":{"line":89,"column":62},"end":{"line":89,"column":71}}],"line":89},"10":{"loc":{"start":{"line":109,"column":2},"end":{"line":111,"column":3}},"type":"if","locations":[{"start":{"line":109,"column":2},"end":{"line":111,"column":3}},{"start":{},"end":{}}],"line":109},"11":{"loc":{"start":{"line":109,"column":6},"end":{"line":109,"column":45}},"type":"binary-expr","locations":[{"start":{"line":109,"column":6},"end":{"line":109,"column":14}},{"start":{"line":109,"column":18},"end":{"line":109,"column":45}}],"line":109},"12":{"loc":{"start":{"line":113,"column":2},"end":{"line":115,"column":3}},"type":"if","locations":[{"start":{"line":113,"column":2},"end":{"line":115,"column":3}},{"start":{},"end":{}}],"line":113},"13":{"loc":{"start":{"line":113,"column":6},"end":{"line":113,"column":41}},"type":"binary-expr","locations":[{"start":{"line":113,"column":6},"end":{"line":113,"column":12}},{"start":{"line":113,"column":16},"end":{"line":113,"column":41}}],"line":113},"14":{"loc":{"start":{"line":147,"column":6},"end":{"line":156,"column":7}},"type":"if","locations":[{"start":{"line":147,"column":6},"end":{"line":156,"column":7}},{"start":{},"end":{}}],"line":147},"15":{"loc":{"start":{"line":216,"column":4},"end":{"line":235,"column":5}},"type":"if","locations":[{"start":{"line":216,"column":4},"end":{"line":235,"column":5}},{"start":{"line":228,"column":11},"end":{"line":235,"column":5}}],"line":216},"16":{"loc":{"start":{"line":292,"column":18},"end":{"line":292,"column":50}},"type":"binary-expr","locations":[{"start":{"line":292,"column":18},"end":{"line":292,"column":43}},{"start":{"line":292,"column":47},"end":{"line":292,"column":50}}],"line":292},"17":{"loc":{"start":{"line":304,"column":4},"end":{"line":306,"column":5}},"type":"if","locations":[{"start":{"line":304,"column":4},"end":{"line":306,"column":5}},{"start":{},"end":{}}],"line":304},"18":{"loc":{"start":{"line":322,"column":21},"end":{"line":322,"column":39}},"type":"default-arg","locations":[{"start":{"line":322,"column":28},"end":{"line":322,"column":39}}],"line":322},"19":{"loc":{"start":{"line":322,"column":41},"end":{"line":322,"column":60}},"type":"default-arg","locations":[{"start":{"line":322,"column":53},"end":{"line":322,"column":60}}],"line":322},"20":{"loc":{"start":{"line":324,"column":4},"end":{"line":326,"column":5}},"type":"if","locations":[{"start":{"line":324,"column":4},"end":{"line":326,"column":5}},{"start":{},"end":{}}],"line":324},"21":{"loc":{"start":{"line":324,"column":8},"end":{"line":324,"column":47}},"type":"binary-expr","locations":[{"start":{"line":324,"column":8},"end":{"line":324,"column":16}},{"start":{"line":324,"column":20},"end":{"line":324,"column":47}}],"line":324}},"s":{"0":0,"1":0,"2":0,"3":0,"4":0,"5":0,"6":0,"7":0,"8":0,"9":0,"10":0,"11":0,"12":0,"13":0,"14":0,"15":0,"16":0,"17":0,"18":0,"19":0,"20":0,"21":0,"22":0,"23":0,"24":0,"25":0,"26":0,"27":0,"28":0,"29":0,"30":0,"31":0,"32":0,"33":0,"34":0,"35":0,"36":0,"37":0,"38":0,"39":0,"40":0,"41":0,"42":0,"43":0,"44":0,"45":0,"46":0,"47":0,"48":0,"49":0,"50":0,"51":0,"52":0,"53":0,"54":0,"55":0,"56":0,"57":0,"58":0,"59":0,"60":0,"61":0,"62":0,"63":0,"64":0,"65":0,"66":0,"67":0,"68":0,"69":0,"70":0,"71":0,"72":0,"73":0,"74":0,"75":0,"76":0,"77":0,"78":0,"79":0,"80":0,"81":0,"82":0,"83":0,"84":0,"85":0,"86":0,"87":0,"88":0,"89":0,"90":0,"91":0,"92":0,"93":0,"94":0,"95":0,"96":0,"97":0,"98":0,"99":0,"100":0,"101":0,"102":0,"103":0,"104":0,"105":0,"106":0,"107":0,"108":0,"109":0,"110":0,"111":0,"112":0,"113":0,"114":0,"115":0,"116":0,"117":0,"118":0,"119":0,"120":0,"121":0,"122":0,"123":0,"124":0,"125":0,"126":0,"127":0,"128":0,"129":0,"130":0,"131":0,"132":0,"133":0,"134":0,"135":0,"136":0,"137":0,"138":0,"139":0,"140":0,"141":0,"142":0},"f":{"0":0,"1":0,"2":0,"3":0,"4":0,"5":0,"6":0,"7":0,"8":0,"9":0,"10":0,"11":0,"12":0,"13":0,"14":0},"b":{"0":[0,0],"1":[0,0],"2":[0,0],"3":[0,0],"4":[0,0],"5":[0,0],"6":[0,0],"7":[0,0],"8":[0,0],"9":[0,0],"10":[0,0],"11":[0,0],"12":[0,0],"13":[0,0],"14":[0,0],"15":[0,0],"16":[0,0],"17":[0,0],"18":[0],"19":[0],"20":[0,0],"21":[0,0]}}
,"/Users/emiliopostigo/roastr-ai/src/server.js": {"path":"/Users/emiliopostigo/roastr-ai/src/server.js","statementMap":{"0":{"start":{"line":1,"column":16},"end":{"line":1,"column":34}},"1":{"start":{"line":2,"column":19},"end":{"line":2,"column":41}},"2":{"start":{"line":3,"column":0},"end":{"line":3,"column":27}},"3":{"start":{"line":4,"column":13},"end":{"line":4,"column":28}},"4":{"start":{"line":7,"column":0},"end":{"line":7,"column":71}},"5":{"start":{"line":8,"column":0},"end":{"line":10,"column":1}},"6":{"start":{"line":9,"column":2},"end":{"line":9,"column":89}},"7":{"start":{"line":12,"column":27},"end":{"line":12,"column":67}},"8":{"start":{"line":14,"column":12},"end":{"line":14,"column":21}},"9":{"start":{"line":15,"column":13},"end":{"line":15,"column":37}},"10":{"start":{"line":18,"column":0},"end":{"line":18,"column":27}},"11":{"start":{"line":21,"column":0},"end":{"line":21,"column":59}},"12":{"start":{"line":24,"column":23},"end":{"line":24,"column":47}},"13":{"start":{"line":27,"column":0},"end":{"line":29,"column":3}},"14":{"start":{"line":28,"column":2},"end":{"line":28,"column":61}},"15":{"start":{"line":32,"column":0},"end":{"line":48,"column":3}},"16":{"start":{"line":33,"column":2},"end":{"line":47,"column":3}},"17":{"start":{"line":34,"column":24},"end":{"line":34,"column":32}},"18":{"start":{"line":36,"column":4},"end":{"line":38,"column":5}},"19":{"start":{"line":37,"column":6},"end":{"line":37,"column":80}},"20":{"start":{"line":41,"column":18},"end":{"line":41,"column":67}},"21":{"start":{"line":43,"column":4},"end":{"line":43,"column":24}},"22":{"start":{"line":45,"column":4},"end":{"line":45,"column":59}},"23":{"start":{"line":46,"column":4},"end":{"line":46,"column":73}},"24":{"start":{"line":51,"column":0},"end":{"line":53,"column":3}},"25":{"start":{"line":52,"column":2},"end":{"line":52,"column":73}}},"fnMap":{"0":{"name":"(anonymous_0)","decl":{"start":{"line":27,"column":13},"end":{"line":27,"column":14}},"loc":{"start":{"line":27,"column":27},"end":{"line":29,"column":1}},"line":27},"1":{"name":"(anonymous_1)","decl":{"start":{"line":32,"column":19},"end":{"line":32,"column":20}},"loc":{"start":{"line":32,"column":39},"end":{"line":48,"column":1}},"line":32},"2":{"name":"(anonymous_2)","decl":{"start":{"line":51,"column":17},"end":{"line":51,"column":18}},"loc":{"start":{"line":51,"column":23},"end":{"line":53,"column":1}},"line":51}},"branchMap":{"0":{"loc":{"start":{"line":8,"column":0},"end":{"line":10,"column":1}},"type":"if","locations":[{"start":{"line":8,"column":0},"end":{"line":10,"column":1}},{"start":{},"end":{}}],"line":8},"1":{"loc":{"start":{"line":15,"column":13},"end":{"line":15,"column":37}},"type":"binary-expr","locations":[{"start":{"line":15,"column":13},"end":{"line":15,"column":29}},{"start":{"line":15,"column":33},"end":{"line":15,"column":37}}],"line":15},"2":{"loc":{"start":{"line":36,"column":4},"end":{"line":38,"column":5}},"type":"if","locations":[{"start":{"line":36,"column":4},"end":{"line":38,"column":5}},{"start":{},"end":{}}],"line":36},"3":{"loc":{"start":{"line":36,"column":8},"end":{"line":36,"column":47}},"type":"binary-expr","locations":[{"start":{"line":36,"column":8},"end":{"line":36,"column":16}},{"start":{"line":36,"column":20},"end":{"line":36,"column":47}}],"line":36}},"s":{"0":0,"1":0,"2":0,"3":0,"4":0,"5":0,"6":0,"7":0,"8":0,"9":0,"10":0,"11":0,"12":0,"13":0,"14":0,"15":0,"16":0,"17":0,"18":0,"19":0,"20":0,"21":0,"22":0,"23":0,"24":0,"25":0},"f":{"0":0,"1":0,"2":0},"b":{"0":[0,0],"1":[0,0],"2":[0,0],"3":[0,0]}}
,"/Users/emiliopostigo/roastr-ai/src/twitterServer.js": {"path":"/Users/emiliopostigo/roastr-ai/src/twitterServer.js","statementMap":{"0":{"start":{"line":9,"column":16},"end":{"line":9,"column":34}},"1":{"start":{"line":10,"column":24},"end":{"line":10,"column":53}},"2":{"start":{"line":11,"column":0},"end":{"line":11,"column":27}},"3":{"start":{"line":13,"column":12},"end":{"line":13,"column":21}},"4":{"start":{"line":14,"column":13},"end":{"line":14,"column":37}},"5":{"start":{"line":16,"column":10},"end":{"line":16,"column":14}},"6":{"start":{"line":17,"column":16},"end":{"line":17,"column":25}},"7":{"start":{"line":20,"column":0},"end":{"line":20,"column":24}},"8":{"start":{"line":23,"column":0},"end":{"line":29,"column":3}},"9":{"start":{"line":24,"column":2},"end":{"line":28,"column":5}},"10":{"start":{"line":32,"column":0},"end":{"line":41,"column":3}},"11":{"start":{"line":33,"column":2},"end":{"line":40,"column":5}},"12":{"start":{"line":44,"column":0},"end":{"line":77,"column":3}},"13":{"start":{"line":45,"column":2},"end":{"line":76,"column":3}},"14":{"start":{"line":46,"column":4},"end":{"line":48,"column":5}},"15":{"start":{"line":47,"column":6},"end":{"line":47,"column":71}},"16":{"start":{"line":50,"column":4},"end":{"line":50,"column":62}},"17":{"start":{"line":52,"column":4},"end":{"line":52,"column":32}},"18":{"start":{"line":53,"column":4},"end":{"line":53,"column":27}},"19":{"start":{"line":56,"column":4},"end":{"line":59,"column":7}},"20":{"start":{"line":57,"column":6},"end":{"line":57,"column":45}},"21":{"start":{"line":58,"column":6},"end":{"line":58,"column":26}},"22":{"start":{"line":61,"column":4},"end":{"line":61,"column":26}},"23":{"start":{"line":63,"column":4},"end":{"line":67,"column":7}},"24":{"start":{"line":70,"column":4},"end":{"line":70,"column":50}},"25":{"start":{"line":71,"column":4},"end":{"line":71,"column":24}},"26":{"start":{"line":72,"column":4},"end":{"line":75,"column":7}},"27":{"start":{"line":80,"column":0},"end":{"line":108,"column":3}},"28":{"start":{"line":81,"column":2},"end":{"line":107,"column":3}},"29":{"start":{"line":82,"column":4},"end":{"line":84,"column":5}},"30":{"start":{"line":83,"column":6},"end":{"line":83,"column":67}},"31":{"start":{"line":86,"column":4},"end":{"line":86,"column":62}},"32":{"start":{"line":88,"column":4},"end":{"line":90,"column":5}},"33":{"start":{"line":89,"column":6},"end":{"line":89,"column":25}},"34":{"start":{"line":92,"column":4},"end":{"line":92,"column":15}},"35":{"start":{"line":93,"column":4},"end":{"line":93,"column":26}},"36":{"start":{"line":95,"column":4},"end":{"line":99,"column":7}},"37":{"start":{"line":102,"column":4},"end":{"line":102,"column":50}},"38":{"start":{"line":103,"column":4},"end":{"line":106,"column":7}},"39":{"start":{"line":111,"column":0},"end":{"line":124,"column":3}},"40":{"start":{"line":112,"column":2},"end":{"line":123,"column":5}},"41":{"start":{"line":127,"column":0},"end":{"line":152,"column":3}},"42":{"start":{"line":128,"column":2},"end":{"line":128,"column":73}},"43":{"start":{"line":129,"column":2},"end":{"line":129,"column":66}},"44":{"start":{"line":130,"column":2},"end":{"line":130,"column":68}},"45":{"start":{"line":133,"column":2},"end":{"line":151,"column":3}},"46":{"start":{"line":134,"column":4},"end":{"line":150,"column":5}},"47":{"start":{"line":135,"column":6},"end":{"line":135,"column":53}},"48":{"start":{"line":136,"column":6},"end":{"line":136,"column":34}},"49":{"start":{"line":137,"column":6},"end":{"line":137,"column":29}},"50":{"start":{"line":139,"column":6},"end":{"line":142,"column":9}},"51":{"start":{"line":140,"column":8},"end":{"line":140,"column":47}},"52":{"start":{"line":141,"column":8},"end":{"line":141,"column":28}},"53":{"start":{"line":144,"column":6},"end":{"line":144,"column":28}},"54":{"start":{"line":145,"column":6},"end":{"line":145,"column":48}},"55":{"start":{"line":148,"column":6},"end":{"line":148,"column":58}},"56":{"start":{"line":149,"column":6},"end":{"line":149,"column":26}},"57":{"start":{"line":155,"column":0},"end":{"line":163,"column":3}},"58":{"start":{"line":156,"column":2},"end":{"line":156,"column":57}},"59":{"start":{"line":158,"column":2},"end":{"line":160,"column":3}},"60":{"start":{"line":159,"column":4},"end":{"line":159,"column":23}},"61":{"start":{"line":162,"column":2},"end":{"line":162,"column":18}},"62":{"start":{"line":165,"column":0},"end":{"line":173,"column":3}},"63":{"start":{"line":166,"column":2},"end":{"line":166,"column":68}},"64":{"start":{"line":168,"column":2},"end":{"line":170,"column":3}},"65":{"start":{"line":169,"column":4},"end":{"line":169,"column":23}},"66":{"start":{"line":172,"column":2},"end":{"line":172,"column":18}}},"fnMap":{"0":{"name":"(anonymous_0)","decl":{"start":{"line":23,"column":19},"end":{"line":23,"column":20}},"loc":{"start":{"line":23,"column":33},"end":{"line":29,"column":1}},"line":23},"1":{"name":"(anonymous_1)","decl":{"start":{"line":32,"column":23},"end":{"line":32,"column":24}},"loc":{"start":{"line":32,"column":37},"end":{"line":41,"column":1}},"line":32},"2":{"name":"(anonymous_2)","decl":{"start":{"line":44,"column":23},"end":{"line":44,"column":24}},"loc":{"start":{"line":44,"column":43},"end":{"line":77,"column":1}},"line":44},"3":{"name":"(anonymous_3)","decl":{"start":{"line":56,"column":26},"end":{"line":56,"column":27}},"loc":{"start":{"line":56,"column":35},"end":{"line":59,"column":5}},"line":56},"4":{"name":"(anonymous_4)","decl":{"start":{"line":80,"column":22},"end":{"line":80,"column":23}},"loc":{"start":{"line":80,"column":36},"end":{"line":108,"column":1}},"line":80},"5":{"name":"(anonymous_5)","decl":{"start":{"line":111,"column":13},"end":{"line":111,"column":14}},"loc":{"start":{"line":111,"column":27},"end":{"line":124,"column":1}},"line":111},"6":{"name":"(anonymous_6)","decl":{"start":{"line":127,"column":17},"end":{"line":127,"column":18}},"loc":{"start":{"line":127,"column":29},"end":{"line":152,"column":1}},"line":127},"7":{"name":"(anonymous_7)","decl":{"start":{"line":139,"column":28},"end":{"line":139,"column":29}},"loc":{"start":{"line":139,"column":37},"end":{"line":142,"column":7}},"line":139},"8":{"name":"(anonymous_8)","decl":{"start":{"line":155,"column":21},"end":{"line":155,"column":22}},"loc":{"start":{"line":155,"column":27},"end":{"line":163,"column":1}},"line":155},"9":{"name":"(anonymous_9)","decl":{"start":{"line":165,"column":22},"end":{"line":165,"column":23}},"loc":{"start":{"line":165,"column":28},"end":{"line":173,"column":1}},"line":165}},"branchMap":{"0":{"loc":{"start":{"line":14,"column":13},"end":{"line":14,"column":37}},"type":"binary-expr","locations":[{"start":{"line":14,"column":13},"end":{"line":14,"column":29}},{"start":{"line":14,"column":33},"end":{"line":14,"column":37}}],"line":14},"1":{"loc":{"start":{"line":35,"column":14},"end":{"line":38,"column":12}},"type":"cond-expr","locations":[{"start":{"line":35,"column":20},"end":{"line":38,"column":5}},{"start":{"line":38,"column":8},"end":{"line":38,"column":12}}],"line":35},"2":{"loc":{"start":{"line":46,"column":4},"end":{"line":48,"column":5}},"type":"if","locations":[{"start":{"line":46,"column":4},"end":{"line":48,"column":5}},{"start":{},"end":{}}],"line":46},"3":{"loc":{"start":{"line":82,"column":4},"end":{"line":84,"column":5}},"type":"if","locations":[{"start":{"line":82,"column":4},"end":{"line":84,"column":5}},{"start":{},"end":{}}],"line":82},"4":{"loc":{"start":{"line":88,"column":4},"end":{"line":90,"column":5}},"type":"if","locations":[{"start":{"line":88,"column":4},"end":{"line":90,"column":5}},{"start":{},"end":{}}],"line":88},"5":{"loc":{"start":{"line":88,"column":8},"end":{"line":88,"column":25}},"type":"binary-expr","locations":[{"start":{"line":88,"column":8},"end":{"line":88,"column":11}},{"start":{"line":88,"column":15},"end":{"line":88,"column":25}}],"line":88},"6":{"loc":{"start":{"line":133,"column":2},"end":{"line":151,"column":3}},"type":"if","locations":[{"start":{"line":133,"column":2},"end":{"line":151,"column":3}},{"start":{},"end":{}}],"line":133},"7":{"loc":{"start":{"line":158,"column":2},"end":{"line":160,"column":3}},"type":"if","locations":[{"start":{"line":158,"column":2},"end":{"line":160,"column":3}},{"start":{},"end":{}}],"line":158},"8":{"loc":{"start":{"line":158,"column":6},"end":{"line":158,"column":23}},"type":"binary-expr","locations":[{"start":{"line":158,"column":6},"end":{"line":158,"column":9}},{"start":{"line":158,"column":13},"end":{"line":158,"column":23}}],"line":158},"9":{"loc":{"start":{"line":168,"column":2},"end":{"line":170,"column":3}},"type":"if","locations":[{"start":{"line":168,"column":2},"end":{"line":170,"column":3}},{"start":{},"end":{}}],"line":168},"10":{"loc":{"start":{"line":168,"column":6},"end":{"line":168,"column":23}},"type":"binary-expr","locations":[{"start":{"line":168,"column":6},"end":{"line":168,"column":9}},{"start":{"line":168,"column":13},"end":{"line":168,"column":23}}],"line":168}},"s":{"0":0,"1":0,"2":0,"3":0,"4":0,"5":0,"6":0,"7":0,"8":0,"9":0,"10":0,"11":0,"12":0,"13":0,"14":0,"15":0,"16":0,"17":0,"18":0,"19":0,"20":0,"21":0,"22":0,"23":0,"24":0,"25":0,"26":0,"27":0,"28":0,"29":0,"30":0,"31":0,"32":0,"33":0,"34":0,"35":0,"36":0,"37":0,"38":0,"39":0,"40":0,"41":0,"42":0,"43":0,"44":0,"45":0,"46":0,"47":0,"48":0,"49":0,"50":0,"51":0,"52":0,"53":0,"54":0,"55":0,"56":0,"57":0,"58":0,"59":0,"60":0,"61":0,"62":0,"63":0,"64":0,"65":0,"66":0},"f":{"0":0,"1":0,"2":0,"3":0,"4":0,"5":0,"6":0,"7":0,"8":0,"9":0},"b":{"0":[0,0],"1":[0,0],"2":[0,0],"3":[0,0],"4":[0,0],"5":[0,0],"6":[0,0],"7":[0,0],"8":[0,0],"9":[0,0],"10":[0,0]}}
,"/Users/emiliopostigo/roastr-ai/src/config/index.js": {"path":"/Users/emiliopostigo/roastr-ai/src/config/index.js","statementMap":{"0":{"start":{"line":3,"column":15},"end":{"line":14,"column":1}},"1":{"start":{"line":16,"column":0},"end":{"line":16,"column":24}}},"fnMap":{},"branchMap":{"0":{"loc":{"start":{"line":5,"column":12},"end":{"line":5,"column":44}},"type":"binary-expr","locations":[{"start":{"line":5,"column":12},"end":{"line":5,"column":38}},{"start":{"line":5,"column":42},"end":{"line":5,"column":44}}],"line":5},"1":{"loc":{"start":{"line":9,"column":12},"end":{"line":9,"column":49}},"type":"binary-expr","locations":[{"start":{"line":9,"column":12},"end":{"line":9,"column":43}},{"start":{"line":9,"column":47},"end":{"line":9,"column":49}}],"line":9}},"s":{"0":0,"1":0},"f":{},"b":{"0":[0,0],"1":[0,0]}}
,"/Users/emiliopostigo/roastr-ai/src/config/integrations.js": {"path":"/Users/emiliopostigo/roastr-ai/src/config/integrations.js","statementMap":{"0":{"start":{"line":1,"column":0},"end":{"line":1,"column":27}},"1":{"start":{"line":3,"column":0},"end":{"line":163,"column":2}}},"fnMap":{},"branchMap":{"0":{"loc":{"start":{"line":5,"column":11},"end":{"line":5,"column":70}},"type":"binary-expr","locations":[{"start":{"line":5,"column":11},"end":{"line":5,"column":55}},{"start":{"line":5,"column":59},"end":{"line":5,"column":70}}],"line":5},"1":{"loc":{"start":{"line":6,"column":17},"end":{"line":6,"column":71}},"type":"binary-expr","locations":[{"start":{"line":6,"column":17},"end":{"line":6,"column":66}},{"start":{"line":6,"column":70},"end":{"line":6,"column":71}}],"line":6},"2":{"loc":{"start":{"line":10,"column":14},"end":{"line":10,"column":49}},"type":"binary-expr","locations":[{"start":{"line":10,"column":14},"end":{"line":10,"column":37}},{"start":{"line":10,"column":41},"end":{"line":10,"column":49}}],"line":10},"3":{"loc":{"start":{"line":16,"column":26},"end":{"line":16,"column":81}},"type":"binary-expr","locations":[{"start":{"line":16,"column":26},"end":{"line":16,"column":76}},{"start":{"line":16,"column":80},"end":{"line":16,"column":81}}],"line":16},"4":{"loc":{"start":{"line":33,"column":22},"end":{"line":33,"column":69}},"type":"binary-expr","locations":[{"start":{"line":33,"column":22},"end":{"line":33,"column":63}},{"start":{"line":33,"column":67},"end":{"line":33,"column":69}}],"line":33},"5":{"loc":{"start":{"line":34,"column":27},"end":{"line":34,"column":81}},"type":"binary-expr","locations":[{"start":{"line":34,"column":27},"end":{"line":34,"column":73}},{"start":{"line":34,"column":77},"end":{"line":34,"column":81}}],"line":34},"6":{"loc":{"start":{"line":37,"column":10},"end":{"line":37,"column":49}},"type":"binary-expr","locations":[{"start":{"line":37,"column":10},"end":{"line":37,"column":34}},{"start":{"line":37,"column":38},"end":{"line":37,"column":49}}],"line":37},"7":{"loc":{"start":{"line":38,"column":15},"end":{"line":38,"column":56}},"type":"binary-expr","locations":[{"start":{"line":38,"column":15},"end":{"line":38,"column":45}},{"start":{"line":38,"column":49},"end":{"line":38,"column":56}}],"line":38},"8":{"loc":{"start":{"line":39,"column":23},"end":{"line":39,"column":80}},"type":"binary-expr","locations":[{"start":{"line":39,"column":23},"end":{"line":39,"column":73}},{"start":{"line":39,"column":77},"end":{"line":39,"column":80}}],"line":39},"9":{"loc":{"start":{"line":40,"column":18},"end":{"line":40,"column":94}},"type":"binary-expr","locations":[{"start":{"line":40,"column":18},"end":{"line":40,"column":63}},{"start":{"line":40,"column":67},"end":{"line":40,"column":94}}],"line":40},"10":{"loc":{"start":{"line":59,"column":21},"end":{"line":59,"column":75}},"type":"binary-expr","locations":[{"start":{"line":59,"column":21},"end":{"line":59,"column":69}},{"start":{"line":59,"column":73},"end":{"line":59,"column":75}}],"line":59},"11":{"loc":{"start":{"line":60,"column":21},"end":{"line":60,"column":77}},"type":"binary-expr","locations":[{"start":{"line":60,"column":21},"end":{"line":60,"column":67}},{"start":{"line":60,"column":71},"end":{"line":60,"column":77}}],"line":60},"12":{"loc":{"start":{"line":61,"column":18},"end":{"line":61,"column":106}},"type":"binary-expr","locations":[{"start":{"line":61,"column":18},"end":{"line":61,"column":63}},{"start":{"line":61,"column":67},"end":{"line":61,"column":106}}],"line":61},"13":{"loc":{"start":{"line":62,"column":25},"end":{"line":62,"column":82}},"type":"binary-expr","locations":[{"start":{"line":62,"column":25},"end":{"line":62,"column":77}},{"start":{"line":62,"column":81},"end":{"line":62,"column":82}}],"line":62},"14":{"loc":{"start":{"line":65,"column":10},"end":{"line":65,"column":46}},"type":"binary-expr","locations":[{"start":{"line":65,"column":10},"end":{"line":65,"column":34}},{"start":{"line":65,"column":38},"end":{"line":65,"column":46}}],"line":65},"15":{"loc":{"start":{"line":66,"column":15},"end":{"line":66,"column":57}},"type":"binary-expr","locations":[{"start":{"line":66,"column":15},"end":{"line":66,"column":45}},{"start":{"line":66,"column":49},"end":{"line":66,"column":57}}],"line":66},"16":{"loc":{"start":{"line":67,"column":23},"end":{"line":67,"column":80}},"type":"binary-expr","locations":[{"start":{"line":67,"column":23},"end":{"line":67,"column":73}},{"start":{"line":67,"column":77},"end":{"line":67,"column":80}}],"line":67},"17":{"loc":{"start":{"line":83,"column":16},"end":{"line":83,"column":72}},"type":"binary-expr","locations":[{"start":{"line":83,"column":16},"end":{"line":83,"column":47}},{"start":{"line":83,"column":51},"end":{"line":83,"column":72}}],"line":83},"18":{"loc":{"start":{"line":84,"column":17},"end":{"line":84,"column":109}},"type":"binary-expr","locations":[{"start":{"line":84,"column":17},"end":{"line":84,"column":49}},{"start":{"line":84,"column":53},"end":{"line":84,"column":109}}],"line":84},"19":{"loc":{"start":{"line":85,"column":25},"end":{"line":85,"column":83}},"type":"binary-expr","locations":[{"start":{"line":85,"column":25},"end":{"line":85,"column":77}},{"start":{"line":85,"column":81},"end":{"line":85,"column":83}}],"line":85},"20":{"loc":{"start":{"line":86,"column":20},"end":{"line":86,"column":73}},"type":"binary-expr","locations":[{"start":{"line":86,"column":20},"end":{"line":86,"column":65}},{"start":{"line":86,"column":69},"end":{"line":86,"column":73}}],"line":86},"21":{"loc":{"start":{"line":98,"column":21},"end":{"line":98,"column":79}},"type":"binary-expr","locations":[{"start":{"line":98,"column":21},"end":{"line":98,"column":69}},{"start":{"line":98,"column":73},"end":{"line":98,"column":79}}],"line":98},"22":{"loc":{"start":{"line":99,"column":18},"end":{"line":99,"column":108}},"type":"binary-expr","locations":[{"start":{"line":99,"column":18},"end":{"line":99,"column":65}},{"start":{"line":99,"column":69},"end":{"line":99,"column":108}}],"line":99},"23":{"loc":{"start":{"line":100,"column":25},"end":{"line":100,"column":84}},"type":"binary-expr","locations":[{"start":{"line":100,"column":25},"end":{"line":100,"column":79}},{"start":{"line":100,"column":83},"end":{"line":100,"column":84}}],"line":100},"24":{"loc":{"start":{"line":106,"column":22},"end":{"line":106,"column":74}},"type":"binary-expr","locations":[{"start":{"line":106,"column":22},"end":{"line":106,"column":69}},{"start":{"line":106,"column":73},"end":{"line":106,"column":74}}],"line":106},"25":{"loc":{"start":{"line":107,"column":22},"end":{"line":107,"column":76}},"type":"binary-expr","locations":[{"start":{"line":107,"column":22},"end":{"line":107,"column":69}},{"start":{"line":107,"column":73},"end":{"line":107,"column":76}}],"line":107},"26":{"loc":{"start":{"line":108,"column":17},"end":{"line":108,"column":87}},"type":"binary-expr","locations":[{"start":{"line":108,"column":17},"end":{"line":108,"column":60}},{"start":{"line":108,"column":64},"end":{"line":108,"column":87}}],"line":108},"27":{"loc":{"start":{"line":109,"column":23},"end":{"line":109,"column":79}},"type":"binary-expr","locations":[{"start":{"line":109,"column":23},"end":{"line":109,"column":72}},{"start":{"line":109,"column":76},"end":{"line":109,"column":79}}],"line":109},"28":{"loc":{"start":{"line":114,"column":25},"end":{"line":114,"column":82}},"type":"binary-expr","locations":[{"start":{"line":114,"column":25},"end":{"line":114,"column":76}},{"start":{"line":114,"column":80},"end":{"line":114,"column":82}}],"line":114},"29":{"loc":{"start":{"line":115,"column":30},"end":{"line":115,"column":95}},"type":"binary-expr","locations":[{"start":{"line":115,"column":30},"end":{"line":115,"column":86}},{"start":{"line":115,"column":90},"end":{"line":115,"column":95}}],"line":115},"30":{"loc":{"start":{"line":116,"column":29},"end":{"line":116,"column":88}},"type":"binary-expr","locations":[{"start":{"line":116,"column":29},"end":{"line":116,"column":83}},{"start":{"line":116,"column":87},"end":{"line":116,"column":88}}],"line":116},"31":{"loc":{"start":{"line":121,"column":17},"end":{"line":121,"column":62}},"type":"binary-expr","locations":[{"start":{"line":121,"column":17},"end":{"line":121,"column":47}},{"start":{"line":121,"column":51},"end":{"line":121,"column":62}}],"line":121},"32":{"loc":{"start":{"line":123,"column":16},"end":{"line":123,"column":71}},"type":"binary-expr","locations":[{"start":{"line":123,"column":16},"end":{"line":123,"column":66}},{"start":{"line":123,"column":70},"end":{"line":123,"column":71}}],"line":123},"33":{"loc":{"start":{"line":124,"column":13},"end":{"line":124,"column":68}},"type":"binary-expr","locations":[{"start":{"line":124,"column":13},"end":{"line":124,"column":59}},{"start":{"line":124,"column":63},"end":{"line":124,"column":68}}],"line":124},"34":{"loc":{"start":{"line":131,"column":16},"end":{"line":131,"column":107}},"type":"binary-expr","locations":[{"start":{"line":131,"column":16},"end":{"line":131,"column":62}},{"start":{"line":131,"column":66},"end":{"line":131,"column":107}}],"line":131},"35":{"loc":{"start":{"line":132,"column":15},"end":{"line":132,"column":67}},"type":"binary-expr","locations":[{"start":{"line":132,"column":15},"end":{"line":132,"column":60}},{"start":{"line":132,"column":64},"end":{"line":132,"column":67}}],"line":132},"36":{"loc":{"start":{"line":137,"column":11},"end":{"line":137,"column":42}},"type":"binary-expr","locations":[{"start":{"line":137,"column":11},"end":{"line":137,"column":32}},{"start":{"line":137,"column":36},"end":{"line":137,"column":42}}],"line":137},"37":{"loc":{"start":{"line":139,"column":21},"end":{"line":139,"column":69}},"type":"binary-expr","locations":[{"start":{"line":139,"column":21},"end":{"line":139,"column":59}},{"start":{"line":139,"column":63},"end":{"line":139,"column":69}}],"line":139},"38":{"loc":{"start":{"line":146,"column":24},"end":{"line":146,"column":81}},"type":"binary-expr","locations":[{"start":{"line":146,"column":24},"end":{"line":146,"column":74}},{"start":{"line":146,"column":78},"end":{"line":146,"column":81}}],"line":146},"39":{"loc":{"start":{"line":147,"column":20},"end":{"line":147,"column":68}},"type":"binary-expr","locations":[{"start":{"line":147,"column":20},"end":{"line":147,"column":63}},{"start":{"line":147,"column":67},"end":{"line":147,"column":68}}],"line":147},"40":{"loc":{"start":{"line":152,"column":10},"end":{"line":152,"column":44}},"type":"binary-expr","locations":[{"start":{"line":152,"column":10},"end":{"line":152,"column":34}},{"start":{"line":152,"column":38},"end":{"line":152,"column":44}}],"line":152},"41":{"loc":{"start":{"line":154,"column":17},"end":{"line":154,"column":69}},"type":"binary-expr","locations":[{"start":{"line":154,"column":17},"end":{"line":154,"column":59}},{"start":{"line":154,"column":63},"end":{"line":154,"column":69}}],"line":154}},"s":{"0":18,"1":18},"f":{},"b":{"0":[18,0],"1":[18,0],"2":[18,0],"3":[18,0],"4":[18,18],"5":[18,18],"6":[18,0],"7":[18,0],"8":[18,0],"9":[18,0],"10":[18,0],"11":[18,18],"12":[18,0],"13":[18,18],"14":[18,0],"15":[18,0],"16":[18,0],"17":[18,18],"18":[18,18],"19":[18,18],"20":[18,18],"21":[18,18],"22":[18,18],"23":[18,18],"24":[18,0],"25":[18,0],"26":[18,0],"27":[18,0],"28":[18,18],"29":[18,18],"30":[18,18],"31":[18,18],"32":[18,18],"33":[18,18],"34":[18,0],"35":[18,0],"36":[18,0],"37":[18,0],"38":[18,18],"39":[18,18],"40":[18,0],"41":[18,0]},"_coverageSchema":"1a1c01bbd47fc00a2c39e90264f33305004495a9","hash":"196ddb0c10caccbfce04fb6a56ea522b66d87aa7"}
,"/Users/emiliopostigo/roastr-ai/src/integrations/integrationManager.js": {"path":"/Users/emiliopostigo/roastr-ai/src/integrations/integrationManager.js","statementMap":{"0":{"start":{"line":1,"column":15},"end":{"line":1,"column":48}},"1":{"start":{"line":4,"column":24},"end":{"line":4,"column":54}},"2":{"start":{"line":5,"column":23},"end":{"line":5,"column":58}},"3":{"start":{"line":6,"column":23},"end":{"line":6,"column":58}},"4":{"start":{"line":7,"column":25},"end":{"line":7,"column":64}},"5":{"start":{"line":8,"column":24},"end":{"line":8,"column":61}},"6":{"start":{"line":9,"column":23},"end":{"line":9,"column":58}},"7":{"start":{"line":10,"column":22},"end":{"line":10,"column":55}},"8":{"start":{"line":11,"column":22},"end":{"line":11,"column":55}},"9":{"start":{"line":12,"column":22},"end":{"line":12,"column":55}},"10":{"start":{"line":16,"column":4},"end":{"line":16,"column":40}},"11":{"start":{"line":17,"column":4},"end":{"line":17,"column":25}},"12":{"start":{"line":18,"column":4},"end":{"line":18,"column":34}},"13":{"start":{"line":21,"column":4},"end":{"line":27,"column":6}},"14":{"start":{"line":30,"column":4},"end":{"line":32,"column":5}},"15":{"start":{"line":31,"column":6},"end":{"line":31,"column":36}},"16":{"start":{"line":39,"column":4},"end":{"line":41,"column":5}},"17":{"start":{"line":40,"column":6},"end":{"line":40,"column":92}},"18":{"start":{"line":48,"column":4},"end":{"line":123,"column":5}},"19":{"start":{"line":49,"column":6},"end":{"line":49,"column":70}},"20":{"start":{"line":50,"column":6},"end":{"line":50,"column":66}},"21":{"start":{"line":52,"column":34},"end":{"line":52,"column":36}},"22":{"start":{"line":55,"column":6},"end":{"line":57,"column":7}},"23":{"start":{"line":56,"column":8},"end":{"line":56,"column":59}},"24":{"start":{"line":60,"column":6},"end":{"line":62,"column":7}},"25":{"start":{"line":61,"column":8},"end":{"line":61,"column":59}},"26":{"start":{"line":65,"column":6},"end":{"line":67,"column":7}},"27":{"start":{"line":66,"column":8},"end":{"line":66,"column":59}},"28":{"start":{"line":70,"column":6},"end":{"line":72,"column":7}},"29":{"start":{"line":71,"column":8},"end":{"line":71,"column":61}},"30":{"start":{"line":75,"column":6},"end":{"line":77,"column":7}},"31":{"start":{"line":76,"column":8},"end":{"line":76,"column":60}},"32":{"start":{"line":80,"column":6},"end":{"line":82,"column":7}},"33":{"start":{"line":81,"column":8},"end":{"line":81,"column":59}},"34":{"start":{"line":85,"column":6},"end":{"line":87,"column":7}},"35":{"start":{"line":86,"column":8},"end":{"line":86,"column":58}},"36":{"start":{"line":90,"column":6},"end":{"line":92,"column":7}},"37":{"start":{"line":91,"column":8},"end":{"line":91,"column":58}},"38":{"start":{"line":95,"column":6},"end":{"line":97,"column":7}},"39":{"start":{"line":96,"column":8},"end":{"line":96,"column":58}},"40":{"start":{"line":100,"column":22},"end":{"line":100,"column":67}},"41":{"start":{"line":103,"column":25},"end":{"line":103,"column":26}},"42":{"start":{"line":104,"column":25},"end":{"line":104,"column":26}},"43":{"start":{"line":106,"column":6},"end":{"line":113,"column":9}},"44":{"start":{"line":107,"column":8},"end":{"line":112,"column":9}},"45":{"start":{"line":108,"column":10},"end":{"line":108,"column":25}},"46":{"start":{"line":110,"column":10},"end":{"line":110,"column":25}},"47":{"start":{"line":111,"column":10},"end":{"line":111,"column":88}},"48":{"start":{"line":115,"column":6},"end":{"line":115,"column":107}},"49":{"start":{"line":116,"column":6},"end":{"line":116,"column":102}},"50":{"start":{"line":118,"column":6},"end":{"line":118,"column":61}},"51":{"start":{"line":121,"column":6},"end":{"line":121,"column":89}},"52":{"start":{"line":122,"column":6},"end":{"line":122,"column":18}},"53":{"start":{"line":130,"column":4},"end":{"line":142,"column":5}},"54":{"start":{"line":131,"column":6},"end":{"line":131,"column":59}},"55":{"start":{"line":133,"column":25},"end":{"line":133,"column":46}},"56":{"start":{"line":134,"column":6},"end":{"line":134,"column":36}},"57":{"start":{"line":136,"column":6},"end":{"line":136,"column":57}},"58":{"start":{"line":137,"column":6},"end":{"line":137,"column":55}},"59":{"start":{"line":140,"column":6},"end":{"line":140,"column":82}},"60":{"start":{"line":141,"column":6},"end":{"line":141,"column":18}},"61":{"start":{"line":149,"column":4},"end":{"line":161,"column":5}},"62":{"start":{"line":150,"column":6},"end":{"line":150,"column":59}},"63":{"start":{"line":152,"column":29},"end":{"line":152,"column":68}},"64":{"start":{"line":153,"column":6},"end":{"line":153,"column":40}},"65":{"start":{"line":155,"column":6},"end":{"line":155,"column":61}},"66":{"start":{"line":156,"column":6},"end":{"line":156,"column":55}},"67":{"start":{"line":159,"column":6},"end":{"line":159,"column":82}},"68":{"start":{"line":160,"column":6},"end":{"line":160,"column":18}},"69":{"start":{"line":168,"column":4},"end":{"line":180,"column":5}},"70":{"start":{"line":169,"column":6},"end":{"line":169,"column":59}},"71":{"start":{"line":171,"column":29},"end":{"line":171,"column":68}},"72":{"start":{"line":172,"column":6},"end":{"line":172,"column":40}},"73":{"start":{"line":174,"column":6},"end":{"line":174,"column":61}},"74":{"start":{"line":175,"column":6},"end":{"line":175,"column":55}},"75":{"start":{"line":178,"column":6},"end":{"line":178,"column":82}},"76":{"start":{"line":179,"column":6},"end":{"line":179,"column":18}},"77":{"start":{"line":187,"column":4},"end":{"line":199,"column":5}},"78":{"start":{"line":188,"column":6},"end":{"line":188,"column":61}},"79":{"start":{"line":190,"column":31},"end":{"line":190,"column":74}},"80":{"start":{"line":191,"column":6},"end":{"line":191,"column":42}},"81":{"start":{"line":193,"column":6},"end":{"line":193,"column":65}},"82":{"start":{"line":194,"column":6},"end":{"line":194,"column":57}},"83":{"start":{"line":197,"column":6},"end":{"line":197,"column":84}},"84":{"start":{"line":198,"column":6},"end":{"line":198,"column":18}},"85":{"start":{"line":206,"column":4},"end":{"line":218,"column":5}},"86":{"start":{"line":207,"column":6},"end":{"line":207,"column":60}},"87":{"start":{"line":209,"column":30},"end":{"line":209,"column":77}},"88":{"start":{"line":210,"column":6},"end":{"line":210,"column":41}},"89":{"start":{"line":212,"column":6},"end":{"line":212,"column":63}},"90":{"start":{"line":213,"column":6},"end":{"line":213,"column":56}},"91":{"start":{"line":216,"column":6},"end":{"line":216,"column":83}},"92":{"start":{"line":217,"column":6},"end":{"line":217,"column":18}},"93":{"start":{"line":225,"column":4},"end":{"line":237,"column":5}},"94":{"start":{"line":226,"column":6},"end":{"line":226,"column":59}},"95":{"start":{"line":228,"column":29},"end":{"line":228,"column":74}},"96":{"start":{"line":229,"column":6},"end":{"line":229,"column":40}},"97":{"start":{"line":231,"column":6},"end":{"line":231,"column":61}},"98":{"start":{"line":232,"column":6},"end":{"line":232,"column":55}},"99":{"start":{"line":235,"column":6},"end":{"line":235,"column":82}},"100":{"start":{"line":236,"column":6},"end":{"line":236,"column":18}},"101":{"start":{"line":244,"column":4},"end":{"line":256,"column":5}},"102":{"start":{"line":245,"column":6},"end":{"line":245,"column":58}},"103":{"start":{"line":247,"column":28},"end":{"line":247,"column":71}},"104":{"start":{"line":248,"column":6},"end":{"line":248,"column":39}},"105":{"start":{"line":250,"column":6},"end":{"line":250,"column":59}},"106":{"start":{"line":251,"column":6},"end":{"line":251,"column":54}},"107":{"start":{"line":254,"column":6},"end":{"line":254,"column":81}},"108":{"start":{"line":255,"column":6},"end":{"line":255,"column":18}},"109":{"start":{"line":263,"column":4},"end":{"line":275,"column":5}},"110":{"start":{"line":264,"column":6},"end":{"line":264,"column":58}},"111":{"start":{"line":266,"column":28},"end":{"line":266,"column":71}},"112":{"start":{"line":267,"column":6},"end":{"line":267,"column":39}},"113":{"start":{"line":269,"column":6},"end":{"line":269,"column":59}},"114":{"start":{"line":270,"column":6},"end":{"line":270,"column":54}},"115":{"start":{"line":273,"column":6},"end":{"line":273,"column":81}},"116":{"start":{"line":274,"column":6},"end":{"line":274,"column":18}},"117":{"start":{"line":282,"column":4},"end":{"line":294,"column":5}},"118":{"start":{"line":283,"column":6},"end":{"line":283,"column":58}},"119":{"start":{"line":285,"column":28},"end":{"line":285,"column":71}},"120":{"start":{"line":286,"column":6},"end":{"line":286,"column":39}},"121":{"start":{"line":288,"column":6},"end":{"line":288,"column":59}},"122":{"start":{"line":289,"column":6},"end":{"line":289,"column":54}},"123":{"start":{"line":292,"column":6},"end":{"line":292,"column":81}},"124":{"start":{"line":293,"column":6},"end":{"line":293,"column":18}},"125":{"start":{"line":301,"column":4},"end":{"line":322,"column":5}},"126":{"start":{"line":302,"column":6},"end":{"line":302,"column":83}},"127":{"start":{"line":304,"column":32},"end":{"line":304,"column":34}},"128":{"start":{"line":306,"column":6},"end":{"line":313,"column":7}},"129":{"start":{"line":307,"column":8},"end":{"line":307,"column":63}},"130":{"start":{"line":308,"column":8},"end":{"line":312,"column":10}},"131":{"start":{"line":310,"column":12},"end":{"line":310,"column":88}},"132":{"start":{"line":315,"column":6},"end":{"line":315,"column":50}},"133":{"start":{"line":317,"column":6},"end":{"line":317,"column":72}},"134":{"start":{"line":320,"column":6},"end":{"line":320,"column":66}},"135":{"start":{"line":321,"column":6},"end":{"line":321,"column":18}},"136":{"start":{"line":329,"column":4},"end":{"line":380,"column":5}},"137":{"start":{"line":330,"column":6},"end":{"line":330,"column":81}},"138":{"start":{"line":332,"column":6},"end":{"line":340,"column":7}},"139":{"start":{"line":333,"column":8},"end":{"line":333,"column":60}},"140":{"start":{"line":334,"column":8},"end":{"line":339,"column":10}},"141":{"start":{"line":342,"column":24},"end":{"line":342,"column":34}},"142":{"start":{"line":343,"column":28},"end":{"line":343,"column":30}},"143":{"start":{"line":344,"column":22},"end":{"line":344,"column":24}},"144":{"start":{"line":347,"column":24},"end":{"line":347,"column":66}},"145":{"start":{"line":349,"column":6},"end":{"line":365,"column":7}},"146":{"start":{"line":349,"column":19},"end":{"line":349,"column":20}},"147":{"start":{"line":350,"column":22},"end":{"line":350,"column":71}},"148":{"start":{"line":352,"column":8},"end":{"line":352,"column":63}},"149":{"start":{"line":354,"column":29},"end":{"line":356,"column":9}},"150":{"start":{"line":355,"column":32},"end":{"line":355,"column":66}},"151":{"start":{"line":358,"column":8},"end":{"line":358,"column":38}},"152":{"start":{"line":361,"column":8},"end":{"line":364,"column":9}},"153":{"start":{"line":362,"column":10},"end":{"line":362,"column":59}},"154":{"start":{"line":363,"column":10},"end":{"line":363,"column":66}},"155":{"start":{"line":363,"column":39},"end":{"line":363,"column":64}},"156":{"start":{"line":368,"column":22},"end":{"line":368,"column":55}},"157":{"start":{"line":369,"column":23},"end":{"line":369,"column":45}},"158":{"start":{"line":371,"column":6},"end":{"line":371,"column":67}},"159":{"start":{"line":372,"column":6},"end":{"line":372,"column":48}},"160":{"start":{"line":374,"column":6},"end":{"line":374,"column":21}},"161":{"start":{"line":377,"column":6},"end":{"line":377,"column":67}},"162":{"start":{"line":378,"column":6},"end":{"line":378,"column":39}},"163":{"start":{"line":379,"column":6},"end":{"line":379,"column":18}},"164":{"start":{"line":387,"column":4},"end":{"line":425,"column":5}},"165":{"start":{"line":388,"column":6},"end":{"line":388,"column":56}},"166":{"start":{"line":390,"column":26},"end":{"line":390,"column":63}},"167":{"start":{"line":392,"column":6},"end":{"line":394,"column":7}},"168":{"start":{"line":393,"column":8},"end":{"line":393,"column":61}},"169":{"start":{"line":396,"column":24},"end":{"line":396,"column":34}},"170":{"start":{"line":399,"column":6},"end":{"line":399,"column":44}},"171":{"start":{"line":401,"column":23},"end":{"line":401,"column":45}},"172":{"start":{"line":404,"column":22},"end":{"line":404,"column":76}},"173":{"start":{"line":406,"column":6},"end":{"line":406,"column":72}},"174":{"start":{"line":408,"column":6},"end":{"line":414,"column":8}},"175":{"start":{"line":417,"column":6},"end":{"line":417,"column":77}},"176":{"start":{"line":419,"column":6},"end":{"line":424,"column":8}},"177":{"start":{"line":432,"column":23},"end":{"line":432,"column":88}},"178":{"start":{"line":432,"column":43},"end":{"line":432,"column":87}},"179":{"start":{"line":433,"column":19},"end":{"line":433,"column":84}},"180":{"start":{"line":433,"column":39},"end":{"line":433,"column":83}},"181":{"start":{"line":435,"column":20},"end":{"line":443,"column":5}},"182":{"start":{"line":439,"column":32},"end":{"line":442,"column":7}},"183":{"start":{"line":446,"column":24},"end":{"line":446,"column":25}},"184":{"start":{"line":447,"column":25},"end":{"line":447,"column":26}},"185":{"start":{"line":448,"column":22},"end":{"line":448,"column":23}},"186":{"start":{"line":450,"column":4},"end":{"line":455,"column":7}},"187":{"start":{"line":451,"column":22},"end":{"line":451,"column":49}},"188":{"start":{"line":452,"column":6},"end":{"line":452,"column":54}},"189":{"start":{"line":453,"column":6},"end":{"line":453,"column":56}},"190":{"start":{"line":454,"column":6},"end":{"line":454,"column":52}},"191":{"start":{"line":457,"column":4},"end":{"line":457,"column":63}},"192":{"start":{"line":458,"column":4},"end":{"line":458,"column":65}},"193":{"start":{"line":459,"column":4},"end":{"line":459,"column":50}},"194":{"start":{"line":461,"column":4},"end":{"line":461,"column":19}},"195":{"start":{"line":468,"column":4},"end":{"line":468,"column":49}},"196":{"start":{"line":469,"column":4},"end":{"line":469,"column":48}},"197":{"start":{"line":470,"column":4},"end":{"line":470,"column":47}},"198":{"start":{"line":471,"column":4},"end":{"line":471,"column":67}},"199":{"start":{"line":472,"column":4},"end":{"line":472,"column":52}},"200":{"start":{"line":473,"column":4},"end":{"line":473,"column":47}},"201":{"start":{"line":474,"column":4},"end":{"line":474,"column":93}},"202":{"start":{"line":475,"column":4},"end":{"line":475,"column":95}},"203":{"start":{"line":476,"column":4},"end":{"line":476,"column":71}},"204":{"start":{"line":478,"column":4},"end":{"line":485,"column":5}},"205":{"start":{"line":479,"column":6},"end":{"line":479,"column":46}},"206":{"start":{"line":480,"column":6},"end":{"line":484,"column":9}},"207":{"start":{"line":481,"column":8},"end":{"line":483,"column":9}},"208":{"start":{"line":482,"column":10},"end":{"line":482,"column":79}},"209":{"start":{"line":487,"column":4},"end":{"line":487,"column":50}},"210":{"start":{"line":494,"column":31},"end":{"line":494,"column":33}},"211":{"start":{"line":497,"column":4},"end":{"line":507,"column":5}},"212":{"start":{"line":498,"column":6},"end":{"line":506,"column":7}},"213":{"start":{"line":499,"column":8},"end":{"line":499,"column":64}},"214":{"start":{"line":502,"column":24},"end":{"line":502,"column":52}},"215":{"start":{"line":503,"column":8},"end":{"line":503,"column":84}},"216":{"start":{"line":504,"column":8},"end":{"line":504,"column":86}},"217":{"start":{"line":505,"column":8},"end":{"line":505,"column":73}},"218":{"start":{"line":510,"column":4},"end":{"line":510,"column":49}},"219":{"start":{"line":512,"column":4},"end":{"line":517,"column":6}},"220":{"start":{"line":524,"column":4},"end":{"line":531,"column":44}},"221":{"start":{"line":525,"column":22},"end":{"line":525,"column":45}},"222":{"start":{"line":526,"column":6},"end":{"line":526,"column":57}},"223":{"start":{"line":538,"column":19},"end":{"line":546,"column":5}},"224":{"start":{"line":548,"column":4},"end":{"line":554,"column":5}},"225":{"start":{"line":549,"column":6},"end":{"line":553,"column":8}},"226":{"start":{"line":556,"column":4},"end":{"line":556,"column":18}},"227":{"start":{"line":563,"column":4},"end":{"line":587,"column":5}},"228":{"start":{"line":564,"column":6},"end":{"line":564,"column":61}},"229":{"start":{"line":566,"column":31},"end":{"line":566,"column":33}},"230":{"start":{"line":568,"column":6},"end":{"line":577,"column":7}},"231":{"start":{"line":569,"column":8},"end":{"line":569,"column":54}},"232":{"start":{"line":570,"column":8},"end":{"line":576,"column":9}},"233":{"start":{"line":571,"column":10},"end":{"line":575,"column":12}},"234":{"start":{"line":573,"column":14},"end":{"line":573,"column":81}},"235":{"start":{"line":579,"column":6},"end":{"line":579,"column":49}},"236":{"start":{"line":581,"column":6},"end":{"line":581,"column":38}},"237":{"start":{"line":583,"column":6},"end":{"line":583,"column":66}},"238":{"start":{"line":586,"column":6},"end":{"line":586,"column":83}},"239":{"start":{"line":594,"column":4},"end":{"line":634,"column":5}},"240":{"start":{"line":595,"column":6},"end":{"line":595,"column":62}},"241":{"start":{"line":598,"column":26},"end":{"line":598,"column":63}},"242":{"start":{"line":599,"column":6},"end":{"line":601,"column":7}},"243":{"start":{"line":600,"column":8},"end":{"line":600,"column":37}},"244":{"start":{"line":603,"column":6},"end":{"line":603,"column":47}},"245":{"start":{"line":606,"column":6},"end":{"line":621,"column":7}},"246":{"start":{"line":608,"column":10},"end":{"line":608,"column":41}},"247":{"start":{"line":609,"column":10},"end":{"line":609,"column":16}},"248":{"start":{"line":611,"column":10},"end":{"line":611,"column":41}},"249":{"start":{"line":612,"column":10},"end":{"line":612,"column":16}},"250":{"start":{"line":614,"column":10},"end":{"line":614,"column":41}},"251":{"start":{"line":615,"column":10},"end":{"line":615,"column":16}},"252":{"start":{"line":617,"column":10},"end":{"line":617,"column":43}},"253":{"start":{"line":618,"column":10},"end":{"line":618,"column":16}},"254":{"start":{"line":620,"column":10},"end":{"line":620,"column":71}},"255":{"start":{"line":624,"column":29},"end":{"line":624,"column":66}},"256":{"start":{"line":625,"column":6},"end":{"line":627,"column":7}},"257":{"start":{"line":626,"column":8},"end":{"line":626,"column":49}},"258":{"start":{"line":629,"column":6},"end":{"line":629,"column":70}},"259":{"start":{"line":632,"column":6},"end":{"line":632,"column":82}},"260":{"start":{"line":633,"column":6},"end":{"line":633,"column":18}},"261":{"start":{"line":638,"column":0},"end":{"line":638,"column":36}}},"fnMap":{"0":{"name":"(anonymous_0)","decl":{"start":{"line":15,"column":2},"end":{"line":15,"column":3}},"loc":{"start":{"line":15,"column":16},"end":{"line":33,"column":3}},"line":15},"1":{"name":"(anonymous_1)","decl":{"start":{"line":38,"column":2},"end":{"line":38,"column":3}},"loc":{"start":{"line":38,"column":29},"end":{"line":42,"column":3}},"line":38},"2":{"name":"(anonymous_2)","decl":{"start":{"line":47,"column":2},"end":{"line":47,"column":3}},"loc":{"start":{"line":47,"column":33},"end":{"line":124,"column":3}},"line":47},"3":{"name":"(anonymous_3)","decl":{"start":{"line":106,"column":22},"end":{"line":106,"column":23}},"loc":{"start":{"line":106,"column":41},"end":{"line":113,"column":7}},"line":106},"4":{"name":"(anonymous_4)","decl":{"start":{"line":129,"column":2},"end":{"line":129,"column":3}},"loc":{"start":{"line":129,"column":28},"end":{"line":143,"column":3}},"line":129},"5":{"name":"(anonymous_5)","decl":{"start":{"line":148,"column":2},"end":{"line":148,"column":3}},"loc":{"start":{"line":148,"column":28},"end":{"line":162,"column":3}},"line":148},"6":{"name":"(anonymous_6)","decl":{"start":{"line":167,"column":2},"end":{"line":167,"column":3}},"loc":{"start":{"line":167,"column":28},"end":{"line":181,"column":3}},"line":167},"7":{"name":"(anonymous_7)","decl":{"start":{"line":186,"column":2},"end":{"line":186,"column":3}},"loc":{"start":{"line":186,"column":30},"end":{"line":200,"column":3}},"line":186},"8":{"name":"(anonymous_8)","decl":{"start":{"line":205,"column":2},"end":{"line":205,"column":3}},"loc":{"start":{"line":205,"column":29},"end":{"line":219,"column":3}},"line":205},"9":{"name":"(anonymous_9)","decl":{"start":{"line":224,"column":2},"end":{"line":224,"column":3}},"loc":{"start":{"line":224,"column":28},"end":{"line":238,"column":3}},"line":224},"10":{"name":"(anonymous_10)","decl":{"start":{"line":243,"column":2},"end":{"line":243,"column":3}},"loc":{"start":{"line":243,"column":27},"end":{"line":257,"column":3}},"line":243},"11":{"name":"(anonymous_11)","decl":{"start":{"line":262,"column":2},"end":{"line":262,"column":3}},"loc":{"start":{"line":262,"column":27},"end":{"line":276,"column":3}},"line":262},"12":{"name":"(anonymous_12)","decl":{"start":{"line":281,"column":2},"end":{"line":281,"column":3}},"loc":{"start":{"line":281,"column":27},"end":{"line":295,"column":3}},"line":281},"13":{"name":"(anonymous_13)","decl":{"start":{"line":300,"column":2},"end":{"line":300,"column":3}},"loc":{"start":{"line":300,"column":25},"end":{"line":323,"column":3}},"line":300},"14":{"name":"(anonymous_14)","decl":{"start":{"line":309,"column":48},"end":{"line":309,"column":49}},"loc":{"start":{"line":309,"column":57},"end":{"line":311,"column":11}},"line":309},"15":{"name":"(anonymous_15)","decl":{"start":{"line":328,"column":2},"end":{"line":328,"column":3}},"loc":{"start":{"line":328,"column":19},"end":{"line":381,"column":3}},"line":328},"16":{"name":"(anonymous_16)","decl":{"start":{"line":355,"column":20},"end":{"line":355,"column":21}},"loc":{"start":{"line":355,"column":32},"end":{"line":355,"column":66}},"line":355},"17":{"name":"(anonymous_17)","decl":{"start":{"line":363,"column":28},"end":{"line":363,"column":29}},"loc":{"start":{"line":363,"column":39},"end":{"line":363,"column":64}},"line":363},"18":{"name":"(anonymous_18)","decl":{"start":{"line":386,"column":2},"end":{"line":386,"column":3}},"loc":{"start":{"line":386,"column":38},"end":{"line":426,"column":3}},"line":386},"19":{"name":"(anonymous_19)","decl":{"start":{"line":431,"column":2},"end":{"line":431,"column":3}},"loc":{"start":{"line":431,"column":31},"end":{"line":462,"column":3}},"line":431},"20":{"name":"(anonymous_20)","decl":{"start":{"line":432,"column":38},"end":{"line":432,"column":39}},"loc":{"start":{"line":432,"column":43},"end":{"line":432,"column":87}},"line":432},"21":{"name":"(anonymous_21)","decl":{"start":{"line":433,"column":34},"end":{"line":433,"column":35}},"loc":{"start":{"line":433,"column":39},"end":{"line":433,"column":83}},"line":433},"22":{"name":"(anonymous_22)","decl":{"start":{"line":439,"column":27},"end":{"line":439,"column":28}},"loc":{"start":{"line":439,"column":32},"end":{"line":442,"column":7}},"line":439},"23":{"name":"(anonymous_23)","decl":{"start":{"line":450,"column":23},"end":{"line":450,"column":24}},"loc":{"start":{"line":450,"column":33},"end":{"line":455,"column":5}},"line":450},"24":{"name":"(anonymous_24)","decl":{"start":{"line":467,"column":2},"end":{"line":467,"column":3}},"loc":{"start":{"line":467,"column":39},"end":{"line":488,"column":3}},"line":467},"25":{"name":"(anonymous_25)","decl":{"start":{"line":480,"column":30},"end":{"line":480,"column":31}},"loc":{"start":{"line":480,"column":40},"end":{"line":484,"column":7}},"line":480},"26":{"name":"(anonymous_26)","decl":{"start":{"line":493,"column":2},"end":{"line":493,"column":3}},"loc":{"start":{"line":493,"column":21},"end":{"line":518,"column":3}},"line":493},"27":{"name":"(anonymous_27)","decl":{"start":{"line":523,"column":2},"end":{"line":523,"column":3}},"loc":{"start":{"line":523,"column":27},"end":{"line":532,"column":3}},"line":523},"28":{"name":"(anonymous_28)","decl":{"start":{"line":524,"column":16},"end":{"line":524,"column":17}},"loc":{"start":{"line":524,"column":22},"end":{"line":531,"column":5}},"line":524},"29":{"name":"(anonymous_29)","decl":{"start":{"line":537,"column":2},"end":{"line":537,"column":3}},"loc":{"start":{"line":537,"column":14},"end":{"line":557,"column":3}},"line":537},"30":{"name":"(anonymous_30)","decl":{"start":{"line":562,"column":2},"end":{"line":562,"column":3}},"loc":{"start":{"line":562,"column":19},"end":{"line":588,"column":3}},"line":562},"31":{"name":"(anonymous_31)","decl":{"start":{"line":572,"column":41},"end":{"line":572,"column":42}},"loc":{"start":{"line":572,"column":50},"end":{"line":574,"column":13}},"line":572},"32":{"name":"(anonymous_32)","decl":{"start":{"line":593,"column":2},"end":{"line":593,"column":3}},"loc":{"start":{"line":593,"column":37},"end":{"line":635,"column":3}},"line":593}},"branchMap":{"0":{"loc":{"start":{"line":30,"column":4},"end":{"line":32,"column":5}},"type":"if","locations":[{"start":{"line":30,"column":4},"end":{"line":32,"column":5}},{"start":{},"end":{}}],"line":30},"1":{"loc":{"start":{"line":39,"column":4},"end":{"line":41,"column":5}},"type":"if","locations":[{"start":{"line":39,"column":4},"end":{"line":41,"column":5}},{"start":{},"end":{}}],"line":39},"2":{"loc":{"start":{"line":55,"column":6},"end":{"line":57,"column":7}},"type":"if","locations":[{"start":{"line":55,"column":6},"end":{"line":57,"column":7}},{"start":{},"end":{}}],"line":55},"3":{"loc":{"start":{"line":55,"column":10},"end":{"line":55,"column":80}},"type":"binary-expr","locations":[{"start":{"line":55,"column":10},"end":{"line":55,"column":49}},{"start":{"line":55,"column":53},"end":{"line":55,"column":80}}],"line":55},"4":{"loc":{"start":{"line":60,"column":6},"end":{"line":62,"column":7}},"type":"if","locations":[{"start":{"line":60,"column":6},"end":{"line":62,"column":7}},{"start":{},"end":{}}],"line":60},"5":{"loc":{"start":{"line":60,"column":10},"end":{"line":60,"column":80}},"type":"binary-expr","locations":[{"start":{"line":60,"column":10},"end":{"line":60,"column":49}},{"start":{"line":60,"column":53},"end":{"line":60,"column":80}}],"line":60},"6":{"loc":{"start":{"line":65,"column":6},"end":{"line":67,"column":7}},"type":"if","locations":[{"start":{"line":65,"column":6},"end":{"line":67,"column":7}},{"start":{},"end":{}}],"line":65},"7":{"loc":{"start":{"line":65,"column":10},"end":{"line":65,"column":80}},"type":"binary-expr","locations":[{"start":{"line":65,"column":10},"end":{"line":65,"column":49}},{"start":{"line":65,"column":53},"end":{"line":65,"column":80}}],"line":65},"8":{"loc":{"start":{"line":70,"column":6},"end":{"line":72,"column":7}},"type":"if","locations":[{"start":{"line":70,"column":6},"end":{"line":72,"column":7}},{"start":{},"end":{}}],"line":70},"9":{"loc":{"start":{"line":70,"column":10},"end":{"line":70,"column":84}},"type":"binary-expr","locations":[{"start":{"line":70,"column":10},"end":{"line":70,"column":51}},{"start":{"line":70,"column":55},"end":{"line":70,"column":84}}],"line":70},"10":{"loc":{"start":{"line":75,"column":6},"end":{"line":77,"column":7}},"type":"if","locations":[{"start":{"line":75,"column":6},"end":{"line":77,"column":7}},{"start":{},"end":{}}],"line":75},"11":{"loc":{"start":{"line":75,"column":10},"end":{"line":75,"column":83}},"type":"binary-expr","locations":[{"start":{"line":75,"column":10},"end":{"line":75,"column":50}},{"start":{"line":75,"column":54},"end":{"line":75,"column":83}}],"line":75},"12":{"loc":{"start":{"line":80,"column":6},"end":{"line":82,"column":7}},"type":"if","locations":[{"start":{"line":80,"column":6},"end":{"line":82,"column":7}},{"start":{},"end":{}}],"line":80},"13":{"loc":{"start
[...]
lumn":8},"end":{"line":163,"column":66}},"62":{"start":{"line":166,"column":6},"end":{"line":174,"column":7}},"63":{"start":{"line":167,"column":26},"end":{"line":171,"column":13}},"64":{"start":{"line":168,"column":24},"end":{"line":168,"column":58}},"65":{"start":{"line":169,"column":22},"end":{"line":169,"column":58}},"66":{"start":{"line":170,"column":10},"end":{"line":170,"column":37}},"67":{"start":{"line":173,"column":8},"end":{"line":173,"column":93}},"68":{"start":{"line":177,"column":6},"end":{"line":194,"column":9}},"69":{"start":{"line":178,"column":8},"end":{"line":185,"column":9}},"70":{"start":{"line":179,"column":10},"end":{"line":184,"column":12}},"71":{"start":{"line":187,"column":26},"end":{"line":187,"column":62}},"72":{"start":{"line":188,"column":8},"end":{"line":188,"column":26}},"73":{"start":{"line":189,"column":8},"end":{"line":189,"column":62}},"74":{"start":{"line":189,"column":40},"end":{"line":189,"column":62}},"75":{"start":{"line":190,"column":8},"end":{"line":190,"column":56}},"76":{"start":{"line":190,"column":37},"end":{"line":190,"column":56}},"77":{"start":{"line":192,"column":8},"end":{"line":193,"column":72}},"78":{"start":{"line":196,"column":6},"end":{"line":196,"column":29}},"79":{"start":{"line":199,"column":6},"end":{"line":199,"column":70}},"80":{"start":{"line":200,"column":6},"end":{"line":200,"column":18}},"81":{"start":{"line":205,"column":19},"end":{"line":215,"column":5}},"82":{"start":{"line":217,"column":4},"end":{"line":217,"column":18}},"83":{"start":{"line":221,"column":4},"end":{"line":223,"column":5}},"84":{"start":{"line":222,"column":6},"end":{"line":222,"column":45}},"85":{"start":{"line":225,"column":17},"end":{"line":233,"column":1}},"86":{"start":{"line":236,"column":4},"end":{"line":247,"column":5}},"87":{"start":{"line":237,"column":6},"end":{"line":237,"column":46}},"88":{"start":{"line":238,"column":6},"end":{"line":246,"column":9}},"89":{"start":{"line":239,"column":22},"end":{"line":239,"column":69}},"90":{"start":{"line":239,"column":60},"end":{"line":239,"column":65}},"91":{"start":{"line":240,"column":8},"end":{"line":240,"column":48}},"92":{"start":{"line":241,"column":8},"end":{"line":241,"column":70}},"93":{"start":{"line":242,"column":8},"end":{"line":242,"column":76}},"94":{"start":{"line":243,"column":8},"end":{"line":243,"column":74}},"95":{"start":{"line":244,"column":8},"end":{"line":244,"column":68}},"96":{"start":{"line":245,"column":8},"end":{"line":245,"column":38}},"97":{"start":{"line":250,"column":4},"end":{"line":255,"column":5}},"98":{"start":{"line":251,"column":6},"end":{"line":251,"column":43}},"99":{"start":{"line":252,"column":6},"end":{"line":254,"column":9}},"100":{"start":{"line":253,"column":8},"end":{"line":253,"column":77}},"101":{"start":{"line":258,"column":4},"end":{"line":271,"column":5}},"102":{"start":{"line":259,"column":20},"end":{"line":259,"column":42}},"103":{"start":{"line":260,"column":6},"end":{"line":266,"column":26}},"104":{"start":{"line":268,"column":6},"end":{"line":270,"column":9}},"105":{"start":{"line":269,"column":8},"end":{"line":269,"column":117}},"106":{"start":{"line":274,"column":4},"end":{"line":288,"column":5}},"107":{"start":{"line":275,"column":6},"end":{"line":275,"column":59}},"108":{"start":{"line":276,"column":6},"end":{"line":287,"column":9}},"109":{"start":{"line":277,"column":24},"end":{"line":277,"column":69}},"110":{"start":{"line":278,"column":28},"end":{"line":284,"column":28}},"111":{"start":{"line":286,"column":8},"end":{"line":286,"column":96}},"112":{"start":{"line":290,"column":4},"end":{"line":290,"column":18}},"113":{"start":{"line":294,"column":4},"end":{"line":315,"column":5}},"114":{"start":{"line":295,"column":6},"end":{"line":295,"column":22}},"115":{"start":{"line":296,"column":6},"end":{"line":296,"column":49}},"116":{"start":{"line":298,"column":21},"end":{"line":307,"column":7}},"117":{"start":{"line":299,"column":8},"end":{"line":306,"column":9}},"118":{"start":{"line":300,"column":10},"end":{"line":300,"column":26}},"119":{"start":{"line":301,"column":25},"end":{"line":301,"column":51}},"120":{"start":{"line":302,"column":10},"end":{"line":302,"column":49}},"121":{"start":{"line":303,"column":10},"end":{"line":303,"column":110}},"122":{"start":{"line":305,"column":10},"end":{"line":305,"column":65}},"123":{"start":{"line":309,"column":6},"end":{"line":309,"column":21}},"124":{"start":{"line":310,"column":6},"end":{"line":310,"column":55}},"125":{"start":{"line":313,"column":21},"end":{"line":313,"column":47}},"126":{"start":{"line":314,"column":6},"end":{"line":314,"column":45}},"127":{"start":{"line":320,"column":13},"end":{"line":320,"column":34}},"128":{"start":{"line":321,"column":16},"end":{"line":321,"column":18}},"129":{"start":{"line":323,"column":0},"end":{"line":333,"column":3}},"130":{"start":{"line":324,"column":2},"end":{"line":332,"column":3}},"131":{"start":{"line":325,"column":4},"end":{"line":325,"column":29}},"132":{"start":{"line":326,"column":9},"end":{"line":332,"column":3}},"133":{"start":{"line":327,"column":4},"end":{"line":327,"column":64}},"134":{"start":{"line":328,"column":9},"end":{"line":332,"column":3}},"135":{"start":{"line":329,"column":4},"end":{"line":329,"column":47}},"136":{"start":{"line":330,"column":9},"end":{"line":332,"column":3}},"137":{"start":{"line":331,"column":4},"end":{"line":331,"column":30}},"138":{"start":{"line":336,"column":16},"end":{"line":336,"column":48}},"139":{"start":{"line":337,"column":0},"end":{"line":340,"column":3}},"140":{"start":{"line":338,"column":2},"end":{"line":338,"column":47}},"141":{"start":{"line":339,"column":2},"end":{"line":339,"column":18}}},"fnMap":{"0":{"name":"(anonymous_0)","decl":{"start":{"line":24,"column":2},"end":{"line":24,"column":3}},"loc":{"start":{"line":24,"column":28},"end":{"line":34,"column":3}},"line":24},"1":{"name":"(anonymous_1)","decl":{"start":{"line":36,"column":2},"end":{"line":36,"column":3}},"loc":{"start":{"line":36,"column":26},"end":{"line":60,"column":3}},"line":36},"2":{"name":"(anonymous_2)","decl":{"start":{"line":62,"column":2},"end":{"line":62,"column":3}},"loc":{"start":{"line":62,"column":27},"end":{"line":96,"column":3}},"line":62},"3":{"name":"(anonymous_3)","decl":{"start":{"line":77,"column":23},"end":{"line":77,"column":24}},"loc":{"start":{"line":77,"column":30},"end":{"line":88,"column":7}},"line":77},"4":{"name":"(anonymous_4)","decl":{"start":{"line":98,"column":2},"end":{"line":98,"column":3}},"loc":{"start":{"line":98,"column":29},"end":{"line":117,"column":3}},"line":98},"5":{"name":"(anonymous_5)","decl":{"start":{"line":119,"column":2},"end":{"line":119,"column":3}},"loc":{"start":{"line":119,"column":28},"end":{"line":137,"column":3}},"line":119},"6":{"name":"(anonymous_6)","decl":{"start":{"line":139,"column":2},"end":{"line":139,"column":3}},"loc":{"start":{"line":139,"column":29},"end":{"line":202,"column":3}},"line":139},"7":{"name":"(anonymous_7)","decl":{"start":{"line":155,"column":36},"end":{"line":155,"column":37}},"loc":{"start":{"line":155,"column":41},"end":{"line":155,"column":65}},"line":155},"8":{"name":"(anonymous_8)","decl":{"start":{"line":156,"column":33},"end":{"line":156,"column":34}},"loc":{"start":{"line":156,"column":38},"end":{"line":156,"column":59}},"line":156},"9":{"name":"(anonymous_9)","decl":{"start":{"line":162,"column":45},"end":{"line":162,"column":46}},"loc":{"start":{"line":163,"column":8},"end":{"line":163,"column":66}},"line":163},"10":{"name":"(anonymous_10)","decl":{"start":{"line":167,"column":51},"end":{"line":167,"column":52}},"loc":{"start":{"line":167,"column":65},"end":{"line":171,"column":9}},"line":167},"11":{"name":"(anonymous_11)","decl":{"start":{"line":177,"column":20},"end":{"line":177,"column":21}},"loc":{"start":{"line":177,"column":27},"end":{"line":194,"column":7}},"line":177},"12":{"name":"(anonymous_12)","decl":{"start":{"line":204,"column":2},"end":{"line":204,"column":3}},"loc":{"start":{"line":204,"column":24},"end":{"line":218,"column":3}},"line":204},"13":{"name":"(anonymous_13)","decl":{"start":{"line":220,"column":2},"end":{"line":220,"column":3}},"loc":{"start":{"line":220,"column":23},"end":{"line":291,"column":3}},"line":220},"14":{"name":"(anonymous_14)","decl":{"start":{"line":238,"column":47},"end":{"line":238,"column":48}},"loc":{"start":{"line":238,"column":69},"end":{"line":246,"column":7}},"line":238},"15":{"name":"(anonymous_15)","decl":{"start":{"line":239,"column":50},"end":{"line":239,"column":51}},"loc":{"start":{"line":239,"column":60},"end":{"line":239,"column":65}},"line":239},"16":{"name":"(anonymous_16)","decl":{"start":{"line":252,"column":49},"end":{"line":252,"column":50}},"loc":{"start":{"line":252,"column":73},"end":{"line":254,"column":7}},"line":252},"17":{"name":"(anonymous_17)","decl":{"start":{"line":268,"column":43},"end":{"line":268,"column":44}},"loc":{"start":{"line":268,"column":66},"end":{"line":270,"column":7}},"line":268},"18":{"name":"(anonymous_18)","decl":{"start":{"line":276,"column":49},"end":{"line":276,"column":50}},"loc":{"start":{"line":276,"column":56},"end":{"line":287,"column":7}},"line":276},"19":{"name":"(anonymous_19)","decl":{"start":{"line":293,"column":2},"end":{"line":293,"column":3}},"loc":{"start":{"line":293,"column":14},"end":{"line":316,"column":3}},"line":293},"20":{"name":"(anonymous_20)","decl":{"start":{"line":298,"column":21},"end":{"line":298,"column":22}},"loc":{"start":{"line":298,"column":33},"end":{"line":307,"column":7}},"line":298},"21":{"name":"(anonymous_21)","decl":{"start":{"line":323,"column":13},"end":{"line":323,"column":14}},"loc":{"start":{"line":323,"column":20},"end":{"line":333,"column":1}},"line":323},"22":{"name":"(anonymous_22)","decl":{"start":{"line":337,"column":20},"end":{"line":337,"column":21}},"loc":{"start":{"line":337,"column":29},"end":{"line":340,"column":1}},"line":337}},"branchMap":{"0":{"loc":{"start":{"line":24,"column":14},"end":{"line":24,"column":26}},"type":"default-arg","locations":[{"start":{"line":24,"column":24},"end":{"line":24,"column":26}}],"line":24},"1":{"loc":{"start":{"line":39,"column":23},"end":{"line":39,"column":88}},"type":"binary-expr","locations":[{"start":{"line":39,"column":23},"end":{"line":39,"column":55}},{"start":{"line":39,"column":59},"end":{"line":39,"column":88}}],"line":39},"2":{"loc":{"start":{"line":41,"column":4},"end":{"line":43,"column":5}},"type":"if","locations":[{"start":{"line":41,"column":4},"end":{"line":43,"column":5}},{"start":{},"end":{}}],"line":41},"3":{"loc":{"start":{"line":41,"column":8},"end":{"line":41,"column":44}},"type":"binary-expr","locations":[{"start":{"line":41,"column":8},"end":{"line":41,"column":24}},{"start":{"line":41,"column":28},"end":{"line":41,"column":44}}],"line":41},"4":{"loc":{"start":{"line":46,"column":21},"end":{"line":46,"column":80}},"type":"binary-expr","locations":[{"start":{"line":46,"column":21},"end":{"line":46,"column":55}},{"start":{"line":46,"column":59},"end":{"line":46,"column":80}}],"line":46},"5":{"loc":{"start":{"line":49,"column":4},"end":{"line":59,"column":5}},"type":"if","locations":[{"start":{"line":49,"column":4},"end":{"line":59,"column":5}},{"start":{"line":57,"column":11},"end":{"line":59,"column":5}}],"line":49},"6":{"loc":{"start":{"line":49,"column":8},"end":{"line":49,"column":30}},"type":"binary-expr","locations":[{"start":{"line":49,"column":8},"end":{"line":49,"column":16}},{"start":{"line":49,"column":20},"end":{"line":49,"column":30}}],"line":49},"7":{"loc":{"start":{"line":54,"column":13},"end":{"line":54,"column":61}},"type":"cond-expr","locations":[{"start":{"line":54,"column":47},"end":{"line":54,"column":49}},{"start":{"line":54,"column":52},"end":{"line":54,"column":61}}],"line":54},"8":{"loc":{"start":{"line":57,"column":11},"end":{"line":59,"column":5}},"type":"if","locations":[{"start":{"line":57,"column":11},"end":{"line":59,"column":5}},{"start":{},"end":{}}],"line":57},"9":{"loc":{"start":{"line":63,"column":4},"end":{"line":63,"column":36}},"type":"if","locations":[{"start":{"line":63,"column":4},"end":{"line":63,"column":36}},{"start":{},"end":{}}],"line":63},"10":{"loc":{"start":{"line":73,"column":6},"end":{"line":73,"column":29}},"type":"if","locations":[{"start":{"line":73,"column":6},"end":{"line":73,"column":29}},{"start":{},"end":{}}],"line":73},"11":{"loc":{"start":{"line":78,"column":8},"end":{"line":86,"column":9}},"type":"if","locations":[{"start":{"line":78,"column":8},"end":{"line":86,"column":9}},{"start":{},"end":{}}],"line":78},"12":{"loc":{"start":{"line":87,"column":43},"end":{"line":87,"column":79}},"type":"binary-expr","locations":[{"start":{"line":87,"column":43},"end":{"line":87,"column":74}},{"start":{"line":87,"column":78},"end":{"line":87,"column":79}}],"line":87},"13":{"loc":{"start":{"line":99,"column":4},"end":{"line":99,"column":33}},"type":"if","locations":[{"start":{"line":99,"column":4},"end":{"line":99,"column":33}},{"start":{},"end":{}}],"line":99},"14":{"loc":{"start":{"line":120,"column":4},"end":{"line":120,"column":36}},"type":"if","locations":[{"start":{"line":120,"column":4},"end":{"line":120,"column":36}},{"start":{},"end":{}}],"line":120},"15":{"loc":{"start":{"line":129,"column":6},"end":{"line":129,"column":29}},"type":"if","locations":[{"start":{"line":129,"column":6},"end":{"line":129,"column":29}},{"start":{},"end":{}}],"line":129},"16":{"loc":{"start":{"line":140,"column":4},"end":{"line":140,"column":36}},"type":"if","locations":[{"start":{"line":140,"column":4},"end":{"line":140,"column":36}},{"start":{},"end":{}}],"line":140},"17":{"loc":{"start":{"line":151,"column":6},"end":{"line":151,"column":29}},"type":"if","locations":[{"start":{"line":151,"column":6},"end":{"line":151,"column":29}},{"start":{},"end":{}}],"line":151},"18":{"loc":{"start":{"line":163,"column":8},"end":{"line":163,"column":66}},"type":"binary-expr","locations":[{"start":{"line":163,"column":8},"end":{"line":163,"column":32}},{"start":{"line":163,"column":36},"end":{"line":163,"column":50}},{"start":{"line":163,"column":54},"end":{"line":163,"column":66}}],"line":163},"19":{"loc":{"start":{"line":166,"column":6},"end":{"line":174,"column":7}},"type":"if","locations":[{"start":{"line":166,"column":6},"end":{"line":174,"column":7}},{"start":{},"end":{}}],"line":166},"20":{"loc":{"start":{"line":178,"column":8},"end":{"line":185,"column":9}},"type":"if","locations":[{"start":{"line":178,"column":8},"end":{"line":185,"column":9}},{"start":{},"end":{}}],"line":178},"21":{"loc":{"start":{"line":189,"column":8},"end":{"line":189,"column":62}},"type":"if","locations":[{"start":{"line":189,"column":8},"end":{"line":189,"column":62}},{"start":{},"end":{}}],"line":189},"22":{"loc":{"start":{"line":190,"column":8},"end":{"line":190,"column":56}},"type":"if","locations":[{"start":{"line":190,"column":8},"end":{"line":190,"column":56}},{"start":{},"end":{}}],"line":190},"23":{"loc":{"start":{"line":192,"column":33},"end":{"line":193,"column":71}},"type":"cond-expr","locations":[{"start":{"line":193,"column":10},"end":{"line":193,"column":67}},{"start":{"line":193,"column":70},"end":{"line":193,"column":71}}],"line":192},"24":{"loc":{"start":{"line":221,"column":4},"end":{"line":223,"column":5}},"type":"if","locations":[{"start":{"line":221,"column":4},"end":{"line":223,"column":5}},{"start":{},"end":{}}],"line":221},"25":{"loc":{"start":{"line":231,"column":26},"end":{"line":231,"column":88}},"type":"cond-expr","locations":[{"start":{"line":231,"column":56},"end":{"line":231,"column":69}},{"start":{"line":231,"column":72},"end":{"line":231,"column":88}}],"line":231},"26":{"loc":{"start":{"line":232,"column":26},"end":{"line":232,"column":85}},"type":"cond-expr","locations":[{"start":{"line":232,"column":53},"end":{"line":232,"column":66}},{"start":{"line":232,"column":69},"end":{"line":232,"column":85}}],"line":232},"27":{"loc":{"start":{"line":236,"column":4},"end":{"line":247,"column":5}},"type":"if","locations":[{"start":{"line":236,"column":4},"end":{"line":247,"column":5}},{"start":{},"end":{}}],"line":236},"28":{"loc":{"start":{"line":250,"column":4},"end":{"line":255,"column":5}},"type":"if","locations":[{"start":{"line":250,"column":4},"end":{"line":255,"column":5}},{"start":{},"end":{}}],"line":250},"29":{"loc":{"start":{"line":258,"column":4},"end":{"line":271,"column":5}},"type":"if","locations":[{"start":{"line":258,"column":4},"end":{"line":271,"column":5}},{"start":{},"end":{}}],"line":258},"30":{"loc":{"start":{"line":274,"column":4},"end":{"line":288,"column":5}},"type":"if","locations":[{"start":{"line":274,"column":4},"end":{"line":288,"column":5}},{"start":{},"end":{}}],"line":274},"31":{"loc":{"start":{"line":274,"column":8},"end":{"line":274,"column":65}},"type":"binary-expr","locations":[{"start":{"line":274,"column":8},"end":{"line":274,"column":29}},{"start":{"line":274,"column":33},"end":{"line":274,"column":65}}],"line":274},"32":{"loc":{"start":{"line":278,"column":28},"end":{"line":284,"column":28}},"type":"binary-expr","locations":[{"start":{"line":278,"column":28},"end":{"line":284,"column":21}},{"start":{"line":284,"column":25},"end":{"line":284,"column":28}}],"line":278},"33":{"loc":{"start":{"line":294,"column":4},"end":{"line":315,"column":5}},"type":"if","locations":[{"start":{"line":294,"column":4},"end":{"line":315,"column":5}},{"start":{"line":312,"column":11},"end":{"line":315,"column":5}}],"line":294},"34":{"loc":{"start":{"line":324,"column":2},"end":{"line":332,"column":3}},"type":"if","locations":[{"start":{"line":324,"column":2},"end":{"line":332,"column":3}},{"start":{"line":326,"column":9},"end":{"line":332,"column":3}}],"line":324},"35":{"loc":{"start":{"line":326,"column":9},"end":{"line":332,"column":3}},"type":"if","locations":[{"start":{"line":326,"column":9},"end":{"line":332,"column":3}},{"start":{"line":328,"column":9},"end":{"line":332,"column":3}}],"line":326},"36":{"loc":{"start":{"line":328,"column":9},"end":{"line":332,"column":3}},"type":"if","locations":[{"start":{"line":328,"column":9},"end":{"line":332,"column":3}},{"start":{"line":330,"column":9},"end":{"line":332,"column":3}}],"line":328},"37":{"loc":{"start":{"line":330,"column":9},"end":{"line":332,"column":3}},"type":"if","locations":[{"start":{"line":330,"column":9},"end":{"line":332,"column":3}},{"start":{},"end":{}}],"line":330}},"s":{"0":0,"1":0,"2":0,"3":0,"4":0,"5":0,"6":0,"7":0,"8":0,"9":0,"10":0,"11":0,"12":0,"13":0,"14":0,"15":0,"16":0,"17":0,"18":0,"19":0,"20":0,"21":0,"22":0,"23":0,"24":0,"25":0,"26":0,"27":0,"28":0,"29":0,"30":0,"31":0,"32":0,"33":0,"34":0,"35":0,"36":0,"37":0,"38":0,"39":0,"40":0,"41":0,"42":0,"43":0,"44":0,"45":0,"46":0,"47":0,"48":0,"49":0,"50":0,"51":0,"52":0,"53":0,"54":0,"55":0,"56":0,"57":0,"58":0,"59":0,"60":0,"61":0,"62":0,"63":0,"64":0,"65":0,"66":0,"67":0,"68":0,"69":0,"70":0,"71":0,"72":0,"73":0,"74":0,"75":0,"76":0,"77":0,"78":0,"79":0,"80":0,"81":0,"82":0,"83":0,"84":0,"85":0,"86":0,"87":0,"88":0,"89":0,"90":0,"91":0,"92":0,"93":0,"94":0,"95":0,"96":0,"97":0,"98":0,"99":0,"100":0,"101":0,"102":0,"103":0,"104":0,"105":0,"106":0,"107":0,"108":0,"109":0,"110":0,"111":0,"112":0,"113":0,"114":0,"115":0,"116":0,"117":0,"118":0,"119":0,"120":0,"121":0,"122":0,"123":0,"124":0,"125":0,"126":0,"127":0,"128":0,"129":0,"130":0,"131":0,"132":0,"133":0,"134":0,"135":0,"136":0,"137":0,"138":0,"139":0,"140":0,"141":0},"f":{"0":0,"1":0,"2":0,"3":0,"4":0,"5":0,"6":0,"7":0,"8":0,"9":0,"10":0,"11":0,"12":0,"13":0,"14":0,"15":0,"16":0,"17":0,"18":0,"19":0,"20":0,"21":0,"22":0},"b":{"0":[0],"1":[0,0],"2":[0,0],"3":[0,0],"4":[0,0],"5":[0,0],"6":[0,0],"7":[0,0],"8":[0,0],"9":[0,0],"10":[0,0],"11":[0,0],"12":[0,0],"13":[0,0],"14":[0,0],"15":[0,0],"16":[0,0],"17":[0,0],"18":[0,0,0],"19":[0,0],"20":[0,0],"21":[0,0],"22":[0,0],"23":[0,0],"24":[0,0],"25":[0,0],"26":[0,0],"27":[0,0],"28":[0,0],"29":[0,0],"30":[0,0],"31":[0,0],"32":[0,0],"33":[0,0],"34":[0,0],"35":[0,0],"36":[0,0],"37":[0,0]}}
}
