{"/Users/emiliopostigo/roastr-ai/src/config/flags.js": {"path":"/Users/emiliopostigo/roastr-ai/src/config/flags.js","statementMap":{"0":{"start":{"line":8,"column":21},"end":{"line":8,"column":42}},"1":{"start":{"line":12,"column":4},"end":{"line":12,"column":34}},"2":{"start":{"line":13,"column":4},"end":{"line":13,"column":26}},"3":{"start":{"line":17,"column":4},"end":{"line":52,"column":6}},"4":{"start":{"line":56,"column":21},"end":{"line":62,"column":5}},"5":{"start":{"line":65,"column":4},"end":{"line":67,"column":5}},"6":{"start":{"line":66,"column":6},"end":{"line":66,"column":55}},"7":{"start":{"line":66,"column":35},"end":{"line":66,"column":53}},"8":{"start":{"line":69,"column":4},"end":{"line":69,"column":53}},"9":{"start":{"line":69,"column":33},"end":{"line":69,"column":51}},"10":{"start":{"line":73,"column":21},"end":{"line":73,"column":86}},"11":{"start":{"line":74,"column":4},"end":{"line":74,"column":53}},"12":{"start":{"line":74,"column":33},"end":{"line":74,"column":51}},"13":{"start":{"line":78,"column":4},"end":{"line":78,"column":41}},"14":{"start":{"line":82,"column":4},"end":{"line":82,"column":48}},"15":{"start":{"line":86,"column":4},"end":{"line":86,"column":47}},"16":{"start":{"line":90,"column":4},"end":{"line":90,"column":43}},"17":{"start":{"line":94,"column":21},"end":{"line":94,"column":65}},"18":{"start":{"line":95,"column":4},"end":{"line":95,"column":53}},"19":{"start":{"line":95,"column":33},"end":{"line":95,"column":51}},"20":{"start":{"line":99,"column":21},"end":{"line":99,"column":65}},"21":{"start":{"line":100,"column":4},"end":{"line":100,"column":53}},"22":{"start":{"line":100,"column":33},"end":{"line":100,"column":51}},"23":{"start":{"line":104,"column":4},"end":{"line":104,"column":45}},"24":{"start":{"line":108,"column":4},"end":{"line":108,"column":76}},"25":{"start":{"line":113,"column":4},"end":{"line":115,"column":5}},"26":{"start":{"line":114,"column":6},"end":{"line":114,"column":19}},"27":{"start":{"line":116,"column":21},"end":{"line":116,"column":61}},"28":{"start":{"line":117,"column":4},"end":{"line":117,"column":91}},"29":{"start":{"line":117,"column":33},"end":{"line":117,"column":89}},"30":{"start":{"line":121,"column":25},"end":{"line":123,"column":28}},"31":{"start":{"line":122,"column":31},"end":{"line":122,"column":38}},"32":{"start":{"line":123,"column":23},"end":{"line":123,"column":27}},"33":{"start":{"line":125,"column":26},"end":{"line":127,"column":28}},"34":{"start":{"line":126,"column":31},"end":{"line":126,"column":39}},"35":{"start":{"line":127,"column":23},"end":{"line":127,"column":27}},"36":{"start":{"line":129,"column":4},"end":{"line":143,"column":5}},"37":{"start":{"line":130,"column":25},"end":{"line":130,"column":51}},"38":{"start":{"line":131,"column":6},"end":{"line":135,"column":9}},"39":{"start":{"line":138,"column":6},"end":{"line":142,"column":9}},"40":{"start":{"line":150,"column":4},"end":{"line":150,"column":41}},"41":{"start":{"line":157,"column":4},"end":{"line":157,"column":29}},"42":{"start":{"line":164,"column":4},"end":{"line":188,"column":6}},"43":{"start":{"line":195,"column":4},"end":{"line":195,"column":34}},"44":{"start":{"line":196,"column":4},"end":{"line":196,"column":26}},"45":{"start":{"line":201,"column":14},"end":{"line":201,"column":32}},"46":{"start":{"line":203,"column":0},"end":{"line":206,"column":2}}},"fnMap":{"0":{"name":"(anonymous_0)","decl":{"start":{"line":11,"column":2},"end":{"line":11,"column":3}},"loc":{"start":{"line":11,"column":16},"end":{"line":14,"column":3}},"line":11},"1":{"name":"(anonymous_1)","decl":{"start":{"line":16,"column":2},"end":{"line":16,"column":3}},"loc":{"start":{"line":16,"column":14},"end":{"line":53,"column":3}},"line":16},"2":{"name":"(anonymous_2)","decl":{"start":{"line":55,"column":2},"end":{"line":55,"column":3}},"loc":{"start":{"line":55,"column":26},"end":{"line":70,"column":3}},"line":55},"3":{"name":"(anonymous_3)","decl":{"start":{"line":66,"column":28},"end":{"line":66,"column":29}},"loc":{"start":{"line":66,"column":35},"end":{"line":66,"column":53}},"line":66},"4":{"name":"(anonymous_4)","decl":{"start":{"line":69,"column":26},"end":{"line":69,"column":27}},"loc":{"start":{"line":69,"column":33},"end":{"line":69,"column":51}},"line":69},"5":{"name":"(anonymous_5)","decl":{"start":{"line":72,"column":2},"end":{"line":72,"column":3}},"loc":{"start":{"line":72,"column":21},"end":{"line":75,"column":3}},"line":72},"6":{"name":"(anonymous_6)","decl":{"start":{"line":74,"column":26},"end":{"line":74,"column":27}},"loc":{"start":{"line":74,"column":33},"end":{"line":74,"column":51}},"line":74},"7":{"name":"(anonymous_7)","decl":{"start":{"line":77,"column":2},"end":{"line":77,"column":3}},"loc":{"start":{"line":77,"column":21},"end":{"line":79,"column":3}},"line":77},"8":{"name":"(anonymous_8)","decl":{"start":{"line":81,"column":2},"end":{"line":81,"column":3}},"loc":{"start":{"line":81,"column":23},"end":{"line":83,"column":3}},"line":81},"9":{"name":"(anonymous_9)","decl":{"start":{"line":85,"column":2},"end":{"line":85,"column":3}},"loc":{"start":{"line":85,"column":22},"end":{"line":87,"column":3}},"line":85},"10":{"name":"(anonymous_10)","decl":{"start":{"line":89,"column":2},"end":{"line":89,"column":3}},"loc":{"start":{"line":89,"column":21},"end":{"line":91,"column":3}},"line":89},"11":{"name":"(anonymous_11)","decl":{"start":{"line":93,"column":2},"end":{"line":93,"column":3}},"loc":{"start":{"line":93,"column":20},"end":{"line":96,"column":3}},"line":93},"12":{"name":"(anonymous_12)","decl":{"start":{"line":95,"column":26},"end":{"line":95,"column":27}},"loc":{"start":{"line":95,"column":33},"end":{"line":95,"column":51}},"line":95},"13":{"name":"(anonymous_13)","decl":{"start":{"line":98,"column":2},"end":{"line":98,"column":3}},"loc":{"start":{"line":98,"column":20},"end":{"line":101,"column":3}},"line":98},"14":{"name":"(anonymous_14)","decl":{"start":{"line":100,"column":26},"end":{"line":100,"column":27}},"loc":{"start":{"line":100,"column":33},"end":{"line":100,"column":51}},"line":100},"15":{"name":"(anonymous_15)","decl":{"start":{"line":103,"column":2},"end":{"line":103,"column":3}},"loc":{"start":{"line":103,"column":20},"end":{"line":105,"column":3}},"line":103},"16":{"name":"(anonymous_16)","decl":{"start":{"line":107,"column":2},"end":{"line":107,"column":3}},"loc":{"start":{"line":107,"column":21},"end":{"line":109,"column":3}},"line":107},"17":{"name":"(anonymous_17)","decl":{"start":{"line":111,"column":2},"end":{"line":111,"column":3}},"loc":{"start":{"line":111,"column":22},"end":{"line":118,"column":3}},"line":111},"18":{"name":"(anonymous_18)","decl":{"start":{"line":117,"column":26},"end":{"line":117,"column":27}},"loc":{"start":{"line":117,"column":33},"end":{"line":117,"column":89}},"line":117},"19":{"name":"(anonymous_19)","decl":{"start":{"line":120,"column":2},"end":{"line":120,"column":3}},"loc":{"start":{"line":120,"column":19},"end":{"line":144,"column":3}},"line":120},"20":{"name":"(anonymous_20)","decl":{"start":{"line":122,"column":14},"end":{"line":122,"column":15}},"loc":{"start":{"line":122,"column":31},"end":{"line":122,"column":38}},"line":122},"21":{"name":"(anonymous_21)","decl":{"start":{"line":123,"column":11},"end":{"line":123,"column":12}},"loc":{"start":{"line":123,"column":23},"end":{"line":123,"column":27}},"line":123},"22":{"name":"(anonymous_22)","decl":{"start":{"line":126,"column":14},"end":{"line":126,"column":15}},"loc":{"start":{"line":126,"column":31},"end":{"line":126,"column":39}},"line":126},"23":{"name":"(anonymous_23)","decl":{"start":{"line":127,"column":11},"end":{"line":127,"column":12}},"loc":{"start":{"line":127,"column":23},"end":{"line":127,"column":27}},"line":127},"24":{"name":"(anonymous_24)","decl":{"start":{"line":149,"column":2},"end":{"line":149,"column":3}},"loc":{"start":{"line":149,"column":22},"end":{"line":151,"column":3}},"line":149},"25":{"name":"(anonymous_25)","decl":{"start":{"line":156,"column":2},"end":{"line":156,"column":3}},"loc":{"start":{"line":156,"column":16},"end":{"line":158,"column":3}},"line":156},"26":{"name":"(anonymous_26)","decl":{"start":{"line":163,"column":2},"end":{"line":163,"column":3}},"loc":{"start":{"line":163,"column":21},"end":{"line":189,"column":3}},"line":163},"27":{"name":"(anonymous_27)","decl":{"start":{"line":194,"column":2},"end":{"line":194,"column":3}},"loc":{"start":{"line":194,"column":11},"end":{"line":197,"column":3}},"line":194}},"branchMap":{"0":{"loc":{"start":{"line":20,"column":18},"end":{"line":20,"column":60}},"type":"binary-expr","locations":[{"start":{"line":20,"column":18},"end":{"line":20,"column":51}},{"start":{"line":20,"column":55},"end":{"line":20,"column":60}}],"line":20},"1":{"loc":{"start":{"line":21,"column":21},"end":{"line":21,"column":66}},"type":"binary-expr","locations":[{"start":{"line":21,"column":21},"end":{"line":21,"column":57}},{"start":{"line":21,"column":61},"end":{"line":21,"column":66}}],"line":21},"2":{"loc":{"start":{"line":42,"column":25},"end":{"line":42,"column":95}},"type":"binary-expr","locations":[{"start":{"line":42,"column":25},"end":{"line":42,"column":53}},{"start":{"line":42,"column":57},"end":{"line":42,"column":95}}],"line":42},"3":{"loc":{"start":{"line":45,"column":31},"end":{"line":45,"column":100}},"type":"binary-expr","locations":[{"start":{"line":45,"column":31},"end":{"line":45,"column":77}},{"start":{"line":45,"column":81},"end":{"line":45,"column":100}}],"line":45},"4":{"loc":{"start":{"line":65,"column":4},"end":{"line":67,"column":5}},"type":"if","locations":[{"start":{"line":65,"column":4},"end":{"line":67,"column":5}},{"start":{},"end":{}}],"line":65},"5":{"loc":{"start":{"line":108,"column":11},"end":{"line":108,"column":75}},"type":"binary-expr","locations":[{"start":{"line":108,"column":11},"end":{"line":108,"column":41}},{"start":{"line":108,"column":45},"end":{"line":108,"column":75}}],"line":108},"6":{"loc":{"start":{"line":113,"column":4},"end":{"line":115,"column":5}},"type":"if","locations":[{"start":{"line":113,"column":4},"end":{"line":115,"column":5}},{"start":{},"end":{}}],"line":113},"7":{"loc":{"start":{"line":117,"column":33},"end":{"line":117,"column":89}},"type":"binary-expr","locations":[{"start":{"line":117,"column":33},"end":{"line":117,"column":51}},{"start":{"line":117,"column":55},"end":{"line":117,"column":89}}],"line":117},"8":{"loc":{"start":{"line":150,"column":11},"end":{"line":150,"column":40}},"type":"binary-expr","locations":[{"start":{"line":150,"column":11},"end":{"line":150,"column":31}},{"start":{"line":150,"column":35},"end":{"line":150,"column":40}}],"line":150},"9":{"loc":{"start":{"line":165,"column":15},"end":{"line":165,"column":70}},"type":"cond-expr","locations":[{"start":{"line":165,"column":43},"end":{"line":165,"column":54}},{"start":{"line":165,"column":57},"end":{"line":165,"column":70}}],"line":165},"10":{"loc":{"start":{"line":167,"column":16},"end":{"line":167,"column":68}},"type":"cond-expr","locations":[{"start":{"line":167,"column":48},"end":{"line":167,"column":59}},{"start":{"line":167,"column":62},"end":{"line":167,"column":68}}],"line":167},"11":{"loc":{"start":{"line":168,"column":21},"end":{"line":168,"column":78}},"type":"cond-expr","locations":[{"start":{"line":168,"column":58},"end":{"line":168,"column":69}},{"start":{"line":168,"column":72},"end":{"line":168,"column":78}}],"line":168},"12":{"loc":{"start":{"line":170,"column":16},"end":{"line":170,"column":65}},"type":"cond-expr","locations":[{"start":{"line":170,"column":45},"end":{"line":170,"column":56}},{"start":{"line":170,"column":59},"end":{"line":170,"column":65}}],"line":170},"13":{"loc":{"start":{"line":172,"column":17},"end":{"line":172,"column":70}},"type":"cond-expr","locations":[{"start":{"line":172,"column":50},"end":{"line":172,"column":61}},{"start":{"line":172,"column":64},"end":{"line":172,"column":70}}],"line":172},"14":{"loc":{"start":{"line":173,"column":17},"end":{"line":173,"column":70}},"type":"cond-expr","locations":[{"start":{"line":173,"column":50},"end":{"line":173,"column":61}},{"start":{"line":173,"column":64},"end":{"line":173,"column":70}}],"line":173},"15":{"loc":{"start":{"line":174,"column":19},"end":{"line":174,"column":74}},"type":"cond-expr","locations":[{"start":{"line":174,"column":54},"end":{"line":174,"column":65}},{"start":{"line":174,"column":68},"end":{"line":174,"column":74}}],"line":174},"16":{"loc":{"start":{"line":175,"column":18},"end":{"line":175,"column":72}},"type":"cond-expr","locations":[{"start":{"line":175,"column":52},"end":{"line":175,"column":63}},{"start":{"line":175,"column":66},"end":{"line":175,"column":72}}],"line":175},"17":{"loc":{"start":{"line":176,"column":17},"end":{"line":176,"column":70}},"type":"cond-expr","locations":[{"start":{"line":176,"column":50},"end":{"line":176,"column":61}},{"start":{"line":176,"column":64},"end":{"line":176,"column":70}}],"line":176},"18":{"loc":{"start":{"line":177,"column":16},"end":{"line":177,"column":68}},"type":"cond-expr","locations":[{"start":{"line":177,"column":48},"end":{"line":177,"column":59}},{"start":{"line":177,"column":62},"end":{"line":177,"column":68}}],"line":177},"19":{"loc":{"start":{"line":178,"column":16},"end":{"line":178,"column":68}},"type":"cond-expr","locations":[{"start":{"line":178,"column":48},"end":{"line":178,"column":59}},{"start":{"line":178,"column":62},"end":{"line":178,"column":68}}],"line":178},"20":{"loc":{"start":{"line":179,"column":16},"end":{"line":179,"column":68}},"type":"cond-expr","locations":[{"start":{"line":179,"column":48},"end":{"line":179,"column":59}},{"start":{"line":179,"column":62},"end":{"line":179,"column":68}}],"line":179},"21":{"loc":{"start":{"line":180,"column":17},"end":{"line":180,"column":70}},"type":"cond-expr","locations":[{"start":{"line":180,"column":50},"end":{"line":180,"column":61}},{"start":{"line":180,"column":64},"end":{"line":180,"column":70}}],"line":180},"22":{"loc":{"start":{"line":183,"column":13},"end":{"line":183,"column":59}},"type":"cond-expr","locations":[{"start":{"line":183,"column":37},"end":{"line":183,"column":46}},{"start":{"line":183,"column":49},"end":{"line":183,"column":59}}],"line":183},"23":{"loc":{"start":{"line":184,"column":16},"end":{"line":184,"column":65}},"type":"cond-expr","locations":[{"start":{"line":184,"column":43},"end":{"line":184,"column":52}},{"start":{"line":184,"column":55},"end":{"line":184,"column":65}}],"line":184},"24":{"loc":{"start":{"line":185,"column":22},"end":{"line":185,"column":78}},"type":"cond-expr","locations":[{"start":{"line":185,"column":56},"end":{"line":185,"column":65}},{"start":{"line":185,"column":68},"end":{"line":185,"column":78}}],"line":185},"25":{"loc":{"start":{"line":186,"column":19},"end":{"line":186,"column":72}},"type":"cond-expr","locations":[{"start":{"line":186,"column":50},"end":{"line":186,"column":59}},{"start":{"line":186,"column":62},"end":{"line":186,"column":72}}],"line":186}},"s":{"0":14,"1":37,"2":37,"3":37,"4":37,"5":37,"6":37,"7":177,"8":0,"9":0,"10":37,"11":37,"12":39,"13":37,"14":37,"15":37,"16":37,"17":37,"18":37,"19":37,"20":37,"21":37,"22":37,"23":37,"24":37,"25":37,"26":37,"27":0,"28":0,"29":0,"30":37,"31":777,"32":260,"33":37,"34":777,"35":517,"36":37,"37":37,"38":37,"39":0,"40":95,"41":4,"42":5,"43":0,"44":0,"45":14,"46":14},"f":{"0":37,"1":37,"2":37,"3":177,"4":0,"5":37,"6":39,"7":37,"8":37,"9":37,"10":37,"11":37,"12":37,"13":37,"14":37,"15":37,"16":37,"17":37,"18":0,"19":37,"20":777,"21":260,"22":777,"23":517,"24":95,"25":4,"26":5,"27":0},"b":{"0":[37,35],"1":[37,37],"2":[37,37],"3":[37,37],"4":[37,0],"5":[37,0],"6":[37,0],"7":[0,0],"8":[95,53],"9":[5,0],"10":[5,0],"11":[5,0],"12":[0,5],"13":[0,5],"14":[0,5],"15":[0,5],"16":[0,5],"17":[0,5],"18":[0,5],"19":[0,5],"20":[0,5],"21":[0,5],"22":[0,5],"23":[0,5],"24":[5,0],"25":[5,0]},"_coverageSchema":"1a1c01bbd47fc00a2c39e90264f33305004495a9","hash":"e54188e86b1caad50cf364bc7e5d8352430aed66"}
,"/Users/emiliopostigo/roastr-ai/src/config/index.js": {"path":"/Users/emiliopostigo/roastr-ai/src/config/index.js","statementMap":{"0":{"start":{"line":3,"column":15},"end":{"line":14,"column":1}},"1":{"start":{"line":16,"column":0},"end":{"line":16,"column":24}}},"fnMap":{},"branchMap":{"0":{"loc":{"start":{"line":5,"column":12},"end":{"line":5,"column":44}},"type":"binary-expr","locations":[{"start":{"line":5,"column":12},"end":{"line":5,"column":38}},{"start":{"line":5,"column":42},"end":{"line":5,"column":44}}],"line":5},"1":{"loc":{"start":{"line":9,"column":12},"end":{"line":9,"column":49}},"type":"binary-expr","locations":[{"start":{"line":9,"column":12},"end":{"line":9,"column":43}},{"start":{"line":9,"column":47},"end":{"line":9,"column":49}}],"line":9}},"s":{"0":0,"1":0},"f":{},"b":{"0":[0,0],"1":[0,0]}}
,"/Users/emiliopostigo/roastr-ai/src/config/integrations.js": {"path":"/Users/emiliopostigo/roastr-ai/src/config/integrations.js","statementMap":{"0":{"start":{"line":1,"column":0},"end":{"line":1,"column":27}},"1":{"start":{"line":3,"column":0},"end":{"line":163,"column":2}}},"fnMap":{},"branchMap":{"0":{"loc":{"start":{"line":5,"column":11},"end":{"line":5,"column":70}},"type":"binary-expr","locations":[{"start":{"line":5,"column":11},"end":{"line":5,"column":55}},{"start":{"line":5,"column":59},"end":{"line":5,"column":70}}],"line":5},"1":{"loc":{"start":{"line":6,"column":17},"end":{"line":6,"column":71}},"type":"binary-expr","locations":[{"start":{"line":6,"column":17},"end":{"line":6,"column":66}},{"start":{"line":6,"column":70},"end":{"line":6,"column":71}}],"line":6},"2":{"loc":{"start":{"line":10,"column":14},"end":{"line":10,"column":49}},"type":"binary-expr","locations":[{"start":{"line":10,"column":14},"end":{"line":10,"column":37}},{"start":{"line":10,"column":41},"end":{"line":10,"column":49}}],"line":10},"3":{"loc":{"start":{"line":16,"column":26},"end":{"line":16,"column":81}},"type":"binary-expr","locations":[{"start":{"line":16,"column":26},"end":{"line":16,"column":76}},{"start":{"line":16,"column":80},"end":{"line":16,"column":81}}],"line":16},"4":{"loc":{"start":{"line":33,"column":22},"end":{"line":33,"column":69}},"type":"binary-expr","locations":[{"start":{"line":33,"column":22},"end":{"line":33,"column":63}},{"start":{"line":33,"column":67},"end":{"line":33,"column":69}}],"line":33},"5":{"loc":{"start":{"line":34,"column":27},"end":{"line":34,"column":81}},"type":"binary-expr","locations":[{"start":{"line":34,"column":27},"end":{"line":34,"column":73}},{"start":{"line":34,"column":77},"end":{"line":34,"column":81}}],"line":34},"6":{"loc":{"start":{"line":37,"column":10},"end":{"line":37,"column":49}},"type":"binary-expr","locations":[{"start":{"line":37,"column":10},"end":{"line":37,"column":34}},{"start":{"line":37,"column":38},"end":{"line":37,"column":49}}],"line":37},"7":{"loc":{"start":{"line":38,"column":15},"end":{"line":38,"column":56}},"type":"binary-expr","locations":[{"start":{"line":38,"column":15},"end":{"line":38,"column":45}},{"start":{"line":38,"column":49},"end":{"line":38,"column":56}}],"line":38},"8":{"loc":{"start":{"line":39,"column":23},"end":{"line":39,"column":80}},"type":"binary-expr","locations":[{"start":{"line":39,"column":23},"end":{"line":39,"column":73}},{"start":{"line":39,"column":77},"end":{"line":39,"column":80}}],"line":39},"9":{"loc":{"start":{"line":40,"column":18},"end":{"line":40,"column":94}},"type":"binary-expr","locations":[{"start":{"line":40,"column":18},"end":{"line":40,"column":63}},{"start":{"line":40,"column":67},"end":{"line":40,"column":94}}],"line":40},"10":{"loc":{"start":{"line":59,"column":21},"end":{"line":59,"column":75}},"type":"binary-expr","locations":[{"start":{"line":59,"column":21},"end":{"line":59,"column":69}},{"start":{"line":59,"column":73},"end":{"line":59,"column":75}}],"line":59},"11":{"loc":{"start":{"line":60,"column":21},"end":{"line":60,"column":77}},"type":"binary-expr","locations":[{"start":{"line":60,"column":21},"end":{"line":60,"column":67}},{"start":{"line":60,"column":71},"end":{"line":60,"column":77}}],"line":60},"12":{"loc":{"start":{"line":61,"column":18},"end":{"line":61,"column":106}},"type":"binary-expr","locations":[{"start":{"line":61,"column":18},"end":{"line":61,"column":63}},{"start":{"line":61,"column":67},"end":{"line":61,"column":106}}],"line":61},"13":{"loc":{"start":{"line":62,"column":25},"end":{"line":62,"column":82}},"type":"binary-expr","locations":[{"start":{"line":62,"column":25},"end":{"line":62,"column":77}},{"start":{"line":62,"column":81},"end":{"line":62,"column":82}}],"line":62},"14":{"loc":{"start":{"line":65,"column":10},"end":{"line":65,"column":46}},"type":"binary-expr","locations":[{"start":{"line":65,"column":10},"end":{"line":65,"column":34}},{"start":{"line":65,"column":38},"end":{"line":65,"column":46}}],"line":65},"15":{"loc":{"start":{"line":66,"column":15},"end":{"line":66,"column":57}},"type":"binary-expr","locations":[{"start":{"line":66,"column":15},"end":{"line":66,"column":45}},{"start":{"line":66,"column":49},"end":{"line":66,"column":57}}],"line":66},"16":{"loc":{"start":{"line":67,"column":23},"end":{"line":67,"column":80}},"type":"binary-expr","locations":[{"start":{"line":67,"column":23},"end":{"line":67,"column":73}},{"start":{"line":67,"column":77},"end":{"line":67,"column":80}}],"line":67},"17":{"loc":{"start":{"line":83,"column":16},"end":{"line":83,"column":72}},"type":"binary-expr","locations":[{"start":{"line":83,"column":16},"end":{"line":83,"column":47}},{"start":{"line":83,"column":51},"end":{"line":83,"column":72}}],"line":83},"18":{"loc":{"start":{"line":84,"column":17},"end":{"line":84,"column":109}},"type":"binary-expr","locations":[{"start":{"line":84,"column":17},"end":{"line":84,"column":49}},{"start":{"line":84,"column":53},"end":{"line":84,"column":109}}],"line":84},"19":{"loc":{"start":{"line":85,"column":25},"end":{"line":85,"column":83}},"type":"binary-expr","locations":[{"start":{"line":85,"column":25},"end":{"line":85,"column":77}},{"start":{"line":85,"column":81},"end":{"line":85,"column":83}}],"line":85},"20":{"loc":{"start":{"line":86,"column":20},"end":{"line":86,"column":73}},"type":"binary-expr","locations":[{"start":{"line":86,"column":20},"end":{"line":86,"column":65}},{"start":{"line":86,"column":69},"end":{"line":86,"column":73}}],"line":86},"21":{"loc":{"start":{"line":98,"column":21},"end":{"line":98,"column":79}},"type":"binary-expr","locations":[{"start":{"line":98,"column":21},"end":{"line":98,"column":69}},{"start":{"line":98,"column":73},"end":{"line":98,"column":79}}],"line":98},"22":{"loc":{"start":{"line":99,"column":18},"end":{"line":99,"column":108}},"type":"binary-expr","locations":[{"start":{"line":99,"column":18},"end":{"line":99,"column":65}},{"start":{"line":99,"column":69},"end":{"line":99,"column":108}}],"line":99},"23":{"loc":{"start":{"line":100,"column":25},"end":{"line":100,"column":84}},"type":"binary-expr","locations":[{"start":{"line":100,"column":25},"end":{"line":100,"column":79}},{"start":{"line":100,"column":83},"end":{"line":100,"column":84}}],"line":100},"24":{"loc":{"start":{"line":106,"column":22},"end":{"line":106,"column":74}},"type":"binary-expr","locations":[{"start":{"line":106,"column":22},"end":{"line":106,"column":69}},{"start":{"line":106,"column":73},"end":{"line":106,"column":74}}],"line":106},"25":{"loc":{"start":{"line":107,"column":22},"end":{"line":107,"column":76}},"type":"binary-expr","locations":[{"start":{"line":107,"column":22},"end":{"line":107,"column":69}},{"start":{"line":107,"column":73},"end":{"line":107,"column":76}}],"line":107},"26":{"loc":{"start":{"line":108,"column":17},"end":{"line":108,"column":87}},"type":"binary-expr","locations":[{"start":{"line":108,"column":17},"end":{"line":108,"column":60}},{"start":{"line":108,"column":64},"end":{"line":108,"column":87}}],"line":108},"27":{"loc":{"start":{"line":109,"column":23},"end":{"line":109,"column":79}},"type":"binary-expr","locations":[{"start":{"line":109,"column":23},"end":{"line":109,"column":72}},{"start":{"line":109,"column":76},"end":{"line":109,"column":79}}],"line":109},"28":{"loc":{"start":{"line":114,"column":25},"end":{"line":114,"column":82}},"type":"binary-expr","locations":[{"start":{"line":114,"column":25},"end":{"line":114,"column":76}},{"start":{"line":114,"column":80},"end":{"line":114,"column":82}}],"line":114},"29":{"loc":{"start":{"line":115,"column":30},"end":{"line":115,"column":95}},"type":"binary-expr","locations":[{"start":{"line":115,"column":30},"end":{"line":115,"column":86}},{"start":{"line":115,"column":90},"end":{"line":115,"column":95}}],"line":115},"30":{"loc":{"start":{"line":116,"column":29},"end":{"line":116,"column":88}},"type":"binary-expr","locations":[{"start":{"line":116,"column":29},"end":{"line":116,"column":83}},{"start":{"line":116,"column":87},"end":{"line":116,"column":88}}],"line":116},"31":{"loc":{"start":{"line":121,"column":17},"end":{"line":121,"column":62}},"type":"binary-expr","locations":[{"start":{"line":121,"column":17},"end":{"line":121,"column":47}},{"start":{"line":121,"column":51},"end":{"line":121,"column":62}}],"line":121},"32":{"loc":{"start":{"line":123,"column":16},"end":{"line":123,"column":71}},"type":"binary-expr","locations":[{"start":{"line":123,"column":16},"end":{"line":123,"column":66}},{"start":{"line":123,"column":70},"end":{"line":123,"column":71}}],"line":123},"33":{"loc":{"start":{"line":124,"column":13},"end":{"line":124,"column":68}},"type":"binary-expr","locations":[{"start":{"line":124,"column":13},"end":{"line":124,"column":59}},{"start":{"line":124,"column":63},"end":{"line":124,"column":68}}],"line":124},"34":{"loc":{"start":{"line":131,"column":16},"end":{"line":131,"column":107}},"type":"binary-expr","locations":[{"start":{"line":131,"column":16},"end":{"line":131,"column":62}},{"start":{"line":131,"column":66},"end":{"line":131,"column":107}}],"line":131},"35":{"loc":{"start":{"line":132,"column":15},"end":{"line":132,"column":67}},"type":"binary-expr","locations":[{"start":{"line":132,"column":15},"end":{"line":132,"column":60}},{"start":{"line":132,"column":64},"end":{"line":132,"column":67}}],"line":132},"36":{"loc":{"start":{"line":137,"column":11},"end":{"line":137,"column":42}},"type":"binary-expr","locations":[{"start":{"line":137,"column":11},"end":{"line":137,"column":32}},{"start":{"line":137,"column":36},"end":{"line":137,"column":42}}],"line":137},"37":{"loc":{"start":{"line":139,"column":21},"end":{"line":139,"column":69}},"type":"binary-expr","locations":[{"start":{"line":139,"column":21},"end":{"line":139,"column":59}},{"start":{"line":139,"column":63},"end":{"line":139,"column":69}}],"line":139},"38":{"loc":{"start":{"line":146,"column":24},"end":{"line":146,"column":81}},"type":"binary-expr","locations":[{"start":{"line":146,"column":24},"end":{"line":146,"column":74}},{"start":{"line":146,"column":78},"end":{"line":146,"column":81}}],"line":146},"39":{"loc":{"start":{"line":147,"column":20},"end":{"line":147,"column":68}},"type":"binary-expr","locations":[{"start":{"line":147,"column":20},"end":{"line":147,"column":63}},{"start":{"line":147,"column":67},"end":{"line":147,"column":68}}],"line":147},"40":{"loc":{"start":{"line":152,"column":10},"end":{"line":152,"column":44}},"type":"binary-expr","locations":[{"start":{"line":152,"column":10},"end":{"line":152,"column":34}},{"start":{"line":152,"column":38},"end":{"line":152,"column":44}}],"line":152},"41":{"loc":{"start":{"line":154,"column":17},"end":{"line":154,"column":69}},"type":"binary-expr","locations":[{"start":{"line":154,"column":17},"end":{"line":154,"column":59}},{"start":{"line":154,"column":63},"end":{"line":154,"column":69}}],"line":154}},"s":{"0":2,"1":2},"f":{},"b":{"0":[2,2],"1":[2,2],"2":[2,2],"3":[2,2],"4":[2,2],"5":[2,2],"6":[2,2],"7":[2,2],"8":[2,2],"9":[2,2],"10":[2,2],"11":[2,2],"12":[2,2],"13":[2,2],"14":[2,2],"15":[2,2],"16":[2,2],"17":[2,2],"18":[2,2],"19":[2,2],"20":[2,2],"21":[2,2],"22":[2,2],"23":[2,2],"24":[2,2],"25":[2,2],"26":[2,2],"27":[2,2],"28":[2,2],"29":[2,2],"30":[2,2],"31":[2,2],"32":[2,2],"33":[2,2],"34":[2,2],"35":[2,2],"36":[2,2],"37":[2,2],"38":[2,2],"39":[2,2],"40":[2,2],"41":[2,2]},"_coverageSchema":"1a1c01bbd47fc00a2c39e90264f33305004495a9","hash":"196ddb0c10caccbfce04fb6a56ea522b66d87aa7"}
,"/Users/emiliopostigo/roastr-ai/src/config/mockMode.js": {"path":"/Users/emiliopostigo/roastr-ai/src/config/mockMode.js","statementMap":{"0":{"start":{"line":10,"column":4},"end":{"line":10,"column":47}},"1":{"start":{"line":11,"column":4},"end":{"line":11,"column":25}},"2":{"start":{"line":16,"column":4},"end":{"line":18,"column":5}},"3":{"start":{"line":17,"column":6},"end":{"line":17,"column":18}},"4":{"start":{"line":21,"column":4},"end":{"line":23,"column":5}},"5":{"start":{"line":22,"column":6},"end":{"line":22,"column":18}},"6":{"start":{"line":26,"column":25},"end":{"line":30,"column":5}},"7":{"start":{"line":32,"column":24},"end":{"line":32,"column":108}},"8":{"start":{"line":32,"column":51},"end":{"line":32,"column":107}},"9":{"start":{"line":34,"column":4},"end":{"line":34,"column":34}},"10":{"start":{"line":38,"column":4},"end":{"line":42,"column":5}},"11":{"start":{"line":39,"column":6},"end":{"line":39,"column":82}},"12":{"start":{"line":41,"column":6},"end":{"line":41,"column":71}},"13":{"start":{"line":47,"column":4},"end":{"line":88,"column":6}},"14":{"start":{"line":49,"column":34},"end":{"line":52,"column":10}},"15":{"start":{"line":53,"column":22},"end":{"line":56,"column":10}},"16":{"start":{"line":57,"column":23},"end":{"line":57,"column":55}},"17":{"start":{"line":58,"column":23},"end":{"line":61,"column":10}},"18":{"start":{"line":63,"column":10},"end":{"line":63,"column":84}},"19":{"start":{"line":64,"column":10},"end":{"line":64,"column":71}},"20":{"start":{"line":67,"column":24},"end":{"line":87,"column":7}},"21":{"start":{"line":68,"column":23},"end":{"line":73,"column":9}},"22":{"start":{"line":69,"column":20},"end":{"line":72,"column":12}},"23":{"start":{"line":74,"column":22},"end":{"line":77,"column":10}},"24":{"start":{"line":78,"column":23},"end":{"line":83,"column":9}},"25":{"start":{"line":79,"column":20},"end":{"line":82,"column":12}},"26":{"start":{"line":84,"column":23},"end":{"line":86,"column":9}},"27":{"start":{"line":85,"column":20},"end":{"line":85,"column":64}},"28":{"start":{"line":92,"column":4},"end":{"line":111,"column":6}},"29":{"start":{"line":95,"column":37},"end":{"line":108,"column":11}},"30":{"start":{"line":115,"column":4},"end":{"line":135,"column":6}},"31":{"start":{"line":117,"column":22},"end":{"line":117,"column":87}},"32":{"start":{"line":118,"column":24},"end":{"line":118,"column":89}},"33":{"start":{"line":121,"column":22},"end":{"line":121,"column":78}},"34":{"start":{"line":122,"column":24},"end":{"line":122,"column":80}},"35":{"start":{"line":125,"column":20},"end":{"line":130,"column":10}},"36":{"start":{"line":133,"column":31},"end":{"line":133,"column":90}},"37":{"start":{"line":139,"column":4},"end":{"line":151,"column":6}},"38":{"start":{"line":141,"column":23},"end":{"line":149,"column":10}},"39":{"start":{"line":155,"column":4},"end":{"line":204,"column":6}},"40":{"start":{"line":156,"column":6},"end":{"line":156,"column":50}},"41":{"start":{"line":159,"column":6},"end":{"line":173,"column":7}},"42":{"start":{"line":160,"column":8},"end":{"line":172,"column":10}},"43":{"start":{"line":163,"column":22},"end":{"line":171,"column":12}},"44":{"start":{"line":175,"column":6},"end":{"line":187,"column":7}},"45":{"start":{"line":176,"column":8},"end":{"line":186,"column":10}},"46":{"start":{"line":179,"column":22},"end":{"line":185,"column":12}},"47":{"start":{"line":189,"column":6},"end":{"line":195,"column":7}},"48":{"start":{"line":190,"column":8},"end":{"line":194,"column":10}},"49":{"start":{"line":193,"column":22},"end":{"line":193,"column":63}},"50":{"start":{"line":198,"column":6},"end":{"line":203,"column":8}},"51":{"start":{"line":201,"column":20},"end":{"line":201,"column":81}},"52":{"start":{"line":202,"column":20},"end":{"line":202,"column":57}},"53":{"start":{"line":209,"column":17},"end":{"line":209,"column":38}},"54":{"start":{"line":211,"column":0},"end":{"line":214,"column":2}}},"fnMap":{"0":{"name":"(anonymous_0)","decl":{"start":{"line":9,"column":2},"end":{"line":9,"column":3}},"loc":{"start":{"line":9,"column":16},"end":{"line":12,"column":3}},"line":9},"1":{"name":"(anonymous_1)","decl":{"start":{"line":14,"column":2},"end":{"line":14,"column":3}},"loc":{"start":{"line":14,"column":22},"end":{"line":35,"column":3}},"line":14},"2":{"name":"(anonymous_2)","decl":{"start":{"line":32,"column":44},"end":{"line":32,"column":45}},"loc":{"start":{"line":32,"column":51},"end":{"line":32,"column":107}},"line":32},"3":{"name":"(anonymous_3)","decl":{"start":{"line":37,"column":2},"end":{"line":37,"column":3}},"loc":{"start":{"line":37,"column":18},"end":{"line":43,"column":3}},"line":37},"4":{"name":"(anonymous_4)","decl":{"start":{"line":46,"column":2},"end":{"line":46,"column":3}},"loc":{"start":{"line":46,"column":31},"end":{"line":89,"column":3}},"line":46},"5":{"name":"(anonymous_5)","decl":{"start":{"line":49,"column":28},"end":{"line":49,"column":29}},"loc":{"start":{"line":49,"column":34},"end":{"line":52,"column":10}},"line":49},"6":{"name":"(anonymous_6)","decl":{"start":{"line":53,"column":16},"end":{"line":53,"column":17}},"loc":{"start":{"line":53,"column":22},"end":{"line":56,"column":10}},"line":53},"7":{"name":"(anonymous_7)","decl":{"start":{"line":57,"column":17},"end":{"line":57,"column":18}},"loc":{"start":{"line":57,"column":23},"end":{"line":57,"column":55}},"line":57},"8":{"name":"(anonymous_8)","decl":{"start":{"line":58,"column":17},"end":{"line":58,"column":18}},"loc":{"start":{"line":58,"column":23},"end":{"line":61,"column":10}},"line":58},"9":{"name":"(anonymous_9)","decl":{"start":{"line":62,"column":27},"end":{"line":62,"column":28}},"loc":{"start":{"line":62,"column":41},"end":{"line":65,"column":9}},"line":62},"10":{"name":"(anonymous_10)","decl":{"start":{"line":64,"column":56},"end":{"line":64,"column":57}},"loc":{"start":{"line":64,"column":62},"end":{"line":64,"column":64}},"line":64},"11":{"name":"(anonymous_11)","decl":{"start":{"line":67,"column":12},"end":{"line":67,"column":13}},"loc":{"start":{"line":67,"column":24},"end":{"line":87,"column":7}},"line":67},"12":{"name":"(anonymous_12)","decl":{"start":{"line":68,"column":16},"end":{"line":68,"column":17}},"loc":{"start":{"line":68,"column":23},"end":{"line":73,"column":9}},"line":68},"13":{"name":"(anonymous_13)","decl":{"start":{"line":69,"column":14},"end":{"line":69,"column":15}},"loc":{"start":{"line":69,"column":20},"end":{"line":72,"column":12}},"line":69},"14":{"name":"(anonymous_14)","decl":{"start":{"line":74,"column":16},"end":{"line":74,"column":17}},"loc":{"start":{"line":74,"column":22},"end":{"line":77,"column":10}},"line":74},"15":{"name":"(anonymous_15)","decl":{"start":{"line":78,"column":16},"end":{"line":78,"column":17}},"loc":{"start":{"line":78,"column":23},"end":{"line":83,"column":9}},"line":78},"16":{"name":"(anonymous_16)","decl":{"start":{"line":79,"column":14},"end":{"line":79,"column":15}},"loc":{"start":{"line":79,"column":20},"end":{"line":82,"column":12}},"line":79},"17":{"name":"(anonymous_17)","decl":{"start":{"line":84,"column":16},"end":{"line":84,"column":17}},"loc":{"start":{"line":84,"column":23},"end":{"line":86,"column":9}},"line":84},"18":{"name":"(anonymous_18)","decl":{"start":{"line":85,"column":14},"end":{"line":85,"column":15}},"loc":{"start":{"line":85,"column":20},"end":{"line":85,"column":64}},"line":85},"19":{"name":"(anonymous_19)","decl":{"start":{"line":91,"column":2},"end":{"line":91,"column":3}},"loc":{"start":{"line":91,"column":23},"end":{"line":112,"column":3}},"line":91},"20":{"name":"(anonymous_20)","decl":{"start":{"line":95,"column":18},"end":{"line":95,"column":19}},"loc":{"start":{"line":95,"column":37},"end":{"line":108,"column":11}},"line":95},"21":{"name":"(anonymous_21)","decl":{"start":{"line":114,"column":2},"end":{"line":114,"column":3}},"loc":{"start":{"line":114,"column":23},"end":{"line":136,"column":3}},"line":114},"22":{"name":"(anonymous_22)","decl":{"start":{"line":117,"column":16},"end":{"line":117,"column":17}},"loc":{"start":{"line":117,"column":22},"end":{"line":117,"column":87}},"line":117},"23":{"name":"(anonymous_23)","decl":{"start":{"line":118,"column":18},"end":{"line":118,"column":19}},"loc":{"start":{"line":118,"column":24},"end":{"line":118,"column":89}},"line":118},"24":{"name":"(anonymous_24)","decl":{"start":{"line":121,"column":16},"end":{"line":121,"column":17}},"loc":{"start":{"line":121,"column":22},"end":{"line":121,"column":78}},"line":121},"25":{"name":"(anonymous_25)","decl":{"start":{"line":122,"column":18},"end":{"line":122,"column":19}},"loc":{"start":{"line":122,"column":24},"end":{"line":122,"column":80}},"line":122},"26":{"name":"(anonymous_26)","decl":{"start":{"line":125,"column":14},"end":{"line":125,"column":15}},"loc":{"start":{"line":125,"column":20},"end":{"line":130,"column":10}},"line":125},"27":{"name":"(anonymous_27)","decl":{"start":{"line":133,"column":24},"end":{"line":133,"column":25}},"loc":{"start":{"line":133,"column":31},"end":{"line":133,"column":90}},"line":133},"28":{"name":"(anonymous_28)","decl":{"start":{"line":138,"column":2},"end":{"line":138,"column":3}},"loc":{"start":{"line":138,"column":28},"end":{"line":152,"column":3}},"line":138},"29":{"name":"(anonymous_29)","decl":{"start":{"line":141,"column":17},"end":{"line":141,"column":18}},"loc":{"start":{"line":141,"column":23},"end":{"line":149,"column":10}},"line":141},"30":{"name":"(anonymous_30)","decl":{"start":{"line":154,"column":2},"end":{"line":154,"column":3}},"loc":{"start":{"line":154,"column":22},"end":{"line":205,"column":3}},"line":154},"31":{"name":"(anonymous_31)","decl":{"start":{"line":155,"column":11},"end":{"line":155,"column":12}},"loc":{"start":{"line":155,"column":40},"end":{"line":204,"column":5}},"line":155},"32":{"name":"(anonymous_32)","decl":{"start":{"line":163,"column":16},"end":{"line":163,"column":17}},"loc":{"start":{"line":163,"column":22},"end":{"line":171,"column":12}},"line":163},"33":{"name":"(anonymous_33)","decl":{"start":{"line":179,"column":16},"end":{"line":179,"column":17}},"loc":{"start":{"line":179,"column":22},"end":{"line":185,"column":12}},"line":179},"34":{"name":"(anonymous_34)","decl":{"start":{"line":193,"column":16},"end":{"line":193,"column":17}},"loc":{"start":{"line":193,"column":22},"end":{"line":193,"column":63}},"line":193},"35":{"name":"(anonymous_35)","decl":{"start":{"line":201,"column":14},"end":{"line":201,"column":15}},"loc":{"start":{"line":201,"column":20},"end":{"line":201,"column":81}},"line":201},"36":{"name":"(anonymous_36)","decl":{"start":{"line":202,"column":14},"end":{"line":202,"column":15}},"loc":{"start":{"line":202,"column":20},"end":{"line":202,"column":57}},"line":202}},"branchMap":{"0":{"loc":{"start":{"line":16,"column":4},"end":{"line":18,"column":5}},"type":"if","locations":[{"start":{"line":16,"column":4},"end":{"line":18,"column":5}},{"start":{},"end":{}}],"line":16},"1":{"loc":{"start":{"line":21,"column":4},"end":{"line":23,"column":5}},"type":"if","locations":[{"start":{"line":21,"column":4},"end":{"line":23,"column":5}},{"start":{},"end":{}}],"line":21},"2":{"loc":{"start":{"line":32,"column":51},"end":{"line":32,"column":107}},"type":"binary-expr","locations":[{"start":{"line":32,"column":51},"end":{"line":32,"column":68}},{"start":{"line":32,"column":72},"end":{"line":32,"column":107}}],"line":32},"3":{"loc":{"start":{"line":38,"column":4},"end":{"line":42,"column":5}},"type":"if","locations":[{"start":{"line":38,"column":4},"end":{"line":42,"column":5}},{"start":{"line":40,"column":11},"end":{"line":42,"column":5}}],"line":38},"4":{"loc":{"start":{"line":155,"column":23},"end":{"line":155,"column":35}},"type":"default-arg","locations":[{"start":{"line":155,"column":33},"end":{"line":155,"column":35}}],"line":155},"5":{"loc":{"start":{"line":159,"column":6},"end":{"line":173,"column":7}},"type":"if","locations":[{"start":{"line":159,"column":6},"end":{"line":173,"column":7}},{"start":{},"end":{}}],"line":159},"6":{"loc":{"start":{"line":175,"column":6},"end":{"line":187,"column":7}},"type":"if","locations":[{"start":{"line":175,"column":6},"end":{"line":187,"column":7}},{"start":{},"end":{}}],"line":175},"7":{"loc":{"start":{"line":189,"column":6},"end":{"line":195,"column":7}},"type":"if","locations":[{"start":{"line":189,"column":6},"end":{"line":195,"column":7}},{"start":{},"end":{}}],"line":189}},"s":{"0":14,"1":14,"2":14,"3":14,"4":0,"5":0,"6":0,"7":0,"8":0,"9":0,"10":14,"11":14,"12":0,"13":0,"14":0,"15":0,"16":0,"17":0,"18":0,"19":0,"20":0,"21":0,"22":0,"23":0,"24":0,"25":0,"26":0,"27":0,"28":0,"29":0,"30":0,"31":0,"32":0,"33":0,"34":0,"35":0,"36":0,"37":0,"38":0,"39":14,"40":0,"41":0,"42":0,"43":0,"44":0,"45":0,"46":0,"47":0,"48":0,"49":0,"50":0,"51":0,"52":0,"53":14,"54":14},"f":{"0":14,"1":14,"2":0,"3":14,"4":0,"5":0,"6":0,"7":0,"8":0,"9":0,"10":0,"11":0,"12":0,"13":0,"14":0,"15":0,"16":0,"17":0,"18":0,"19":0,"20":0,"21":0,"22":0,"23":0,"24":0,"25":0,"26":0,"27":0,"28":0,"29":0,"30":14,"31":0,"32":0,"33":0,"34":0,"35":0,"36":0},"b":{"0":[14,0],"1":[0,0],"2":[0,0],"3":[14,0],"4":[0],"5":[0,0],"6":[0,0],"7":[0,0]},"_coverageSchema":"1a1c01bbd47fc00a2c39e90264f33305004495a9","hash":"e32ac9c5a6190d493b851e37d48c26d5682fb193"}
,"/Users/emiliopostigo/roastr-ai/src/config/supabase.js": {"path":"/Users/emiliopostigo/roastr-ai/src/config/supabase.js","statementMap":{"0":{"start":{"line":1,"column":25},"end":{"line":1,"column":57}},"1":{"start":{"line":3,"column":20},"end":{"line":3,"column":44}},"2":{"start":{"line":4,"column":27},"end":{"line":4,"column":59}},"3":{"start":{"line":5,"column":24},"end":{"line":5,"column":53}},"4":{"start":{"line":8,"column":29},"end":{"line":8,"column":81}},"5":{"start":{"line":10,"column":0},"end":{"line":12,"column":1}},"6":{"start":{"line":11,"column":4},"end":{"line":11,"column":85}},"7":{"start":{"line":15,"column":25},"end":{"line":24,"column":2}},"8":{"start":{"line":15,"column":32},"end":{"line":24,"column":1}},"9":{"start":{"line":17,"column":30},"end":{"line":17,"column":95}},"10":{"start":{"line":19,"column":17},"end":{"line":23,"column":5}},"11":{"start":{"line":20,"column":23},"end":{"line":22,"column":9}},"12":{"start":{"line":21,"column":25},"end":{"line":21,"column":99}},"13":{"start":{"line":27,"column":30},"end":{"line":34,"column":24}},"14":{"start":{"line":37,"column":27},"end":{"line":39,"column":24}},"15":{"start":{"line":42,"column":25},"end":{"line":53,"column":1}},"16":{"start":{"line":43,"column":4},"end":{"line":45,"column":5}},"17":{"start":{"line":44,"column":8},"end":{"line":44,"column":34}},"18":{"start":{"line":46,"column":4},"end":{"line":52,"column":7}},"19":{"start":{"line":56,"column":25},"end":{"line":84,"column":1}},"20":{"start":{"line":58,"column":4},"end":{"line":69,"column":5}},"21":{"start":{"line":59,"column":8},"end":{"line":67,"column":9}},"22":{"start":{"line":60,"column":12},"end":{"line":66,"column":14}},"23":{"start":{"line":68,"column":8},"end":{"line":68,"column":20}},"24":{"start":{"line":71,"column":4},"end":{"line":83,"column":5}},"25":{"start":{"line":72,"column":42},"end":{"line":72,"column":86}},"26":{"start":{"line":74,"column":8},"end":{"line":77,"column":9}},"27":{"start":{"line":75,"column":12},"end":{"line":75,"column":74}},"28":{"start":{"line":76,"column":12},"end":{"line":76,"column":24}},"29":{"start":{"line":79,"column":8},"end":{"line":79,"column":20}},"30":{"start":{"line":81,"column":8},"end":{"line":81,"column":71}},"31":{"start":{"line":82,"column":8},"end":{"line":82,"column":20}},"32":{"start":{"line":87,"column":24},"end":{"line":107,"column":1}},"33":{"start":{"line":88,"column":4},"end":{"line":90,"column":5}},"34":{"start":{"line":89,"column":8},"end":{"line":89,"column":82}},"35":{"start":{"line":92,"column":4},"end":{"line":106,"column":5}},"36":{"start":{"line":93,"column":32},"end":{"line":96,"column":21}},"37":{"start":{"line":98,"column":8},"end":{"line":100,"column":9}},"38":{"start":{"line":99,"column":12},"end":{"line":99,"column":76}},"39":{"start":{"line":102,"column":8},"end":{"line":102,"column":35}},"40":{"start":{"line":104,"column":8},"end":{"line":104,"column":74}},"41":{"start":{"line":105,"column":8},"end":{"line":105,"column":58}},"42":{"start":{"line":109,"column":0},"end":{"line":115,"column":2}}},"fnMap":{"0":{"name":"(anonymous_0)","decl":{"start":{"line":15,"column":25},"end":{"line":15,"column":26}},"loc":{"start":{"line":15,"column":32},"end":{"line":24,"column":1}},"line":15},"1":{"name":"(anonymous_1)","decl":{"start":{"line":17,"column":17},"end":{"line":17,"column":18}},"loc":{"start":{"line":17,"column":30},"end":{"line":17,"column":95}},"line":17},"2":{"name":"(anonymous_2)","decl":{"start":{"line":19,"column":10},"end":{"line":19,"column":11}},"loc":{"start":{"line":19,"column":17},"end":{"line":23,"column":5}},"line":19},"3":{"name":"(anonymous_3)","decl":{"start":{"line":20,"column":16},"end":{"line":20,"column":17}},"loc":{"start":{"line":20,"column":23},"end":{"line":22,"column":9}},"line":20},"4":{"name":"(anonymous_4)","decl":{"start":{"line":21,"column":19},"end":{"line":21,"column":20}},"loc":{"start":{"line":21,"column":25},"end":{"line":21,"column":99}},"line":21},"5":{"name":"(anonymous_5)","decl":{"start":{"line":42,"column":25},"end":{"line":42,"column":26}},"loc":{"start":{"line":42,"column":42},"end":{"line":53,"column":1}},"line":42},"6":{"name":"(anonymous_6)","decl":{"start":{"line":56,"column":25},"end":{"line":56,"column":26}},"loc":{"start":{"line":56,"column":42},"end":{"line":84,"column":1}},"line":56},"7":{"name":"(anonymous_7)","decl":{"start":{"line":87,"column":24},"end":{"line":87,"column":25}},"loc":{"start":{"line":87,"column":36},"end":{"line":107,"column":1}},"line":87}},"branchMap":{"0":{"loc":{"start":{"line":8,"column":29},"end":{"line":8,"column":81}},"type":"binary-expr","locations":[{"start":{"line":8,"column":29},"end":{"line":8,"column":40}},{"start":{"line":8,"column":44},"end":{"line":8,"column":62}},{"start":{"line":8,"column":66},"end":{"line":8,"column":81}}],"line":8},"1":{"loc":{"start":{"line":10,"column":0},"end":{"line":12,"column":1}},"type":"if","locations":[{"start":{"line":10,"column":0},"end":{"line":12,"column":1}},{"start":{},"end":{}}],"line":10},"2":{"loc":{"start":{"line":27,"column":30},"end":{"line":34,"column":24}},"type":"cond-expr","locations":[{"start":{"line":28,"column":6},"end":{"line":33,"column":6}},{"start":{"line":34,"column":6},"end":{"line":34,"column":24}}],"line":27},"3":{"loc":{"start":{"line":37,"column":27},"end":{"line":39,"column":24}},"type":"cond-expr","locations":[{"start":{"line":38,"column":6},"end":{"line":38,"column":48}},{"start":{"line":39,"column":6},"end":{"line":39,"column":24}}],"line":37},"4":{"loc":{"start":{"line":43,"column":4},"end":{"line":45,"column":5}},"type":"if","locations":[{"start":{"line":43,"column":4},"end":{"line":45,"column":5}},{"start":{},"end":{}}],"line":43},"5":{"loc":{"start":{"line":58,"column":4},"end":{"line":69,"column":5}},"type":"if","locations":[{"start":{"line":58,"column":4},"end":{"line":69,"column":5}},{"start":{},"end":{}}],"line":58},"6":{"loc":{"start":{"line":58,"column":8},"end":{"line":58,"column":107}},"type":"binary-expr","locations":[{"start":{"line":58,"column":8},"end":{"line":58,"column":29}},{"start":{"line":58,"column":33},"end":{"line":58,"column":64}},{"start":{"line":58,"column":68},"end":{"line":58,"column":107}}],"line":58},"7":{"loc":{"start":{"line":59,"column":8},"end":{"line":67,"column":9}},"type":"if","locations":[{"start":{"line":59,"column":8},"end":{"line":67,"column":9}},{"start":{},"end":{}}],"line":59},"8":{"loc":{"start":{"line":59,"column":12},"end":{"line":59,"column":33}},"type":"binary-expr","locations":[{"start":{"line":59,"column":12},"end":{"line":59,"column":17}},{"start":{"line":59,"column":21},"end":{"line":59,"column":33}}],"line":59},"9":{"loc":{"start":{"line":74,"column":8},"end":{"line":77,"column":9}},"type":"if","locations":[{"start":{"line":74,"column":8},"end":{"line":77,"column":9}},{"start":{},"end":{}}],"line":74},"10":{"loc":{"start":{"line":88,"column":4},"end":{"line":90,"column":5}},"type":"if","locations":[{"start":{"line":88,"column":4},"end":{"line":90,"column":5}},{"start":{},"end":{}}],"line":88},"11":{"loc":{"start":{"line":98,"column":8},"end":{"line":100,"column":9}},"type":"if","locations":[{"start":{"line":98,"column":8},"end":{"line":100,"column":9}},{"start":{},"end":{}}],"line":98}},"s":{"0":5,"1":5,"2":5,"3":5,"4":5,"5":5,"6":0,"7":5,"8":0,"9":0,"10":0,"11":0,"12":0,"13":5,"14":5,"15":5,"16":0,"17":0,"18":0,"19":5,"20":4,"21":4,"22":4,"23":0,"24":0,"25":0,"26":0,"27":0,"28":0,"29":0,"30":0,"31":0,"32":5,"33":0,"34":0,"35":0,"36":0,"37":0,"38":0,"39":0,"40":0,"41":0,"42":5},"f":{"0":0,"1":0,"2":0,"3":0,"4":0,"5":0,"6":4,"7":0},"b":{"0":[5,5,5],"1":[0,5],"2":[5,0],"3":[5,0],"4":[0,0],"5":[4,0],"6":[4,4,0],"7":[4,0],"8":[4,4],"9":[0,0],"10":[0,0],"11":[0,0]},"_coverageSchema":"1a1c01bbd47fc00a2c39e90264f33305004495a9","hash":"d2fe4264609d85eaa3bfa0e0bcc5ec5706eff448"}
,"/Users/emiliopostigo/roastr-ai/src/middleware/auth.js": {"path":"/Users/emiliopostigo/roastr-ai/src/middleware/auth.js","statementMap":{"0":{"start":{"line":1,"column":29},"end":{"line":1,"column":58}},"1":{"start":{"line":2,"column":19},"end":{"line":2,"column":45}},"2":{"start":{"line":7,"column":26},"end":{"line":41,"column":1}},"3":{"start":{"line":8,"column":4},"end":{"line":40,"column":5}},"4":{"start":{"line":9,"column":27},"end":{"line":9,"column":52}},"5":{"start":{"line":10,"column":22},"end":{"line":10,"column":60}},"6":{"start":{"line":12,"column":8},"end":{"line":17,"column":9}},"7":{"start":{"line":13,"column":12},"end":{"line":16,"column":15}},"8":{"start":{"line":20,"column":21},"end":{"line":20,"column":50}},"9":{"start":{"line":22,"column":8},"end":{"line":27,"column":9}},"10":{"start":{"line":23,"column":12},"end":{"line":26,"column":15}},"11":{"start":{"line":30,"column":8},"end":{"line":30,"column":24}},"12":{"start":{"line":31,"column":8},"end":{"line":31,"column":32}},"13":{"start":{"line":33,"column":8},"end":{"line":33,"column":15}},"14":{"start":{"line":35,"column":8},"end":{"line":35,"column":72}},"15":{"start":{"line":36,"column":8},"end":{"line":39,"column":11}},"16":{"start":{"line":46,"column":21},"end":{"line":88,"column":1}},"17":{"start":{"line":47,"column":4},"end":{"line":87,"column":5}},"18":{"start":{"line":48,"column":8},"end":{"line":53,"column":9}},"19":{"start":{"line":49,"column":12},"end":{"line":52,"column":15}},"20":{"start":{"line":56,"column":37},"end":{"line":56,"column":66}},"21":{"start":{"line":57,"column":27},"end":{"line":57,"column":60}},"22":{"start":{"line":59,"column":45},"end":{"line":63,"column":21}},"23":{"start":{"line":65,"column":8},"end":{"line":71,"column":9}},"24":{"start":{"line":66,"column":12},"end":{"line":66,"column":79}},"25":{"start":{"line":67,"column":12},"end":{"line":70,"column":15}},"26":{"start":{"line":73,"column":8},"end":{"line":78,"column":9}},"27":{"start":{"line":74,"column":12},"end":{"line":77,"column":15}},"28":{"start":{"line":80,"column":8},"end":{"line":80,"column":15}},"29":{"start":{"line":82,"column":8},"end":{"line":82,"column":63}},"30":{"start":{"line":83,"column":8},"end":{"line":86,"column":11}},"31":{"start":{"line":93,"column":21},"end":{"line":111,"column":1}},"32":{"start":{"line":94,"column":4},"end":{"line":110,"column":5}},"33":{"start":{"line":95,"column":27},"end":{"line":95,"column":52}},"34":{"start":{"line":96,"column":22},"end":{"line":96,"column":60}},"35":{"start":{"line":98,"column":8},"end":{"line":104,"column":9}},"36":{"start":{"line":99,"column":25},"end":{"line":99,"column":54}},"37":{"start":{"line":100,"column":12},"end":{"line":103,"column":13}},"38":{"start":{"line":101,"column":16},"end":{"line":101,"column":32}},"39":{"start":{"line":102,"column":16},"end":{"line":102,"column":40}},"40":{"start":{"line":106,"column":8},"end":{"line":106,"column":15}},"41":{"start":{"line":108,"column":8},"end":{"line":108,"column":70}},"42":{"start":{"line":109,"column":8},"end":{"line":109,"column":15}},"43":{"start":{"line":113,"column":0},"end":{"line":117,"column":2}}},"fnMap":{"0":{"name":"(anonymous_0)","decl":{"start":{"line":7,"column":26},"end":{"line":7,"column":27}},"loc":{"start":{"line":7,"column":52},"end":{"line":41,"column":1}},"line":7},"1":{"name":"(anonymous_1)","decl":{"start":{"line":46,"column":21},"end":{"line":46,"column":22}},"loc":{"start":{"line":46,"column":47},"end":{"line":88,"column":1}},"line":46},"2":{"name":"(anonymous_2)","decl":{"start":{"line":93,"column":21},"end":{"line":93,"column":22}},"loc":{"start":{"line":93,"column":47},"end":{"line":111,"column":1}},"line":93}},"branchMap":{"0":{"loc":{"start":{"line":10,"column":22},"end":{"line":10,"column":60}},"type":"binary-expr","locations":[{"start":{"line":10,"column":22},"end":{"line":10,"column":32}},{"start":{"line":10,"column":36},"end":{"line":10,"column":60}}],"line":10},"1":{"loc":{"start":{"line":12,"column":8},"end":{"line":17,"column":9}},"type":"if","locations":[{"start":{"line":12,"column":8},"end":{"line":17,"column":9}},{"start":{},"end":{}}],"line":12},"2":{"loc":{"start":{"line":22,"column":8},"end":{"line":27,"column":9}},"type":"if","locations":[{"start":{"line":22,"column":8},"end":{"line":27,"column":9}},{"start":{},"end":{}}],"line":22},"3":{"loc":{"start":{"line":48,"column":8},"end":{"line":53,"column":9}},"type":"if","locations":[{"start":{"line":48,"column":8},"end":{"line":53,"column":9}},{"start":{},"end":{}}],"line":48},"4":{"loc":{"start":{"line":65,"column":8},"end":{"line":71,"column":9}},"type":"if","locations":[{"start":{"line":65,"column":8},"end":{"line":71,"column":9}},{"start":{},"end":{}}],"line":65},"5":{"loc":{"start":{"line":65,"column":12},"end":{"line":65,"column":33}},"type":"binary-expr","locations":[{"start":{"line":65,"column":12},"end":{"line":65,"column":17}},{"start":{"line":65,"column":21},"end":{"line":65,"column":33}}],"line":65},"6":{"loc":{"start":{"line":73,"column":8},"end":{"line":78,"column":9}},"type":"if","locations":[{"start":{"line":73,"column":8},"end":{"line":78,"column":9}},{"start":{},"end":{}}],"line":73},"7":{"loc":{"start":{"line":96,"column":22},"end":{"line":96,"column":60}},"type":"binary-expr","locations":[{"start":{"line":96,"column":22},"end":{"line":96,"column":32}},{"start":{"line":96,"column":36},"end":{"line":96,"column":60}}],"line":96},"8":{"loc":{"start":{"line":98,"column":8},"end":{"line":104,"column":9}},"type":"if","locations":[{"start":{"line":98,"column":8},"end":{"line":104,"column":9}},{"start":{},"end":{}}],"line":98},"9":{"loc":{"start":{"line":100,"column":12},"end":{"line":103,"column":13}},"type":"if","locations":[{"start":{"line":100,"column":12},"end":{"line":103,"column":13}},{"start":{},"end":{}}],"line":100}},"s":{"0":3,"1":3,"2":3,"3":9,"4":9,"5":9,"6":9,"7":5,"8":4,"9":4,"10":0,"11":4,"12":4,"13":4,"14":0,"15":0,"16":3,"17":0,"18":0,"19":0,"20":0,"21":0,"22":0,"23":0,"24":0,"25":0,"26":0,"27":0,"28":0,"29":0,"30":0,"31":3,"32":0,"33":0,"34":0,"35":0,"36":0,"37":0,"38":0,"39":0,"40":0,"41":0,"42":0,"43":3},"f":{"0":9,"1":0,"2":0},"b":{"0":[9,4],"1":[5,4],"2":[0,4],"3":[0,0],"4":[0,0],"5":[0,0],"6":[0,0],"7":[0,0],"8":[0,0],"9":[0,0]},"_coverageSchema":"1a1c01bbd47fc00a2c39e90264f33305004495a9","hash":"5b942d74555b86354e233a1ab800ac0a35201116"}
,"/Users/emiliopostigo/roastr-ai/src/middleware/isAdmin.js": {"path":"/Users/emiliopostigo/roastr-ai/src/middleware/isAdmin.js","statementMap":{"0":{"start":{"line":1,"column":52},"end":{"line":1,"column":81}},"1":{"start":{"line":2,"column":19},"end":{"line":2,"column":45}},"2":{"start":{"line":8,"column":26},"end":{"line":81,"column":1}},"3":{"start":{"line":9,"column":4},"end":{"line":80,"column":5}},"4":{"start":{"line":10,"column":27},"end":{"line":10,"column":52}},"5":{"start":{"line":11,"column":22},"end":{"line":11,"column":60}},"6":{"start":{"line":13,"column":8},"end":{"line":19,"column":9}},"7":{"start":{"line":14,"column":12},"end":{"line":18,"column":15}},"8":{"start":{"line":22,"column":21},"end":{"line":22,"column":50}},"9":{"start":{"line":24,"column":8},"end":{"line":30,"column":9}},"10":{"start":{"line":25,"column":12},"end":{"line":29,"column":15}},"11":{"start":{"line":33,"column":54},"end":{"line":37,"column":21}},"12":{"start":{"line":39,"column":8},"end":{"line":46,"column":9}},"13":{"start":{"line":40,"column":12},"end":{"line":40,"column":81}},"14":{"start":{"line":41,"column":12},"end":{"line":45,"column":15}},"15":{"start":{"line":49,"column":8},"end":{"line":56,"column":9}},"16":{"start":{"line":50,"column":12},"end":{"line":50,"column":122}},"17":{"start":{"line":51,"column":12},"end":{"line":55,"column":15}},"18":{"start":{"line":58,"column":8},"end":{"line":64,"column":9}},"19":{"start":{"line":59,"column":12},"end":{"line":63,"column":15}},"20":{"start":{"line":67,"column":8},"end":{"line":67,"column":31}},"21":{"start":{"line":68,"column":8},"end":{"line":68,"column":32}},"22":{"start":{"line":70,"column":8},"end":{"line":70,"column":99}},"23":{"start":{"line":71,"column":8},"end":{"line":71,"column":15}},"24":{"start":{"line":74,"column":8},"end":{"line":74,"column":63}},"25":{"start":{"line":75,"column":8},"end":{"line":79,"column":11}},"26":{"start":{"line":86,"column":32},"end":{"line":113,"column":1}},"27":{"start":{"line":87,"column":4},"end":{"line":112,"column":5}},"28":{"start":{"line":88,"column":27},"end":{"line":88,"column":52}},"29":{"start":{"line":89,"column":22},"end":{"line":89,"column":60}},"30":{"start":{"line":91,"column":8},"end":{"line":106,"column":9}},"31":{"start":{"line":92,"column":25},"end":{"line":92,"column":54}},"32":{"start":{"line":93,"column":12},"end":{"line":105,"column":13}},"33":{"start":{"line":94,"column":46},"end":{"line":98,"column":29}},"34":{"start":{"line":100,"column":16},"end":{"line":104,"column":17}},"35":{"start":{"line":101,"column":20},"end":{"line":101,"column":43}},"36":{"start":{"line":102,"column":20},"end":{"line":102,"column":44}},"37":{"start":{"line":103,"column":20},"end":{"line":103,"column":55}},"38":{"start":{"line":108,"column":8},"end":{"line":108,"column":15}},"39":{"start":{"line":110,"column":8},"end":{"line":110,"column":71}},"40":{"start":{"line":111,"column":8},"end":{"line":111,"column":15}},"41":{"start":{"line":115,"column":0},"end":{"line":118,"column":2}}},"fnMap":{"0":{"name":"(anonymous_0)","decl":{"start":{"line":8,"column":26},"end":{"line":8,"column":27}},"loc":{"start":{"line":8,"column":52},"end":{"line":81,"column":1}},"line":8},"1":{"name":"(anonymous_1)","decl":{"start":{"line":86,"column":32},"end":{"line":86,"column":33}},"loc":{"start":{"line":86,"column":58},"end":{"line":113,"column":1}},"line":86}},"branchMap":{"0":{"loc":{"start":{"line":11,"column":22},"end":{"line":11,"column":60}},"type":"binary-expr","locations":[{"start":{"line":11,"column":22},"end":{"line":11,"column":32}},{"start":{"line":11,"column":36},"end":{"line":11,"column":60}}],"line":11},"1":{"loc":{"start":{"line":13,"column":8},"end":{"line":19,"column":9}},"type":"if","locations":[{"start":{"line":13,"column":8},"end":{"line":19,"column":9}},{"start":{},"end":{}}],"line":13},"2":{"loc":{"start":{"line":24,"column":8},"end":{"line":30,"column":9}},"type":"if","locations":[{"start":{"line":24,"column":8},"end":{"line":30,"column":9}},{"start":{},"end":{}}],"line":24},"3":{"loc":{"start":{"line":39,"column":8},"end":{"line":46,"column":9}},"type":"if","locations":[{"start":{"line":39,"column":8},"end":{"line":46,"column":9}},{"start":{},"end":{}}],"line":39},"4":{"loc":{"start":{"line":39,"column":12},"end":{"line":39,"column":35}},"type":"binary-expr","locations":[{"start":{"line":39,"column":12},"end":{"line":39,"column":19}},{"start":{"line":39,"column":23},"end":{"line":39,"column":35}}],"line":39},"5":{"loc":{"start":{"line":49,"column":8},"end":{"line":56,"column":9}},"type":"if","locations":[{"start":{"line":49,"column":8},"end":{"line":56,"column":9}},{"start":{},"end":{}}],"line":49},"6":{"loc":{"start":{"line":58,"column":8},"end":{"line":64,"column":9}},"type":"if","locations":[{"start":{"line":58,"column":8},"end":{"line":64,"column":9}},{"start":{},"end":{}}],"line":58},"7":{"loc":{"start":{"line":89,"column":22},"end":{"line":89,"column":60}},"type":"binary-expr","locations":[{"start":{"line":89,"column":22},"end":{"line":89,"column":32}},{"start":{"line":89,"column":36},"end":{"line":89,"column":60}}],"line":89},"8":{"loc":{"start":{"line":91,"column":8},"end":{"line":106,"column":9}},"type":"if","locations":[{"start":{"line":91,"column":8},"end":{"line":106,"column":9}},{"start":{},"end":{}}],"line":91},"9":{"loc":{"start":{"line":93,"column":12},"end":{"line":105,"column":13}},"type":"if","locations":[{"start":{"line":93,"column":12},"end":{"line":105,"column":13}},{"start":{},"end":{}}],"line":93},"10":{"loc":{"start":{"line":100,"column":16},"end":{"line":104,"column":17}},"type":"if","locations":[{"start":{"line":100,"column":16},"end":{"line":104,"column":17}},{"start":{},"end":{}}],"line":100},"11":{"loc":{"start":{"line":100,"column":20},"end":{"line":100,"column":53}},"type":"binary-expr","locations":[{"start":{"line":100,"column":20},"end":{"line":100,"column":31}},{"start":{"line":100,"column":35},"end":{"line":100,"column":53}}],"line":100}},"s":{"0":3,"1":3,"2":3,"3":8,"4":8,"5":8,"6":8,"7":2,"8":6,"9":5,"10":1,"11":4,"12":4,"13":1,"14":1,"15":3,"16":1,"17":1,"18":2,"19":1,"20":1,"21":1,"22":1,"23":1,"24":1,"25":1,"26":3,"27":3,"28":3,"29":3,"30":3,"31":2,"32":1,"33":1,"34":1,"35":1,"36":1,"37":1,"38":2,"39":1,"40":1,"41":3},"f":{"0":8,"1":3},"b":{"0":[8,7],"1":[2,6],"2":[1,4],"3":[1,3],"4":[4,3],"5":[1,2],"6":[1,1],"7":[3,2],"8":[2,1],"9":[1,0],"10":[1,0],"11":[1,1]},"_coverageSchema":"1a1c01bbd47fc00a2c39e90264f33305004495a9","hash":"f2bdfd9028d4b92871b1da8171a98db5d04318a0"}
,"/Users/emiliopostigo/roastr-ai/src/middleware/rateLimiter.js": {"path":"/Users/emiliopostigo/roastr-ai/src/middleware/rateLimiter.js","statementMap":{"0":{"start":{"line":6,"column":18},"end":{"line":6,"column":44}},"1":{"start":{"line":14,"column":4},"end":{"line":14,"column":30}},"2":{"start":{"line":15,"column":4},"end":{"line":15,"column":29}},"3":{"start":{"line":16,"column":4},"end":{"line":21,"column":6}},"4":{"start":{"line":24,"column":4},"end":{"line":24,"column":54}},"5":{"start":{"line":24,"column":22},"end":{"line":24,"column":36}},"6":{"start":{"line":35,"column":19},"end":{"line":35,"column":36}},"7":{"start":{"line":36,"column":22},"end":{"line":36,"column":107}},"8":{"start":{"line":37,"column":4},"end":{"line":37,"column":32}},"9":{"start":{"line":46,"column":22},"end":{"line":46,"column":43}},"10":{"start":{"line":47,"column":4},"end":{"line":47,"column":46}},"11":{"start":{"line":47,"column":20},"end":{"line":47,"column":46}},"12":{"start":{"line":49,"column":16},"end":{"line":49,"column":26}},"13":{"start":{"line":50,"column":4},"end":{"line":53,"column":5}},"14":{"start":{"line":51,"column":6},"end":{"line":51,"column":31}},"15":{"start":{"line":52,"column":6},"end":{"line":52,"column":32}},"16":{"start":{"line":55,"column":4},"end":{"line":59,"column":6}},"17":{"start":{"line":69,"column":16},"end":{"line":69,"column":26}},"18":{"start":{"line":70,"column":21},"end":{"line":70,"column":35}},"19":{"start":{"line":71,"column":24},"end":{"line":71,"column":25}},"20":{"start":{"line":72,"column":28},"end":{"line":72,"column":42}},"21":{"start":{"line":75,"column":4},"end":{"line":75,"column":33}},"22":{"start":{"line":76,"column":4},"end":{"line":76,"column":35}},"23":{"start":{"line":79,"column":22},"end":{"line":79,"column":44}},"24":{"start":{"line":80,"column":4},"end":{"line":87,"column":5}},"25":{"start":{"line":82,"column":6},"end":{"line":86,"column":8}},"26":{"start":{"line":90,"column":4},"end":{"line":90,"column":24}},"27":{"start":{"line":91,"column":4},"end":{"line":91,"column":34}},"28":{"start":{"line":92,"column":4},"end":{"line":92,"column":40}},"29":{"start":{"line":95,"column":4},"end":{"line":124,"column":5}},"30":{"start":{"line":96,"column":29},"end":{"line":96,"column":50}},"31":{"start":{"line":97,"column":6},"end":{"line":101,"column":9}},"32":{"start":{"line":104,"column":6},"end":{"line":104,"column":37}},"33":{"start":{"line":105,"column":6},"end":{"line":111,"column":9}},"34":{"start":{"line":114,"column":6},"end":{"line":116,"column":7}},"35":{"start":{"line":115,"column":8},"end":{"line":115,"column":74}},"36":{"start":{"line":118,"column":6},"end":{"line":123,"column":8}},"37":{"start":{"line":126,"column":4},"end":{"line":131,"column":6}},"38":{"start":{"line":139,"column":4},"end":{"line":139,"column":30}},"39":{"start":{"line":140,"column":4},"end":{"line":140,"column":29}},"40":{"start":{"line":147,"column":16},"end":{"line":147,"column":26}},"41":{"start":{"line":148,"column":21},"end":{"line":148,"column":35}},"42":{"start":{"line":151,"column":4},"end":{"line":155,"column":5}},"43":{"start":{"line":152,"column":6},"end":{"line":154,"column":7}},"44":{"start":{"line":153,"column":8},"end":{"line":153,"column":34}},"45":{"start":{"line":158,"column":4},"end":{"line":162,"column":5}},"46":{"start":{"line":159,"column":6},"end":{"line":161,"column":7}},"47":{"start":{"line":160,"column":8},"end":{"line":160,"column":33}},"48":{"start":{"line":165,"column":4},"end":{"line":170,"column":5}},"49":{"start":{"line":166,"column":6},"end":{"line":166,"column":37}},"50":{"start":{"line":167,"column":6},"end":{"line":167,"column":31}},"51":{"start":{"line":168,"column":11},"end":{"line":170,"column":5}},"52":{"start":{"line":169,"column":6},"end":{"line":169,"column":31}},"53":{"start":{"line":172,"column":4},"end":{"line":178,"column":5}},"54":{"start":{"line":173,"column":6},"end":{"line":177,"column":9}},"55":{"start":{"line":186,"column":4},"end":{"line":192,"column":6}},"56":{"start":{"line":197,"column":14},"end":{"line":197,"column":34}},"57":{"start":{"line":205,"column":2},"end":{"line":209,"column":21}},"58":{"start":{"line":219,"column":2},"end":{"line":221,"column":3}},"59":{"start":{"line":220,"column":4},"end":{"line":220,"column":18}},"60":{"start":{"line":224,"column":25},"end":{"line":226,"column":63}},"61":{"start":{"line":228,"column":2},"end":{"line":230,"column":3}},"62":{"start":{"line":229,"column":4},"end":{"line":229,"column":18}},"63":{"start":{"line":232,"column":13},"end":{"line":232,"column":29}},"64":{"start":{"line":233,"column":16},"end":{"line":233,"column":64}},"65":{"start":{"line":235,"column":2},"end":{"line":237,"column":3}},"66":{"start":{"line":236,"column":4},"end":{"line":236,"column":18}},"67":{"start":{"line":239,"column":14},"end":{"line":239,"column":37}},"68":{"start":{"line":242,"column":22},"end":{"line":242,"column":42}},"69":{"start":{"line":243,"column":2},"end":{"line":258,"column":3}},"70":{"start":{"line":244,"column":29},"end":{"line":244,"column":77}},"71":{"start":{"line":246,"column":4},"end":{"line":248,"column":5}},"72":{"start":{"line":247,"column":6},"end":{"line":247,"column":95}},"73":{"start":{"line":250,"column":4},"end":{"line":257,"column":7}},"74":{"start":{"line":261,"column":22},"end":{"line":261,"column":29}},"75":{"start":{"line":262,"column":28},"end":{"line":262,"column":33}},"76":{"start":{"line":264,"column":2},"end":{"line":306,"column":4}},"77":{"start":{"line":265,"column":4},"end":{"line":303,"column":5}},"78":{"start":{"line":266,"column":6},"end":{"line":266,"column":33}},"79":{"start":{"line":269,"column":24},"end":{"line":269,"column":45}},"80":{"start":{"line":271,"column":6},"end":{"line":302,"column":7}},"81":{"start":{"line":273,"column":23},"end":{"line":273,"column":51}},"82":{"start":{"line":275,"column":8},"end":{"line":277,"column":9}},"83":{"start":{"line":276,"column":10},"end":{"line":276,"column":77}},"84":{"start":{"line":279,"column":8},"end":{"line":294,"column":9}},"85":{"start":{"line":281,"column":10},"end":{"line":281,"column":31}},"86":{"start":{"line":282,"column":35},"end":{"line":282,"column":78}},"87":{"start":{"line":284,"column":32},"end":{"line":290,"column":12}},"88":{"start":{"line":292,"column":10},"end":{"line":292,"column":32}},"89":{"start":{"line":293,"column":10},"end":{"line":293,"column":28}},"90":{"start":{"line":295,"column":13},"end":{"line":302,"column":7}},"91":{"start":{"line":297,"column":8},"end":{"line":297,"column":33}},"92":{"start":{"line":299,"column":8},"end":{"line":301,"column":9}},"93":{"start":{"line":300,"column":10},"end":{"line":300,"column":72}},"94":{"start":{"line":305,"column":4},"end":{"line":305,"column":44}},"95":{"start":{"line":308,"column":2},"end":{"line":308,"column":9}},"96":{"start":{"line":317,"column":2},"end":{"line":322,"column":3}},"97":{"start":{"line":318,"column":4},"end":{"line":321,"column":7}},"98":{"start":{"line":324,"column":18},"end":{"line":324,"column":36}},"99":{"start":{"line":326,"column":2},"end":{"line":333,"column":5}},"100":{"start":{"line":342,"column":2},"end":{"line":347,"column":3}},"101":{"start":{"line":343,"column":4},"end":{"line":346,"column":7}},"102":{"start":{"line":349,"column":24},"end":{"line":349,"column":32}},"103":{"start":{"line":351,"column":2},"end":{"line":356,"column":3}},"104":{"start":{"line":352,"column":4},"end":{"line":355,"column":7}},"105":{"start":{"line":358,"column":14},"end":{"line":358,"column":37}},"106":{"start":{"line":359,"column":2},"end":{"line":359,"column":27}},"107":{"start":{"line":361,"column":2},"end":{"line":365,"column":5}},"108":{"start":{"line":368,"column":0},"end":{"line":375,"column":2}}},"fnMap":{"0":{"name":"(anonymous_0)","decl":{"start":{"line":13,"column":2},"end":{"line":13,"column":3}},"loc":{"start":{"line":13,"column":16},"end":{"line":25,"column":3}},"line":13},"1":{"name":"(anonymous_1)","decl":{"start":{"line":24,"column":16},"end":{"line":24,"column":17}},"loc":{"start":{"line":24,"column":22},"end":{"line":24,"column":36}},"line":24},"2":{"name":"(anonymous_2)","decl":{"start":{"line":33,"column":2},"end":{"line":33,"column":3}},"loc":{"start":{"line":33,"column":20},"end":{"line":38,"column":3}},"line":33},"3":{"name":"(anonymous_3)","decl":{"start":{"line":45,"column":2},"end":{"line":45,"column":3}},"loc":{"start":{"line":45,"column":17},"end":{"line":60,"column":3}},"line":45},"4":{"name":"(anonymous_4)","decl":{"start":{"line":68,"column":2},"end":{"line":68,"column":3}},"loc":{"start":{"line":68,"column":25},"end":{"line":132,"column":3}},"line":68},"5":{"name":"(anonymous_5)","decl":{"start":{"line":138,"column":2},"end":{"line":138,"column":3}},"loc":{"start":{"line":138,"column":21},"end":{"line":141,"column":3}},"line":138},"6":{"name":"(anonymous_6)","decl":{"start":{"line":146,"column":2},"end":{"line":146,"column":3}},"loc":{"start":{"line":146,"column":12},"end":{"line":179,"column":3}},"line":146},"7":{"name":"(anonymous_7)","decl":{"start":{"line":185,"column":2},"end":{"line":185,"column":3}},"loc":{"start":{"line":185,"column":15},"end":{"line":193,"column":3}},"line":185},"8":{"name":"getClientIP","decl":{"start":{"line":204,"column":9},"end":{"line":204,"column":20}},"loc":{"start":{"line":204,"column":26},"end":{"line":210,"column":1}},"line":204},"9":{"name":"loginRateLimiter","decl":{"start":{"line":218,"column":9},"end":{"line":218,"column":25}},"loc":{"start":{"line":218,"column":42},"end":{"line":309,"column":1}},"line":218},"10":{"name":"(anonymous_10)","decl":{"start":{"line":264,"column":12},"end":{"line":264,"column":13}},"loc":{"start":{"line":264,"column":38},"end":{"line":306,"column":3}},"line":264},"11":{"name":"getRateLimitMetrics","decl":{"start":{"line":316,"column":9},"end":{"line":316,"column":28}},"loc":{"start":{"line":316,"column":39},"end":{"line":334,"column":1}},"line":316},"12":{"name":"resetRateLimit","decl":{"start":{"line":341,"column":9},"end":{"line":341,"column":23}},"loc":{"start":{"line":341,"column":34},"end":{"line":366,"column":1}},"line":341}},"branchMap":{"0":{"loc":{"start":{"line":47,"column":4},"end":{"line":47,"column":46}},"type":"if","locations":[{"start":{"line":47,"column":4},"end":{"line":47,"column":46}},{"start":{},"end":{}}],"line":47},"1":{"loc":{"start":{"line":50,"column":4},"end":{"line":53,"column":5}},"type":"if","locations":[{"start":{"line":50,"column":4},"end":{"line":53,"column":5}},{"start":{},"end":{}}],"line":50},"2":{"loc":{"start":{"line":80,"column":4},"end":{"line":87,"column":5}},"type":"if","locations":[{"start":{"line":80,"column":4},"end":{"line":87,"column":5}},{"start":{},"end":{}}],"line":80},"3":{"loc":{"start":{"line":80,"column":8},"end":{"line":80,"column":67}},"type":"binary-expr","locations":[{"start":{"line":80,"column":8},"end":{"line":80,"column":20}},{"start":{"line":80,"column":24},"end":{"line":80,"column":67}}],"line":80},"4":{"loc":{"start":{"line":95,"column":4},"end":{"line":124,"column":5}},"type":"if","locations":[{"start":{"line":95,"column":4},"end":{"line":124,"column":5}},{"start":{},"end":{}}],"line":95},"5":{"loc":{"start":{"line":114,"column":6},"end":{"line":116,"column":7}},"type":"if","locations":[{"start":{"line":114,"column":6},"end":{"line":116,"column":7}},{"start":{},"end":{}}],"line":114},"6":{"loc":{"start":{"line":152,"column":6},"end":{"line":154,"column":7}},"type":"if","locations":[{"start":{"line":152,"column":6},"end":{"line":154,"column":7}},{"start":{},"end":{}}],"line":152},"7":{"loc":{"start":{"line":159,"column":6},"end":{"line":161,"column":7}},"type":"if","locations":[{"start":{"line":159,"column":6},"end":{"line":161,"column":7}},{"start":{},"end":{}}],"line":159},"8":{"loc":{"start":{"line":165,"column":4},"end":{"line":170,"column":5}},"type":"if","locations":[{"start":{"line":165,"column":4},"end":{"line":170,"column":5}},{"start":{"line":168,"column":11},"end":{"line":170,"column":5}}],"line":165},"9":{"loc":{"start":{"line":165,"column":8},"end":{"line":165,"column":80}},"type":"binary-expr","locations":[{"start":{"line":165,"column":8},"end":{"line":165,"column":26}},{"start":{"line":165,"column":30},"end":{"line":165,"column":80}}],"line":165},"10":{"loc":{"start":{"line":168,"column":11},"end":{"line":170,"column":5}},"type":"if","locations":[{"start":{"line":168,"column":11},"end":{"line":170,"column":5}},{"start":{},"end":{}}],"line":168},"11":{"loc":{"start":{"line":172,"column":4},"end":{"line":178,"column":5}},"type":"if","locations":[{"start":{"line":172,"column":4},"end":{"line":178,"column":5}},{"start":{},"end":{}}],"line":172},"12":{"loc":{"start":{"line":205,"column":9},"end":{"line":209,"column":20}},"type":"binary-expr","locations":[{"start":{"line":205,"column":9},"end":{"line":205,"column":15}},{"start":{"line":206,"column":9},"end":{"line":206,"column":37}},{"start":{"line":207,"column":9},"end":{"line":207,"column":33}},{"start":{"line":208,"column":10},"end":{"line":208,"column":76}},{"start":{"line":209,"column":9},"end":{"line":209,"column":20}}],"line":205},"13":{"loc":{"start":{"line":208,"column":10},"end":{"line":208,"column":76}},"type":"cond-expr","locations":[{"start":{"line":208,"column":34},"end":{"line":208,"column":69}},{"start":{"line":208,"column":72},"end":{"line":208,"column":76}}],"line":208},"14":{"loc":{"start":{"line":219,"column":2},"end":{"line":221,"column":3}},"type":"if","locations":[{"start":{"line":219,"column":2},"end":{"line":221,"column":3}},{"start":{},"end":{}}],"line":219},"15":{"loc":{"start":{"line":224,"column":25},"end":{"line":226,"column":63}},"type":"binary-expr","locations":[{"start":{"line":224,"column":25},"end":{"line":224,"column":52}},{"start":{"line":225,"column":24},"end":{"line":225,"column":51}},{"start":{"line":226,"column":24},"end":{"line":226,"column":45}},{"start":{"line":226,"column":49},"end":{"line":226,"column":63}}],"line":224},"16":{"loc":{"start":{"line":228,"column":2},"end":{"line":230,"column":3}},"type":"if","locations":[{"start":{"line":228,"column":2},"end":{"line":230,"column":3}},{"start":{},"end":{}}],"line":228},"17":{"loc":{"start":{"line":233,"column":16},"end":{"line":233,"column":64}},"type":"binary-expr","locations":[{"start":{"line":233,"column":16},"end":{"line":233,"column":30}},{"start":{"line":233,"column":34},"end":{"line":233,"column":51}},{"start":{"line":233,"column":55},"end":{"line":233,"column":64}}],"line":233},"18":{"loc":{"start":{"line":235,"column":2},"end":{"line":237,"column":3}},"type":"if","locations":[{"start":{"line":235,"column":2},"end":{"line":237,"column":3}},{"start":{},"end":{}}],"line":235},"19":{"loc":{"start":{"line":235,"column":6},"end":{"line":235,"column":35}},"type":"binary-expr","locations":[{"start":{"line":235,"column":6},"end":{"line":235,"column":12}},{"start":{"line":235,"column":16},"end":{"line":235,"column":35}}],"line":235},"20":{"loc":{"start":{"line":243,"column":2},"end":{"line":258,"column":3}},"type":"if","locations":[{"start":{"line":243,"column":2},"end":{"line":258,"column":3}},{"start":{},"end":{}}],"line":243},"21":{"loc":{"start":{"line":246,"column":4},"end":{"line":248,"column":5}},"type":"if","locations":[{"start":{"line":246,"column":4},"end":{"line":248,"column":5}},{"start":{},"end":{}}],"line":246},"22":{"loc":{"start":{"line":265,"column":4},"end":{"line":303,"column":5}},"type":"if","locations":[{"start":{"line":265,"column":4},"end":{"line":303,"column":5}},{"start":{},"end":{}}],"line":265},"23":{"loc":{"start":{"line":271,"column":6},"end":{"line":302,"column":7}},"type":"if","locations":[{"start":{"line":271,"column":6},"end":{"line":302,"column":7}},{"start":{"line":295,"column":13},"end":{"line":302,"column":7}}],"line":271},"24":{"loc":{"start":{"line":275,"column":8},"end":{"line":277,"column":9}},"type":"if","locations":[{"start":{"line":275,"column":8},"end":{"line":277,"column":9}},{"start":{},"end":{}}],"line":275},"25":{"loc":{"start":{"line":279,"column":8},"end":{"line":294,"column":9}},"type":"if","locations":[{"start":{"line":279,"column":8},"end":{"line":294,"column":9}},{"start":{},"end":{}}],"line":279},"26":{"loc":{"start":{"line":295,"column":13},"end":{"line":302,"column":7}},"type":"if","locations":[{"start":{"line":295,"column":13},"end":{"line":302,"column":7}},{"start":{},"end":{}}],"line":295},"27":{"loc":{"start":{"line":295,"column":17},"end":{"line":295,"column":62}},"type":"binary-expr","locations":[{"start":{"line":295,"column":17},"end":{"line":295,"column":38}},{"start":{"line":295,"column":42},"end":{"line":295,"column":62}}],"line":295},"28":{"loc":{"start":{"line":299,"column":8},"end":{"line":301,"column":9}},"type":"if","locations":[{"start":{"line":299,"column":8},"end":{"line":301,"column":9}},{"start":{},"end":{}}],"line":299},"29":{"loc":{"start":{"line":317,"column":2},"end":{"line":322,"column":3}},"type":"if","locations":[{"start":{"line":317,"column":2},"end":{"line":322,"column":3}},{"start":{},"end":{}}],"line":317},"30":{"loc":{"start":{"line":317,"column":6},"end":{"line":317,"column":77}},"type":"binary-expr","locations":[{"start":{"line":317,"column":6},"end":{"line":317,"column":42}},{"start":{"line":317,"column":46},"end":{"line":317,"column":77}}],"line":317},"31":{"loc":{"start":{"line":342,"column":2},"end":{"line":347,"column":3}},"type":"if","locations":[{"start":{"line":342,"column":2},"end":{"line":347,"column":3}},{"start":{},"end":{}}],"line":342},"32":{"loc":{"start":{"line":342,"column":6},"end":{"line":342,"column":77}},"type":"binary-expr","locations":[{"start":{"line":342,"column":6},"end":{"line":342,"column":42}},{"start":{"line":342,"column":46},"end":{"line":342,"column":77}}],"line":342},"33":{"loc":{"start":{"line"
[...]
"end":{"line":112,"column":5}},{"start":{},"end":{}}],"line":106},"7":{"loc":{"start":{"line":115,"column":4},"end":{"line":120,"column":5}},"type":"if","locations":[{"start":{"line":115,"column":4},"end":{"line":120,"column":5}},{"start":{},"end":{}}],"line":115},"8":{"loc":{"start":{"line":123,"column":4},"end":{"line":129,"column":5}},"type":"if","locations":[{"start":{"line":123,"column":4},"end":{"line":129,"column":5}},{"start":{},"end":{}}],"line":123},"9":{"loc":{"start":{"line":123,"column":8},"end":{"line":123,"column":73}},"type":"binary-expr","locations":[{"start":{"line":123,"column":8},"end":{"line":123,"column":18}},{"start":{"line":123,"column":22},"end":{"line":123,"column":47}},{"start":{"line":123,"column":51},"end":{"line":123,"column":73}}],"line":123},"10":{"loc":{"start":{"line":140,"column":6},"end":{"line":144,"column":7}},"type":"if","locations":[{"start":{"line":140,"column":6},"end":{"line":144,"column":7}},{"start":{},"end":{}}],"line":140},"11":{"loc":{"start":{"line":147,"column":4},"end":{"line":153,"column":5}},"type":"if","locations":[{"start":{"line":147,"column":4},"end":{"line":153,"column":5}},{"start":{},"end":{}}],"line":147},"12":{"loc":{"start":{"line":159,"column":4},"end":{"line":168,"column":5}},"type":"if","locations":[{"start":{"line":159,"column":4},"end":{"line":168,"column":5}},{"start":{},"end":{}}],"line":159},"13":{"loc":{"start":{"line":225,"column":4},"end":{"line":230,"column":5}},"type":"if","locations":[{"start":{"line":225,"column":4},"end":{"line":230,"column":5}},{"start":{},"end":{}}],"line":225},"14":{"loc":{"start":{"line":233,"column":4},"end":{"line":238,"column":5}},"type":"if","locations":[{"start":{"line":233,"column":4},"end":{"line":238,"column":5}},{"start":{},"end":{}}],"line":233},"15":{"loc":{"start":{"line":241,"column":4},"end":{"line":247,"column":5}},"type":"if","locations":[{"start":{"line":241,"column":4},"end":{"line":247,"column":5}},{"start":{},"end":{}}],"line":241},"16":{"loc":{"start":{"line":280,"column":4},"end":{"line":285,"column":5}},"type":"if","locations":[{"start":{"line":280,"column":4},"end":{"line":285,"column":5}},{"start":{},"end":{}}],"line":280},"17":{"loc":{"start":{"line":288,"column":4},"end":{"line":293,"column":5}},"type":"if","locations":[{"start":{"line":288,"column":4},"end":{"line":293,"column":5}},{"start":{},"end":{}}],"line":288},"18":{"loc":{"start":{"line":322,"column":4},"end":{"line":327,"column":5}},"type":"if","locations":[{"start":{"line":322,"column":4},"end":{"line":327,"column":5}},{"start":{},"end":{}}],"line":322},"19":{"loc":{"start":{"line":330,"column":4},"end":{"line":338,"column":5}},"type":"if","locations":[{"start":{"line":330,"column":4},"end":{"line":338,"column":5}},{"start":{},"end":{}}],"line":330}},"s":{"0":2,"1":2,"2":2,"3":2,"4":2,"5":2,"6":2,"7":2,"8":2,"9":2,"10":0,"11":0,"12":0,"13":0,"14":0,"15":0,"16":0,"17":0,"18":2,"19":0,"20":0,"21":0,"22":0,"23":0,"24":0,"25":0,"26":0,"27":0,"28":0,"29":0,"30":2,"31":0,"32":0,"33":0,"34":0,"35":0,"36":0,"37":0,"38":0,"39":0,"40":0,"41":0,"42":0,"43":0,"44":0,"45":0,"46":0,"47":0,"48":0,"49":0,"50":0,"51":0,"52":0,"53":0,"54":0,"55":0,"56":0,"57":0,"58":0,"59":0,"60":0,"61":0,"62":0,"63":0,"64":0,"65":0,"66":0,"67":0,"68":0,"69":0,"70":2,"71":0,"72":0,"73":0,"74":0,"75":0,"76":0,"77":0,"78":0,"79":0,"80":0,"81":0,"82":0,"83":0,"84":0,"85":0,"86":0,"87":0,"88":2,"89":0,"90":0,"91":0,"92":0,"93":0,"94":0,"95":0,"96":0,"97":0,"98":0,"99":0,"100":0,"101":0,"102":2,"103":0,"104":0,"105":0,"106":0,"107":0,"108":0,"109":0,"110":0,"111":0,"112":0,"113":0,"114":0,"115":2},"f":{"0":0,"1":0,"2":0,"3":0,"4":0,"5":0,"6":0,"7":0,"8":0,"9":0,"10":0},"b":{"0":[0,0],"1":[0,0],"2":[0,0],"3":[0,0],"4":[0,0],"5":[0],"6":[0,0],"7":[0,0],"8":[0,0],"9":[0,0,0],"10":[0,0],"11":[0,0],"12":[0,0],"13":[0,0],"14":[0,0],"15":[0,0],"16":[0,0],"17":[0,0],"18":[0,0],"19":[0,0]},"_coverageSchema":"1a1c01bbd47fc00a2c39e90264f33305004495a9","hash":"2e4e519de0099f24dcf34344e0e1e9c4b2ef8e7a"}
,"/Users/emiliopostigo/roastr-ai/src/routes/user.js": {"path":"/Users/emiliopostigo/roastr-ai/src/routes/user.js","statementMap":{"0":{"start":{"line":1,"column":16},"end":{"line":1,"column":34}},"1":{"start":{"line":2,"column":30},"end":{"line":2,"column":59}},"2":{"start":{"line":3,"column":19},"end":{"line":3,"column":45}},"3":{"start":{"line":4,"column":52},"end":{"line":4,"column":81}},"4":{"start":{"line":5,"column":32},"end":{"line":5,"column":78}},"5":{"start":{"line":6,"column":18},"end":{"line":6,"column":44}},"6":{"start":{"line":8,"column":15},"end":{"line":8,"column":31}},"7":{"start":{"line":9,"column":28},"end":{"line":9,"column":57}},"8":{"start":{"line":15,"column":0},"end":{"line":41,"column":3}},"9":{"start":{"line":16,"column":4},"end":{"line":40,"column":5}},"10":{"start":{"line":17,"column":23},"end":{"line":17,"column":34}},"11":{"start":{"line":20,"column":23},"end":{"line":20,"column":76}},"12":{"start":{"line":22,"column":8},"end":{"line":32,"column":9}},"13":{"start":{"line":23,"column":12},"end":{"line":26,"column":15}},"14":{"start":{"line":28,"column":12},"end":{"line":31,"column":15}},"15":{"start":{"line":35,"column":8},"end":{"line":35,"column":68}},"16":{"start":{"line":36,"column":8},"end":{"line":39,"column":11}},"17":{"start":{"line":47,"column":0},"end":{"line":99,"column":3}},"18":{"start":{"line":48,"column":4},"end":{"line":98,"column":5}},"19":{"start":{"line":49,"column":29},"end":{"line":49,"column":37}},"20":{"start":{"line":50,"column":23},"end":{"line":50,"column":34}},"21":{"start":{"line":52,"column":8},"end":{"line":57,"column":9}},"22":{"start":{"line":53,"column":12},"end":{"line":56,"column":15}},"23":{"start":{"line":60,"column":31},"end":{"line":60,"column":130}},"24":{"start":{"line":61,"column":8},"end":{"line":66,"column":9}},"25":{"start":{"line":62,"column":12},"end":{"line":65,"column":15}},"26":{"start":{"line":69,"column":23},"end":{"line":69,"column":85}},"27":{"start":{"line":71,"column":8},"end":{"line":90,"column":9}},"28":{"start":{"line":73,"column":12},"end":{"line":78,"column":21}},"29":{"start":{"line":74,"column":16},"end":{"line":77,"column":19}},"30":{"start":{"line":80,"column":12},"end":{"line":84,"column":15}},"31":{"start":{"line":86,"column":12},"end":{"line":89,"column":15}},"32":{"start":{"line":93,"column":8},"end":{"line":93,"column":75}},"33":{"start":{"line":94,"column":8},"end":{"line":97,"column":11}},"34":{"start":{"line":105,"column":0},"end":{"line":140,"column":3}},"35":{"start":{"line":106,"column":4},"end":{"line":139,"column":5}},"36":{"start":{"line":107,"column":29},"end":{"line":107,"column":37}},"37":{"start":{"line":108,"column":23},"end":{"line":108,"column":34}},"38":{"start":{"line":110,"column":8},"end":{"line":115,"column":9}},"39":{"start":{"line":111,"column":12},"end":{"line":114,"column":15}},"40":{"start":{"line":118,"column":23},"end":{"line":118,"column":88}},"41":{"start":{"line":120,"column":8},"end":{"line":131,"column":9}},"42":{"start":{"line":121,"column":12},"end":{"line":125,"column":15}},"43":{"start":{"line":127,"column":12},"end":{"line":130,"column":15}},"44":{"start":{"line":134,"column":8},"end":{"line":134,"column":78}},"45":{"start":{"line":135,"column":8},"end":{"line":138,"column":11}},"46":{"start":{"line":146,"column":0},"end":{"line":336,"column":3}},"47":{"start":{"line":147,"column":4},"end":{"line":335,"column":5}},"48":{"start":{"line":155,"column":12},"end":{"line":155,"column":20}},"49":{"start":{"line":157,"column":23},"end":{"line":157,"column":34}},"50":{"start":{"line":158,"column":27},"end":{"line":158,"column":60}},"51":{"start":{"line":161,"column":31},"end":{"line":164,"column":9}},"52":{"start":{"line":166,"column":33},"end":{"line":166,"column":93}},"53":{"start":{"line":166,"column":65},"end":{"line":166,"column":92}},"54":{"start":{"line":167,"column":8},"end":{"line":172,"column":9}},"55":{"start":{"line":168,"column":12},"end":{"line":171,"column":15}},"56":{"start":{"line":175,"column":27},"end":{"line":175,"column":80}},"57":{"start":{"line":176,"column":8},"end":{"line":181,"column":9}},"58":{"start":{"line":177,"column":12},"end":{"line":180,"column":15}},"59":{"start":{"line":184,"column":28},"end":{"line":184,"column":76}},"60":{"start":{"line":185,"column":8},"end":{"line":190,"column":9}},"61":{"start":{"line":186,"column":12},"end":{"line":189,"column":15}},"62":{"start":{"line":193,"column":26},"end":{"line":193,"column":30}},"63":{"start":{"line":196,"column":8},"end":{"line":224,"column":9}},"64":{"start":{"line":197,"column":47},"end":{"line":214,"column":25}},"65":{"start":{"line":216,"column":12},"end":{"line":218,"column":13}},"66":{"start":{"line":217,"column":16},"end":{"line":217,"column":91}},"67":{"start":{"line":220,"column":12},"end":{"line":220,"column":31}},"68":{"start":{"line":223,"column":12},"end":{"line":223,"column":129}},"69":{"start":{"line":227,"column":8},"end":{"line":286,"column":9}},"70":{"start":{"line":229,"column":56},"end":{"line":233,"column":25}},"71":{"start":{"line":235,"column":12},"end":{"line":285,"column":13}},"72":{"start":{"line":236,"column":39},"end":{"line":236,"column":67}},"73":{"start":{"line":239,"column":44},"end":{"line":282,"column":18}},"74":{"start":{"line":241,"column":66},"end":{"line":246,"column":33}},"75":{"start":{"line":248,"column":20},"end":{"line":251,"column":21}},"76":{"start":{"line":249,"column":24},"end":{"line":249,"column":96}},"77":{"start":{"line":250,"column":24},"end":{"line":250,"column":36}},"78":{"start":{"line":253,"column":20},"end":{"line":279,"column":21}},"79":{"start":{"line":255,"column":77},"end":{"line":271,"column":37}},"80":{"start":{"line":273,"column":24},"end":{"line":276,"column":25}},"81":{"start":{"line":274,"column":28},"end":{"line":274,"column":117}},"82":{"start":{"line":275,"column":28},"end":{"line":275,"column":40}},"83":{"start":{"line":278,"column":24},"end":{"line":278,"column":46}},"84":{"start":{"line":281,"column":20},"end":{"line":281,"column":36}},"85":{"start":{"line":284,"column":16},"end":{"line":284,"column":55}},"86":{"start":{"line":288,"column":8},"end":{"line":295,"column":11}},"87":{"start":{"line":298,"column":29},"end":{"line":312,"column":9}},"88":{"start":{"line":315,"column":8},"end":{"line":321,"column":9}},"89":{"start":{"line":316,"column":12},"end":{"line":320,"column":14}},"90":{"start":{"line":323,"column":8},"end":{"line":327,"column":11}},"91":{"start":{"line":330,"column":8},"end":{"line":330,"column":68}},"92":{"start":{"line":331,"column":8},"end":{"line":334,"column":11}},"93":{"start":{"line":342,"column":0},"end":{"line":373,"column":3}},"94":{"start":{"line":343,"column":4},"end":{"line":372,"column":5}},"95":{"start":{"line":344,"column":23},"end":{"line":344,"column":34}},"96":{"start":{"line":345,"column":27},"end":{"line":345,"column":60}},"97":{"start":{"line":347,"column":45},"end":{"line":355,"column":21}},"98":{"start":{"line":357,"column":8},"end":{"line":359,"column":9}},"99":{"start":{"line":358,"column":12},"end":{"line":358,"column":78}},"100":{"start":{"line":361,"column":8},"end":{"line":364,"column":11}},"101":{"start":{"line":367,"column":8},"end":{"line":367,"column":63}},"102":{"start":{"line":368,"column":8},"end":{"line":371,"column":11}},"103":{"start":{"line":375,"column":0},"end":{"line":375,"column":24}}},"fnMap":{"0":{"name":"(anonymous_0)","decl":{"start":{"line":15,"column":47},"end":{"line":15,"column":48}},"loc":{"start":{"line":15,"column":67},"end":{"line":41,"column":1}},"line":15},"1":{"name":"(anonymous_1)","decl":{"start":{"line":47,"column":56},"end":{"line":47,"column":57}},"loc":{"start":{"line":47,"column":76},"end":{"line":99,"column":1}},"line":47},"2":{"name":"(anonymous_2)","decl":{"start":{"line":73,"column":23},"end":{"line":73,"column":24}},"loc":{"start":{"line":73,"column":29},"end":{"line":78,"column":13}},"line":73},"3":{"name":"(anonymous_3)","decl":{"start":{"line":105,"column":59},"end":{"line":105,"column":60}},"loc":{"start":{"line":105,"column":79},"end":{"line":140,"column":1}},"line":105},"4":{"name":"(anonymous_4)","decl":{"start":{"line":146,"column":47},"end":{"line":146,"column":48}},"loc":{"start":{"line":146,"column":67},"end":{"line":336,"column":1}},"line":146},"5":{"name":"(anonymous_5)","decl":{"start":{"line":166,"column":60},"end":{"line":166,"column":61}},"loc":{"start":{"line":166,"column":65},"end":{"line":166,"column":92}},"line":166},"6":{"name":"(anonymous_6)","decl":{"start":{"line":239,"column":68},"end":{"line":239,"column":69}},"loc":{"start":{"line":239,"column":88},"end":{"line":282,"column":17}},"line":239},"7":{"name":"(anonymous_7)","decl":{"start":{"line":342,"column":42},"end":{"line":342,"column":43}},"loc":{"start":{"line":342,"column":62},"end":{"line":373,"column":1}},"line":342}},"branchMap":{"0":{"loc":{"start":{"line":22,"column":8},"end":{"line":32,"column":9}},"type":"if","locations":[{"start":{"line":22,"column":8},"end":{"line":32,"column":9}},{"start":{"line":27,"column":15},"end":{"line":32,"column":9}}],"line":22},"1":{"loc":{"start":{"line":52,"column":8},"end":{"line":57,"column":9}},"type":"if","locations":[{"start":{"line":52,"column":8},"end":{"line":57,"column":9}},{"start":{},"end":{}}],"line":52},"2":{"loc":{"start":{"line":61,"column":8},"end":{"line":66,"column":9}},"type":"if","locations":[{"start":{"line":61,"column":8},"end":{"line":66,"column":9}},{"start":{},"end":{}}],"line":61},"3":{"loc":{"start":{"line":71,"column":8},"end":{"line":90,"column":9}},"type":"if","locations":[{"start":{"line":71,"column":8},"end":{"line":90,"column":9}},{"start":{"line":85,"column":15},"end":{"line":90,"column":9}}],"line":71},"4":{"loc":{"start":{"line":110,"column":8},"end":{"line":115,"column":9}},"type":"if","locations":[{"start":{"line":110,"column":8},"end":{"line":115,"column":9}},{"start":{},"end":{}}],"line":110},"5":{"loc":{"start":{"line":120,"column":8},"end":{"line":131,"column":9}},"type":"if","locations":[{"start":{"line":120,"column":8},"end":{"line":131,"column":9}},{"start":{"line":126,"column":15},"end":{"line":131,"column":9}}],"line":120},"6":{"loc":{"start":{"line":149,"column":12},"end":{"line":149,"column":36}},"type":"default-arg","locations":[{"start":{"line":149,"column":34},"end":{"line":149,"column":36}}],"line":149},"7":{"loc":{"start":{"line":150,"column":12},"end":{"line":150,"column":36}},"type":"default-arg","locations":[{"start":{"line":150,"column":25},"end":{"line":150,"column":36}}],"line":150},"8":{"loc":{"start":{"line":151,"column":12},"end":{"line":151,"column":33}},"type":"default-arg","locations":[{"start":{"line":151,"column":26},"end":{"line":151,"column":33}}],"line":151},"9":{"loc":{"start":{"line":152,"column":12},"end":{"line":152,"column":36}},"type":"default-arg","locations":[{"start":{"line":152,"column":33},"end":{"line":152,"column":36}}],"line":152},"10":{"loc":{"start":{"line":153,"column":12},"end":{"line":153,"column":31}},"type":"default-arg","locations":[{"start":{"line":153,"column":27},"end":{"line":153,"column":31}}],"line":153},"11":{"loc":{"start":{"line":154,"column":12},"end":{"line":154,"column":33}},"type":"default-arg","locations":[{"start":{"line":154,"column":29},"end":{"line":154,"column":33}}],"line":154},"12":{"loc":{"start":{"line":167,"column":8},"end":{"line":172,"column":9}},"type":"if","locations":[{"start":{"line":167,"column":8},"end":{"line":172,"column":9}},{"start":{},"end":{}}],"line":167},"13":{"loc":{"start":{"line":176,"column":8},"end":{"line":181,"column":9}},"type":"if","locations":[{"start":{"line":176,"column":8},"end":{"line":181,"column":9}},{"start":{},"end":{}}],"line":176},"14":{"loc":{"start":{"line":185,"column":8},"end":{"line":190,"column":9}},"type":"if","locations":[{"start":{"line":185,"column":8},"end":{"line":190,"column":9}},{"start":{},"end":{}}],"line":185},"15":{"loc":{"start":{"line":196,"column":8},"end":{"line":224,"column":9}},"type":"if","locations":[{"start":{"line":196,"column":8},"end":{"line":224,"column":9}},{"start":{"line":221,"column":15},"end":{"line":224,"column":9}}],"line":196},"16":{"loc":{"start":{"line":216,"column":12},"end":{"line":218,"column":13}},"type":"if","locations":[{"start":{"line":216,"column":12},"end":{"line":218,"column":13}},{"start":{},"end":{}}],"line":216},"17":{"loc":{"start":{"line":227,"column":8},"end":{"line":286,"column":9}},"type":"if","locations":[{"start":{"line":227,"column":8},"end":{"line":286,"column":9}},{"start":{},"end":{}}],"line":227},"18":{"loc":{"start":{"line":227,"column":12},"end":{"line":227,"column":80}},"type":"binary-expr","locations":[{"start":{"line":227,"column":12},"end":{"line":227,"column":42}},{"start":{"line":227,"column":46},"end":{"line":227,"column":80}}],"line":227},"19":{"loc":{"start":{"line":235,"column":12},"end":{"line":285,"column":13}},"type":"if","locations":[{"start":{"line":235,"column":12},"end":{"line":285,"column":13}},{"start":{},"end":{}}],"line":235},"20":{"loc":{"start":{"line":235,"column":16},"end":{"line":235,"column":54}},"type":"binary-expr","locations":[{"start":{"line":235,"column":16},"end":{"line":235,"column":25}},{"start":{"line":235,"column":29},"end":{"line":235,"column":54}}],"line":235},"21":{"loc":{"start":{"line":248,"column":20},"end":{"line":251,"column":21}},"type":"if","locations":[{"start":{"line":248,"column":20},"end":{"line":251,"column":21}},{"start":{},"end":{}}],"line":248},"22":{"loc":{"start":{"line":248,"column":24},"end":{"line":248,"column":68}},"type":"binary-expr","locations":[{"start":{"line":248,"column":24},"end":{"line":248,"column":34}},{"start":{"line":248,"column":38},"end":{"line":248,"column":68}}],"line":248},"23":{"loc":{"start":{"line":253,"column":20},"end":{"line":279,"column":21}},"type":"if","locations":[{"start":{"line":253,"column":20},"end":{"line":279,"column":21}},{"start":{},"end":{}}],"line":253},"24":{"loc":{"start":{"line":273,"column":24},"end":{"line":276,"column":25}},"type":"if","locations":[{"start":{"line":273,"column":24},"end":{"line":276,"column":25}},{"start":{},"end":{}}],"line":273},"25":{"loc":{"start":{"line":315,"column":8},"end":{"line":321,"column":9}},"type":"if","locations":[{"start":{"line":315,"column":8},"end":{"line":321,"column":9}},{"start":{},"end":{}}],"line":315},"26":{"loc":{"start":{"line":315,"column":12},"end":{"line":315,"column":61}},"type":"binary-expr","locations":[{"start":{"line":315,"column":12},"end":{"line":315,"column":46}},{"start":{"line":315,"column":50},"end":{"line":315,"column":61}}],"line":315},"27":{"loc":{"start":{"line":357,"column":8},"end":{"line":359,"column":9}},"type":"if","locations":[{"start":{"line":357,"column":8},"end":{"line":359,"column":9}},{"start":{},"end":{}}],"line":357}},"s":{"0":4,"1":4,"2":4,"3":4,"4":4,"5":4,"6":4,"7":4,"8":4,"9":5,"10":5,"11":5,"12":4,"13":3,"14":1,"15":1,"16":1,"17":4,"18":7,"19":7,"20":7,"21":7,"22":1,"23":6,"24":6,"25":1,"26":5,"27":4,"28":3,"29":1,"30":3,"31":1,"32":1,"33":1,"34":4,"35":5,"36":5,"37":5,"38":5,"39":1,"40":4,"41":3,"42":2,"43":1,"44":1,"45":1,"46":4,"47":14,"48":14,"49":14,"50":14,"51":13,"52":13,"53":8,"54":13,"55":1,"56":12,"57":12,"58":1,"59":11,"60":11,"61":1,"62":10,"63":10,"64":7,"65":7,"66":1,"67":6,"68":3,"69":9,"70":5,"71":5,"72":4,"73":4,"74":4,"75":4,"76":1,"77":1,"78":3,"79":2,"80":2,"81":1,"82":1,"83":1,"84":1,"85":4,"86":9,"87":9,"88":9,"89":6,"90":9,"91":2,"92":2,"93":4,"94":3,"95":3,"96":3,"97":3,"98":3,"99":2,"100":1,"101":2,"102":2,"103":4},"f":{"0":5,"1":7,"2":1,"3":5,"4":14,"5":8,"6":4,"7":3},"b":{"0":[3,1],"1":[1,6],"2":[1,5],"3":[3,1],"4":[1,4],"5":[2,1],"6":[7],"7":[1],"8":[1],"9":[13],"10":[13],"11":[13],"12":[1,12],"13":[1,11],"14":[1,10],"15":[7,3],"16":[1,6],"17":[5,4],"18":[9,6],"19":[4,1],"20":[5,4],"21":[1,3],"22":[4,3],"23":[2,1],"24":[1,1],"25":[6,3],"26":[9,6],"27":[2,1]},"_coverageSchema":"1a1c01bbd47fc00a2c39e90264f33305004495a9","hash":"2dec2950d61733fc6c6346bf0cbbe8a011ddb41f"}
}
