TN:
SF:src/index.js
FN:13,(anonymous_0)
FN:22,(anonymous_1)
FN:29,(anonymous_2)
FN:55,(anonymous_3)
FN:60,(anonymous_4)
FN:86,(anonymous_5)
FN:116,(anonymous_6)
FN:127,(anonymous_7)
FN:151,(anonymous_8)
FNF:9
FNH:0
FNDA:0,(anonymous_0)
FNDA:0,(anonymous_1)
FNDA:0,(anonymous_2)
FNDA:0,(anonymous_3)
FNDA:0,(anonymous_4)
FNDA:0,(anonymous_5)
FNDA:0,(anonymous_6)
FNDA:0,(anonymous_7)
FNDA:0,(anonymous_8)
DA:1,0
DA:2,0
DA:3,0
DA:4,0
DA:6,0
DA:7,0
DA:9,0
DA:10,0
DA:13,0
DA:14,0
DA:15,0
DA:17,0
DA:21,0
DA:24,0
DA:29,0
DA:30,0
DA:31,0
DA:32,0
DA:33,0
DA:36,0
DA:40,0
DA:44,0
DA:45,0
DA:47,0
DA:48,0
DA:52,0
DA:55,0
DA:56,0
DA:60,0
DA:61,0
DA:63,0
DA:64,0
DA:68,0
DA:69,0
DA:71,0
DA:72,0
DA:73,0
DA:75,0
DA:77,0
DA:78,0
DA:81,0
DA:86,0
DA:87,0
DA:89,0
DA:90,0
DA:93,0
DA:94,0
DA:95,0
DA:101,0
DA:104,0
DA:105,0
DA:108,0
DA:116,0
DA:117,0
DA:118,0
DA:119,0
DA:121,0
DA:122,0
DA:127,0
DA:128,0
DA:130,0
DA:131,0
DA:134,0
DA:135,0
DA:138,0
DA:139,0
DA:140,0
DA:145,0
DA:146,0
DA:151,0
DA:152,0
LF:71
LH:0
BRDA:10,0,0,0
BRDA:10,0,1,0
BRDA:14,1,0,0
BRDA:14,1,1,0
BRDA:14,2,0,0
BRDA:14,2,1,0
BRDA:14,2,2,0
BRDA:30,3,0,0
BRDA:30,3,1,0
BRDA:30,4,0,0
BRDA:30,4,1,0
BRDA:30,4,2,0
BRDA:31,5,0,0
BRDA:31,5,1,0
BRDA:31,5,2,0
BRDA:32,6,0,0
BRDA:32,6,1,0
BRDA:63,7,0,0
BRDA:63,7,1,0
BRDA:63,8,0,0
BRDA:63,8,1,0
BRDA:69,9,0,0
BRDA:69,9,1,0
BRDA:69,10,0,0
BRDA:69,10,1,0
BRDA:77,11,0,0
BRDA:77,11,1,0
BRDA:89,12,0,0
BRDA:89,12,1,0
BRDA:89,13,0,0
BRDA:89,13,1,0
BRDA:104,14,0,0
BRDA:104,14,1,0
BRDA:110,15,0,0
BRDA:110,15,1,0
BRDA:130,16,0,0
BRDA:130,16,1,0
BRDA:130,17,0,0
BRDA:130,17,1,0
BRDA:134,18,0,0
BRDA:134,18,1,0
BRDA:134,19,0,0
BRDA:134,19,1,0
BRF:43
BRH:0
end_of_record
TN:
SF:src/config/index.js
FNF:0
FNH:0
DA:3,0
DA:16,0
LF:2
LH:0
BRDA:5,0,0,0
BRDA:5,0,1,0
BRDA:9,1,0,0
BRDA:9,1,1,0
BRF:4
BRH:0
end_of_record
TN:
SF:src/config/integrations.js
FNF:0
FNH:0
DA:1,0
DA:3,0
LF:2
LH:0
BRDA:5,0,0,0
BRDA:5,0,1,0
BRDA:6,1,0,0
BRDA:6,1,1,0
BRDA:17,2,0,0
BRDA:17,2,1,0
BRDA:18,3,0,0
BRDA:18,3,1,0
BRDA:28,4,0,0
BRDA:28,4,1,0
BRDA:29,5,0,0
BRDA:29,5,1,0
BRDA:30,6,0,0
BRDA:30,6,1,0
BRDA:31,7,0,0
BRDA:31,7,1,0
BRDA:39,8,0,0
BRDA:39,8,1,0
BRDA:40,9,0,0
BRDA:40,9,1,0
BRDA:41,10,0,0
BRDA:41,10,1,0
BRDA:42,11,0,0
BRDA:42,11,1,0
BRDA:54,12,0,0
BRDA:54,12,1,0
BRDA:55,13,0,0
BRDA:55,13,1,0
BRDA:56,14,0,0
BRDA:56,14,1,0
BRDA:62,15,0,0
BRDA:62,15,1,0
BRDA:63,16,0,0
BRDA:63,16,1,0
BRDA:64,17,0,0
BRDA:64,17,1,0
BRDA:65,18,0,0
BRDA:65,18,1,0
BRDA:70,19,0,0
BRDA:70,19,1,0
BRDA:71,20,0,0
BRDA:71,20,1,0
BRDA:72,21,0,0
BRDA:72,21,1,0
BRDA:77,22,0,0
BRDA:77,22,1,0
BRDA:79,23,0,0
BRDA:79,23,1,0
BRDA:80,24,0,0
BRDA:80,24,1,0
BRDA:87,25,0,0
BRDA:87,25,1,0
BRDA:88,26,0,0
BRDA:88,26,1,0
BRDA:93,27,0,0
BRDA:93,27,1,0
BRDA:95,28,0,0
BRDA:95,28,1,0
BRDA:102,29,0,0
BRDA:102,29,1,0
BRDA:103,30,0,0
BRDA:103,30,1,0
BRDA:108,31,0,0
BRDA:108,31,1,0
BRDA:110,32,0,0
BRDA:110,32,1,0
BRF:66
BRH:0
end_of_record
TN:
SF:src/integrations/integrationManager.js
FN:10,(anonymous_0)
FN:33,(anonymous_1)
FN:42,(anonymous_2)
FN:76,(anonymous_3)
FN:99,(anonymous_4)
FN:118,(anonymous_5)
FN:137,(anonymous_6)
FN:156,(anonymous_7)
FN:175,(anonymous_8)
FN:184,(anonymous_9)
FN:203,(anonymous_10)
FN:233,(anonymous_11)
FN:234,(anonymous_12)
FN:247,(anonymous_13)
FN:272,(anonymous_14)
FN:282,(anonymous_15)
FN:303,(anonymous_16)
FNF:17
FNH:0
FNDA:0,(anonymous_0)
FNDA:0,(anonymous_1)
FNDA:0,(anonymous_2)
FNDA:0,(anonymous_3)
FNDA:0,(anonymous_4)
FNDA:0,(anonymous_5)
FNDA:0,(anonymous_6)
FNDA:0,(anonymous_7)
FNDA:0,(anonymous_8)
FNDA:0,(anonymous_9)
FNDA:0,(anonymous_10)
FNDA:0,(anonymous_11)
FNDA:0,(anonymous_12)
FNDA:0,(anonymous_13)
FNDA:0,(anonymous_14)
FNDA:0,(anonymous_15)
FNDA:0,(anonymous_16)
DA:1,0
DA:4,0
DA:5,0
DA:6,0
DA:7,0
DA:11,0
DA:12,0
DA:13,0
DA:16,0
DA:25,0
DA:26,0
DA:34,0
DA:35,0
DA:43,0
DA:44,0
DA:45,0
DA:47,0
DA:50,0
DA:51,0
DA:55,0
DA:56,0
DA:60,0
DA:61,0
DA:65,0
DA:66,0
DA:70,0
DA:73,0
DA:74,0
DA:76,0
DA:77,0
DA:78,0
DA:80,0
DA:81,0
DA:85,0
DA:86,0
DA:88,0
DA:91,0
DA:92,0
DA:100,0
DA:101,0
DA:103,0
DA:104,0
DA:106,0
DA:107,0
DA:110,0
DA:111,0
DA:119,0
DA:120,0
DA:122,0
DA:123,0
DA:125,0
DA:126,0
DA:129,0
DA:130,0
DA:138,0
DA:139,0
DA:141,0
DA:142,0
DA:144,0
DA:145,0
DA:148,0
DA:149,0
DA:157,0
DA:158,0
DA:160,0
DA:161,0
DA:163,0
DA:164,0
DA:167,0
DA:168,0
DA:176,0
DA:177,0
DA:179,0
DA:181,0
DA:182,0
DA:183,0
DA:185,0
DA:190,0
DA:192,0
DA:195,0
DA:196,0
DA:204,0
DA:207,0
DA:208,0
DA:209,0
DA:212,0
DA:213,0
DA:214,0
DA:215,0
DA:220,0
DA:222,0
DA:234,0
DA:235,0
DA:236,0
DA:248,0
DA:258,0
DA:259,0
DA:266,0
DA:273,0
DA:274,0
DA:276,0
DA:278,0
DA:279,0
DA:280,0
DA:281,0
DA:283,0
DA:289,0
DA:291,0
DA:293,0
DA:296,0
DA:304,0
DA:305,0
DA:308,0
DA:309,0
DA:310,0
DA:313,0
DA:316,0
DA:318,0
DA:319,0
DA:321,0
DA:322,0
DA:324,0
DA:325,0
DA:327,0
DA:328,0
DA:330,0
DA:334,0
DA:335,0
DA:336,0
DA:339,0
DA:342,0
DA:343,0
DA:348,0
LF:133
LH:0
BRDA:25,0,0,0
BRDA:25,0,1,0
BRDA:34,1,0,0
BRDA:34,1,1,0
BRDA:50,2,0,0
BRDA:50,2,1,0
BRDA:50,3,0,0
BRDA:50,3,1,0
BRDA:55,4,0,0
BRDA:55,4,1,0
BRDA:55,5,0,0
BRDA:55,5,1,0
BRDA:60,6,0,0
BRDA:60,6,1,0
BRDA:60,7,0,0
BRDA:60,7,1,0
BRDA:65,8,0,0
BRDA:65,8,1,0
BRDA:65,9,0,0
BRDA:65,9,1,0
BRDA:77,10,0,0
BRDA:77,10,1,0
BRDA:208,11,0,0
BRDA:208,11,1,0
BRDA:213,12,0,0
BRDA:213,12,1,0
BRDA:214,13,0,0
BRDA:214,13,1,0
BRDA:215,14,0,0
BRDA:215,14,1,0
BRDA:261,15,0,0
BRDA:261,15,1,0
BRDA:262,16,0,0
BRDA:262,16,1,0
BRDA:280,17,0,0
BRDA:280,17,1,0
BRDA:309,18,0,0
BRDA:309,18,1,0
BRDA:309,19,0,0
BRDA:309,19,1,0
BRDA:316,20,0,0
BRDA:316,20,1,0
BRDA:316,20,2,0
BRDA:316,20,3,0
BRDA:316,20,4,0
BRDA:335,21,0,0
BRDA:335,21,1,0
BRF:47
BRH:0
end_of_record
TN:
SF:src/integrations/base/BaseIntegration.js
FN:2,(anonymous_0)
FN:19,(anonymous_1)
FN:28,(anonymous_2)
FN:32,(anonymous_3)
FN:36,(anonymous_4)
FN:43,(anonymous_5)
FN:70,(anonymous_6)
FN:81,(anonymous_7)
FN:82,(anonymous_8)
FN:92,(anonymous_9)
FN:111,(anonymous_10)
FNF:11
FNH:0
FNDA:0,(anonymous_0)
FNDA:0,(anonymous_1)
FNDA:0,(anonymous_2)
FNDA:0,(anonymous_3)
FNDA:0,(anonymous_4)
FNDA:0,(anonymous_5)
FNDA:0,(anonymous_6)
FNDA:0,(anonymous_7)
FNDA:0,(anonymous_8)
FNDA:0,(anonymous_9)
FNDA:0,(anonymous_10)
DA:3,0
DA:4,0
DA:5,0
DA:8,0
DA:20,0
DA:21,0
DA:29,0
DA:33,0
DA:37,0
DA:44,0
DA:45,0
DA:48,0
DA:49,0
DA:57,0
DA:58,0
DA:61,0
DA:62,0
DA:63,0
DA:71,0
DA:82,0
DA:83,0
DA:84,0
DA:86,0
DA:93,0
DA:94,0
DA:97,0
DA:99,0
DA:100,0
DA:103,0
DA:104,0
DA:112,0
DA:117,0
DA:121,0
LF:33
LH:0
BRDA:20,0,0,0
BRDA:20,0,1,0
BRDA:43,1,0,0
BRDA:83,2,0,0
BRDA:83,2,1,0
BRF:5
BRH:0
end_of_record
TN:
SF:src/integrations/bluesky/blueskyService.js
FN:5,(anonymous_0)
FN:25,(anonymous_1)
FN:52,(anonymous_2)
FN:83,(anonymous_3)
FN:100,(anonymous_4)
FN:118,(anonymous_5)
FN:140,(anonymous_6)
FN:167,(anonymous_7)
FN:184,(anonymous_8)
FN:191,(anonymous_9)
FN:211,(anonymous_10)
FN:232,(anonymous_11)
FN:233,(anonymous_12)
FN:239,(anonymous_13)
FNF:14
FNH:0
FNDA:0,(anonymous_0)
FNDA:0,(anonymous_1)
FNDA:0,(anonymous_2)
FNDA:0,(anonymous_3)
FNDA:0,(anonymous_4)
FNDA:0,(anonymous_5)
FNDA:0,(anonymous_6)
FNDA:0,(anonymous_7)
FNDA:0,(anonymous_8)
FNDA:0,(anonymous_9)
FNDA:0,(anonymous_10)
FNDA:0,(anonymous_11)
FNDA:0,(anonymous_12)
FNDA:0,(anonymous_13)
DA:1,0
DA:6,0
DA:9,0
DA:10,0
DA:13,0
DA:14,0
DA:15,0
DA:18,0
DA:19,0
DA:26,0
DA:27,0
DA:40,0
DA:41,0
DA:44,0
DA:45,0
DA:53,0
DA:54,0
DA:72,0
DA:75,0
DA:76,0
DA:84,0
DA:93,0
DA:101,0
DA:107,0
DA:110,0
DA:111,0
DA:119,0
DA:121,0
DA:133,0
DA:141,0
DA:142,0
DA:153,0
DA:154,0
DA:156,0
DA:159,0
DA:160,0
DA:168,0
DA:169,0
DA:171,0
DA:172,0
DA:176,0
DA:178,0
DA:181,0
DA:184,0
DA:192,0
DA:200,0
DA:203,0
DA:204,0
DA:212,0
DA:221,0
DA:224,0
DA:225,0
DA:233,0
DA:240,0
DA:241,0
DA:244,0
DA:248,0
LF:57
LH:0
BRDA:18,0,0,0
BRDA:18,0,1,0
BRDA:19,1,0,0
BRDA:19,1,1,0
BRDA:123,2,0,0
BRDA:123,2,1,0
BRDA:171,3,0,0
BRDA:171,3,1,0
BRDA:211,4,0,0
BRDA:240,5,0,0
BRDA:240,5,1,0
BRF:11
BRH:0
end_of_record
TN:
SF:src/integrations/instagram/instagramService.js
FN:4,(anonymous_0)
FN:21,(anonymous_1)
FN:46,(anonymous_2)
FN:67,(anonymous_3)
FN:89,(anonymous_4)
FN:110,(anonymous_5)
FN:133,(anonymous_6)
FN:167,(anonymous_7)
FN:198,(anonymous_8)
FN:223,(anonymous_9)
FN:236,(anonymous_10)
FN:244,(anonymous_11)
FN:250,(anonymous_12)
FN:257,(anonymous_13)
FN:263,(anonymous_14)
FN:278,(anonymous_15)
FN:299,(anonymous_16)
FN:300,(anonymous_17)
FN:306,(anonymous_18)
FNF:19
FNH:0
FNDA:0,(anonymous_0)
FNDA:0,(anonymous_1)
FNDA:0,(anonymous_2)
FNDA:0,(anonymous_3)
FNDA:0,(anonymous_4)
FNDA:0,(anonymous_5)
FNDA:0,(anonymous_6)
FNDA:0,(anonymous_7)
FNDA:0,(anonymous_8)
FNDA:0,(anonymous_9)
FNDA:0,(anonymous_10)
FNDA:0,(anonymous_11)
FNDA:0,(anonymous_12)
FNDA:0,(anonymous_13)
FNDA:0,(anonymous_14)
FNDA:0,(anonymous_15)
FNDA:0,(anonymous_16)
FNDA:0,(anonymous_17)
FNDA:0,(anonymous_18)
DA:1,0
DA:5,0
DA:8,0
DA:9,0
DA:12,0
DA:13,0
DA:14,0
DA:15,0
DA:22,0
DA:23,0
DA:34,0
DA:35,0
DA:38,0
DA:39,0
DA:47,0
DA:48,0
DA:56,0
DA:59,0
DA:60,0
DA:68,0
DA:69,0
DA:72,0
DA:74,0
DA:75,0
DA:78,0
DA:82,0
DA:90,0
DA:99,0
DA:102,0
DA:103,0
DA:111,0
DA:112,0
DA:126,0
DA:134,0
DA:136,0
DA:138,0
DA:140,0
DA:160,0
DA:168,0
DA:169,0
DA:184,0
DA:185,0
DA:187,0
DA:190,0
DA:191,0
DA:199,0
DA:200,0
DA:216,0
DA:224,0
DA:225,0
DA:226,0
DA:228,0
DA:229,0
DA:237,0
DA:238,0
DA:241,0
DA:242,0
DA:244,0
DA:254,0
DA:255,0
DA:257,0
DA:264,0
DA:268,0
DA:271,0
DA:279,0
DA:288,0
DA:291,0
DA:292,0
DA:300,0
DA:307,0
DA:308,0
DA:311,0
DA:315,0
LF:73
LH:0
BRDA:14,0,0,0
BRDA:14,0,1,0
BRDA:15,1,0,0
BRDA:15,1,1,0
BRDA:89,2,0,0
BRDA:138,3,0,0
BRDA:138,3,1,0
BRDA:224,4,0,0
BRDA:224,4,1,0
BRDA:224,5,0,0
BRDA:224,5,1,0
BRDA:237,6,0,0
BRDA:237,6,1,0
BRDA:241,7,0,0
BRDA:241,7,1,0
BRDA:242,8,0,0
BRDA:242,8,1,0
BRDA:244,9,0,0
BRDA:244,9,1,0
BRDA:307,10,0,0
BRDA:307,10,1,0
BRF:21
BRH:0
end_of_record
TN:
SF:src/integrations/youtube/youtubeService.js
FN:4,(anonymous_0)
FN:20,(anonymous_1)
FN:41,(anonymous_2)
FN:62,(anonymous_3)
FN:81,(anonymous_4)
FN:107,(anonymous_5)
FN:134,(anonymous_6)
FN:163,(anonymous_7)
FN:167,(anonymous_8)
FN:173,(anonymous_9)
FN:183,(anonymous_10)
FN:194,(anonymous_11)
FN:195,(anonymous_12)
FN:201,(anonymous_13)
FNF:14
FNH:0
FNDA:0,(anonymous_0)
FNDA:0,(anonymous_1)
FNDA:0,(anonymous_2)
FNDA:0,(anonymous_3)
FNDA:0,(anonymous_4)
FNDA:0,(anonymous_5)
FNDA:0,(anonymous_6)
FNDA:0,(anonymous_7)
FNDA:0,(anonymous_8)
FNDA:0,(anonymous_9)
FNDA:0,(anonymous_10)
FNDA:0,(anonymous_11)
FNDA:0,(anonymous_12)
FNDA:0,(anonymous_13)
DA:1,0
DA:5,0
DA:8,0
DA:9,0
DA:12,0
DA:13,0
DA:14,0
DA:21,0
DA:22,0
DA:29,0
DA:30,0
DA:33,0
DA:34,0
DA:42,0
DA:43,0
DA:51,0
DA:54,0
DA:55,0
DA:63,0
DA:64,0
DA:66,0
DA:67,0
DA:70,0
DA:74,0
DA:82,0
DA:83,0
DA:100,0
DA:108,0
DA:110,0
DA:112,0
DA:114,0
DA:127,0
DA:135,0
DA:136,0
DA:149,0
DA:150,0
DA:152,0
DA:155,0
DA:156,0
DA:164,0
DA:165,0
DA:167,0
DA:174,0
DA:175,0
DA:176,0
DA:184,0
DA:185,0
DA:186,0
DA:187,0
DA:195,0
DA:202,0
DA:203,0
DA:206,0
DA:210,0
LF:54
LH:0
BRDA:13,0,0,0
BRDA:13,0,1,0
BRDA:14,1,0,0
BRDA:14,1,1,0
BRDA:112,2,0,0
BRDA:112,2,1,0
BRDA:164,3,0,0
BRDA:164,3,1,0
BRDA:174,4,0,0
BRDA:174,4,1,0
BRDA:185,5,0,0
BRDA:185,5,1,0
BRDA:202,6,0,0
BRDA:202,6,1,0
BRF:14
BRH:0
end_of_record
TN:
SF:src/services/csvRoastService.js
FN:6,(anonymous_0)
FN:18,(anonymous_1)
FN:24,(anonymous_2)
FN:59,(anonymous_3)
FN:95,(anonymous_4)
FN:104,(anonymous_5)
FN:106,(anonymous_6)
FN:112,(anonymous_7)
FN:130,(anonymous_8)
FN:142,(anonymous_9)
FN:149,(anonymous_10)
FN:193,(anonymous_11)
FN:219,(anonymous_12)
FNF:13
FNH:9
FNDA:11,(anonymous_0)
FNDA:11,(anonymous_1)
FNDA:0,(anonymous_2)
FNDA:2,(anonymous_3)
FNDA:1,(anonymous_4)
FNDA:1,(anonymous_5)
FNDA:1,(anonymous_6)
FNDA:0,(anonymous_7)
FNDA:5,(anonymous_8)
FNDA:18,(anonymous_9)
FNDA:96,(anonymous_10)
FNDA:0,(anonymous_11)
FNDA:0,(anonymous_12)
DA:1,1
DA:2,1
DA:3,1
DA:8,11
DA:9,11
DA:12,11
DA:13,11
DA:14,11
DA:15,11
DA:19,11
DA:20,0
DA:25,0
DA:26,0
DA:27,0
DA:29,0
DA:31,0
DA:45,0
DA:51,0
DA:52,0
DA:54,0
DA:55,0
DA:60,2
DA:61,2
DA:64,2
DA:65,1
DA:66,1
DA:69,1
DA:72,1
DA:75,1
DA:78,1
DA:84,1
DA:85,0
DA:89,1
DA:90,1
DA:94,1
DA:95,1
DA:97,1
DA:98,0
DA:102,1
DA:104,1
DA:105,1
DA:106,1
DA:112,0
DA:113,0
DA:118,1
DA:120,1
DA:121,1
DA:123,1
DA:125,0
DA:126,0
DA:131,5
DA:132,5
DA:134,5
DA:135,1
DA:138,4
DA:141,4
DA:142,18
DA:144,4
DA:145,4
DA:147,4
DA:148,12
DA:149,96
DA:152,12
DA:155,12
DA:156,1
DA:157,11
DA:158,3
DA:161,8
DA:162,28
DA:163,162
DA:164,2
DA:165,160
DA:166,1
DA:172,12
DA:173,3
DA:174,3
DA:179,4
DA:180,1
DA:181,1
DA:183,3
DA:186,4
DA:188,1
DA:189,1
DA:194,0
DA:196,0
DA:199,0
DA:202,0
DA:207,0
DA:209,0
DA:210,0
DA:212,0
DA:214,0
DA:215,0
DA:220,0
DA:221,0
DA:222,0
DA:229,0
DA:230,0
DA:235,1
LF:99
LH:67
BRDA:8,0,0,11
BRDA:8,0,1,0
BRDA:9,1,0,11
BRDA:9,1,1,0
BRDA:19,2,0,0
BRDA:19,2,1,11
BRDA:64,3,0,1
BRDA:64,3,1,1
BRDA:64,4,0,2
BRDA:64,4,1,1
BRDA:64,4,2,1
BRDA:84,5,0,0
BRDA:84,5,1,1
BRDA:89,6,0,1
BRDA:89,6,1,0
BRDA:90,7,0,1
BRDA:90,7,1,0
BRDA:94,8,0,1
BRDA:94,8,1,0
BRDA:97,9,0,0
BRDA:97,9,1,1
BRDA:102,10,0,1
BRDA:102,10,1,0
BRDA:105,11,0,1
BRDA:105,11,1,1
BRDA:107,12,0,1
BRDA:107,12,1,1
BRDA:113,13,0,0
BRDA:113,13,1,0
BRDA:113,13,2,0
BRDA:113,13,3,0
BRDA:134,14,0,1
BRDA:134,14,1,4
BRDA:155,15,0,1
BRDA:155,15,1,11
BRDA:157,16,0,3
BRDA:157,16,1,8
BRDA:157,17,0,11
BRDA:157,17,1,8
BRDA:163,18,0,2
BRDA:163,18,1,160
BRDA:165,19,0,1
BRDA:165,19,1,159
BRDA:165,20,0,160
BRDA:165,20,1,159
BRDA:172,21,0,3
BRDA:172,21,1,9
BRDA:179,22,0,1
BRDA:179,22,1,3
BRF:49
BRH:36
end_of_record
TN:
SF:src/services/openai.js
FN:5,(anonymous_0)
FN:9,(anonymous_1)
FNF:2
FNH:0
FNDA:0,(anonymous_0)
FNDA:0,(anonymous_1)
DA:6,0
DA:11,0
DA:15,0
LF:3
LH:0
BRF:0
BRH:0
end_of_record
TN:
SF:src/services/perspective.js
FN:5,(anonymous_0)
FN:9,(anonymous_1)
FNF:2
FNH:0
FNDA:0,(anonymous_0)
FNDA:0,(anonymous_1)
DA:6,0
DA:11,0
DA:15,0
LF:3
LH:0
BRF:0
BRH:0
end_of_record
TN:
SF:src/services/perspectiveMock.js
FN:2,(anonymous_0)
FNF:1
FNH:0
FNDA:0,(anonymous_0)
DA:3,0
DA:10,0
LF:2
LH:0
BRF:0
BRH:0
end_of_record
TN:
SF:src/services/roastGeneratorMock.js
FN:2,(anonymous_0)
FNF:1
FNH:0
FNDA:0,(anonymous_0)
DA:3,0
DA:14,0
DA:15,0
DA:19,0
LF:4
LH:0
BRF:0
BRH:0
end_of_record
TN:
SF:src/services/roastGeneratorReal.js
FN:5,(anonymous_0)
FN:15,(anonymous_1)
FNF:2
FNH:2
FNDA:14,(anonymous_0)
FNDA:11,(anonymous_1)
DA:1,1
DA:2,1
DA:6,14
DA:8,14
DA:9,1
DA:12,13
DA:16,11
DA:17,11
DA:68,11
DA:70,11
DA:86,9
DA:88,2
DA:89,2
DA:90,2
DA:95,1
LF:15
LH:15
BRDA:8,0,0,1
BRDA:8,0,1,13
BRDA:15,1,0,5
BRDA:68,2,0,11
BRDA:68,2,1,1
BRDA:89,3,0,2
BRDA:89,3,1,1
BRDA:89,3,2,0
BRF:8
BRH:7
end_of_record
TN:
SF:src/services/twitter.js
FN:10,(anonymous_0)
FN:67,(anonymous_1)
FN:82,(anonymous_2)
FN:95,(anonymous_3)
FN:116,(anonymous_4)
FN:125,(anonymous_5)
FN:131,(anonymous_6)
FN:153,(anonymous_7)
FN:161,(anonymous_8)
FN:176,(anonymous_9)
FN:187,(anonymous_10)
FN:208,(anonymous_11)
FN:246,(anonymous_12)
FN:284,(anonymous_13)
FN:305,(anonymous_14)
FN:312,(anonymous_15)
FN:321,(anonymous_16)
FN:345,(anonymous_17)
FN:359,(anonymous_18)
FN:363,(anonymous_19)
FN:367,(anonymous_20)
FN:370,(anonymous_21)
FN:373,(anonymous_22)
FN:387,(anonymous_23)
FN:424,(anonymous_24)
FN:478,(anonymous_25)
FN:491,(anonymous_26)
FN:498,(anonymous_27)
FN:521,(anonymous_28)
FN:538,(anonymous_29)
FN:592,(anonymous_30)
FN:593,(anonymous_31)
FN:599,(anonymous_32)
FN:608,(anonymous_33)
FN:623,(anonymous_34)
FN:637,(anonymous_35)
FN:654,(anonymous_36)
FN:674,(anonymous_37)
FNF:38
FNH:12
FNDA:18,(anonymous_0)
FNDA:17,(anonymous_1)
FNDA:0,(anonymous_2)
FNDA:0,(anonymous_3)
FNDA:6,(anonymous_4)
FNDA:4,(anonymous_5)
FNDA:12,(anonymous_6)
FNDA:1,(anonymous_7)
FNDA:1,(anonymous_8)
FNDA:1,(anonymous_9)
FNDA:2,(anonymous_10)
FNDA:0,(anonymous_11)
FNDA:0,(anonymous_12)
FNDA:0,(anonymous_13)
FNDA:2,(anonymous_14)
FNDA:0,(anonymous_15)
FNDA:0,(anonymous_16)
FNDA:0,(anonymous_17)
FNDA:0,(anonymous_18)
FNDA:0,(anonymous_19)
FNDA:0,(anonymous_20)
FNDA:0,(anonymous_21)
FNDA:0,(anonymous_22)
FNDA:0,(anonymous_23)
FNDA:0,(anonymous_24)
FNDA:0,(anonymous_25)
FNDA:0,(anonymous_26)
FNDA:0,(anonymous_27)
FNDA:0,(anonymous_28)
FNDA:0,(anonymous_29)
FNDA:0,(anonymous_30)
FNDA:0,(anonymous_31)
FNDA:20,(anonymous_32)
FNDA:100,(anonymous_33)
FNDA:0,(anonymous_34)
FNDA:0,(anonymous_35)
FNDA:0,(anonymous_36)
FNDA:0,(anonymous_37)
DA:3,1
DA:4,1
DA:5,1
DA:6,1
DA:7,1
DA:12,18
DA:13,1
DA:17,17
DA:25,17
DA:28,17
DA:31,17
DA:32,17
DA:35,17
DA:38,17
DA:41,17
DA:44,17
DA:52,17
DA:61,17
DA:68,17
DA:69,17
DA:70,17
DA:71,17
DA:72,0
DA:75,0
DA:83,0
DA:84,0
DA:85,0
DA:87,0
DA:88,0
DA:96,0
DA:97,0
DA:98,0
DA:100,0
DA:101,0
DA:103,0
DA:104,0
DA:106,0
DA:109,0
DA:117,6
DA:118,0
DA:126,4
DA:127,4
DA:130,4
DA:131,12
DA:135,4
DA:136,1
DA:137,1
DA:141,3
DA:142,3
DA:143,1
DA:144,1
DA:147,2
DA:154,1
DA:155,1
DA:162,1
DA:165,1
DA:166,1
DA:167,1
DA:170,0
DA:177,1
DA:178,1
DA:179,1
DA:180,1
DA:188,2
DA:189,2
DA:191,2
DA:194,2
DA:195,1
DA:196,1
DA:197,1
DA:200,1
DA:209,0
DA:211,0
DA:212,0
DA:236,0
DA:238,0
DA:239,0
DA:247,0
DA:248,0
DA:249,0
DA:250,0
DA:252,0
DA:262,0
DA:263,0
DA:266,0
DA:267,0
DA:269,0
DA:270,0
DA:271,0
DA:273,0
DA:274,0
DA:275,0
DA:285,0
DA:287,0
DA:288,0
DA:289,0
DA:291,0
DA:292,0
DA:294,0
DA:296,0
DA:297,0
DA:298,0
DA:306,2
DA:313,0
DA:314,0
DA:317,0
DA:318,0
DA:319,0
DA:320,0
DA:321,0
DA:326,0
DA:332,0
DA:333,0
DA:335,0
DA:337,0
DA:338,0
DA:346,0
DA:347,0
DA:350,0
DA:356,0
DA:359,0
DA:360,0
DA:363,0
DA:364,0
DA:367,0
DA:368,0
DA:369,0
DA:370,0
DA:373,0
DA:374,0
DA:377,0
DA:379,0
DA:380,0
DA:388,0
DA:389,0
DA:390,0
DA:397,0
DA:398,0
DA:399,0
DA:403,0
DA:404,0
DA:405,0
DA:406,0
DA:409,0
DA:410,0
DA:411,0
DA:414,0
DA:417,0
DA:425,0
DA:427,0
DA:428,0
DA:429,0
DA:433,0
DA:435,0
DA:436,0
DA:437,0
DA:438,0
DA:439,0
DA:443,0
DA:444,0
DA:447,0
DA:450,0
DA:453,0
DA:456,0
DA:458,0
DA:461,0
DA:464,0
DA:466,0
DA:467,0
DA:468,0
DA:479,0
DA:480,0
DA:482,0
DA:483,0
DA:486,0
DA:487,0
DA:490,0
DA:491,0
DA:499,0
DA:500,0
DA:503,0
DA:510,0
DA:511,0
DA:513,0
DA:514,0
DA:522,0
DA:523,0
DA:525,0
DA:526,0
DA:528,0
DA:530,0
DA:531,0
DA:539,0
DA:540,0
DA:542,0
DA:543,0
DA:545,0
DA:546,0
DA:547,0
DA:550,0
DA:552,0
DA:553,0
DA:555,0
DA:556,0
DA:557,0
DA:561,0
DA:562,0
DA:563,0
DA:566,0
DA:569,0
DA:572,0
DA:573,0
DA:574,0
DA:577,0
DA:582,0
DA:585,0
DA:593,0
DA:600,20
DA:608,100
DA:610,20
DA:611,2
DA:612,2
DA:613,2
DA:616,18
DA:617,18
DA:624,0
DA:625,0
DA:628,0
DA:631,0
DA:632,0
DA:634,0
DA:637,0
DA:638,0
DA:639,0
DA:640,0
DA:642,0
DA:646,0
DA:647,0
DA:655,0
DA:656,0
DA:659,0
DA:662,0
DA:664,0
DA:666,0
DA:667,0
DA:675,0
DA:676,0
DA:678,0
DA:684,1
DA:685,0
DA:688,0
DA:689,0
DA:691,0
DA:694,1
LF:254
LH:64
BRDA:12,0,0,1
BRDA:12,0,1,17
BRDA:41,1,0,17
BRDA:41,1,1,17
BRDA:45,2,0,17
BRDA:45,2,1,17
BRDA:46,3,0,17
BRDA:46,3,1,17
BRDA:47,4,0,17
BRDA:47,4,1,17
BRDA:71,5,0,0
BRDA:71,5,1,17
BRDA:71,6,0,17
BRDA:71,6,1,17
BRDA:85,7,0,0
BRDA:85,7,1,0
BRDA:98,8,0,0
BRDA:98,8,1,0
BRDA:100,9,0,0
BRDA:100,9,1,0
BRDA:103,10,0,0
BRDA:103,10,1,0
BRDA:117,11,0,0
BRDA:117,11,1,6
BRDA:135,12,0,1
BRDA:135,12,1,3
BRDA:142,13,0,1
BRDA:142,13,1,2
BRDA:142,14,0,3
BRDA:142,14,1,1
BRDA:165,15,0,1
BRDA:165,15,1,0
BRDA:177,16,0,1
BRDA:177,16,1,0
BRDA:194,17,0,1
BRDA:194,17,1,1
BRDA:212,18,0,0
BRDA:212,18,1,0
BRDA:246,19,0,0
BRDA:249,20,0,0
BRDA:249,20,1,0
BRDA:257,21,0,0
BRDA:257,21,1,0
BRDA:267,22,0,0
BRDA:267,22,1,0
BRDA:269,23,0,0
BRDA:269,23,1,0
BRDA:318,24,0,0
BRDA:318,24,1,0
BRDA:397,25,0,0
BRDA:397,25,1,0
BRDA:404,26,0,0
BRDA:404,26,1,0
BRDA:410,27,0,0
BRDA:410,27,1,0
BRDA:427,28,0,0
BRDA:427,28,1,0
BRDA:435,29,0,0
BRDA:435,29,1,0
BRDA:466,30,0,0
BRDA:466,30,1,0
BRDA:482,31,0,0
BRDA:482,31,1,0
BRDA:510,32,0,0
BRDA:510,32,1,0
BRDA:545,33,0,0
BRDA:545,33,1,0
BRDA:545,34,0,0
BRDA:545,34,1,0
BRDA:550,35,0,0
BRDA:550,35,1,0
BRDA:552,36,0,0
BRDA:552,36,1,0
BRDA:555,37,0,0
BRDA:555,37,1,0
BRDA:561,38,0,0
BRDA:561,38,1,0
BRDA:610,39,0,2
BRDA:610,39,1,18
BRDA:639,40,0,0
BRDA:639,40,1,0
BRDA:674,41,0,0
BRDA:675,42,0,0
BRDA:675,42,1,0
BRDA:684,43,0,0
BRDA:684,43,1,1
BRDA:688,44,0,0
BRDA:688,44,1,0
BRF:88
BRH:27
end_of_record
TN:
SF:src/utils/logger.js
FN:4,(anonymous_0)
FN:8,(anonymous_1)
FN:12,(anonymous_2)
FN:16,(anonymous_3)
FNF:4
FNH:0
FNDA:0,(anonymous_0)
FNDA:0,(anonymous_1)
FNDA:0,(anonymous_2)
FNDA:0,(anonymous_3)
DA:5,0
DA:9,0
DA:13,0
DA:17,0
DA:18,0
DA:23,0
LF:6
LH:0
BRDA:17,0,0,0
BRDA:17,0,1,0
BRF:2
BRH:0
end_of_record
