TN:
SF:src/batchRunner.js
FN:10,(anonymous_0)
FN:18,(anonymous_1)
FN:27,(anonymous_2)
FN:81,(anonymous_3)
FN:84,(anonymous_4)
FN:85,(anonymous_5)
FN:109,(anonymous_6)
FNF:7
FNH:0
FNDA:0,(anonymous_0)
FNDA:0,(anonymous_1)
FNDA:0,(anonymous_2)
FNDA:0,(anonymous_3)
FNDA:0,(anonymous_4)
FNDA:0,(anonymous_5)
FNDA:0,(anonymous_6)
DA:3,0
DA:11,0
DA:12,0
DA:19,0
DA:20,0
DA:28,0
DA:29,0
DA:30,0
DA:33,0
DA:34,0
DA:36,0
DA:37,0
DA:38,0
DA:41,0
DA:44,0
DA:45,0
DA:48,0
DA:49,0
DA:52,0
DA:53,0
DA:54,0
DA:57,0
DA:58,0
DA:61,0
DA:63,0
DA:64,0
DA:68,0
DA:69,0
DA:71,0
DA:74,0
DA:82,0
DA:84,0
DA:85,0
DA:86,0
DA:88,0
DA:89,0
DA:90,0
DA:91,0
DA:93,0
DA:94,0
DA:102,0
DA:103,0
DA:106,0
DA:109,0
DA:110,0
DA:111,0
DA:115,0
LF:47
LH:0
BRDA:19,0,0,0
BRDA:19,0,1,0
BRDA:36,1,0,0
BRDA:36,1,1,0
BRDA:57,2,0,0
BRDA:57,2,1,0
BRDA:63,3,0,0
BRDA:63,3,1,0
BRDA:102,4,0,0
BRDA:102,4,1,0
BRF:10
BRH:0
end_of_record
TN:
SF:src/cli.js
FN:11,(anonymous_0)
FNF:1
FNH:0
FNDA:0,(anonymous_0)
DA:2,0
DA:3,0
DA:5,0
DA:6,0
DA:7,0
DA:8,0
DA:11,0
DA:12,0
DA:13,0
DA:23,0
DA:25,0
DA:26,0
DA:28,0
LF:13
LH:0
BRDA:6,0,0,0
BRDA:6,0,1,0
BRDA:25,1,0,0
BRDA:25,1,1,0
BRF:4
BRH:0
end_of_record
TN:
SF:src/index.js
FN:34,(anonymous_0)
FN:39,(anonymous_1)
FN:65,(anonymous_2)
FN:95,(anonymous_3)
FN:106,(anonymous_4)
FN:134,(anonymous_5)
FN:167,(anonymous_6)
FN:194,(anonymous_7)
FN:211,(anonymous_8)
FN:247,(anonymous_9)
FN:260,(anonymous_10)
FN:278,(anonymous_11)
FN:289,(anonymous_12)
FN:320,(anonymous_13)
FN:346,(anonymous_14)
FNF:15
FNH:0
FNDA:0,(anonymous_0)
FNDA:0,(anonymous_1)
FNDA:0,(anonymous_2)
FNDA:0,(anonymous_3)
FNDA:0,(anonymous_4)
FNDA:0,(anonymous_5)
FNDA:0,(anonymous_6)
FNDA:0,(anonymous_7)
FNDA:0,(anonymous_8)
FNDA:0,(anonymous_9)
FNDA:0,(anonymous_10)
FNDA:0,(anonymous_11)
FNDA:0,(anonymous_12)
FNDA:0,(anonymous_13)
FNDA:0,(anonymous_14)
DA:1,0
DA:2,0
DA:3,0
DA:4,0
DA:6,0
DA:7,0
DA:8,0
DA:9,0
DA:10,0
DA:12,0
DA:13,0
DA:16,0
DA:19,0
DA:23,0
DA:24,0
DA:26,0
DA:27,0
DA:31,0
DA:34,0
DA:35,0
DA:39,0
DA:40,0
DA:42,0
DA:43,0
DA:47,0
DA:48,0
DA:50,0
DA:51,0
DA:52,0
DA:54,0
DA:56,0
DA:57,0
DA:60,0
DA:65,0
DA:66,0
DA:68,0
DA:69,0
DA:72,0
DA:73,0
DA:74,0
DA:80,0
DA:83,0
DA:84,0
DA:87,0
DA:95,0
DA:96,0
DA:97,0
DA:98,0
DA:100,0
DA:101,0
DA:106,0
DA:107,0
DA:109,0
DA:110,0
DA:113,0
DA:114,0
DA:117,0
DA:118,0
DA:119,0
DA:124,0
DA:125,0
DA:134,0
DA:135,0
DA:136,0
DA:139,0
DA:146,0
DA:147,0
DA:148,0
DA:159,0
DA:161,0
DA:162,0
DA:167,0
DA:168,0
DA:169,0
DA:170,0
DA:175,0
DA:188,0
DA:189,0
DA:194,0
DA:195,0
DA:196,0
DA:197,0
DA:199,0
DA:201,0
DA:203,0
DA:205,0
DA:206,0
DA:211,0
DA:212,0
DA:213,0
DA:214,0
DA:216,0
DA:217,0
DA:218,0
DA:220,0
DA:229,0
DA:230,0
DA:237,0
DA:238,0
DA:247,0
DA:248,0
DA:249,0
DA:250,0
DA:252,0
DA:254,0
DA:255,0
DA:260,0
DA:261,0
DA:262,0
DA:263,0
DA:264,0
DA:266,0
DA:268,0
DA:269,0
DA:278,0
DA:279,0
DA:280,0
DA:281,0
DA:283,0
DA:284,0
DA:289,0
DA:290,0
DA:291,0
DA:292,0
DA:294,0
DA:297,0
DA:304,0
DA:305,0
DA:308,0
DA:310,0
DA:311,0
DA:320,0
DA:321,0
DA:322,0
DA:324,0
DA:325,0
DA:329,0
DA:331,0
DA:333,0
DA:340,0
DA:341,0
DA:346,0
DA:347,0
LF:143
LH:0
BRDA:13,0,0,0
BRDA:13,0,1,0
BRDA:42,1,0,0
BRDA:42,1,1,0
BRDA:42,2,0,0
BRDA:42,2,1,0
BRDA:48,3,0,0
BRDA:48,3,1,0
BRDA:48,4,0,0
BRDA:48,4,1,0
BRDA:56,5,0,0
BRDA:56,5,1,0
BRDA:68,6,0,0
BRDA:68,6,1,0
BRDA:68,7,0,0
BRDA:68,7,1,0
BRDA:83,8,0,0
BRDA:83,8,1,0
BRDA:89,9,0,0
BRDA:89,9,1,0
BRDA:109,10,0,0
BRDA:109,10,1,0
BRDA:109,11,0,0
BRDA:109,11,1,0
BRDA:113,12,0,0
BRDA:113,12,1,0
BRDA:113,13,0,0
BRDA:113,13,1,0
BRDA:147,14,0,0
BRDA:147,14,1,0
BRDA:216,15,0,0
BRDA:216,15,1,0
BRDA:292,16,0,0
BRDA:292,16,1,0
BRDA:304,17,0,0
BRDA:304,17,1,0
BRDA:322,18,0,0
BRDA:322,19,0,0
BRDA:324,20,0,0
BRDA:324,20,1,0
BRDA:324,21,0,0
BRDA:324,21,1,0
BRF:42
BRH:0
end_of_record
TN:
SF:src/server.js
FN:27,(anonymous_0)
FN:32,(anonymous_1)
FN:51,(anonymous_2)
FNF:3
FNH:0
FNDA:0,(anonymous_0)
FNDA:0,(anonymous_1)
FNDA:0,(anonymous_2)
DA:1,0
DA:2,0
DA:3,0
DA:4,0
DA:7,0
DA:8,0
DA:9,0
DA:12,0
DA:14,0
DA:15,0
DA:18,0
DA:21,0
DA:24,0
DA:27,0
DA:28,0
DA:32,0
DA:33,0
DA:34,0
DA:36,0
DA:37,0
DA:41,0
DA:43,0
DA:45,0
DA:46,0
DA:51,0
DA:52,0
LF:26
LH:0
BRDA:8,0,0,0
BRDA:8,0,1,0
BRDA:15,1,0,0
BRDA:15,1,1,0
BRDA:36,2,0,0
BRDA:36,2,1,0
BRDA:36,3,0,0
BRDA:36,3,1,0
BRF:8
BRH:0
end_of_record
TN:
SF:src/twitterServer.js
FN:23,(anonymous_0)
FN:32,(anonymous_1)
FN:44,(anonymous_2)
FN:56,(anonymous_3)
FN:80,(anonymous_4)
FN:111,(anonymous_5)
FN:127,(anonymous_6)
FN:139,(anonymous_7)
FN:155,(anonymous_8)
FN:165,(anonymous_9)
FNF:10
FNH:0
FNDA:0,(anonymous_0)
FNDA:0,(anonymous_1)
FNDA:0,(anonymous_2)
FNDA:0,(anonymous_3)
FNDA:0,(anonymous_4)
FNDA:0,(anonymous_5)
FNDA:0,(anonymous_6)
FNDA:0,(anonymous_7)
FNDA:0,(anonymous_8)
FNDA:0,(anonymous_9)
DA:9,0
DA:10,0
DA:11,0
DA:13,0
DA:14,0
DA:16,0
DA:17,0
DA:20,0
DA:23,0
DA:24,0
DA:32,0
DA:33,0
DA:44,0
DA:45,0
DA:46,0
DA:47,0
DA:50,0
DA:52,0
DA:53,0
DA:56,0
DA:57,0
DA:58,0
DA:61,0
DA:63,0
DA:70,0
DA:71,0
DA:72,0
DA:80,0
DA:81,0
DA:82,0
DA:83,0
DA:86,0
DA:88,0
DA:89,0
DA:92,0
DA:93,0
DA:95,0
DA:102,0
DA:103,0
DA:111,0
DA:112,0
DA:127,0
DA:128,0
DA:129,0
DA:130,0
DA:133,0
DA:134,0
DA:135,0
DA:136,0
DA:137,0
DA:139,0
DA:140,0
DA:141,0
DA:144,0
DA:145,0
DA:148,0
DA:149,0
DA:155,0
DA:156,0
DA:158,0
DA:159,0
DA:162,0
DA:165,0
DA:166,0
DA:168,0
DA:169,0
DA:172,0
LF:67
LH:0
BRDA:14,0,0,0
BRDA:14,0,1,0
BRDA:35,1,0,0
BRDA:35,1,1,0
BRDA:46,2,0,0
BRDA:46,2,1,0
BRDA:82,3,0,0
BRDA:82,3,1,0
BRDA:88,4,0,0
BRDA:88,4,1,0
BRDA:88,5,0,0
BRDA:88,5,1,0
BRDA:133,6,0,0
BRDA:133,6,1,0
BRDA:158,7,0,0
BRDA:158,7,1,0
BRDA:158,8,0,0
BRDA:158,8,1,0
BRDA:168,9,0,0
BRDA:168,9,1,0
BRDA:168,10,0,0
BRDA:168,10,1,0
BRF:22
BRH:0
end_of_record
TN:
SF:src/config/index.js
FNF:0
FNH:0
DA:3,0
DA:16,0
LF:2
LH:0
BRDA:5,0,0,0
BRDA:5,0,1,0
BRDA:9,1,0,0
BRDA:9,1,1,0
BRF:4
BRH:0
end_of_record
TN:
SF:src/config/integrations.js
FNF:0
FNH:0
DA:1,18
DA:3,18
LF:2
LH:2
BRDA:5,0,0,18
BRDA:5,0,1,0
BRDA:6,1,0,18
BRDA:6,1,1,0
BRDA:10,2,0,18
BRDA:10,2,1,0
BRDA:16,3,0,18
BRDA:16,3,1,0
BRDA:33,4,0,18
BRDA:33,4,1,18
BRDA:34,5,0,18
BRDA:34,5,1,18
BRDA:37,6,0,18
BRDA:37,6,1,0
BRDA:38,7,0,18
BRDA:38,7,1,0
BRDA:39,8,0,18
BRDA:39,8,1,0
BRDA:40,9,0,18
BRDA:40,9,1,0
BRDA:59,10,0,18
BRDA:59,10,1,0
BRDA:60,11,0,18
BRDA:60,11,1,18
BRDA:61,12,0,18
BRDA:61,12,1,0
BRDA:62,13,0,18
BRDA:62,13,1,18
BRDA:65,14,0,18
BRDA:65,14,1,0
BRDA:66,15,0,18
BRDA:66,15,1,0
BRDA:67,16,0,18
BRDA:67,16,1,0
BRDA:83,17,0,18
BRDA:83,17,1,18
BRDA:84,18,0,18
BRDA:84,18,1,18
BRDA:85,19,0,18
BRDA:85,19,1,18
BRDA:86,20,0,18
BRDA:86,20,1,18
BRDA:98,21,0,18
BRDA:98,21,1,18
BRDA:99,22,0,18
BRDA:99,22,1,18
BRDA:100,23,0,18
BRDA:100,23,1,18
BRDA:106,24,0,18
BRDA:106,24,1,0
BRDA:107,25,0,18
BRDA:107,25,1,0
BRDA:108,26,0,18
BRDA:108,26,1,0
BRDA:109,27,0,18
BRDA:109,27,1,0
BRDA:114,28,0,18
BRDA:114,28,1,18
BRDA:115,29,0,18
BRDA:115,29,1,18
BRDA:116,30,0,18
BRDA:116,30,1,18
BRDA:121,31,0,18
BRDA:121,31,1,18
BRDA:123,32,0,18
BRDA:123,32,1,18
BRDA:124,33,0,18
BRDA:124,33,1,18
BRDA:131,34,0,18
BRDA:131,34,1,0
BRDA:132,35,0,18
BRDA:132,35,1,0
BRDA:137,36,0,18
BRDA:137,36,1,0
BRDA:139,37,0,18
BRDA:139,37,1,0
BRDA:146,38,0,18
BRDA:146,38,1,18
BRDA:147,39,0,18
BRDA:147,39,1,18
BRDA:152,40,0,18
BRDA:152,40,1,0
BRDA:154,41,0,18
BRDA:154,41,1,0
BRF:84
BRH:61
end_of_record
TN:
SF:src/integrations/integrationManager.js
FN:15,(anonymous_0)
FN:38,(anonymous_1)
FN:47,(anonymous_2)
FN:106,(anonymous_3)
FN:129,(anonymous_4)
FN:148,(anonymous_5)
FN:167,(anonymous_6)
FN:186,(anonymous_7)
FN:205,(anonymous_8)
FN:224,(anonymous_9)
FN:243,(anonymous_10)
FN:262,(anonymous_11)
FN:281,(anonymous_12)
FN:300,(anonymous_13)
FN:309,(anonymous_14)
FN:328,(anonymous_15)
FN:355,(anonymous_16)
FN:363,(anonymous_17)
FN:386,(anonymous_18)
FN:431,(anonymous_19)
FN:432,(anonymous_20)
FN:433,(anonymous_21)
FN:439,(anonymous_22)
FN:450,(anonymous_23)
FN:467,(anonymous_24)
FN:480,(anonymous_25)
FN:493,(anonymous_26)
FN:523,(anonymous_27)
FN:524,(anonymous_28)
FN:537,(anonymous_29)
FN:562,(anonymous_30)
FN:572,(anonymous_31)
FN:593,(anonymous_32)
FNF:33
FNH:0
FNDA:0,(anonymous_0)
FNDA:0,(anonymous_1)
FNDA:0,(anonymous_2)
FNDA:0,(anonymous_3)
FNDA:0,(anonymous_4)
FNDA:0,(anonymous_5)
FNDA:0,(anonymous_6)
FNDA:0,(anonymous_7)
FNDA:0,(anonymous_8)
FNDA:0,(anonymous_9)
FNDA:0,(anonymous_10)
FNDA:0,(anonymous_11)
FNDA:0,(anonymous_12)
FNDA:0,(anonymous_13)
FNDA:0,(anonymous_14)
FNDA:0,(anonymous_15)
FNDA:0,(anonymous_16)
FNDA:0,(anonymous_17)
FNDA:0,(anonymous_18)
FNDA:0,(anonymous_19)
FNDA:0,(anonymous_20)
FNDA:0,(anonymous_21)
FNDA:0,(anonymous_22)
FNDA:0,(anonymous_23)
FNDA:0,(anonymous_24)
FNDA:0,(anonymous_25)
FNDA:0,(anonymous_26)
FNDA:0,(anonymous_27)
FNDA:0,(anonymous_28)
FNDA:0,(anonymous_29)
FNDA:0,(anonymous_30)
FNDA:0,(anonymous_31)
FNDA:0,(anonymous_32)
DA:1,0
DA:4,0
DA:5,0
DA:6,0
DA:7,0
DA:8,0
DA:9,0
DA:10,0
DA:11,0
DA:12,0
DA:16,0
DA:17,0
DA:18,0
DA:21,0
DA:30,0
DA:31,0
DA:39,0
DA:40,0
DA:48,0
DA:49,0
DA:50,0
DA:52,0
DA:55,0
DA:56,0
DA:60,0
DA:61,0
DA:65,0
DA:66,0
DA:70,0
DA:71,0
DA:75,0
DA:76,0
DA:80,0
DA:81,0
DA:85,0
DA:86,0
DA:90,0
DA:91,0
DA:95,0
DA:96,0
DA:100,0
DA:103,0
DA:104,0
DA:106,0
DA:107,0
DA:108,0
DA:110,0
DA:111,0
DA:115,0
DA:116,0
DA:118,0
DA:121,0
DA:122,0
DA:130,0
DA:131,0
DA:133,0
DA:134,0
DA:136,0
DA:137,0
DA:140,0
DA:141,0
DA:149,0
DA:150,0
DA:152,0
DA:153,0
DA:155,0
DA:156,0
DA:159,0
DA:160,0
DA:168,0
DA:169,0
DA:171,0
DA:172,0
DA:174,0
DA:175,0
DA:178,0
DA:179,0
DA:187,0
DA:188,0
DA:190,0
DA:191,0
DA:193,0
DA:194,0
DA:197,0
DA:198,0
DA:206,0
DA:207,0
DA:209,0
DA:210,0
DA:212,0
DA:213,0
DA:216,0
DA:217,0
DA:225,0
DA:226,0
DA:228,0
DA:229,0
DA:231,0
DA:232,0
DA:235,0
DA:236,0
DA:244,0
DA:245,0
DA:247,0
DA:248,0
DA:250,0
DA:251,0
DA:254,0
DA:255,0
DA:263,0
DA:264,0
DA:266,0
DA:267,0
DA:269,0
DA:270,0
DA:273,0
DA:274,0
DA:282,0
DA:283,0
DA:285,0
DA:286,0
DA:288,0
DA:289,0
DA:292,0
DA:293,0
DA:301,0
DA:302,0
DA:304,0
DA:306,0
DA:307,0
DA:308,0
DA:310,0
DA:315,0
DA:317,0
DA:320,0
DA:321,0
DA:329,0
DA:330,0
DA:332,0
DA:333,0
DA:334,0
DA:342,0
DA:343,0
DA:344,0
DA:347,0
DA:349,0
DA:350,0
DA:352,0
DA:354,0
DA:355,0
DA:358,0
DA:361,0
DA:362,0
DA:363,0
DA:368,0
DA:369,0
DA:371,0
DA:372,0
DA:374,0
DA:377,0
DA:378,0
DA:379,0
DA:387,0
DA:388,0
DA:390,0
DA:392,0
DA:393,0
DA:396,0
DA:399,0
DA:401,0
DA:404,0
DA:406,0
DA:408,0
DA:417,0
DA:419,0
DA:432,0
DA:433,0
DA:435,0
DA:439,0
DA:446,0
DA:447,0
DA:448,0
DA:450,0
DA:451,0
DA:452,0
DA:453,0
DA:454,0
DA:457,0
DA:458,0
DA:459,0
DA:461,0
DA:468,0
DA:469,0
DA:470,0
DA:471,0
DA:472,0
DA:473,0
DA:474,0
DA:475,0
DA:476,0
DA:478,0
DA:479,0
DA:480,0
DA:481,0
DA:482,0
DA:487,0
DA:494,0
DA:497,0
DA:498,0
DA:499,0
DA:502,0
DA:503,0
DA:504,0
DA:505,0
DA:510,0
DA:512,0
DA:524,0
DA:525,0
DA:526,0
DA:538,0
DA:548,0
DA:549,0
DA:556,0
DA:563,0
DA:564,0
DA:566,0
DA:568,0
DA:569,0
DA:570,0
DA:571,0
DA:573,0
DA:579,0
DA:581,0
DA:583,0
DA:586,0
DA:594,0
DA:595,0
DA:598,0
DA:599,0
DA:600,0
DA:603,0
DA:606,0
DA:608,0
DA:609,0
DA:611,0
DA:612,0
DA:614,0
DA:615,0
DA:617,0
DA:618,0
DA:620,0
DA:624,0
DA:625,0
DA:626,0
DA:629,0
DA:632,0
DA:633,0
DA:638,0
LF:258
LH:0
BRDA:30,0,0,0
BRDA:30,0,1,0
BRDA:39,1,0,0
BRDA:39,1,1,0
BRDA:55,2,0,0
BRDA:55,2,1,0
BRDA:55,3,0,0
BRDA:55,3,1,0
BRDA:60,4,0,0
BRDA:60,4,1,0
BRDA:60,5,0,0
BRDA:60,5,1,0
BRDA:65,6,0,0
BRDA:65,6,1,0
BRDA:65,7,0,0
BRDA:65,7,1,0
BRDA:70,8,0,0
BRDA:70,8,1,0
BRDA:70,9,0,0
BRDA:70,9,1,0
BRDA:75,10,0,0
BRDA:75,10,1,0
BRDA:75,11,0,0
BRDA:75,11,1,0
BRDA:80,12,0,0
BRDA:80,12,1,0
BRDA:80,13,0,0
BRDA:80,13,1,0
BRDA:85,14,0,0
BRDA:85,14,1,0
BRDA:85,15,0,0
BRDA:85,15,1,0
BRDA:90,16,0,0
BRDA:90,16,1,0
BRDA:90,17,0,0
BRDA:90,17,1,0
BRDA:95,18,0,0
BRDA:95,18,1,0
BRDA:95,19,0,0
BRDA:95,19,1,0
BRDA:107,20,0,0
BRDA:107,20,1,0
BRDA:209,21,0,0
BRDA:209,21,1,0
BRDA:228,22,0,0
BRDA:228,22,1,0
BRDA:247,23,0,0
BRDA:247,23,1,0
BRDA:266,24,0,0
BRDA:266,24,1,0
BRDA:285,25,0,0
BRDA:285,25,1,0
BRDA:332,26,0,0
BRDA:332,26,1,0
BRDA:361,27,0,0
BRDA:361,27,1,0
BRDA:392,28,0,0
BRDA:392,28,1,0
BRDA:404,29,0,0
BRDA:404,29,1,0
BRDA:432,30,0,0
BRDA:432,30,1,0
BRDA:433,31,0,0
BRDA:433,31,1,0
BRDA:439,32,0,0
BRDA:439,32,1,0
BRDA:441,33,0,0
BRDA:441,33,1,0
BRDA:451,34,0,0
BRDA:451,34,1,0
BRDA:452,35,0,0
BRDA:452,35,1,0
BRDA:453,36,0,0
BRDA:453,36,1,0
BRDA:454,37,0,0
BRDA:454,37,1,0
BRDA:478,38,0,0
BRDA:478,38,1,0
BRDA:481,39,0,0
BRDA:481,39,1,0
BRDA:482,40,0,0
BRDA:482,40,1,0
BRDA:498,41,0,0
BRDA:498,41,1,0
BRDA:503,42,0,0
BRDA:503,42,1,0
BRDA:504,43,0,0
BRDA:504,43,1,0
BRDA:505,44,0,0
BRDA:505,44,1,0
BRDA:551,45,0,0
BRDA:551,45,1,0
BRDA:552,46,0,0
BRDA:552,46,1,0
BRDA:570,47,0,0
BRDA:570,47,1,0
BRDA:599,48,0,0
BRDA:599,48,1,0
BRDA:599,49,0,0
BRDA:599,49,1,0
BRDA:606,50,0,0
BRDA:606,50,1,0
BRDA:606,50,2,0
BRDA:606,50,3,0
BRDA:606,50,4,0
BRDA:625,51,0,0
BRDA:625,51,1,0
BRF:107
BRH:0
end_of_record
TN:
SF:src/integrations/base/BaseIntegration.js
FN:2,(anonymous_0)
FN:32,(anonymous_1)
FN:41,(anonymous_2)
FN:45,(anonymous_3)
FN:49,(anonymous_4)
FN:56,(anonymous_5)
FN:67,(anonymous_6)
FN:73,(anonymous_7)
FN:79,(anonymous_8)
FN:85,(anonymous_9)
FN:95,(anonymous_10)
FN:174,(anonymous_11)
FN:200,(anonymous_12)
FN:208,(anonymous_13)
FN:239,(anonymous_14)
FN:278,(anonymous_15)
FN:289,(anonymous_16)
FN:290,(anonymous_17)
FN:300,(anonymous_18)
FN:319,(anonymous_19)
FNF:20
FNH:1
FNDA:18,(anonymous_0)
FNDA:0,(anonymous_1)
FNDA:0,(anonymous_2)
FNDA:0,(anonymous_3)
FNDA:0,(anonymous_4)
FNDA:0,(anonymous_5)
FNDA:0,(anonymous_6)
FNDA:0,(anonymous_7)
FNDA:0,(anonymous_8)
FNDA:0,(anonymous_9)
FNDA:0,(anonymous_10)
FNDA:0,(anonymous_11)
FNDA:0,(anonymous_12)
FNDA:0,(anonymous_13)
FNDA:0,(anonymous_14)
FNDA:0,(anonymous_15)
FNDA:0,(anonymous_16)
FNDA:0,(anonymous_17)
FNDA:0,(anonymous_18)
FNDA:0,(anonymous_19)
DA:3,18
DA:4,18
DA:5,18
DA:8,18
DA:9,18
DA:10,18
DA:13,18
DA:16,18
DA:19,18
DA:33,0
DA:34,0
DA:42,0
DA:46,0
DA:50,0
DA:57,0
DA:58,0
DA:61,0
DA:69,0
DA:72,0
DA:73,0
DA:74,0
DA:78,0
DA:79,0
DA:80,0
DA:84,0
DA:85,0
DA:86,0
DA:89,0
DA:96,0
DA:97,0
DA:100,0
DA:101,0
DA:104,0
DA:105,0
DA:106,0
DA:107,0
DA:113,0
DA:117,0
DA:118,0
DA:127,0
DA:128,0
DA:134,0
DA:135,0
DA:136,0
DA:141,0
DA:153,0
DA:154,0
DA:157,0
DA:158,0
DA:160,0
DA:167,0
DA:175,0
DA:176,0
DA:179,0
DA:189,0
DA:192,0
DA:193,0
DA:202,0
DA:209,0
DA:210,0
DA:211,0
DA:214,0
DA:215,0
DA:218,0
DA:228,0
DA:231,0
DA:232,0
DA:240,0
DA:242,0
DA:243,0
DA:245,0
DA:246,0
DA:248,0
DA:249,0
DA:251,0
DA:252,0
DA:254,0
DA:257,0
DA:258,0
DA:260,0
DA:261,0
DA:263,0
DA:264,0
DA:266,0
DA:267,0
DA:269,0
DA:272,0
DA:279,0
DA:290,0
DA:291,0
DA:292,0
DA:294,0
DA:301,0
DA:302,0
DA:305,0
DA:307,0
DA:308,0
DA:311,0
DA:312,0
DA:320,0
DA:325,0
DA:329,2
LF:102
LH:10
BRDA:13,0,0,18
BRDA:13,0,1,0
BRDA:16,1,0,18
BRDA:16,1,1,0
BRDA:33,2,0,0
BRDA:33,2,1,0
BRDA:57,3,0,0
BRDA:57,3,1,0
BRDA:73,4,0,0
BRDA:73,4,1,0
BRDA:79,5,0,0
BRDA:79,5,1,0
BRDA:85,6,0,0
BRDA:85,6,1,0
BRDA:95,7,0,0
BRDA:104,8,0,0
BRDA:104,8,1,0
BRDA:120,9,0,0
BRDA:120,9,1,0
BRDA:121,10,0,0
BRDA:121,10,1,0
BRDA:127,11,0,0
BRDA:127,11,1,0
BRDA:130,12,0,0
BRDA:130,12,1,0
BRDA:134,13,0,0
BRDA:134,13,1,0
BRDA:147,14,0,0
BRDA:147,14,1,0
BRDA:181,15,0,0
BRDA:181,15,1,0
BRDA:182,16,0,0
BRDA:182,16,1,0
BRDA:243,17,0,0
BRDA:243,17,1,0
BRDA:243,17,2,0
BRDA:243,17,3,0
BRDA:258,18,0,0
BRDA:258,18,1,0
BRDA:258,18,2,0
BRDA:258,18,3,0
BRDA:291,19,0,0
BRDA:291,19,1,0
BRF:43
BRH:2
end_of_record
TN:
SF:src/integrations/bluesky/blueskyService.js
FN:5,(anonymous_0)
FN:25,(anonymous_1)
FN:52,(anonymous_2)
FN:83,(anonymous_3)
FN:100,(anonymous_4)
FN:118,(anonymous_5)
FN:140,(anonymous_6)
FN:167,(anonymous_7)
FN:184,(anonymous_8)
FN:191,(anonymous_9)
FN:211,(anonymous_10)
FN:232,(anonymous_11)
FN:233,(anonymous_12)
FN:239,(anonymous_13)
FNF:14
FNH:0
FNDA:0,(anonymous_0)
FNDA:0,(anonymous_1)
FNDA:0,(anonymous_2)
FNDA:0,(anonymous_3)
FNDA:0,(anonymous_4)
FNDA:0,(anonymous_5)
FNDA:0,(anonymous_6)
FNDA:0,(anonymous_7)
FNDA:0,(anonymous_8)
FNDA:0,(anonymous_9)
FNDA:0,(anonymous_10)
FNDA:0,(anonymous_11)
FNDA:0,(anonymous_12)
FNDA:0,(anonymous_13)
DA:1,0
DA:6,0
DA:9,0
DA:10,0
DA:13,0
DA:14,0
DA:15,0
DA:18,0
DA:19,0
DA:26,0
DA:27,0
DA:40,0
DA:41,0
DA:44,0
DA:45,0
DA:53,0
DA:54,0
DA:72,0
DA:75,0
DA:76,0
DA:84,0
DA:93,0
DA:101,0
DA:107,0
DA:110,0
DA:111,0
DA:119,0
DA:121,0
DA:133,0
DA:141,0
DA:142,0
DA:153,0
DA:154,0
DA:156,0
DA:159,0
DA:160,0
DA:168,0
DA:169,0
DA:171,0
DA:172,0
DA:176,0
DA:178,0
DA:181,0
DA:184,0
DA:192,0
DA:200,0
DA:203,0
DA:204,0
DA:212,0
DA:221,0
DA:224,0
DA:225,0
DA:233,0
DA:240,0
DA:241,0
DA:244,0
DA:248,0
LF:57
LH:0
BRDA:18,0,0,0
BRDA:18,0,1,0
BRDA:19,1,0,0
BRDA:19,1,1,0
BRDA:123,2,0,0
BRDA:123,2,1,0
BRDA:171,3,0,0
BRDA:171,3,1,0
BRDA:211,4,0,0
BRDA:240,5,0,0
BRDA:240,5,1,0
BRF:11
BRH:0
end_of_record
TN:
SF:src/integrations/discord/discordService.js
FN:13,(anonymous_0)
FN:41,(anonymous_1)
FN:86,(anonymous_2)
FN:113,(anonymous_3)
FN:114,(anonymous_4)
FN:118,(anonymous_5)
FN:122,(anonymous_6)
FN:126,(anonymous_7)
FN:134,(anonymous_8)
FN:148,(anonymous_9)
FN:163,(anonymous_10)
FN:184,(anonymous_11)
FN:235,(anonymous_12)
FN:271,(anonymous_13)
FN:291,(anonymous_14)
FN:330,(anonymous_15)
FN:387,(anonymous_16)
FN:402,(anonymous_17)
FN:420,(anonymous_18)
FNF:19
FNH:0
FNDA:0,(anonymous_0)
FNDA:0,(anonymous_1)
FNDA:0,(anonymous_2)
FNDA:0,(anonymous_3)
FNDA:0,(anonymous_4)
FNDA:0,(anonymous_5)
FNDA:0,(anonymous_6)
FNDA:0,(anonymous_7)
FNDA:0,(anonymous_8)
FNDA:0,(anonymous_9)
FNDA:0,(anonymous_10)
FNDA:0,(anonymous_11)
FNDA:0,(anonymous_12)
FNDA:0,(anonymous_13)
FNDA:0,(anonymous_14)
FNDA:0,(anonymous_15)
FNDA:0,(anonymous_16)
FNDA:0,(anonymous_17)
FNDA:0,(anonymous_18)
DA:1,0
DA:14,0
DA:24,0
DA:25,0
DA:26,0
DA:27,0
DA:30,0
DA:31,0
DA:32,0
DA:33,0
DA:35,0
DA:42,0
DA:44,0
DA:45,0
DA:48,0
DA:49,0
DA:51,0
DA:61,0
DA:64,0
DA:66,0
DA:71,0
DA:78,0
DA:79,0
DA:87,0
DA:89,0
DA:90,0
DA:91,0
DA:94,0
DA:95,0
DA:98,0
DA:99,0
DA:102,0
DA:105,0
DA:106,0
DA:114,0
DA:115,0
DA:118,0
DA:119,0
DA:122,0
DA:123,0
DA:126,0
DA:127,0
DA:136,0
DA:139,0
DA:141,0
DA:145,0
DA:148,0
DA:149,0
DA:153,0
DA:154,0
DA:157,0
DA:164,0
DA:166,0
DA:168,0
DA:169,0
DA:171,0
DA:172,0
DA:174,0
DA:185,0
DA:186,0
DA:194,0
DA:195,0
DA:196,0
DA:200,0
DA:201,0
DA:202,0
DA:206,0
DA:208,0
DA:209,0
DA:210,0
DA:214,0
DA:216,0
DA:224,0
DA:228,0
DA:236,0
DA:239,0
DA:241,0
DA:243,0
DA:244,0
DA:248,0
DA:251,0
DA:256,0
DA:259,0
DA:261,0
DA:273,0
DA:274,0
DA:278,0
DA:282,0
DA:292,0
DA:297,0
DA:298,0
DA:300,0
DA:306,0
DA:308,0
DA:315,0
DA:320,0
DA:331,0
DA:332,0
DA:334,0
DA:352,0
DA:354,0
DA:356,0
DA:361,0
DA:367,0
DA:372,0
DA:378,0
DA:388,0
DA:391,0
DA:403,0
DA:404,0
DA:408,0
DA:421,0
DA:422,0
DA:423,0
DA:424,0
DA:429,0
LF:116
LH:0
BRDA:17,0,0,0
BRDA:17,0,1,0
BRDA:18,1,0,0
BRDA:18,1,1,0
BRDA:19,2,0,0
BRDA:19,2,1,0
BRDA:20,3,0,0
BRDA:20,3,1,0
BRDA:27,4,0,0
BRDA:27,4,1,0
BRDA:30,5,0,0
BRDA:30,5,1,0
BRDA:44,6,0,0
BRDA:44,6,1,0
BRDA:89,7,0,0
BRDA:89,7,1,0
BRDA:98,8,0,0
BRDA:98,8,1,0
BRDA:136,9,0,0
BRDA:136,9,1,0
BRDA:139,10,0,0
BRDA:139,10,1,0
BRDA:139,11,0,0
BRDA:139,11,1,0
BRDA:153,12,0,0
BRDA:153,12,1,0
BRDA:153,13,0,0
BRDA:153,13,1,0
BRDA:164,14,0,0
BRDA:164,14,1,0
BRDA:166,15,0,0
BRDA:166,15,1,0
BRDA:166,15,2,0
BRDA:189,16,0,0
BRDA:189,16,1,0
BRDA:190,17,0,0
BRDA:190,17,1,0
BRDA:194,18,0,0
BRDA:194,18,1,0
BRDA:200,19,0,0
BRDA:200,19,1,0
BRDA:208,20,0,0
BRDA:208,20,1,0
BRDA:208,21,0,0
BRDA:208,21,1,0
BRDA:236,22,0,0
BRDA:236,22,1,0
BRDA:243,23,0,0
BRDA:243,23,1,0
BRDA:243,24,0,0
BRDA:243,24,1,0
BRDA:273,25,0,0
BRDA:273,25,1,0
BRDA:354,26,0,0
BRDA:354,26,1,0
BRDA:394,27,0,0
BRDA:394,27,1,0
BRDA:403,28,0,0
BRDA:403,28,1,0
BRDA:413,29,0,0
BRDA:413,29,1,0
BRDA:421,30,0,0
BRDA:421,30,1,0
BRF:63
BRH:0
end_of_record
TN:
SF:src/integrations/facebook/facebookService.js
FN:13,(anonymous_0)
FN:40,(anonymous_1)
FN:73,(anonymous_2)
FN:94,(anonymous_3)
FN:109,(anonymous_4)
FN:126,(anonymous_5)
FN:146,(anonymous_6)
FN:147,(anonymous_7)
FN:178,(anonymous_8)
FN:230,(anonymous_9)
FN:292,(anonymous_10)
FN:335,(anonymous_11)
FN:363,(anonymous_12)
FN:391,(anonymous_13)
FN:406,(anonymous_14)
FNF:15
FNH:0
FNDA:0,(anonymous_0)
FNDA:0,(anonymous_1)
FNDA:0,(anonymous_2)
FNDA:0,(anonymous_3)
FNDA:0,(anonymous_4)
FNDA:0,(anonymous_5)
FNDA:0,(anonymous_6)
FNDA:0,(anonymous_7)
FNDA:0,(anonymous_8)
FNDA:0,(anonymous_9)
FNDA:0,(anonymous_10)
FNDA:0,(anonymous_11)
FNDA:0,(anonymous_12)
FNDA:0,(anonymous_13)
FNDA:0,(anonymous_14)
DA:1,0
DA:14,0
DA:24,0
DA:25,0
DA:26,0
DA:27,0
DA:28,0
DA:31,0
DA:32,0
DA:33,0
DA:34,0
DA:41,0
DA:43,0
DA:44,0
DA:47,0
DA:49,0
DA:53,0
DA:58,0
DA:65,0
DA:66,0
DA:74,0
DA:76,0
DA:77,0
DA:78,0
DA:81,0
DA:82,0
DA:83,0
DA:86,0
DA:87,0
DA:95,0
DA:97,0
DA:99,0
DA:100,0
DA:102,0
DA:110,0
DA:115,0
DA:127,0
DA:128,0
DA:131,0
DA:137,0
DA:138,0
DA:140,0
DA:146,0
DA:147,0
DA:148,0
DA:152,0
DA:153,0
DA:158,0
DA:159,0
DA:163,0
DA:170,0
DA:171,0
DA:179,0
DA:181,0
DA:187,0
DA:190,0
DA:191,0
DA:192,0
DA:198,0
DA:199,0
DA:212,0
DA:219,0
DA:222,0
DA:223,0
DA:231,0
DA:232,0
DA:238,0
DA:239,0
DA:240,0
DA:244,0
DA:245,0
DA:246,0
DA:250,0
DA:252,0
DA:253,0
DA:254,0
DA:258,0
DA:259,0
DA:265,0
DA:273,0
DA:281,0
DA:285,0
DA:293,0
DA:298,0
DA:300,0
DA:305,0
DA:311,0
DA:313,0
DA:320,0
DA:325,0
DA:336,0
DA:338,0
DA:340,0
DA:343,0
DA:344,0
DA:346,0
DA:349,0
DA:352,0
DA:353,0
DA:355,0
DA:364,0
DA:365,0
DA:368,0
DA:369,0
DA:371,0
DA:379,0
DA:380,0
DA:392,0
DA:393,0
DA:394,0
DA:396,0
DA:397,0
DA:400,0
DA:408,0
DA:412,0
DA:416,0
LF:116
LH:0
BRDA:17,0,0,0
BRDA:17,0,1,0
BRDA:18,1,0,0
BRDA:18,1,1,0
BRDA:19,2,0,0
BRDA:19,2,1,0
BRDA:20,3,0,0
BRDA:20,3,1,0
BRDA:33,4,0,0
BRDA:33,4,1,0
BRDA:34,5,0,0
BRDA:34,5,1,0
BRDA:43,6,0,0
BRDA:43,6,1,0
BRDA:76,7,0,0
BRDA:76,7,1,0
BRDA:94,8,0,0
BRDA:95,9,0,0
BRDA:99,10,0,0
BRDA:99,10,1,0
BRDA:127,11,0,0
BRDA:127,11,1,0
BRDA:127,12,0,0
BRDA:127,12,1,0
BRDA:152,13,0,0
BRDA:152,13,1,0
BRDA:238,14,0,0
BRDA:238,14,1,0
BRDA:244,15,0,0
BRDA:244,15,1,0
BRDA:252,16,0,0
BRDA:252,16,1,0
BRDA:252,17,0,0
BRDA:252,17,1,0
BRDA:258,18,0,0
BRDA:258,18,1,0
BRDA:335,19,0,0
BRDA:335,20,0,0
BRDA:343,21,0,0
BRDA:343,21,1,0
BRDA:352,22,0,0
BRDA:352,22,1,0
BRDA:364,23,0,0
BRDA:364,23,1,0
BRDA:374,24,0,0
BRDA:374,24,1,0
BRDA:375,25,0,0
BRDA:375,25,1,0
BRDA:396,26,0,0
BRDA:396,26,1,0
BRDA:396,27,0,0
BRDA:396,27,1,0
BRF:52
BRH:0
end_of_record
TN:
SF:src/integrations/instagram/instagramService.js
FN:4,(anonymous_0)
FN:21,(anonymous_1)
FN:46,(anonymous_2)
FN:67,(anonymous_3)
FN:89,(anonymous_4)
FN:110,(anonymous_5)
FN:133,(anonymous_6)
FN:167,(anonymous_7)
FN:198,(anonymous_8)
FN:223,(anonymous_9)
FN:236,(anonymous_10)
FN:244,(anonymous_11)
FN:250,(anonymous_12)
FN:257,(anonymous_13)
FN:263,(anonymous_14)
FN:278,(anonymous_15)
FN:299,(anonymous_16)
FN:300,(anonymous_17)
FN:306,(anonymous_18)
FNF:19
FNH:0
FNDA:0,(anonymous_0)
FNDA:0,(anonymous_1)
FNDA:0,(anonymous_2)
FNDA:0,(anonymous_3)
FNDA:0,(anonymous_4)
FNDA:0,(anonymous_5)
FNDA:0,(anonymous_6)
FNDA:0,(anonymous_7)
FNDA:0,(anonymous_8)
FNDA:0,(anonymous_9)
FNDA:0,(anonymous_10)
FNDA:0,(anonymous_11)
FNDA:0,(anonymous_12)
FNDA:0,(anonymous_13)
FNDA:0,(anonymous_14)
FNDA:0,(anonymous_15)
FNDA:0,(anonymous_16)
FNDA:0,(anonymous_17)
FNDA:0,(anonymous_18)
DA:1,0
DA:5,0
DA:8,0
DA:9,0
DA:12,0
DA:13,0
DA:14,0
DA:15,0
DA:22,0
DA:23,0
DA:34,0
DA:35,0
DA:38,0
DA:39,0
DA:47,0
DA:48,0
DA:56,0
DA:59,0
DA:60,0
DA:68,0
DA:69,0
DA:72,0
DA:74,0
DA:75,0
DA:78,0
DA:82,0
DA:90,0
DA:99,0
DA:102,0
DA:103,0
DA:111,0
DA:112,0
DA:126,0
DA:134,0
DA:136,0
DA:138,0
DA:140,0
DA:160,0
DA:168,0
DA:169,0
DA:184,0
DA:185,0
DA:187,0
DA:190,0
DA:191,0
DA:199,0
DA:200,0
DA:216,0
DA:224,0
DA:225,0
DA:226,0
DA:228,0
DA:229,0
DA:237,0
DA:238,0
DA:241,0
DA:242,0
DA:244,0
DA:254,0
DA:255,0
DA:257,0
DA:264,0
DA:268,0
DA:271,0
DA:279,0
DA:288,0
DA:291,0
DA:292,0
DA:300,0
DA:307,0
DA:308,0
DA:311,0
DA:315,0
LF:73
LH:0
BRDA:14,0,0,0
BRDA:14,0,1,0
BRDA:15,1,0,0
BRDA:15,1,1,0
BRDA:89,2,0,0
BRDA:138,3,0,0
BRDA:138,3,1,0
BRDA:224,4,0,0
BRDA:224,4,1,0
BRDA:224,5,0,0
BRDA:224,5,1,0
BRDA:237,6,0,0
BRDA:237,6,1,0
BRDA:241,7,0,0
BRDA:241,7,1,0
BRDA:242,8,0,0
BRDA:242,8,1,0
BRDA:244,9,0,0
BRDA:244,9,1,0
BRDA:307,10,0,0
BRDA:307,10,1,0
BRF:21
BRH:0
end_of_record
TN:
SF:src/integrations/reddit/redditService.js
FN:13,(anonymous_0)
FN:44,(anonymous_1)
FN:86,(anonymous_2)
FN:107,(anonymous_3)
FN:119,(anonymous_4)
FN:163,(anonymous_5)
FN:195,(anonymous_6)
FN:236,(anonymous_7)
FN:277,(anonymous_8)
FN:285,(anonymous_9)
FN:292,(anonymous_10)
FN:326,(anonymous_11)
FN:338,(anonymous_12)
FN:348,(anonymous_13)
FN:369,(anonymous_14)
FN:390,(anonymous_15)
FN:413,(anonymous_16)
FN:457,(anonymous_17)
FN:498,(anonymous_18)
FNF:19
FNH:0
FNDA:0,(anonymous_0)
FNDA:0,(anonymous_1)
FNDA:0,(anonymous_2)
FNDA:0,(anonymous_3)
FNDA:0,(anonymous_4)
FNDA:0,(anonymous_5)
FNDA:0,(anonymous_6)
FNDA:0,(anonymous_7)
FNDA:0,(anonymous_8)
FNDA:0,(anonymous_9)
FNDA:0,(anonymous_10)
FNDA:0,(anonymous_11)
FNDA:0,(anonymous_12)
FNDA:0,(anonymous_13)
FNDA:0,(anonymous_14)
FNDA:0,(anonymous_15)
FNDA:0,(anonymous_16)
FNDA:0,(anonymous_17)
FNDA:0,(anonymous_18)
DA:1,0
DA:14,0
DA:24,0
DA:25,0
DA:26,0
DA:27,0
DA:28,0
DA:31,0
DA:32,0
DA:33,0
DA:34,0
DA:35,0
DA:36,0
DA:38,0
DA:45,0
DA:47,0
DA:48,0
DA:51,0
DA:52,0
DA:54,0
DA:63,0
DA:65,0
DA:71,0
DA:78,0
DA:79,0
DA:87,0
DA:89,0
DA:90,0
DA:91,0
DA:94,0
DA:95,0
DA:96,0
DA:99,0
DA:100,0
DA:108,0
DA:110,0
DA:113,0
DA:120,0
DA:121,0
DA:124,0
DA:130,0
DA:131,0
DA:137,0
DA:141,0
DA:148,0
DA:155,0
DA:156,0
DA:164,0
DA:165,0
DA:167,0
DA:168,0
DA:170,0
DA:171,0
DA:172,0
DA:174,0
DA:175,0
DA:176,0
DA:180,0
DA:184,0
DA:187,0
DA:188,0
DA:196,0
DA:197,0
DA:198,0
DA:200,0
DA:203,0
DA:204,0
DA:205,0
DA:206,0
DA:208,0
DA:210,0
DA:211,0
DA:212,0
DA:213,0
DA:218,0
DA:225,0
DA:228,0
DA:229,0
DA:237,0
DA:238,0
DA:239,0
DA:241,0
DA:244,0
DA:245,0
DA:246,0
DA:247,0
DA:249,0
DA:251,0
DA:252,0
DA:253,0
DA:254,0
DA:259,0
DA:266,0
DA:269,0
DA:270,0
DA:279,0
DA:287,0
DA:288,0
DA:292,0
DA:293,0
DA:296,0
DA:297,0
DA:301,0
DA:302,0
DA:304,0
DA:305,0
DA:308,0
DA:309,0
DA:310,0
DA:314,0
DA:317,0
DA:320,0
DA:328,0
DA:329,0
DA:333,0
DA:334,0
DA:338,0
DA:339,0
DA:342,0
DA:349,0
DA:350,0
DA:356,0
DA:359,0
DA:370,0
DA:371,0
DA:377,0
DA:380,0
DA:391,0
DA:392,0
DA:399,0
DA:400,0
DA:403,0
DA:414,0
DA:416,0
DA:417,0
DA:418,0
DA:422,0
DA:423,0
DA:424,0
DA:428,0
DA:430,0
DA:431,0
DA:432,0
DA:436,0
DA:438,0
DA:446,0
DA:450,0
DA:458,0
DA:464,0
DA:466,0
DA:468,0
DA:474,0
DA:476,0
DA:483,0
DA:488,0
DA:499,0
DA:500,0
DA:503,0
DA:504,0
DA:506,0
DA:514,0
DA:515,0
DA:524,0
LF:163
LH:0
BRDA:17,0,0,0
BRDA:17,0,1,0
BRDA:18,1,0,0
BRDA:18,1,1,0
BRDA:19,2,0,0
BRDA:19,2,1,0
BRDA:20,3,0,0
BRDA:20,3,1,0
BRDA:28,4,0,0
BRDA:28,4,1,0
BRDA:31,5,0,0
BRDA:31,5,1,0
BRDA:32,6,0,0
BRDA:32,6,1,0
BRDA:33,7,0,0
BRDA:33,7,1,0
BRDA:34,8,0,0
BRDA:34,8,1,0
BRDA:35,9,0,0
BRDA:35,9,1,0
BRDA:36,10,0,0
BRDA:36,10,1,0
BRDA:47,11,0,0
BRDA:47,11,1,0
BRDA:47,12,0,0
BRDA:47,12,1,0
BRDA:47,12,2,0
BRDA:47,12,3,0
BRDA:89,13,0,0
BRDA:89,13,1,0
BRDA:107,14,0,0
BRDA:108,15,0,0
BRDA:120,16,0,0
BRDA:120,16,1,0
BRDA:126,17,0,0
BRDA:126,17,1,0
BRDA:137,18,0,0
BRDA:137,18,1,0
BRDA:138,19,0,0
BRDA:138,19,1,0
BRDA:139,20,0,0
BRDA:139,20,1,0
BRDA:142,21,0,0
BRDA:142,21,1,0
BRDA:143,22,0,0
BRDA:143,22,1,0
BRDA:144,23,0,0
BRDA:144,23,1,0
BRDA:171,24,0,0
BRDA:171,24,1,0
BRDA:171,25,0,0
BRDA:171,25,1,0
BRDA:174,26,0,0
BRDA:174,26,1,0
BRDA:200,27,0,0
BRDA:200,27,1,0
BRDA:211,28,0,0
BRDA:211,28,1,0
BRDA:241,29,0,0
BRDA:241,29,1,0
BRDA:252,30,0,0
BRDA:252,30,1,0
BRDA:287,31,0,0
BRDA:287,31,1,0
BRDA:296,32,0,0
BRDA:296,32,1,0
BRDA:304,33,0,0
BRDA:304,33,1,0
BRDA:309,34,0,0
BRDA:309,34,1,0
BRDA:328,35,0,0
BRDA:328,35,1,0
BRDA:333,36,0,0
BRDA:333,36,1,0
BRDA:399,37,0,0
BRDA:399,37,1,0
BRDA:416,38,0,0
BRDA:416,38,1,0
BRDA:422,39,0,0
BRDA:422,39,1,0
BRDA:430,40,0,0
BRDA:430,40,1,0
BRDA:430,41,0,0
BRDA:430,41,1,0
BRDA:499,42,0,0
BRDA:499,42,1,0
BRDA:509,43,0,0
BRDA:509,43,1,0
BRF:88
BRH:0
end_of_record
TN:
SF:src/integrations/tiktok/tiktokService.js
FN:13,(anonymous_0)
FN:47,(anonymous_1)
FN:87,(anonymous_2)
FN:112,(anonymous_3)
FN:133,(anonymous_4)
FN:145,(anonymous_5)
FN:204,(anonymous_6)
FN:211,(anonymous_7)
FN:222,(anonymous_8)
FN:275,(anonymous_9)
FN:277,(anonymous_10)
FN:296,(anonymous_11)
FN:361,(anonymous_12)
FN:418,(anonymous_13)
FN:463,(anonymous_14)
FN:492,(anonymous_15)
FNF:16
FNH:0
FNDA:0,(anonymous_0)
FNDA:0,(anonymous_1)
FNDA:0,(anonymous_2)
FNDA:0,(anonymous_3)
FNDA:0,(anonymous_4)
FNDA:0,(anonymous_5)
FNDA:0,(anonymous_6)
FNDA:0,(anonymous_7)
FNDA:0,(anonymous_8)
FNDA:0,(anonymous_9)
FNDA:0,(anonymous_10)
FNDA:0,(anonymous_11)
FNDA:0,(anonymous_12)
FNDA:0,(anonymous_13)
FNDA:0,(anonymous_14)
FNDA:0,(anonymous_15)
DA:1,0
DA:14,0
DA:25,0
DA:26,0
DA:27,0
DA:28,0
DA:29,0
DA:32,0
DA:33,0
DA:34,0
DA:35,0
DA:36,0
DA:37,0
DA:40,0
DA:41,0
DA:48,0
DA:50,0
DA:51,0
DA:54,0
DA:56,0
DA:57,0
DA:61,0
DA:65,0
DA:71,0
DA:79,0
DA:80,0
DA:88,0
DA:89,0
DA:96,0
DA:97,0
DA:99,0
DA:104,0
DA:105,0
DA:113,0
DA:115,0
DA:116,0
DA:117,0
DA:120,0
DA:121,0
DA:122,0
DA:125,0
DA:126,0
DA:134,0
DA:136,0
DA:139,0
DA:146,0
DA:147,0
DA:150,0
DA:156,0
DA:157,0
DA:158,0
DA:161,0
DA:163,0
DA:164,0
DA:165,0
DA:169,0
DA:170,0
DA:171,0
DA:172,0
DA:173,0
DA:176,0
DA:183,0
DA:189,0
DA:196,0
DA:197,0
DA:205,0
DA:206,0
DA:211,0
DA:214,0
DA:215,0
DA:223,0
DA:227,0
DA:230,0
DA:232,0
DA:264,0
DA:268,0
DA:277,0
DA:278,0
DA:281,0
DA:282,0
DA:286,0
DA:287,0
DA:290,0
DA:297,0
DA:298,0
DA:305,0
DA:306,0
DA:307,0
DA:311,0
DA:312,0
DA:313,0
DA:317,0
DA:319,0
DA:320,0
DA:321,0
DA:325,0
DA:326,0
DA:328,0
DA:336,0
DA:341,0
DA:350,0
DA:354,0
DA:362,0
DA:368,0
DA:372,0
DA:374,0
DA:403,0
DA:408,0
DA:419,0
DA:420,0
DA:422,0
DA:424,0
DA:432,0
DA:433,0
DA:436,0
DA:437,0
DA:439,0
DA:442,0
DA:443,0
DA:445,0
DA:446,0
DA:449,0
DA:452,0
DA:453,0
DA:455,0
DA:464,0
DA:465,0
DA:468,0
DA:469,0
DA:471,0
DA:480,0
DA:481,0
DA:493,0
DA:494,0
DA:497,0
DA:501,0
DA:509,0
LF:137
LH:0
BRDA:17,0,0,0
BRDA:17,0,1,0
BRDA:18,1,0,0
BRDA:18,1,1,0
BRDA:19,2,0,0
BRDA:19,2,1,0
BRDA:20,3,0,0
BRDA:20,3,1,0
BRDA:32,4,0,0
BRDA:32,4,1,0
BRDA:33,5,0,0
BRDA:33,5,1,0
BRDA:34,6,0,0
BRDA:34,6,1,0
BRDA:35,7,0,0
BRDA:35,7,1,0
BRDA:50,8,0,0
BRDA:50,8,1,0
BRDA:50,9,0,0
BRDA:50,9,1,0
BRDA:56,10,0,0
BRDA:56,10,1,0
BRDA:115,11,0,0
BRDA:115,11,1,0
BRDA:133,12,0,0
BRDA:134,13,0,0
BRDA:146,14,0,0
BRDA:146,14,1,0
BRDA:163,15,0,0
BRDA:163,15,1,0
BRDA:281,16,0,0
BRDA:281,16,1,0
BRDA:286,17,0,0
BRDA:286,17,1,0
BRDA:286,18,0,0
BRDA:286,18,1,0
BRDA:301,19,0,0
BRDA:301,19,1,0
BRDA:305,20,0,0
BRDA:305,20,1,0
BRDA:311,21,0,0
BRDA:311,21,1,0
BRDA:319,22,0,0
BRDA:319,22,1,0
BRDA:319,23,0,0
BRDA:319,23,1,0
BRDA:325,24,0,0
BRDA:325,24,1,0
BRDA:418,25,0,0
BRDA:418,26,0,0
BRDA:418,27,0,0
BRDA:432,28,0,0
BRDA:432,28,1,0
BRDA:432,29,0,0
BRDA:432,29,1,0
BRDA:436,30,0,0
BRDA:436,30,1,0
BRDA:445,31,0,0
BRDA:445,31,1,0
BRDA:452,32,0,0
BRDA:452,32,1,0
BRDA:453,33,0,0
BRDA:453,33,1,0
BRDA:464,34,0,0
BRDA:464,34,1,0
BRDA:474,35,0,0
BRDA:474,35,1,0
BRDA:475,36,0,0
BRDA:475,36,1,0
BRDA:493,37,0,0
BRDA:493,37,1,0
BRF:71
BRH:0
end_of_record
TN:
SF:src/integrations/twitch/twitchService.js
FN:13,(anonymous_0)
FN:45,(anonymous_1)
FN:86,(anonymous_2)
FN:109,(anonymous_3)
FN:140,(anonymous_4)
FN:141,(anonymous_5)
FN:145,(anonymous_6)
FN:149,(anonymous_7)
FN:157,(anonymous_8)
FN:165,(anonymous_9)
FN:177,(anonymous_10)
FN:199,(anonymous_11)
FN:222,(anonymous_12)
FN:245,(anonymous_13)
FN:289,(anonymous_14)
FN:304,(anonymous_15)
FN:313,(anonymous_16)
FN:366,(anonymous_17)
FN:382,(anonymous_18)
FN:409,(anonymous_19)
FN:427,(anonymous_20)
FNF:21
FNH:0
FNDA:0,(anonymous_0)
FNDA:0,(anonymous_1)
FNDA:0,(anonymous_2)
FNDA:0,(anonymous_3)
FNDA:0,(anonymous_4)
FNDA:0,(anonymous_5)
FNDA:0,(anonymous_6)
FNDA:0,(anonymous_7)
FNDA:0,(anonymous_8)
FNDA:0,(anonymous_9)
FNDA:0,(anonymous_10)
FNDA:0,(anonymous_11)
FNDA:0,(anonymous_12)
FNDA:0,(anonymous_13)
FNDA:0,(anonymous_14)
FNDA:0,(anonymous_15)
FNDA:0,(anonymous_16)
FNDA:0,(anonymous_17)
FNDA:0,(anonymous_18)
FNDA:0,(anonymous_19)
FNDA:0,(anonymous_20)
DA:1,0
DA:14,0
DA:24,0
DA:25,0
DA:26,0
DA:27,0
DA:28,0
DA:29,0
DA:32,0
DA:33,0
DA:34,0
DA:35,0
DA:36,0
DA:38,0
DA:39,0
DA:46,0
DA:48,0
DA:49,0
DA:52,0
DA:54,0
DA:55,0
DA:57,0
DA:58,0
DA:61,0
DA:62,0
DA:64,0
DA:70,0
DA:78,0
DA:79,0
DA:87,0
DA:89,0
DA:90,0
DA:91,0
DA:94,0
DA:95,0
DA:96,0
DA:98,0
DA:101,0
DA:102,0
DA:110,0
DA:111,0
DA:112,0
DA:114,0
DA:116,0
DA:122,0
DA:125,0
DA:127,0
DA:132,0
DA:133,0
DA:141,0
DA:142,0
DA:145,0
DA:146,0
DA:149,0
DA:150,0
DA:157,0
DA:158,0
DA:165,0
DA:166,0
DA:178,0
DA:180,0
DA:183,0
DA:184,0
DA:188,0
DA:189,0
DA:193,0
DA:194,0
DA:195,0
DA:199,0
DA:200,0
DA:204,0
DA:206,0
DA:207,0
DA:211,0
DA:223,0
DA:224,0
DA:226,0
DA:228,0
DA:229,0
DA:231,0
DA:232,0
DA:234,0
DA:235,0
DA:238,0
DA:246,0
DA:247,0
DA:251,0
DA:252,0
DA:254,0
DA:258,0
DA:260,0
DA:261,0
DA:263,0
DA:267,0
DA:270,0
DA:272,0
DA:279,0
DA:281,0
DA:290,0
DA:293,0
DA:295,0
DA:296,0
DA:297,0
DA:306,0
DA:314,0
DA:315,0
DA:323,0
DA:324,0
DA:325,0
DA:329,0
DA:330,0
DA:331,0
DA:335,0
DA:337,0
DA:338,0
DA:339,0
DA:343,0
DA:346,0
DA:348,0
DA:355,0
DA:359,0
DA:367,0
DA:370,0
DA:386,0
DA:388,0
DA:389,0
DA:391,0
DA:397,0
DA:399,0
DA:410,0
DA:411,0
DA:415,0
DA:428,0
DA:429,0
DA:430,0
DA:431,0
DA:436,0
LF:137
LH:0
BRDA:17,0,0,0
BRDA:17,0,1,0
BRDA:18,1,0,0
BRDA:18,1,1,0
BRDA:19,2,0,0
BRDA:19,2,1,0
BRDA:20,3,0,0
BRDA:20,3,1,0
BRDA:32,4,0,0
BRDA:32,4,1,0
BRDA:36,5,0,0
BRDA:36,5,1,0
BRDA:48,6,0,0
BRDA:48,6,1,0
BRDA:48,7,0,0
BRDA:48,7,1,0
BRDA:89,8,0,0
BRDA:89,8,1,0
BRDA:180,9,0,0
BRDA:180,9,1,0
BRDA:183,10,0,0
BRDA:183,10,1,0
BRDA:183,11,0,0
BRDA:183,11,1,0
BRDA:183,11,2,0
BRDA:188,12,0,0
BRDA:188,12,1,0
BRDA:188,13,0,0
BRDA:188,13,1,0
BRDA:188,13,2,0
BRDA:193,14,0,0
BRDA:193,14,1,0
BRDA:204,15,0,0
BRDA:204,15,1,0
BRDA:206,16,0,0
BRDA:206,16,1,0
BRDA:206,17,0,0
BRDA:206,17,1,0
BRDA:226,18,0,0
BRDA:226,18,1,0
BRDA:226,18,2,0
BRDA:226,18,3,0
BRDA:247,19,0,0
BRDA:247,19,1,0
BRDA:251,20,0,0
BRDA:251,20,1,0
BRDA:260,21,0,0
BRDA:260,21,1,0
BRDA:260,22,0,0
BRDA:260,22,1,0
BRDA:295,23,0,0
BRDA:295,23,1,0
BRDA:323,24,0,0
BRDA:323,24,1,0
BRDA:329,25,0,0
BRDA:329,25,1,0
BRDA:337,26,0,0
BRDA:337,26,1,0
BRDA:337,27,0,0
BRDA:337,27,1,0
BRDA:410,28,0,0
BRDA:410,28,1,0
BRDA:419,29,0,0
BRDA:419,29,1,0
BRDA:428,30,0,0
BRDA:428,30,1,0
BRF:66
BRH:0
end_of_record
TN:
SF:src/integrations/youtube/youtubeService.js
FN:7,(anonymous_0)
FN:44,(anonymous_1)
FN:64,(anonymous_2)
FN:77,(anonymous_3)
FN:103,(anonymous_4)
FN:116,(anonymous_5)
FN:151,(anonymous_6)
FN:174,(anonymous_7)
FN:187,(anonymous_8)
FN:233,(anonymous_9)
FN:280,(anonymous_10)
FN:308,(anonymous_11)
FN:337,(anonymous_12)
FN:369,(anonymous_13)
FN:373,(anonymous_14)
FN:379,(anonymous_15)
FN:385,(anonymous_16)
FN:395,(anonymous_17)
FN:408,(anonymous_18)
FN:414,(anonymous_19)
FN:448,(anonymous_20)
FN:458,(anonymous_21)
FN:469,(anonymous_22)
FN:470,(anonymous_23)
FN:476,(anonymous_24)
FNF:25
FNH:0
FNDA:0,(anonymous_0)
FNDA:0,(anonymous_1)
FNDA:0,(anonymous_2)
FNDA:0,(anonymous_3)
FNDA:0,(anonymous_4)
FNDA:0,(anonymous_5)
FNDA:0,(anonymous_6)
FNDA:0,(anonymous_7)
FNDA:0,(anonymous_8)
FNDA:0,(anonymous_9)
FNDA:0,(anonymous_10)
FNDA:0,(anonymous_11)
FNDA:0,(anonymous_12)
FNDA:0,(anonymous_13)
FNDA:0,(anonymous_14)
FNDA:0,(anonymous_15)
FNDA:0,(anonymous_16)
FNDA:0,(anonymous_17)
FNDA:0,(anonymous_18)
FNDA:0,(anonymous_19)
FNDA:0,(anonymous_20)
FNDA:0,(anonymous_21)
FNDA:0,(anonymous_22)
FNDA:0,(anonymous_23)
FNDA:0,(anonymous_24)
DA:1,0
DA:2,0
DA:3,0
DA:4,0
DA:8,0
DA:11,0
DA:12,0
DA:13,0
DA:14,0
DA:15,0
DA:18,0
DA:21,0
DA:24,0
DA:31,0
DA:38,0
DA:45,0
DA:46,0
DA:47,0
DA:48,0
DA:49,0
DA:57,0
DA:65,0
DA:66,0
DA:67,0
DA:69,0
DA:70,0
DA:78,0
DA:79,0
DA:80,0
DA:82,0
DA:83,0
DA:84,0
DA:85,0
DA:88,0
DA:89,0
DA:92,0
DA:93,0
DA:96,0
DA:104,0
DA:105,0
DA:106,0
DA:107,0
DA:109,0
DA:117,0
DA:118,0
DA:120,0
DA:121,0
DA:125,0
DA:126,0
DA:132,0
DA:139,0
DA:140,0
DA:143,0
DA:144,0
DA:152,0
DA:153,0
DA:155,0
DA:156,0
DA:157,0
DA:161,0
DA:163,0
DA:166,0
DA:167,0
DA:175,0
DA:176,0
DA:178,0
DA:179,0
DA:180,0
DA:182,0
DA:183,0
DA:184,0
DA:186,0
DA:187,0
DA:189,0
DA:190,0
DA:192,0
DA:193,0
DA:194,0
DA:195,0
DA:198,0
DA:201,0
DA:202,0
DA:203,0
DA:208,0
DA:212,0
DA:215,0
DA:216,0
DA:220,0
DA:222,0
DA:225,0
DA:226,0
DA:234,0
DA:235,0
DA:237,0
DA:244,0
DA:246,0
DA:247,0
DA:248,0
DA:250,0
DA:262,0
DA:263,0
DA:266,0
DA:269,0
DA:270,0
DA:273,0
DA:281,0
DA:282,0
DA:285,0
DA:288,0
DA:290,0
DA:292,0
DA:294,0
DA:295,0
DA:299,0
DA:300,0
DA:301,0
DA:309,0
DA:310,0
DA:323,0
DA:324,0
DA:326,0
DA:329,0
DA:330,0
DA:338,0
DA:340,0
DA:341,0
DA:342,0
DA:343,0
DA:347,0
DA:348,0
DA:349,0
DA:353,0
DA:354,0
DA:355,0
DA:358,0
DA:361,0
DA:362,0
DA:370,0
DA:371,0
DA:373,0
DA:380,0
DA:381,0
DA:384,0
DA:385,0
DA:389,0
DA:397,0
DA:398,0
DA:400,0
DA:401,0
DA:405,0
DA:406,0
DA:408,0
DA:415,0
DA:416,0
DA:418,0
DA:420,0
DA:430,0
DA:431,0
DA:432,0
DA:435,0
DA:438,0
DA:441,0
DA:449,0
DA:450,0
DA:451,0
DA:459,0
DA:460,0
DA:461,0
DA:462,0
DA:470,0
DA:477,0
DA:478,0
DA:481,0
DA:485,0
LF:174
LH:0
BRDA:13,0,0,0
BRDA:13,0,1,0
BRDA:14,1,0,0
BRDA:14,1,1,0
BRDA:15,2,0,0
BRDA:15,2,1,0
BRDA:18,3,0,0
BRDA:18,3,1,0
BRDA:48,4,0,0
BRDA:48,4,1,0
BRDA:48,5,0,0
BRDA:48,5,1,0
BRDA:67,6,0,0
BRDA:67,6,1,0
BRDA:80,7,0,0
BRDA:80,7,1,0
BRDA:82,8,0,0
BRDA:82,8,1,0
BRDA:84,9,0,0
BRDA:84,9,1,0
BRDA:88,10,0,0
BRDA:88,10,1,0
BRDA:120,11,0,0
BRDA:120,11,1,0
BRDA:155,12,0,0
BRDA:155,12,1,0
BRDA:193,13,0,0
BRDA:193,13,1,0
BRDA:201,14,0,0
BRDA:201,14,1,0
BRDA:246,15,0,0
BRDA:246,15,1,0
BRDA:252,16,0,0
BRDA:252,16,1,0
BRDA:269,17,0,0
BRDA:269,17,1,0
BRDA:290,18,0,0
BRDA:290,18,1,0
BRDA:341,19,0,0
BRDA:341,19,1,0
BRDA:347,20,0,0
BRDA:347,20,1,0
BRDA:353,21,0,0
BRDA:353,21,1,0
BRDA:370,22,0,0
BRDA:370,22,1,0
BRDA:400,23,0,0
BRDA:400,23,1,0
BRDA:400,24,0,0
BRDA:400,24,1,0
BRDA:425,25,0,0
BRDA:425,25,1,0
BRDA:430,26,0,0
BRDA:430,26,1,0
BRDA:430,27,0,0
BRDA:430,27,1,0
BRDA:449,28,0,0
BRDA:449,28,1,0
BRDA:460,29,0,0
BRDA:460,29,1,0
BRDA:477,30,0,0
BRDA:477,30,1,0
BRF:62
BRH:0
end_of_record
TN:
SF:src/services/costControl.js
FN:4,(anonymous_0)
FN:57,(anonymous_1)
FN:87,(anonymous_2)
FN:133,(anonymous_3)
FN:173,(anonymous_4)
FN:203,(anonymous_5)
FN:270,(anonymous_6)
FN:284,(anonymous_7)
FN:326,(anonymous_8)
FN:370,(anonymous_9)
FN:422,(anonymous_10)
FN:448,(anonymous_11)
FNF:12
FNH:0
FNDA:0,(anonymous_0)
FNDA:0,(anonymous_1)
FNDA:0,(anonymous_2)
FNDA:0,(anonymous_3)
FNDA:0,(anonymous_4)
FNDA:0,(anonymous_5)
FNDA:0,(anonymous_6)
FNDA:0,(anonymous_7)
FNDA:0,(anonymous_8)
FNDA:0,(anonymous_9)
FNDA:0,(anonymous_10)
FNDA:0,(anonymous_11)
DA:1,2
DA:5,0
DA:6,0
DA:7,0
DA:10,0
DA:46,0
DA:58,0
DA:59,0
DA:61,0
DA:62,0
DA:71,0
DA:79,0
DA:80,0
DA:88,0
DA:89,0
DA:90,0
DA:93,0
DA:99,0
DA:102,0
DA:110,0
DA:111,0
DA:112,0
DA:114,0
DA:125,0
DA:126,0
DA:134,0
DA:135,0
DA:138,0
DA:151,0
DA:154,0
DA:155,0
DA:158,0
DA:165,0
DA:166,0
DA:174,0
DA:176,0
DA:183,0
DA:186,0
DA:188,0
DA:189,0
DA:192,0
DA:195,0
DA:196,0
DA:204,0
DA:206,0
DA:219,0
DA:222,0
DA:239,0
DA:253,0
DA:259,0
DA:262,0
DA:263,0
DA:271,0
DA:278,0
DA:285,0
DA:286,0
DA:287,0
DA:290,0
DA:298,0
DA:301,0
DA:307,0
DA:310,0
DA:311,0
DA:313,0
DA:320,0
DA:323,0
DA:324,0
DA:326,0
DA:327,0
DA:328,0
DA:335,0
DA:336,0
DA:339,0
DA:340,0
DA:343,0
DA:344,0
DA:345,0
DA:348,0
DA:350,0
DA:362,0
DA:363,0
DA:371,0
DA:372,0
DA:373,0
DA:374,0
DA:377,0
DA:390,0
DA:393,0
DA:407,0
DA:414,0
DA:415,0
DA:423,0
DA:424,0
DA:430,0
DA:432,0
DA:433,0
DA:440,0
DA:441,0
DA:449,0
DA:450,0
DA:458,0
DA:460,0
DA:467,0
DA:469,0
DA:481,0
DA:482,0
DA:487,0
LF:107
LH:1
BRDA:57,0,0,0
BRDA:61,1,0,0
BRDA:61,1,1,0
BRDA:99,2,0,0
BRDA:99,2,1,0
BRDA:110,3,0,0
BRDA:110,3,1,0
BRDA:133,4,0,0
BRDA:135,5,0,0
BRDA:135,5,1,0
BRDA:144,6,0,0
BRDA:144,6,1,0
BRDA:151,7,0,0
BRDA:151,7,1,0
BRDA:154,8,0,0
BRDA:154,8,1,0
BRDA:173,9,0,0
BRDA:183,10,0,0
BRDA:183,10,1,0
BRDA:188,11,0,0
BRDA:188,11,1,0
BRDA:188,12,0,0
BRDA:188,12,1,0
BRDA:219,13,0,0
BRDA:219,13,1,0
BRDA:278,14,0,0
BRDA:278,14,1,0
BRDA:284,15,0,0
BRDA:298,16,0,0
BRDA:298,16,1,0
BRDA:307,17,0,0
BRDA:307,17,1,0
BRDA:320,18,0,0
BRDA:320,18,1,0
BRDA:327,19,0,0
BRDA:327,19,1,0
BRDA:335,20,0,0
BRDA:335,20,1,0
BRDA:339,21,0,0
BRDA:339,21,1,0
BRDA:370,22,0,0
BRDA:373,23,0,0
BRDA:373,23,1,0
BRDA:390,24,0,0
BRDA:390,24,1,0
BRDA:430,25,0,0
BRDA:430,25,1,0
BRDA:458,26,0,0
BRDA:458,26,1,0
BRDA:458,27,0,0
BRDA:458,27,1,0
BRDA:467,28,0,0
BRDA:467,28,1,0
BRDA:473,29,0,0
BRDA:473,29,1,0
BRDA:474,30,0,0
BRDA:474,30,1,0
BRDA:475,31,0,0
BRDA:475,31,1,0
BRDA:476,32,0,0
BRDA:476,32,1,0
BRF:61
BRH:0
end_of_record
TN:
SF:src/services/csvRoastService.js
FN:6,(anonymous_0)
FN:14,(anonymous_1)
FN:20,(anonymous_2)
FN:55,(anonymous_3)
FN:87,(anonymous_4)
FN:94,(anonymous_5)
FN:111,(anonymous_6)
FN:123,(anonymous_7)
FN:130,(anonymous_8)
FN:174,(anonymous_9)
FN:200,(anonymous_10)
FNF:11
FNH:11
FNDA:32,(anonymous_0)
FNDA:33,(anonymous_1)
FNDA:4,(anonymous_2)
FNDA:10,(anonymous_3)
FNDA:16,(anonymous_4)
FNDA:6,(anonymous_5)
FNDA:10,(anonymous_6)
FNDA:34,(anonymous_7)
FNDA:152,(anonymous_8)
FNDA:2,(anonymous_9)
FNDA:2,(anonymous_10)
DA:1,2
DA:2,2
DA:3,2
DA:7,32
DA:8,32
DA:9,32
DA:10,32
DA:11,32
DA:15,33
DA:16,0
DA:21,4
DA:22,4
DA:23,4
DA:25,0
DA:27,0
DA:41,0
DA:47,0
DA:48,0
DA:50,0
DA:51,0
DA:56,10
DA:57,10
DA:60,10
DA:61,2
DA:62,2
DA:65,8
DA:68,8
DA:71,8
DA:74,8
DA:80,8
DA:81,1
DA:85,8
DA:86,8
DA:87,16
DA:89,8
DA:90,5
DA:94,3
DA:95,6
DA:99,3
DA:101,3
DA:102,3
DA:104,3
DA:106,5
DA:107,5
DA:112,10
DA:113,10
DA:115,10
DA:116,2
DA:119,8
DA:122,8
DA:123,34
DA:125,8
DA:126,8
DA:128,8
DA:129,24
DA:130,152
DA:133,24
DA:136,24
DA:137,2
DA:138,22
DA:139,6
DA:142,16
DA:143,60
DA:144,278
DA:145,6
DA:146,272
DA:147,1
DA:153,24
DA:154,6
DA:155,6
DA:160,8
DA:161,2
DA:162,2
DA:164,6
DA:167,8
DA:169,2
DA:170,2
DA:175,2
DA:177,2
DA:180,0
DA:183,0
DA:188,0
DA:190,0
DA:191,0
DA:193,0
DA:195,2
DA:196,2
DA:201,2
DA:202,2
DA:203,1
DA:210,1
DA:211,1
DA:216,2
LF:93
LH:79
BRDA:15,0,0,0
BRDA:15,0,1,33
BRDA:60,1,0,2
BRDA:60,1,1,8
BRDA:60,2,0,10
BRDA:60,2,1,4
BRDA:60,2,2,3
BRDA:80,3,0,1
BRDA:80,3,1,7
BRDA:86,4,0,8
BRDA:86,4,1,1
BRDA:89,5,0,5
BRDA:89,5,1,3
BRDA:95,6,0,6
BRDA:95,6,1,5
BRDA:95,6,2,5
BRDA:95,6,3,4
BRDA:115,7,0,2
BRDA:115,7,1,8
BRDA:136,8,0,2
BRDA:136,8,1,22
BRDA:138,9,0,6
BRDA:138,9,1,16
BRDA:138,10,0,22
BRDA:138,10,1,16
BRDA:144,11,0,6
BRDA:144,11,1,272
BRDA:146,12,0,1
BRDA:146,12,1,271
BRDA:146,13,0,272
BRDA:146,13,1,271
BRDA:153,14,0,6
BRDA:153,14,1,18
BRDA:160,15,0,2
BRDA:160,15,1,6
BRF:35
BRH:34
end_of_record
TN:
SF:src/services/openai.js
FN:5,(anonymous_0)
FN:9,(anonymous_1)
FNF:2
FNH:0
FNDA:0,(anonymous_0)
FNDA:0,(anonymous_1)
DA:6,0
DA:11,0
DA:15,0
LF:3
LH:0
BRF:0
BRH:0
end_of_record
TN:
SF:src/services/perspective.js
FN:5,(anonymous_0)
FN:9,(anonymous_1)
FNF:2
FNH:0
FNDA:0,(anonymous_0)
FNDA:0,(anonymous_1)
DA:6,0
DA:11,0
DA:15,0
LF:3
LH:0
BRF:0
BRH:0
end_of_record
TN:
SF:src/services/perspectiveMock.js
FN:2,(anonymous_0)
FNF:1
FNH:0
FNDA:0,(anonymous_0)
DA:3,0
DA:10,0
LF:2
LH:0
BRF:0
BRH:0
end_of_record
TN:
SF:src/services/queueService.js
FN:15,(anonymous_0)
FN:50,(anonymous_1)
FN:75,(anonymous_2)
FN:104,(anonymous_3)
FN:109,(anonymous_4)
FN:114,(anonymous_5)
FN:130,(anonymous_6)
FN:154,(anonymous_7)
FN:198,(anonymous_8)
FN:226,(anonymous_9)
FN:256,(anonymous_10)
FN:286,(anonymous_11)
FN:329,(anonymous_12)
FN:384,(anonymous_13)
FN:407,(anonymous_14)
FN:426,(anonymous_15)
FN:444,(anonymous_16)
FN:476,(anonymous_17)
FN:505,(anonymous_18)
FN:530,(anonymous_19)
FN:553,(anonymous_20)
FN:580,(anonymous_21)
FN:605,(anonymous_22)
FN:617,(anonymous_23)
FN:634,(anonymous_24)
FN:650,(anonymous_25)
FN:657,(anonymous_26)
FN:664,(anonymous_27)
FN:677,(anonymous_28)
FNF:29
FNH:0
FNDA:0,(anonymous_0)
FNDA:0,(anonymous_1)
FNDA:0,(anonymous_2)
FNDA:0,(anonymous_3)
FNDA:0,(anonymous_4)
FNDA:0,(anonymous_5)
FNDA:0,(anonymous_6)
FNDA:0,(anonymous_7)
FNDA:0,(anonymous_8)
FNDA:0,(anonymous_9)
FNDA:0,(anonymous_10)
FNDA:0,(anonymous_11)
FNDA:0,(anonymous_12)
FNDA:0,(anonymous_13)
FNDA:0,(anonymous_14)
FNDA:0,(anonymous_15)
FNDA:0,(anonymous_16)
FNDA:0,(anonymous_17)
FNDA:0,(anonymous_18)
FNDA:0,(anonymous_19)
FNDA:0,(anonymous_20)
FNDA:0,(anonymous_21)
FNDA:0,(anonymous_22)
FNDA:0,(anonymous_23)
FNDA:0,(anonymous_24)
FNDA:0,(anonymous_25)
FNDA:0,(anonymous_26)
FNDA:0,(anonymous_27)
FNDA:0,(anonymous_28)
DA:1,1
DA:2,0
DA:16,0
DA:26,0
DA:27,0
DA:28,0
DA:31,0
DA:32,0
DA:33,0
DA:36,0
DA:44,0
DA:51,0
DA:53,0
DA:54,0
DA:58,0
DA:60,0
DA:67,0
DA:68,0
DA:76,0
DA:77,0
DA:84,0
DA:86,0
DA:87,0
DA:88,0
DA:89,0
DA:90,0
DA:91,0
DA:94,0
DA:97,0
DA:100,0
DA:101,0
DA:104,0
DA:105,0
DA:106,0
DA:109,0
DA:110,0
DA:111,0
DA:114,0
DA:115,0
DA:116,0
DA:120,0
DA:123,0
DA:131,0
DA:132,0
DA:134,0
DA:135,0
DA:138,0
DA:141,0
DA:146,0
DA:147,0
DA:155,0
DA:168,0
DA:169,0
DA:170,0
DA:172,0
DA:176,0
DA:183,0
DA:184,0
DA:185,0
DA:186,0
DA:187,0
DA:188,0
DA:191,0
DA:199,0
DA:202,0
DA:205,0
DA:206,0
DA:207,0
DA:211,0
DA:213,0
DA:220,0
DA:227,0
DA:242,0
DA:244,0
DA:250,0
DA:257,0
DA:258,0
DA:259,0
DA:261,0
DA:265,0
DA:271,0
DA:272,0
DA:273,0
DA:274,0
DA:275,0
DA:276,0
DA:279,0
DA:287,0
DA:290,0
DA:291,0
DA:293,0
DA:295,0
DA:297,0
DA:298,0
DA:301,0
DA:303,0
DA:304,0
DA:307,0
DA:309,0
DA:315,0
DA:318,0
DA:323,0
DA:330,0
DA:331,0
DA:342,0
DA:343,0
DA:346,0
DA:348,0
DA:356,0
DA:357,0
DA:363,0
DA:370,0
DA:373,0
DA:377,0
DA:385,0
DA:386,0
DA:387,0
DA:390,0
DA:391,0
DA:394,0
DA:397,0
DA:408,0
DA:409,0
DA:416,0
DA:427,0
DA:436,0
DA:437,0
DA:445,0
DA:446,0
DA:448,0
DA:449,0
DA:451,0
DA:452,0
DA:456,0
DA:457,0
DA:461,0
DA:462,0
DA:466,0
DA:477,0
DA:478,0
DA:480,0
DA:488,0
DA:494,0
DA:506,0
DA:507,0
DA:514,0
DA:515,0
DA:517,0
DA:520,0
DA:531,0
DA:532,0
DA:541,0
DA:542,0
DA:554,0
DA:560,0
DA:561,0
DA:562,0
DA:565,0
DA:566,0
DA:569,0
DA:572,0
DA:573,0
DA:581,0
DA:583,0
DA:586,0
DA:587,0
DA:589,0
DA:590,0
DA:591,0
DA:593,0
DA:594,0
DA:595,0
DA:599,0
DA:606,0
DA:608,0
DA:613,0
DA:615,0
DA:617,0
DA:619,0
DA:622,0
DA:625,0
DA:628,0
DA:635,0
DA:637,0
DA:638,0
DA:639,0
DA:640,0
DA:643,0
DA:651,0
DA:658,0
DA:665,0
DA:667,0
DA:668,0
DA:678,0
DA:686,0
DA:690,0
LF:196
LH:1
BRDA:15,0,0,0
BRDA:18,1,0,0
BRDA:18,1,1,0
BRDA:21,2,0,0
BRDA:21,2,1,0
BRDA:22,3,0,0
BRDA:22,3,1,0
BRDA:53,4,0,0
BRDA:53,4,1,0
BRDA:53,5,0,0
BRDA:53,5,1,0
BRDA:63,6,0,0
BRDA:63,6,1,0
BRDA:84,7,0,0
BRDA:84,7,1,0
BRDA:90,8,0,0
BRDA:90,8,1,0
BRDA:132,9,0,0
BRDA:132,9,1,0
BRDA:134,10,0,0
BRDA:134,10,1,0
BRDA:134,11,0,0
BRDA:134,11,1,0
BRDA:146,12,0,0
BRDA:146,12,1,0
BRDA:146,13,0,0
BRDA:146,13,1,0
BRDA:154,14,0,0
BRDA:159,15,0,0
BRDA:159,15,1,0
BRDA:161,16,0,0
BRDA:161,16,1,0
BRDA:162,17,0,0
BRDA:162,17,1,0
BRDA:169,18,0,0
BRDA:169,18,1,0
BRDA:183,19,0,0
BRDA:183,19,1,0
BRDA:186,20,0,0
BRDA:186,20,1,0
BRDA:198,21,0,0
BRDA:205,22,0,0
BRDA:205,22,1,0
BRDA:242,23,0,0
BRDA:242,23,1,0
BRDA:256,24,0,0
BRDA:258,25,0,0
BRDA:258,25,1,0
BRDA:271,26,0,0
BRDA:271,26,1,0
BRDA:274,27,0,0
BRDA:274,27,1,0
BRDA:286,28,0,0
BRDA:287,29,0,0
BRDA:287,29,1,0
BRDA:297,30,0,0
BRDA:297,30,1,0
BRDA:301,31,0,0
BRDA:301,31,1,0
BRDA:301,32,0,0
BRDA:301,32,1,0
BRDA:329,33,0,0
BRDA:342,34,0,0
BRDA:342,34,1,0
BRDA:342,35,0,0
BRDA:342,35,1,0
BRDA:346,36,0,0
BRDA:346,36,1,0
BRDA:356,37,0,0
BRDA:356,37,1,0
BRDA:384,38,0,0
BRDA:386,39,0,0
BRDA:386,39,1,0
BRDA:386,40,0,0
BRDA:386,40,1,0
BRDA:390,41,0,0
BRDA:390,41,1,0
BRDA:390,42,0,0
BRDA:390,42,1,0
BRDA:436,43,0,0
BRDA:436,43,1,0
BRDA:444,44,0,0
BRDA:445,45,0,0
BRDA:445,45,1,0
BRDA:446,46,0,0
BRDA:446,46,1,0
BRDA:449,47,0,0
BRDA:449,47,1,0
BRDA:451,48,0,0
BRDA:451,48,1,0
BRDA:511,49,0,0
BRDA:511,49,1,0
BRDA:514,50,0,0
BRDA:514,50,1,0
BRDA:531,51,0,0
BRDA:531,51,1,0
BRDA:531,52,0,0
BRDA:531,52,1,0
BRDA:541,53,0,0
BRDA:541,53,1,0
BRDA:553,54,0,0
BRDA:561,55,0,0
BRDA:561,55,1,0
BRDA:565,56,0,0
BRDA:565,56,1,0
BRDA:583,57,0,0
BRDA:583,57,1,0
BRDA:606,58,0,0
BRDA:606,58,1,0
BRDA:613,59,0,0
BRDA:613,59,1,0
BRDA:619,60,0,0
BRDA:619,60,1,0
BRDA:622,61,0,0
BRDA:622,61,1,0
BRDA:625,62,0,0
BRDA:625,62,1,0
BRDA:635,63,0,0
BRDA:635,63,1,0
BRDA:657,64,0,0
BRDA:667,65,0,0
BRDA:667,65,1,0
BRDA:677,66,0,0
BRF:123
BRH:0
end_of_record
TN:
SF:src/services/reincidenceDetector.js
FN:6,(anonymous_0)
FN:21,(anonymous_1)
FN:33,(anonymous_2)
FN:55,(anonymous_3)
FN:73,(anonymous_4)
FN:143,(anonymous_5)
FN:189,(anonymous_6)
FN:230,(anonymous_7)
FN:238,(anonymous_8)
FN:253,(anonymous_9)
FN:270,(anonymous_10)
FN:279,(anonymous_11)
FN:299,(anonymous_12)
FN:310,(anonymous_13)
FN:318,(anonymous_14)
FN:329,(anonymous_15)
FNF:16
FNH:2
FNDA:18,(anonymous_0)
FNDA:18,(anonymous_1)
FNDA:0,(anonymous_2)
FNDA:0,(anonymous_3)
FNDA:0,(anonymous_4)
FNDA:0,(anonymous_5)
FNDA:0,(anonymous_6)
FNDA:0,(anonymous_7)
FNDA:0,(anonymous_8)
FNDA:0,(anonymous_9)
FNDA:0,(anonymous_10)
FNDA:0,(anonymous_11)
FNDA:0,(anonymous_12)
FNDA:0,(anonymous_13)
FNDA:0,(anonymous_14)
FNDA:0,(anonymous_15)
DA:1,18
DA:2,18
DA:3,18
DA:7,18
DA:8,18
DA:9,18
DA:12,18
DA:13,18
DA:15,18
DA:22,18
DA:23,18
DA:24,0
DA:26,18
DA:34,0
DA:36,0
DA:37,0
DA:38,0
DA:42,0
DA:43,0
DA:44,0
DA:48,0
DA:56,0
DA:58,0
DA:59,0
DA:62,0
DA:63,0
DA:66,0
DA:74,0
DA:75,0
DA:76,0
DA:79,0
DA:80,0
DA:92,0
DA:95,0
DA:101,0
DA:102,0
DA:103,0
DA:104,0
DA:107,0
DA:108,0
DA:112,0
DA:115,0
DA:116,0
DA:118,0
DA:119,0
DA:132,0
DA:135,0
DA:136,0
DA:144,0
DA:145,0
DA:146,0
DA:147,0
DA:149,0
DA:151,0
DA:152,0
DA:155,0
DA:156,0
DA:159,0
DA:162,0
DA:166,0
DA:170,0
DA:174,0
DA:177,0
DA:181,0
DA:182,0
DA:190,0
DA:191,0
DA:192,0
DA:194,0
DA:204,0
DA:207,0
DA:210,0
DA:219,0
DA:222,0
DA:223,0
DA:231,0
DA:232,0
DA:239,0
DA:248,0
DA:249,0
DA:250,0
DA:251,0
DA:253,0
DA:254,0
DA:260,0
DA:261,0
DA:262,0
DA:263,0
DA:264,0
DA:269,0
DA:270,0
DA:273,0
DA:280,0
DA:288,0
DA:289,0
DA:290,0
DA:293,0
DA:294,0
DA:298,0
DA:299,0
DA:302,0
DA:304,0
DA:311,0
DA:312,0
DA:313,0
DA:316,0
DA:317,0
DA:318,0
DA:322,0
DA:323,0
DA:326,0
DA:327,0
DA:329,0
DA:330,0
DA:336,0
DA:337,0
DA:338,0
DA:343,0
DA:345,0
DA:348,0
DA:353,18
LF:121
LH:13
BRDA:36,0,0,0
BRDA:36,0,1,0
BRDA:42,1,0,0
BRDA:42,1,1,0
BRDA:73,2,0,0
BRDA:79,3,0,0
BRDA:79,3,1,0
BRDA:107,4,0,0
BRDA:107,4,1,0
BRDA:118,5,0,0
BRDA:118,5,1,0
BRDA:143,6,0,0
BRDA:149,7,0,0
BRDA:149,7,1,0
BRDA:152,8,0,0
BRDA:152,8,1,0
BRDA:155,9,0,0
BRDA:155,9,1,0
BRDA:156,10,0,0
BRDA:156,10,1,0
BRDA:159,11,0,0
BRDA:159,11,1,0
BRDA:159,11,2,0
BRDA:159,11,3,0
BRDA:159,11,4,0
BRDA:162,12,0,0
BRDA:162,12,1,0
BRDA:166,13,0,0
BRDA:166,13,1,0
BRDA:170,14,0,0
BRDA:170,14,1,0
BRDA:170,15,0,0
BRDA:170,15,1,0
BRDA:174,16,0,0
BRDA:174,16,1,0
BRDA:232,17,0,0
BRDA:232,17,1,0
BRDA:249,18,0,0
BRDA:249,18,1,0
BRDA:254,19,0,0
BRDA:254,19,1,0
BRDA:262,20,0,0
BRDA:262,20,1,0
BRDA:310,21,0,0
BRDA:322,22,0,0
BRDA:322,22,1,0
BRDA:337,23,0,0
BRDA:337,23,1,0
BRF:48
BRH:0
end_of_record
TN:
SF:src/services/roastGeneratorMock.js
FN:2,(anonymous_0)
FNF:1
FNH:0
FNDA:0,(anonymous_0)
DA:3,0
DA:14,0
DA:15,0
DA:19,0
LF:4
LH:0
BRF:0
BRH:0
end_of_record
TN:
SF:src/services/roastGeneratorReal.js
FN:5,(anonymous_0)
FN:15,(anonymous_1)
FN:19,(anonymous_2)
FN:98,(anonymous_3)
FNF:4
FNH:3
FNDA:14,(anonymous_0)
FNDA:11,(anonymous_1)
FNDA:11,(anonymous_2)
FNDA:0,(anonymous_3)
DA:1,1
DA:2,1
DA:6,14
DA:8,14
DA:9,1
DA:12,13
DA:16,11
DA:20,11
DA:21,11
DA:72,11
DA:74,11
DA:90,9
DA:92,2
DA:93,2
DA:94,2
DA:99,0
DA:100,0
DA:102,0
DA:118,0
DA:120,0
DA:121,0
DA:122,0
DA:127,1
LF:23
LH:16
BRDA:8,0,0,1
BRDA:8,0,1,13
BRDA:15,1,0,5
BRDA:19,2,0,0
BRDA:72,3,0,11
BRDA:72,3,1,1
BRDA:93,4,0,2
BRDA:93,4,1,1
BRDA:93,4,2,0
BRDA:121,5,0,0
BRDA:121,5,1,0
BRDA:121,5,2,0
BRF:12
BRH:7
end_of_record
TN:
SF:src/services/shieldService.js
FN:15,(anonymous_0)
FN:73,(anonymous_1)
FN:145,(anonymous_2)
FN:155,(anonymous_3)
FN:171,(anonymous_4)
FN:201,(anonymous_5)
FN:219,(anonymous_6)
FN:256,(anonymous_7)
FN:270,(anonymous_8)
FN:300,(anonymous_9)
FN:315,(anonymous_10)
FN:330,(anonymous_11)
FN:345,(anonymous_12)
FN:360,(anonymous_13)
FN:403,(anonymous_14)
FN:445,(anonymous_15)
FN:487,(anonymous_16)
FN:524,(anonymous_17)
FN:557,(anonymous_18)
FN:585,(anonymous_19)
FN:592,(anonymous_20)
FN:610,(anonymous_21)
FN:617,(anonymous_22)
FN:618,(anonymous_23)
FN:620,(anonymous_24)
FN:641,(anonymous_25)
FNF:26
FNH:0
FNDA:0,(anonymous_0)
FNDA:0,(anonymous_1)
FNDA:0,(anonymous_2)
FNDA:0,(anonymous_3)
FNDA:0,(anonymous_4)
FNDA:0,(anonymous_5)
FNDA:0,(anonymous_6)
FNDA:0,(anonymous_7)
FNDA:0,(anonymous_8)
FNDA:0,(anonymous_9)
FNDA:0,(anonymous_10)
FNDA:0,(anonymous_11)
FNDA:0,(anonymous_12)
FNDA:0,(anonymous_13)
FNDA:0,(anonymous_14)
FNDA:0,(anonymous_15)
FNDA:0,(anonymous_16)
FNDA:0,(anonymous_17)
FNDA:0,(anonymous_18)
FNDA:0,(anonymous_19)
FNDA:0,(anonymous_20)
FNDA:0,(anonymous_21)
FNDA:0,(anonymous_22)
FNDA:0,(anonymous_23)
FNDA:0,(anonymous_24)
FNDA:0,(anonymous_25)
DA:1,1
DA:2,0
DA:16,0
DA:25,0
DA:26,0
DA:27,0
DA:29,0
DA:32,0
DA:40,0
DA:63,0
DA:74,0
DA:75,0
DA:78,0
DA:80,0
DA:82,0
DA:83,0
DA:91,0
DA:94,0
DA:101,0
DA:108,0
DA:109,0
DA:113,0
DA:114,0
DA:118,0
DA:125,0
DA:134,0
DA:138,0
DA:146,0
DA:149,0
DA:150,0
DA:154,0
DA:155,0
DA:156,0
DA:160,0
DA:161,0
DA:165,0
DA:172,0
DA:173,0
DA:181,0
DA:182,0
DA:185,0
DA:188,0
DA:194,0
DA:202,0
DA:220,0
DA:221,0
DA:224,0
DA:225,0
DA:226,0
DA:227,0
DA:228,0
DA:232,0
DA:234,0
DA:244,0
DA:250,0
DA:257,0
DA:260,0
DA:263,0
DA:264,0
DA:271,0
DA:273,0
DA:275,0
DA:276,0
DA:279,0
DA:280,0
DA:283,0
DA:284,0
DA:287,0
DA:288,0
DA:291,0
DA:294,0
DA:301,0
DA:309,0
DA:316,0
DA:324,0
DA:331,0
DA:339,0
DA:346,0
DA:354,0
DA:361,0
DA:362,0
DA:368,0
DA:369,0
DA:371,0
DA:372,0
DA:376,0
DA:380,0
DA:383,0
DA:389,0
DA:392,0
DA:396,0
DA:404,0
DA:405,0
DA:422,0
DA:426,0
DA:428,0
DA:435,0
DA:446,0
DA:447,0
DA:464,0
DA:468,0
DA:470,0
DA:477,0
DA:488,0
DA:489,0
DA:496,0
DA:511,0
DA:514,0
DA:525,0
DA:526,0
DA:547,0
DA:558,0
DA:559,0
DA:560,0
DA:563,0
DA:570,0
DA:573,0
DA:578,0
DA:580,0
DA:585,0
DA:592,0
DA:593,0
DA:596,0
DA:597,0
DA:600,0
DA:602,0
DA:605,0
DA:609,0
DA:610,0
DA:611,0
DA:612,0
DA:616,0
DA:617,0
DA:618,0
DA:620,0
DA:627,0
DA:630,0
DA:634,0
DA:642,0
DA:650,0
DA:654,0
LF:141
LH:1
BRDA:15,0,0,0
BRDA:19,1,0,0
BRDA:19,1,1,0
BRDA:26,2,0,0
BRDA:26,2,1,0
BRDA:74,3,0,0
BRDA:74,3,1,0
BRDA:82,4,0,0
BRDA:82,4,1,0
BRDA:108,5,0,0
BRDA:108,5,1,0
BRDA:113,6,0,0
BRDA:113,6,1,0
BRDA:113,7,0,0
BRDA:113,7,1,0
BRDA:130,8,0,0
BRDA:130,8,1,0
BRDA:149,9,0,0
BRDA:149,9,1,0
BRDA:149,10,0,0
BRDA:149,10,1,0
BRDA:154,11,0,0
BRDA:154,11,1,0
BRDA:154,12,0,0
BRDA:154,12,1,0
BRDA:160,13,0,0
BRDA:160,13,1,0
BRDA:160,14,0,0
BRDA:160,14,1,0
BRDA:181,15,0,0
BRDA:181,15,1,0
BRDA:181,16,0,0
BRDA:181,16,1,0
BRDA:185,17,0,0
BRDA:185,17,1,0
BRDA:221,18,0,0
BRDA:221,18,1,0
BRDA:225,19,0,0
BRDA:225,19,1,0
BRDA:227,20,0,0
BRDA:227,20,1,0
BRDA:232,21,0,0
BRDA:232,21,1,0
BRDA:240,22,0,0
BRDA:240,22,1,0
BRDA:257,23,0,0
BRDA:257,23,1,0
BRDA:260,24,0,0
BRDA:260,24,1,0
BRDA:273,25,0,0
BRDA:273,25,1,0
BRDA:273,25,2,0
BRDA:273,25,3,0
BRDA:273,25,4,0
BRDA:309,26,0,0
BRDA:309,26,1,0
BRDA:324,27,0,0
BRDA:324,27,1,0
BRDA:339,28,0,0
BRDA:339,28,1,0
BRDA:354,29,0,0
BRDA:354,29,1,0
BRDA:371,30,0,0
BRDA:371,30,1,0
BRDA:426,31,0,0
BRDA:426,31,1,0
BRDA:468,32,0,0
BRDA:468,32,1,0
BRDA:511,33,0,0
BRDA:511,33,1,0
BRDA:541,34,0,0
BRDA:541,34,1,0
BRDA:557,35,0,0
BRDA:570,36,0,0
BRDA:570,36,1,0
BRDA:578,37,0,0
BRDA:578,37,1,0
BRDA:593,38,0,0
BRDA:593,38,1,0
BRDA:596,39,0,0
BRDA:596,39,1,0
BRDA:597,40,0,0
BRDA:597,40,1,0
BRDA:600,41,0,0
BRDA:600,41,1,0
BRDA:601,42,0,0
BRDA:601,42,1,0
BRDA:602,43,0,0
BRDA:602,43,1,0
BRDA:605,44,0,0
BRDA:605,44,1,0
BRDA:609,45,0,0
BRDA:609,45,1,0
BRDA:611,46,0,0
BRDA:611,46,1,0
BRDA:618,47,0,0
BRDA:618,47,1,0
BRDA:618,48,0,0
BRDA:618,48,1,0
BRDA:641,49,0,0
BRF:100
BRH:0
end_of_record
TN:
SF:src/services/twitter.js
FN:13,(anonymous_0)
FN:100,(anonymous_1)
FN:115,(anonymous_2)
FN:135,(anonymous_3)
FN:148,(anonymous_4)
FN:169,(anonymous_5)
FN:182,(anonymous_6)
FN:208,(anonymous_7)
FN:221,(anonymous_8)
FN:230,(anonymous_9)
FN:244,(anonymous_10)
FN:250,(anonymous_11)
FN:281,(anonymous_12)
FN:289,(anonymous_13)
FN:304,(anonymous_14)
FN:315,(anonymous_15)
FN:336,(anonymous_16)
FN:374,(anonymous_17)
FN:412,(anonymous_18)
FN:434,(anonymous_19)
FN:454,(anonymous_20)
FN:474,(anonymous_21)
FN:494,(anonymous_22)
FN:514,(anonymous_23)
FN:521,(anonymous_24)
FN:530,(anonymous_25)
FN:554,(anonymous_26)
FN:568,(anonymous_27)
FN:572,(anonymous_28)
FN:576,(anonymous_29)
FN:579,(anonymous_30)
FN:582,(anonymous_31)
FN:596,(anonymous_32)
FN:633,(anonymous_33)
FN:708,(anonymous_34)
FN:721,(anonymous_35)
FN:728,(anonymous_36)
FN:752,(anonymous_37)
FN:781,(anonymous_38)
FN:798,(anonymous_39)
FN:877,(anonymous_40)
FN:878,(anonymous_41)
FN:884,(anonymous_42)
FN:893,(anonymous_43)
FN:908,(anonymous_44)
FN:921,(anonymous_45)
FN:942,(anonymous_46)
FN:974,(anonymous_47)
FN:985,(anonymous_48)
FN:1034,(anonymous_49)
FNF:50
FNH:14
FNDA:18,(anonymous_0)
FNDA:18,(anonymous_1)
FNDA:18,(anonymous_2)
FNDA:0,(anonymous_3)
FNDA:0,(anonymous_4)
FNDA:0,(anonymous_5)
FNDA:0,(anonymous_6)
FNDA:0,(anonymous_7)
FNDA:6,(anonymous_8)
FNDA:1,(anonymous_9)
FNDA:4,(anonymous_10)
FNDA:12,(anonymous_11)
FNDA:1,(anonymous_12)
FNDA:1,(anonymous_13)
FNDA:1,(anonymous_14)
FNDA:2,(anonymous_15)
FNDA:0,(anonymous_16)
FNDA:0,(anonymous_17)
FNDA:0,(anonymous_18)
FNDA:0,(anonymous_19)
FNDA:0,(anonymous_20)
FNDA:0,(anonymous_21)
FNDA:0,(anonymous_22)
FNDA:2,(anonymous_23)
FNDA:0,(anonymous_24)
FNDA:0,(anonymous_25)
FNDA:0,(anonymous_26)
FNDA:0,(anonymous_27)
FNDA:0,(anonymous_28)
FNDA:0,(anonymous_29)
FNDA:0,(anonymous_30)
FNDA:0,(anonymous_31)
FNDA:0,(anonymous_32)
FNDA:0,(anonymous_33)
FNDA:0,(anonymous_34)
FNDA:0,(anonymous_35)
FNDA:0,(anonymous_36)
FNDA:0,(anonymous_37)
FNDA:0,(anonymous_38)
FNDA:0,(anonymous_39)
FNDA:0,(anonymous_40)
FNDA:0,(anonymous_41)
FNDA:20,(anonymous_42)
FNDA:100,(anonymous_43)
FNDA:0,(anonymous_44)
FNDA:0,(anonymous_45)
FNDA:0,(anonymous_46)
FNDA:0,(anonymous_47)
FNDA:0,(anonymous_48)
FNDA:0,(anonymous_49)
DA:3,2
DA:4,2
DA:5,2
DA:6,2
DA:7,2
DA:10,2
DA:17,18
DA:18,18
DA:21,0
DA:31,18
DA:34,18
DA:35,0
DA:39,18
DA:47,18
DA:50,18
DA:53,18
DA:54,18
DA:57,18
DA:60,18
DA:63,18
DA:66,18
DA:73,18
DA:76,18
DA:84,18
DA:93,18
DA:94,18
DA:101,18
DA:102,18
DA:103,18
DA:104,18
DA:105,1
DA:108,0
DA:116,18
DA:117,18
DA:118,18
DA:119,18
DA:120,1
DA:125,1
DA:128,0
DA:136,0
DA:137,0
DA:138,0
DA:140,0
DA:141,0
DA:149,0
DA:150,0
DA:151,0
DA:153,0
DA:154,0
DA:156,0
DA:157,0
DA:159,0
DA:162,0
DA:170,0
DA:171,0
DA:172,0
DA:174,0
DA:175,0
DA:183,0
DA:184,0
DA:185,0
DA:187,0
DA:188,0
DA:189,0
DA:190,0
DA:193,0
DA:194,0
DA:197,0
DA:198,0
DA:201,0
DA:209,0
DA:210,0
DA:211,0
DA:212,0
DA:214,0
DA:222,6
DA:223,0
DA:231,1
DA:232,1
DA:234,1
DA:236,1
DA:237,0
DA:245,4
DA:246,4
DA:249,4
DA:250,12
DA:254,4
DA:255,1
DA:261,1
DA:265,3
DA:266,3
DA:267,1
DA:272,1
DA:275,2
DA:282,1
DA:283,1
DA:290,1
DA:293,1
DA:294,1
DA:295,1
DA:298,0
DA:305,1
DA:306,1
DA:307,1
DA:308,1
DA:316,2
DA:317,2
DA:319,2
DA:322,2
DA:323,1
DA:324,1
DA:325,1
DA:328,1
DA:337,0
DA:339,0
DA:340,0
DA:364,0
DA:366,0
DA:367,0
DA:375,0
DA:376,0
DA:377,0
DA:378,0
DA:380,0
DA:390,0
DA:391,0
DA:394,0
DA:395,0
DA:397,0
DA:398,0
DA:399,0
DA:401,0
DA:402,0
DA:403,0
DA:413,0
DA:415,0
DA:416,0
DA:417,0
DA:419,0
DA:420,0
DA:422,0
DA:424,0
DA:425,0
DA:426,0
DA:435,0
DA:436,0
DA:439,0
DA:441,0
DA:442,0
DA:445,0
DA:446,0
DA:455,0
DA:456,0
DA:459,0
DA:461,0
DA:462,0
DA:465,0
DA:466,0
DA:475,0
DA:476,0
DA:479,0
DA:481,0
DA:482,0
DA:485,0
DA:486,0
DA:495,0
DA:497,0
DA:500,0
DA:502,0
DA:505,0
DA:506,0
DA:507,0
DA:515,2
DA:522,0
DA:523,0
DA:526,0
DA:527,0
DA:528,0
DA:529,0
DA:530,0
DA:535,0
DA:541,0
DA:542,0
DA:544,0
DA:546,0
DA:547,0
DA:555,0
DA:556,0
DA:559,0
DA:565,0
DA:568,0
DA:569,0
DA:572,0
DA:573,0
DA:576,0
DA:577,0
DA:578,0
DA:579,0
DA:582,0
DA:583,0
DA:586,0
DA:588,0
DA:589,0
DA:597,0
DA:598,0
DA:599,0
DA:606,0
DA:607,0
DA:608,0
DA:612,0
DA:613,0
DA:614,0
DA:615,0
DA:618,0
DA:619,0
DA:620,0
DA:623,0
DA:626,0
DA:634,0
DA:635,0
DA:638,0
DA:639,0
DA:640,0
DA:644,0
DA:646,0
DA:647,0
DA:648,0
DA:649,0
DA:650,0
DA:651,0
DA:655,0
DA:656,0
DA:663,0
DA:666,0
DA:669,0
DA:670,0
DA:673,0
DA:675,0
DA:681,0
DA:691,0
DA:693,0
DA:694,0
DA:698,0
DA:709,0
DA:710,0
DA:712,0
DA:713,0
DA:716,0
DA:717,0
DA:720,0
DA:721,0
DA:729,0
DA:730,0
DA:733,0
DA:740,0
DA:741,0
DA:742,0
DA:744,0
DA:745,0
DA:753,0
DA:754,0
DA:757,0
DA:765,0
DA:767,0
DA:768,0
DA:771,0
DA:773,0
DA:774,0
DA:782,0
DA:783,0
DA:785,0
DA:786,0
DA:788,0
DA:790,0
DA:791,0
DA:799,0
DA:800,0
DA:802,0
DA:803,0
DA:805,0
DA:806,0
DA:807,0
DA:808,0
DA:811,0
DA:812,0
DA:814,0
DA:816,0
DA:817,0
DA:819,0
DA:820,0
DA:821,0
DA:822,0
DA:826,0
DA:827,0
DA:828,0
DA:829,0
DA:832,0
DA:839,0
DA:840,0
DA:843,0
DA:844,0
DA:845,0
DA:848,0
DA:852,0
DA:857,0
DA:859,0
DA:866,0
DA:869,0
DA:870,0
DA:878,0
DA:885,20
DA:893,100
DA:895,20
DA:896,1
DA:897,1
DA:898,1
DA:901,19
DA:902,19
DA:909,0
DA:910,0
DA:911,0
DA:912,0
DA:914,0
DA:915,0
DA:922,0
DA:923,0
DA:926,0
DA:929,0
DA:931,0
DA:932,0
DA:934,0
DA:935,0
DA:943,0
DA:944,0
DA:947,0
DA:949,0
DA:950,0
DA:953,0
DA:955,0
DA:956,0
DA:962,0
DA:963,0
DA:966,0
DA:967,0
DA:975,0
DA:976,0
DA:977,0
DA:980,0
DA:982,0
DA:985,0
DA:986,0
DA:987,0
DA:988,0
DA:991,0
DA:994,0
DA:995,0
DA:996,0
DA:997,0
DA:999,0
DA:1001,0
DA:1002,0
DA:1009,0
DA:1010,0
DA:1012,0
DA:1015,0
DA:1021,0
DA:1026,0
DA:1027,0
DA:1035,0
DA:1037,0
DA:1038,0
DA:1040,0
DA:1042,0
DA:1044,0
DA:1045,0
DA:1047,0
DA:1051,0
DA:1052,0
DA:1053,0
DA:1055,0
DA:1062,2
DA:1063,0
DA:1066,0
DA:1069,0
DA:1070,0
DA:1071,0
DA:1075,0
DA:1076,0
DA:1078,0
DA:1079,0
DA:1081,0
DA:1084,0
DA:1087,2
LF:393
LH:81
BRDA:18,0,0,18
BRDA:18,0,1,18
BRDA:34,1,0,0
BRDA:34,1,1,18
BRDA:67,2,0,18
BRDA:67,2,1,18
BRDA:69,3,0,18
BRDA:69,3,1,18
BRDA:73,4,0,18
BRDA:73,4,1,18
BRDA:77,5,0,18
BRDA:77,5,1,18
BRDA:78,6,0,18
BRDA:78,6,1,18
BRDA:79,7,0,18
BRDA:79,7,1,18
BRDA:104,8,0,1
BRDA:104,8,1,17
BRDA:104,9,0,18
BRDA:104,9,1,17
BRDA:119,10,0,1
BRDA:119,10,1,17
BRDA:119,11,0,18
BRDA:119,11,1,17
BRDA:138,12,0,0
BRDA:138,12,1,0
BRDA:151,13,0,0
BRDA:151,13,1,0
BRDA:153,14,0,0
BRDA:153,14,1,0
BRDA:156,15,0,0
BRDA:156,15,1,0
BRDA:172,16,0,0
BRDA:172,16,1,0
BRDA:185,17,0,0
BRDA:185,17,1,0
BRDA:187,18,0,0
BRDA:187,18,1,0
BRDA:189,19,0,0
BRDA:189,19,1,0
BRDA:193,20,0,0
BRDA:193,20,1,0
BRDA:222,21,0,0
BRDA:222,21,1,6
BRDA:230,22,0,0
BRDA:232,23,0,0
BRDA:232,23,1,1
BRDA:232,24,0,1
BRDA:232,24,1,0
BRDA:232,25,0,0
BRDA:232,25,1,0
BRDA:236,26,0,0
BRDA:236,26,1,1
BRDA:236,27,0,1
BRDA:236,27,1,0
BRDA:254,28,0,1
BRDA:254,28,1,3
BRDA:266,29,0,1
BRDA:266,29,1,2
BRDA:266,30,0,3
BRDA:266,30,1,1
BRDA:293,31,0,1
BRDA:293,31,1,0
BRDA:305,32,0,1
BRDA:305,32,1,0
BRDA:322,33,0,1
BRDA:322,33,1,1
BRDA:340,34,0,0
BRDA:340,34,1,0
BRDA:374,35,0,0
BRDA:377,36,0,0
BRDA:377,36,1,0
BRDA:385,37,0,0
BRDA:385,37,1,0
BRDA:395,38,0,0
BRDA:395,38,1,0
BRDA:397,39,0,0
BRDA:397,39,1,0
BRDA:527,40,0,0
BRDA:527,40,1,0
BRDA:606,41,0,0
BRDA:606,41,1,0
BRDA:613,42,0,0
BRDA:613,42,1,0
BRDA:619,43,0,0
BRDA:619,43,1,0
BRDA:638,44,0,0
BRDA:638,44,1,0
BRDA:646,45,0,0
BRDA:646,45,1,0
BRDA:658,46,0,0
BRDA:658,46,1,0
BRDA:659,47,0,0
BRDA:659,47,1,0
BRDA:677,48,0,0
BRDA:677,48,1,0
BRDA:686,49,0,0
BRDA:686,49,1,0
BRDA:693,50,0,0
BRDA:693,50,1,0
BRDA:712,51,0,0
BRDA:712,51,1,0
BRDA:740,52,0,0
BRDA:740,52,1,0
BRDA:765,53,0,0
BRDA:765,53,1,0
BRDA:767,54,0,0
BRDA:767,54,1,0
BRDA:805,55,0,0
BRDA:805,55,1,0
BRDA:805,56,0,0
BRDA:805,56,1,0
BRDA:811,57,0,0
BRDA:811,57,1,0
BRDA:816,58,0,0
BRDA:816,58,1,0
BRDA:816,59,0,0
BRDA:816,59,1,0
BRDA:819,60,0,0
BRDA:819,60,1,0
BRDA:826,61,0,0
BRDA:826,61,1,0
BRDA:833,62,0,0
BRDA:833,62,1,0
BRDA:863,63,0,0
BRDA:863,63,1,0
BRDA:895,64,0,1
BRDA:895,64,1,19
BRDA:1034,65,0,0
BRDA:1035,66,0,0
BRDA:1035,66,1,0
BRDA:1037,67,0,0
BRDA:1037,67,1,0
BRDA:1042,68,0,0
BRDA:1042,68,1,0
BRDA:1044,69,0,0
BRDA:1044,69,1,0
BRDA:1052,70,0,0
BRDA:1052,70,1,0
BRDA:1062,71,0,0
BRDA:1062,71,1,2
BRDA:1066,72,0,0
BRDA:1066,72,1,0
BRDA:1069,73,0,0
BRDA:1069,73,1,0
BRDA:1078,74,0,0
BRDA:1078,74,1,0
BRF:147
BRH:41
end_of_record
TN:
SF:src/utils/advancedLogger.js
FN:5,(anonymous_0)
FN:21,(anonymous_1)
FN:38,(anonymous_2)
FN:45,(anonymous_3)
FN:64,(anonymous_4)
FN:101,(anonymous_5)
FN:108,(anonymous_6)
FN:117,(anonymous_7)
FN:124,(anonymous_8)
FN:131,(anonymous_9)
FN:149,(anonymous_10)
FN:169,(anonymous_11)
FN:192,(anonymous_12)
FN:203,(anonymous_13)
FN:234,(anonymous_14)
FN:257,(anonymous_15)
FN:263,(anonymous_16)
FN:280,(anonymous_17)
FNF:18
FNH:2
FNDA:18,(anonymous_0)
FNDA:18,(anonymous_1)
FNDA:0,(anonymous_2)
FNDA:0,(anonymous_3)
FNDA:0,(anonymous_4)
FNDA:0,(anonymous_5)
FNDA:0,(anonymous_6)
FNDA:0,(anonymous_7)
FNDA:0,(anonymous_8)
FNDA:0,(anonymous_9)
FNDA:0,(anonymous_10)
FNDA:0,(anonymous_11)
FNDA:0,(anonymous_12)
FNDA:0,(anonymous_13)
FNDA:0,(anonymous_14)
FNDA:0,(anonymous_15)
FNDA:0,(anonymous_16)
FNDA:0,(anonymous_17)
DA:1,18
DA:2,18
DA:6,18
DA:7,18
DA:10,18
DA:22,18
DA:23,18
DA:26,0
DA:27,0
DA:28,0
DA:31,18
DA:39,0
DA:46,0
DA:54,0
DA:55,0
DA:58,0
DA:65,0
DA:68,0
DA:70,0
DA:71,0
DA:73,0
DA:74,0
DA:76,0
DA:77,0
DA:79,0
DA:82,0
DA:83,0
DA:86,0
DA:87,0
DA:88,0
DA:89,0
DA:94,0
DA:102,0
DA:110,0
DA:111,0
DA:118,0
DA:125,0
DA:132,0
DA:134,0
DA:143,0
DA:150,0
DA:152,0
DA:162,0
DA:163,0
DA:170,0
DA:171,0
DA:173,0
DA:182,0
DA:183,0
DA:185,0
DA:193,0
DA:194,0
DA:202,0
DA:203,0
DA:206,0
DA:207,0
DA:208,0
DA:212,0
DA:213,0
DA:214,0
DA:218,0
DA:219,0
DA:220,0
DA:223,0
DA:226,0
DA:227,0
DA:235,0
DA:238,0
DA:240,0
DA:241,0
DA:243,0
DA:244,0
DA:246,0
DA:247,0
DA:249,0
DA:252,0
DA:253,0
DA:256,0
DA:257,0
DA:260,0
DA:263,0
DA:264,0
DA:265,0
DA:267,0
DA:272,0
DA:273,0
DA:281,0
DA:282,0
DA:283,0
DA:285,0
DA:292,0
DA:293,0
DA:294,0
DA:296,0
DA:297,0
DA:298,0
DA:300,0
DA:301,0
DA:302,0
DA:309,0
DA:314,18
LF:101
LH:9
BRDA:45,0,0,0
BRDA:54,1,0,0
BRDA:54,1,1,0
BRDA:64,2,0,0
BRDA:68,3,0,0
BRDA:68,3,1,0
BRDA:68,3,2,0
BRDA:68,3,3,0
BRDA:86,4,0,0
BRDA:86,4,1,0
BRDA:88,5,0,0
BRDA:88,5,1,0
BRDA:101,6,0,0
BRDA:108,7,0,0
BRDA:117,8,0,0
BRDA:124,9,0,0
BRDA:131,10,0,0
BRDA:149,11,0,0
BRDA:169,12,0,0
BRDA:175,13,0,0
BRDA:175,13,1,0
BRDA:176,14,0,0
BRDA:176,14,1,0
BRDA:182,15,0,0
BRDA:182,15,1,0
BRDA:207,16,0,0
BRDA:207,16,1,0
BRDA:213,17,0,0
BRDA:213,17,1,0
BRDA:219,18,0,0
BRDA:219,18,1,0
BRDA:234,19,0,0
BRDA:238,20,0,0
BRDA:238,20,1,0
BRDA:238,20,2,0
BRDA:238,20,3,0
BRDA:252,21,0,0
BRDA:252,21,1,0
BRDA:280,22,0,0
BRDA:293,23,0,0
BRDA:293,23,1,0
BRDA:300,24,0,0
BRDA:300,24,1,0
BRF:43
BRH:0
end_of_record
TN:
SF:src/utils/logger.js
FN:4,(anonymous_0)
FN:8,(anonymous_1)
FN:12,(anonymous_2)
FN:16,(anonymous_3)
FNF:4
FNH:0
FNDA:0,(anonymous_0)
FNDA:0,(anonymous_1)
FNDA:0,(anonymous_2)
FNDA:0,(anonymous_3)
DA:5,0
DA:9,0
DA:13,0
DA:17,0
DA:18,0
DA:23,0
LF:6
LH:0
BRDA:17,0,0,0
BRDA:17,0,1,0
BRF:2
BRH:0
end_of_record
TN:
SF:src/workers/AnalyzeToxicityWorker.js
FN:17,(anonymous_0)
FN:51,(anonymous_1)
FN:79,(anonymous_2)
FN:142,(anonymous_3)
FN:165,(anonymous_4)
FN:207,(anonymous_5)
FN:246,(anonymous_6)
FN:277,(anonymous_7)
FN:306,(anonymous_8)
FN:317,(anonymous_9)
FN:344,(anonymous_10)
FN:361,(anonymous_11)
FN:367,(anonymous_12)
FN:414,(anonymous_13)
FN:427,(anonymous_14)
FN:472,(anonymous_15)
FNF:16
FNH:0
FNDA:0,(anonymous_0)
FNDA:0,(anonymous_1)
FNDA:0,(anonymous_2)
FNDA:0,(anonymous_3)
FNDA:0,(anonymous_4)
FNDA:0,(anonymous_5)
FNDA:0,(anonymous_6)
FNDA:0,(anonymous_7)
FNDA:0,(anonymous_8)
FNDA:0,(anonymous_9)
FNDA:0,(anonymous_10)
FNDA:0,(anonymous_11)
FNDA:0,(anonymous_12)
FNDA:0,(anonymous_13)
FNDA:0,(anonymous_14)
FNDA:0,(anonymous_15)
DA:1,0
DA:2,0
DA:3,0
DA:18,0
DA:25,0
DA:26,0
DA:29,0
DA:32,0
DA:40,0
DA:53,0
DA:54,0
DA:55,0
DA:59,0
DA:63,0
DA:64,0
DA:65,0
DA:68,0
DA:71,0
DA:72,0
DA:80,0
DA:83,0
DA:88,0
DA:89,0
DA:93,0
DA:95,0
DA:96,0
DA:100,0
DA:103,0
DA:106,0
DA:119,0
DA:120,0
DA:124,0
DA:125,0
DA:128,0
DA:143,0
DA:144,0
DA:150,0
DA:151,0
DA:154,0
DA:158,0
DA:166,0
DA:169,0
DA:170,0
DA:171,0
DA:172,0
DA:174,0
DA:181,0
DA:182,0
DA:183,0
DA:184,0
DA:186,0
DA:193,0
DA:194,0
DA:195,0
DA:199,0
DA:201,0
DA:208,0
DA:222,0
DA:226,0
DA:227,0
DA:229,0
DA:230,0
DA:231,0
DA:232,0
DA:236,0
DA:247,0
DA:251,0
DA:252,0
DA:253,0
DA:256,0
DA:257,0
DA:258,0
DA:260,0
DA:261,0
DA:262,0
DA:266,0
DA:278,0
DA:279,0
DA:280,0
DA:282,0
DA:283,0
DA:284,0
DA:285,0
DA:286,0
DA:288,0
DA:293,0
DA:294,0
DA:296,0
DA:307,0
DA:308,0
DA:309,0
DA:310,0
DA:311,0
DA:318,0
DA:319,0
DA:330,0
DA:333,0
DA:337,0
DA:345,0
DA:348,0
DA:349,0
DA:353,0
DA:354,0
DA:358,0
DA:359,0
DA:361,0
DA:368,0
DA:370,0
DA:386,0
DA:387,0
DA:388,0
DA:390,0
DA:394,0
DA:397,0
DA:404,0
DA:415,0
DA:416,0
DA:417,0
DA:418,0
DA:419,0
DA:420,0
DA:428,0
DA:429,0
DA:436,0
DA:442,0
DA:443,0
DA:450,0
DA:456,0
DA:459,0
DA:465,0
DA:474,0
DA:478,0
LF:132
LH:0
BRDA:17,0,0,0
BRDA:53,1,0,0
BRDA:53,1,1,0
BRDA:63,2,0,0
BRDA:63,2,1,0
BRDA:71,3,0,0
BRDA:71,3,1,0
BRDA:71,4,0,0
BRDA:71,4,1,0
BRDA:80,5,0,0
BRDA:80,5,1,0
BRDA:88,6,0,0
BRDA:88,6,1,0
BRDA:95,7,0,0
BRDA:95,7,1,0
BRDA:100,8,0,0
BRDA:100,8,1,0
BRDA:119,9,0,0
BRDA:119,9,1,0
BRDA:124,10,0,0
BRDA:124,10,1,0
BRDA:150,11,0,0
BRDA:150,11,1,0
BRDA:169,12,0,0
BRDA:169,12,1,0
BRDA:181,13,0,0
BRDA:181,13,1,0
BRDA:181,14,0,0
BRDA:181,14,1,0
BRDA:193,15,0,0
BRDA:193,15,1,0
BRDA:227,16,0,0
BRDA:227,16,1,0
BRDA:231,17,0,0
BRDA:231,17,1,0
BRDA:257,18,0,0
BRDA:257,18,1,0
BRDA:261,19,0,0
BRDA:261,19,1,0
BRDA:283,20,0,0
BRDA:283,20,1,0
BRDA:285,21,0,0
BRDA:285,21,1,0
BRDA:307,22,0,0
BRDA:307,22,1,0
BRDA:308,23,0,0
BRDA:308,23,1,0
BRDA:309,24,0,0
BRDA:309,24,1,0
BRDA:310,25,0,0
BRDA:310,25,1,0
BRDA:330,26,0,0
BRDA:330,26,1,0
BRDA:348,27,0,0
BRDA:348,27,1,0
BRDA:348,28,0,0
BRDA:348,28,1,0
BRDA:353,29,0,0
BRDA:353,29,1,0
BRDA:387,30,0,0
BRDA:387,30,1,0
BRDA:394,31,0,0
BRDA:394,31,1,0
BRDA:415,32,0,0
BRDA:415,32,1,0
BRDA:415,32,2,0
BRDA:415,32,3,0
BRDA:415,32,4,0
BRDA:442,33,0,0
BRDA:442,33,1,0
BRF:70
BRH:0
end_of_record
TN:
SF:src/workers/BaseWorker.js
FN:14,(anonymous_0)
FN:42,(anonymous_1)
FN:60,(anonymous_2)
FN:96,(anonymous_3)
FN:105,(anonymous_4)
FN:106,(anonymous_5)
FN:115,(anonymous_6)
FN:136,(anonymous_7)
FN:158,(anonymous_8)
FN:190,(anonymous_9)
FN:204,(anonymous_10)
FN:243,(anonymous_11)
FN:250,(anonymous_12)
FN:268,(anonymous_13)
FN:291,(anonymous_14)
FN:294,(anonymous_15)
FN:295,(anonymous_16)
FN:302,(anonymous_17)
FN:307,(anonymous_18)
FN:316,(anonymous_19)
FN:332,(anonymous_20)
FN:333,(anonymous_21)
FN:339,(anonymous_22)
FNF:23
FNH:0
FNDA:0,(anonymous_0)
FNDA:0,(anonymous_1)
FNDA:0,(anonymous_2)
FNDA:0,(anonymous_3)
FNDA:0,(anonymous_4)
FNDA:0,(anonymous_5)
FNDA:0,(anonymous_6)
FNDA:0,(anonymous_7)
FNDA:0,(anonymous_8)
FNDA:0,(anonymous_9)
FNDA:0,(anonymous_10)
FNDA:0,(anonymous_11)
FNDA:0,(anonymous_12)
FNDA:0,(anonymous_13)
FNDA:0,(anonymous_14)
FNDA:0,(anonymous_15)
FNDA:0,(anonymous_16)
FNDA:0,(anonymous_17)
FNDA:0,(anonymous_18)
FNDA:0,(anonymous_19)
FNDA:0,(anonymous_20)
FNDA:0,(anonymous_21)
FNDA:0,(anonymous_22)
DA:1,2
DA:2,0
DA:15,0
DA:16,0
DA:17,0
DA:18,0
DA:19,0
DA:20,0
DA:23,0
DA:33,0
DA:36,0
DA:44,0
DA:45,0
DA:47,0
DA:48,0
DA:51,0
DA:54,0
DA:61,0
DA:62,0
DA:65,0
DA:75,0
DA:77,0
DA:79,0
DA:82,0
DA:84,0
DA:87,0
DA:88,0
DA:89,0
DA:97,0
DA:98,0
DA:101,0
DA:102,0
DA:105,0
DA:106,0
DA:107,0
DA:108,0
DA:109,0
DA:115,0
DA:116,0
DA:119,0
DA:122,0
DA:123,0
DA:126,0
DA:138,0
DA:143,0
DA:144,0
DA:148,0
DA:149,0
DA:151,0
DA:159,0
DA:161,0
DA:162,0
DA:164,0
DA:165,0
DA:166,0
DA:170,0
DA:172,0
DA:173,0
DA:174,0
DA:178,0
DA:181,0
DA:182,0
DA:191,0
DA:192,0
DA:196,0
DA:197,0
DA:205,0
DA:206,0
DA:208,0
DA:209,0
DA:215,0
DA:218,0
DA:220,0
DA:223,0
DA:225,0
DA:227,0
DA:234,0
DA:236,0
DA:244,0
DA:251,0
DA:252,0
DA:258,0
DA:269,0
DA:271,0
DA:277,0
DA:278,0
DA:279,0
DA:281,0
DA:292,0
DA:294,0
DA:295,0
DA:296,0
DA:297,0
DA:298,0
DA:302,0
DA:303,0
DA:304,0
DA:307,0
DA:308,0
DA:309,0
DA:317,0
DA:326,0
DA:333,0
DA:340,0
DA:353,0
LF:105
LH:1
BRDA:14,0,0,0
BRDA:24,1,0,0
BRDA:24,1,1,0
BRDA:25,2,0,0
BRDA:25,2,1,0
BRDA:26,3,0,0
BRDA:26,3,1,0
BRDA:27,4,0,0
BRDA:27,4,1,0
BRDA:28,5,0,0
BRDA:28,5,1,0
BRDA:45,6,0,0
BRDA:45,6,1,0
BRDA:47,7,0,0
BRDA:47,7,1,0
BRDA:47,8,0,0
BRDA:47,8,1,0
BRDA:61,9,0,0
BRDA:61,9,1,0
BRDA:70,10,0,0
BRDA:70,10,1,0
BRDA:71,11,0,0
BRDA:71,11,1,0
BRDA:97,12,0,0
BRDA:97,12,1,0
BRDA:107,13,0,0
BRDA:107,13,1,0
BRDA:122,14,0,0
BRDA:122,14,1,0
BRDA:143,15,0,0
BRDA:143,15,1,0
BRDA:164,16,0,0
BRDA:164,16,1,0
BRDA:172,17,0,0
BRDA:172,17,1,0
BRDA:205,18,0,0
BRDA:205,18,1,0
BRDA:211,19,0,0
BRDA:211,19,1,0
BRDA:230,20,0,0
BRDA:230,20,1,0
BRDA:269,21,0,0
BRDA:269,21,1,0
BRDA:274,22,0,0
BRDA:274,22,1,0
BRDA:316,23,0,0
BRF:46
BRH:0
end_of_record
TN:
SF:src/workers/FetchCommentsWorker.js
FN:18,(anonymous_0)
FN:36,(anonymous_1)
FN:76,(anonymous_2)
FN:141,(anonymous_3)
FN:168,(anonymous_4)
FN:192,(anonymous_5)
FN:209,(anonymous_6)
FN:230,(anonymous_7)
FN:281,(anonymous_8)
FN:290,(anonymous_9)
FN:299,(anonymous_10)
FN:360,(anonymous_11)
FN:361,(anonymous_12)
FNF:13
FNH:0
FNDA:0,(anonymous_0)
FNDA:0,(anonymous_1)
FNDA:0,(anonymous_2)
FNDA:0,(anonymous_3)
FNDA:0,(anonymous_4)
FNDA:0,(anonymous_5)
FNDA:0,(anonymous_6)
FNDA:0,(anonymous_7)
FNDA:0,(anonymous_8)
FNDA:0,(anonymous_9)
FNDA:0,(anonymous_10)
FNDA:0,(anonymous_11)
FNDA:0,(anonymous_12)
DA:1,0
DA:2,0
DA:19,0
DA:26,0
DA:27,0
DA:30,0
DA:38,0
DA:39,0
DA:40,0
DA:49,0
DA:50,0
DA:51,0
DA:55,0
DA:59,0
DA:63,0
DA:67,0
DA:69,0
DA:77,0
DA:80,0
DA:85,0
DA:86,0
DA:90,0
DA:96,0
DA:97,0
DA:101,0
DA:108,0
DA:116,0
DA:127,0
DA:129,0
DA:142,0
DA:143,0
DA:151,0
DA:152,0
DA:155,0
DA:161,0
DA:169,0
DA:171,0
DA:172,0
DA:175,0
DA:177,0
DA:179,0
DA:181,0
DA:183,0
DA:185,0
DA:193,0
DA:194,0
DA:202,0
DA:204,0
DA:205,0
DA:209,0
DA:219,0
DA:222,0
DA:223,0
DA:231,0
DA:232,0
DA:233,0
DA:235,0
DA:236,0
DA:237,0
DA:244,0
DA:245,0
DA:247,0
DA:263,0
DA:270,0
DA:273,0
DA:274,0
DA:283,0
DA:284,0
DA:292,0
DA:293,0
DA:300,0
DA:302,0
DA:304,0
DA:305,0
DA:307,0
DA:315,0
DA:316,0
DA:320,0
DA:336,0
DA:337,0
DA:341,0
DA:344,0
DA:347,0
DA:354,0
DA:361,0
DA:374,0
DA:376,0
DA:377,0
DA:379,0
DA:381,0
DA:382,0
DA:385,0
DA:389,0
DA:393,0
DA:396,0
DA:402,0
DA:410,0
LF:97
LH:0
BRDA:18,0,0,0
BRDA:38,1,0,0
BRDA:38,1,1,0
BRDA:49,2,0,0
BRDA:49,2,1,0
BRDA:59,3,0,0
BRDA:59,3,1,0
BRDA:59,4,0,0
BRDA:59,4,1,0
BRDA:67,5,0,0
BRDA:67,5,1,0
BRDA:77,6,0,0
BRDA:77,6,1,0
BRDA:85,7,0,0
BRDA:85,7,1,0
BRDA:96,8,0,0
BRDA:96,8,1,0
BRDA:96,9,0,0
BRDA:96,9,1,0
BRDA:151,10,0,0
BRDA:151,10,1,0
BRDA:171,11,0,0
BRDA:171,11,1,0
BRDA:175,12,0,0
BRDA:175,12,1,0
BRDA:175,12,2,0
BRDA:175,12,3,0
BRDA:175,12,4,0
BRDA:204,13,0,0
BRDA:204,13,1,0
BRDA:232,14,0,0
BRDA:232,14,1,0
BRDA:232,14,2,0
BRDA:244,15,0,0
BRDA:244,15,1,0
BRDA:300,16,0,0
BRDA:300,16,1,0
BRDA:315,17,0,0
BRDA:315,17,1,0
BRDA:336,18,0,0
BRDA:336,18,1,0
BRDA:374,19,0,0
BRDA:374,19,1,0
BRDA:377,20,0,0
BRDA:377,20,1,0
BRDA:393,21,0,0
BRDA:393,21,1,0
BRF:47
BRH:0
end_of_record
TN:
SF:src/workers/GenerateReplyWorker.js
FN:16,(anonymous_0)
FN:49,(anonymous_1)
FN:65,(anonymous_2)
FN:91,(anonymous_3)
FN:193,(anonymous_4)
FN:216,(anonymous_5)
FN:241,(anonymous_6)
FN:251,(anonymous_7)
FN:278,(anonymous_8)
FN:315,(anonymous_9)
FN:331,(anonymous_10)
FN:370,(anonymous_11)
FN:387,(anonymous_12)
FN:425,(anonymous_13)
FN:458,(anonymous_14)
FN:500,(anonymous_15)
FNF:16
FNH:1
FNDA:22,(anonymous_0)
FNDA:0,(anonymous_1)
FNDA:0,(anonymous_2)
FNDA:0,(anonymous_3)
FNDA:0,(anonymous_4)
FNDA:0,(anonymous_5)
FNDA:0,(anonymous_6)
FNDA:0,(anonymous_7)
FNDA:0,(anonymous_8)
FNDA:0,(anonymous_9)
FNDA:0,(anonymous_10)
FNDA:0,(anonymous_11)
FNDA:0,(anonymous_12)
FNDA:0,(anonymous_13)
FNDA:0,(anonymous_14)
FNDA:0,(anonymous_15)
DA:1,1
DA:2,1
DA:17,22
DA:24,22
DA:27,22
DA:30,0
DA:33,0
DA:39,0
DA:50,0
DA:51,0
DA:52,0
DA:56,0
DA:58,0
DA:66,0
DA:100,0
DA:103,0
DA:108,0
DA:109,0
DA:113,0
DA:114,0
DA:115,0
DA:118,0
DA:123,0
DA:124,0
DA:128,0
DA:129,0
DA:138,0
DA:139,0
DA:149,0
DA:152,0
DA:161,0
DA:175,0
DA:176,0
DA:179,0
DA:194,0
DA:195,0
DA:201,0
DA:202,0
DA:205,0
DA:209,0
DA:217,0
DA:218,0
DA:225,0
DA:226,0
DA:229,0
DA:234,0
DA:242,0
DA:243,0
DA:245,0
DA:252,0
DA:255,0
DA:256,0
DA:257,0
DA:258,0
DA:260,0
DA:267,0
DA:268,0
DA:269,0
DA:272,0
DA:279,0
DA:280,0
DA:283,0
DA:286,0
DA:288,0
DA:300,0
DA:303,0
DA:305,0
DA:316,0
DA:317,0
DA:320,0
DA:322,0
DA:332,0
DA:333,0
DA:335,0
DA:336,0
DA:338,0
DA:339,0
DA:341,0
DA:342,0
DA:344,0
DA:345,0
DA:347,0
DA:350,0
DA:371,0
DA:373,0
DA:374,0
DA:375,0
DA:376,0
DA:377,0
DA:381,0
DA:390,0
DA:392,0
DA:393,0
DA:395,0
DA:396,0
DA:398,0
DA:399,0
DA:401,0
DA:404,0
DA:405,0
DA:409,0
DA:410,0
DA:412,0
DA:413,0
DA:414,0
DA:416,0
DA:419,0
DA:426,0
DA:427,0
DA:443,0
DA:444,0
DA:447,0
DA:451,0
DA:459,0
DA:473,0
DA:474,0
DA:475,0
DA:477,0
DA:481,0
DA:484,0
DA:490,0
DA:503,0
DA:507,1
LF:123
LH:6
BRDA:16,0,0,22
BRDA:50,1,0,0
BRDA:50,1,1,0
BRDA:100,2,0,0
BRDA:100,2,1,0
BRDA:108,3,0,0
BRDA:108,3,1,0
BRDA:114,4,0,0
BRDA:114,4,1,0
BRDA:123,5,0,0
BRDA:123,5,1,0
BRDA:128,6,0,0
BRDA:128,6,1,0
BRDA:175,7,0,0
BRDA:175,7,1,0
BRDA:186,8,0,0
BRDA:186,8,1,0
BRDA:201,9,0,0
BRDA:201,9,1,0
BRDA:225,10,0,0
BRDA:225,10,1,0
BRDA:242,11,0,0
BRDA:242,11,1,0
BRDA:243,12,0,0
BRDA:243,12,1,0
BRDA:255,13,0,0
BRDA:255,13,1,0
BRDA:267,14,0,0
BRDA:267,14,1,0
BRDA:317,15,0,0
BRDA:317,15,1,0
BRDA:332,16,0,0
BRDA:332,16,1,0
BRDA:333,17,0,0
BRDA:333,17,1,0
BRDA:336,18,0,0
BRDA:336,18,1,0
BRDA:336,18,2,0
BRDA:336,18,3,0
BRDA:374,19,0,0
BRDA:374,19,1,0
BRDA:374,20,0,0
BRDA:374,20,1,0
BRDA:376,21,0,0
BRDA:376,21,1,0
BRDA:376,22,0,0
BRDA:376,22,1,0
BRDA:390,23,0,0
BRDA:390,23,1,0
BRDA:390,23,2,0
BRDA:390,23,3,0
BRDA:404,24,0,0
BRDA:404,24,1,0
BRDA:413,25,0,0
BRDA:413,25,1,0
BRDA:419,26,0,0
BRDA:419,26,1,0
BRDA:436,27,0,0
BRDA:436,27,1,0
BRDA:443,28,0,0
BRDA:443,28,1,0
BRDA:474,29,0,0
BRDA:474,29,1,0
BRDA:481,30,0,0
BRDA:481,30,1,0
BRF:65
BRH:1
end_of_record
TN:
SF:src/workers/ShieldActionWorker.js
FN:14,(anonymous_0)
FN:32,(anonymous_1)
FN:76,(anonymous_2)
FN:164,(anonymous_3)
FN:188,(anonymous_4)
FN:245,(anonymous_5)
FN:250,(anonymous_6)
FN:287,(anonymous_7)
FN:312,(anonymous_8)
FN:343,(anonymous_9)
FN:405,(anonymous_10)
FN:452,(anonymous_11)
FN:482,(anonymous_12)
FN:520,(anonymous_13)
FN:540,(anonymous_14)
FNF:15
FNH:0
FNDA:0,(anonymous_0)
FNDA:0,(anonymous_1)
FNDA:0,(anonymous_2)
FNDA:0,(anonymous_3)
FNDA:0,(anonymous_4)
FNDA:0,(anonymous_5)
FNDA:0,(anonymous_6)
FNDA:0,(anonymous_7)
FNDA:0,(anonymous_8)
FNDA:0,(anonymous_9)
FNDA:0,(anonymous_10)
FNDA:0,(anonymous_11)
FNDA:0,(anonymous_12)
FNDA:0,(anonymous_13)
FNDA:0,(anonymous_14)
DA:1,0
DA:2,0
DA:15,0
DA:22,0
DA:23,0
DA:26,0
DA:34,0
DA:35,0
DA:36,0
DA:45,0
DA:46,0
DA:47,0
DA:56,0
DA:60,0
DA:61,0
DA:62,0
DA:64,0
DA:69,0
DA:86,0
DA:88,0
DA:89,0
DA:92,0
DA:100,0
DA:102,0
DA:112,0
DA:122,0
DA:130,0
DA:140,0
DA:148,0
DA:157,0
DA:165,0
DA:167,0
DA:168,0
DA:171,0
DA:173,0
DA:175,0
DA:177,0
DA:179,0
DA:181,0
DA:189,0
DA:190,0
DA:193,0
DA:198,0
DA:205,0
DA:207,0
DA:214,0
DA:216,0
DA:224,0
DA:230,0
DA:234,0
DA:246,0
DA:248,0
DA:249,0
DA:250,0
DA:253,0
DA:254,0
DA:255,0
DA:258,0
DA:259,0
DA:260,0
DA:263,0
DA:266,0
DA:270,0
DA:277,0
DA:278,0
DA:280,0
DA:287,0
DA:289,0
DA:290,0
DA:296,0
DA:303,0
DA:305,0
DA:312,0
DA:313,0
DA:316,0
DA:317,0
DA:322,0
DA:328,0
DA:332,0
DA:344,0
DA:345,0
DA:347,0
DA:348,0
DA:351,0
DA:354,0
DA:355,0
DA:361,0
DA:368,0
DA:373,0
DA:380,0
DA:390,0
DA:394,0
DA:406,0
DA:409,0
DA:412,0
DA:423,0
DA:433,0
DA:441,0
DA:453,0
DA:454,0
DA:472,0
DA:483,0
DA:485,0
DA:486,0
DA:493,0
DA:507,0
DA:510,0
DA:521,0
DA:523,0
DA:524,0
DA:526,0
DA:527,0
DA:534,0
DA:541,0
DA:545,0
LF:115
LH:0
BRDA:14,0,0,0
BRDA:34,1,0,0
BRDA:34,1,1,0
BRDA:45,2,0,0
BRDA:45,2,1,0
BRDA:60,3,0,0
BRDA:60,3,1,0
BRDA:60,4,0,0
BRDA:60,4,1,0
BRDA:86,5,0,0
BRDA:86,5,1,0
BRDA:88,6,0,0
BRDA:88,6,1,0
BRDA:167,7,0,0
BRDA:167,7,1,0
BRDA:171,8,0,0
BRDA:171,8,1,0
BRDA:171,8,2,0
BRDA:171,8,3,0
BRDA:171,8,4,0
BRDA:190,9,0,0
BRDA:190,9,1,0
BRDA:190,9,2,0
BRDA:190,9,3,0
BRDA:190,9,4,0
BRDA:248,10,0,0
BRDA:248,10,1,0
BRDA:254,11,0,0
BRDA:254,11,1,0
BRDA:259,12,0,0
BRDA:259,12,1,0
BRDA:263,13,0,0
BRDA:263,13,1,0
BRDA:263,13,2,0
BRDA:263,13,3,0
BRDA:263,13,4,0
BRDA:263,13,5,0
BRDA:313,14,0,0
BRDA:313,14,1,0
BRDA:316,15,0,0
BRDA:316,15,1,0
BRDA:347,16,0,0
BRDA:347,16,1,0
BRDA:351,17,0,0
BRDA:351,17,1,0
BRDA:351,17,2,0
BRDA:351,17,3,0
BRDA:409,18,0,0
BRDA:409,18,1,0
BRDA:409,18,2,0
BRDA:458,19,0,0
BRDA:458,19,1,0
BRDA:460,20,0,0
BRDA:460,20,1,0
BRDA:483,21,0,0
BRDA:483,21,1,0
BRDA:507,22,0,0
BRDA:507,22,1,0
BRDA:521,23,0,0
BRDA:521,23,1,0
BRDA:524,24,0,0
BRDA:524,24,1,0
BRDA:534,25,0,0
BRDA:534,25,1,0
BRF:64
BRH:0
end_of_record
TN:
SF:src/workers/WorkerManager.js
FN:22,(anonymous_0)
FN:52,(anonymous_1)
FN:89,(anonymous_2)
FN:104,(anonymous_3)
FN:105,(anonymous_4)
FN:123,(anonymous_5)
FN:154,(anonymous_6)
FN:180,(anonymous_7)
FN:203,(anonymous_8)
FN:204,(anonymous_9)
FN:212,(anonymous_10)
FN:261,(anonymous_11)
FN:283,(anonymous_12)
FN:310,(anonymous_13)
FN:327,(anonymous_14)
FN:330,(anonymous_15)
FN:331,(anonymous_16)
FN:343,(anonymous_17)
FN:349,(anonymous_18)
FN:359,(anonymous_19)
FNF:20
FNH:0
FNDA:0,(anonymous_0)
FNDA:0,(anonymous_1)
FNDA:0,(anonymous_2)
FNDA:0,(anonymous_3)
FNDA:0,(anonymous_4)
FNDA:0,(anonymous_5)
FNDA:0,(anonymous_6)
FNDA:0,(anonymous_7)
FNDA:0,(anonymous_8)
FNDA:0,(anonymous_9)
FNDA:0,(anonymous_10)
FNDA:0,(anonymous_11)
FNDA:0,(anonymous_12)
FNDA:0,(anonymous_13)
FNDA:0,(anonymous_14)
FNDA:0,(anonymous_15)
FNDA:0,(anonymous_16)
FNDA:0,(anonymous_17)
FNDA:0,(anonymous_18)
FNDA:0,(anonymous_19)
DA:1,0
DA:2,0
DA:3,0
DA:4,0
DA:23,0
DA:30,0
DA:31,0
DA:32,0
DA:33,0
DA:36,0
DA:43,0
DA:53,0
DA:54,0
DA:57,0
DA:58,0
DA:60,0
DA:62,0
DA:63,0
DA:66,0
DA:69,0
DA:71,0
DA:77,0
DA:80,0
DA:81,0
DA:82,0
DA:90,0
DA:91,0
DA:94,0
DA:95,0
DA:98,0
DA:99,0
DA:100,0
DA:104,0
DA:105,0
DA:106,0
DA:113,0
DA:114,0
DA:116,0
DA:117,0
DA:124,0
DA:126,0
DA:127,0
DA:130,0
DA:132,0
DA:133,0
DA:134,0
DA:136,0
DA:137,0
DA:139,0
DA:144,0
DA:147,0
DA:155,0
DA:157,0
DA:158,0
DA:161,0
DA:163,0
DA:164,0
DA:165,0
DA:167,0
DA:170,0
DA:173,0
DA:181,0
DA:183,0
DA:184,0
DA:185,0
DA:188,0
DA:190,0
DA:193,0
DA:196,0
DA:204,0
DA:205,0
DA:213,0
DA:221,0
DA:222,0
DA:223,0
DA:225,0
DA:226,0
DA:229,0
DA:240,0
DA:241,0
DA:251,0
DA:252,0
DA:255,0
DA:262,0
DA:273,0
DA:274,0
DA:277,0
DA:284,0
DA:285,0
DA:286,0
DA:288,0
DA:289,0
DA:290,0
DA:291,0
DA:292,0
DA:295,0
DA:311,0
DA:312,0
DA:315,0
DA:317,0
DA:319,0
DA:320,0
DA:328,0
DA:330,0
DA:331,0
DA:332,0
DA:333,0
DA:334,0
DA:335,0
DA:337,0
DA:338,0
DA:343,0
DA:344,0
DA:345,0
DA:346,0
DA:349,0
DA:350,0
DA:351,0
DA:352,0
DA:360,0
DA:368,0
DA:372,0
LF:122
LH:0
BRDA:22,0,0,0
BRDA:53,1,0,0
BRDA:53,1,1,0
BRDA:90,2,0,0
BRDA:90,2,1,0
BRDA:98,3,0,0
BRDA:98,3,1,0
BRDA:126,4,0,0
BRDA:126,4,1,0
BRDA:133,5,0,0
BRDA:133,5,1,0
BRDA:157,6,0,0
BRDA:157,6,1,0
BRDA:184,7,0,0
BRDA:184,7,1,0
BRDA:223,8,0,0
BRDA:223,8,1,0
BRDA:225,9,0,0
BRDA:225,9,1,0
BRDA:240,10,0,0
BRDA:240,10,1,0
BRDA:251,11,0,0
BRDA:251,11,1,0
BRDA:266,12,0,0
BRDA:266,12,1,0
BRDA:297,13,0,0
BRDA:297,13,1,0
BRDA:302,14,0,0
BRDA:302,14,1,0
BRDA:310,15,0,0
BRDA:311,16,0,0
BRDA:311,16,1,0
BRDA:319,17,0,0
BRDA:319,17,1,0
BRDA:359,18,0,0
BRF:35
BRH:0
end_of_record
TN:
SF:src/workers/cli/queue-manager.js
FN:26,(anonymous_0)
FN:30,(anonymous_1)
FN:37,(anonymous_2)
FN:65,(anonymous_3)
FN:68,(anonymous_4)
FN:71,(anonymous_5)
FN:86,(anonymous_6)
FN:91,(anonymous_7)
FN:99,(anonymous_8)
FN:107,(anonymous_9)
FN:118,(anonymous_10)
FN:138,(anonymous_11)
FN:153,(anonymous_12)
FN:172,(anonymous_13)
FN:196,(anonymous_14)
FN:247,(anonymous_15)
FN:269,(anonymous_16)
FN:295,(anonymous_17)
FN:337,(anonymous_18)
FN:343,(anonymous_19)
FN:365,(anonymous_20)
FN:375,(anonymous_21)
FN:389,(anonymous_22)
FN:390,(anonymous_23)
FN:397,(anonymous_24)
FN:407,(anonymous_25)
FN:442,main
FN:507,(anonymous_27)
FNF:28
FNH:0
FNDA:0,(anonymous_0)
FNDA:0,(anonymous_1)
FNDA:0,(anonymous_2)
FNDA:0,(anonymous_3)
FNDA:0,(anonymous_4)
FNDA:0,(anonymous_5)
FNDA:0,(anonymous_6)
FNDA:0,(anonymous_7)
FNDA:0,(anonymous_8)
FNDA:0,(anonymous_9)
FNDA:0,(anonymous_10)
FNDA:0,(anonymous_11)
FNDA:0,(anonymous_12)
FNDA:0,(anonymous_13)
FNDA:0,(anonymous_14)
FNDA:0,(anonymous_15)
FNDA:0,(anonymous_16)
FNDA:0,(anonymous_17)
FNDA:0,(anonymous_18)
FNDA:0,(anonymous_19)
FNDA:0,(anonymous_20)
FNDA:0,(anonymous_21)
FNDA:0,(anonymous_22)
FNDA:0,(anonymous_23)
FNDA:0,(anonymous_24)
FNDA:0,(anonymous_25)
FNDA:0,main
FNDA:0,(anonymous_27)
DA:22,0
DA:23,0
DA:27,0
DA:31,0
DA:38,0
DA:40,0
DA:41,0
DA:43,0
DA:44,0
DA:45,0
DA:47,0
DA:48,0
DA:49,0
DA:52,0
DA:53,0
DA:54,0
DA:58,0
DA:66,0
DA:68,0
DA:69,0
DA:70,0
DA:71,0
DA:72,0
DA:73,0
DA:74,0
DA:80,0
DA:87,0
DA:89,0
DA:90,0
DA:91,0
DA:92,0
DA:94,0
DA:97,0
DA:98,0
DA:99,0
DA:100,0
DA:102,0
DA:105,0
DA:106,0
DA:107,0
DA:108,0
DA:109,0
DA:111,0
DA:119,0
DA:121,0
DA:122,0
DA:123,0
DA:126,0
DA:128,0
DA:131,0
DA:139,0
DA:140,0
DA:141,0
DA:143,0
DA:144,0
DA:145,0
DA:154,0
DA:156,0
DA:162,0
DA:163,0
DA:166,0
DA:173,0
DA:175,0
DA:179,0
DA:180,0
DA:181,0
DA:184,0
DA:186,0
DA:187,0
DA:190,0
DA:197,0
DA:199,0
DA:200,0
DA:201,0
DA:202,0
DA:205,0
DA:211,0
DA:213,0
DA:215,0
DA:216,0
DA:217,0
DA:219,0
DA:230,0
DA:233,0
DA:237,0
DA:240,0
DA:248,0
DA:250,0
DA:251,0
DA:252,0
DA:253,0
DA:256,0
DA:257,0
DA:259,0
DA:260,0
DA:261,0
DA:263,0
DA:264,0
DA:265,0
DA:268,0
DA:269,0
DA:270,0
DA:271,0
DA:274,0
DA:275,0
DA:277,0
DA:281,0
DA:282,0
DA:284,0
DA:288,0
DA:296,0
DA:298,0
DA:302,0
DA:303,0
DA:304,0
DA:307,0
DA:308,0
DA:309,0
DA:310,0
DA:313,0
DA:314,0
DA:316,0
DA:317,0
DA:318,0
DA:320,0
DA:321,0
DA:322,0
DA:323,0
DA:327,0
DA:330,0
DA:338,0
DA:339,0
DA:341,0
DA:343,0
DA:344,0
DA:345,0
DA:346,0
DA:347,0
DA:349,0
DA:351,0
DA:354,0
DA:359,0
DA:362,0
DA:365,0
DA:366,0
DA:367,0
DA:368,0
DA:376,0
DA:383,0
DA:390,0
DA:391,0
DA:392,0
DA:397,0
DA:398,0
DA:399,0
DA:408,0
DA:443,0
DA:444,0
DA:446,0
DA:447,0
DA:448,0
DA:449,0
DA:452,0
DA:454,0
DA:455,0
DA:457,0
DA:459,0
DA:460,0
DA:463,0
DA:464,0
DA:465,0
DA:466,0
DA:468,0
DA:469,0
DA:472,0
DA:473,0
DA:476,0
DA:477,0
DA:480,0
DA:481,0
DA:484,0
DA:485,0
DA:488,0
DA:489,0
DA:492,0
DA:493,0
DA:494,0
DA:498,0
DA:499,0
DA:503,0
DA:507,0
DA:508,0
DA:509,0
LF:193
LH:0
BRDA:44,0,0,0
BRDA:44,0,1,0
BRDA:45,1,0,0
BRDA:45,1,1,0
BRDA:47,2,0,0
BRDA:47,2,1,0
BRDA:52,3,0,0
BRDA:52,3,1,0
BRDA:69,4,0,0
BRDA:69,4,1,0
BRDA:72,5,0,0
BRDA:72,5,1,0
BRDA:89,6,0,0
BRDA:89,6,1,0
BRDA:89,7,0,0
BRDA:89,7,1,0
BRDA:97,8,0,0
BRDA:97,8,1,0
BRDA:97,9,0,0
BRDA:97,9,1,0
BRDA:105,10,0,0
BRDA:105,10,1,0
BRDA:105,11,0,0
BRDA:105,11,1,0
BRDA:122,12,0,0
BRDA:122,12,1,0
BRDA:143,13,0,0
BRDA:143,13,1,0
BRDA:154,14,0,0
BRDA:154,14,1,0
BRDA:162,15,0,0
BRDA:162,15,1,0
BRDA:179,16,0,0
BRDA:179,16,1,0
BRDA:200,17,0,0
BRDA:200,17,1,0
BRDA:211,18,0,0
BRDA:211,18,1,0
BRDA:251,19,0,0
BRDA:251,19,1,0
BRDA:263,20,0,0
BRDA:263,20,1,0
BRDA:274,21,0,0
BRDA:274,21,1,0
BRDA:281,22,0,0
BRDA:281,22,1,0
BRDA:302,23,0,0
BRDA:302,23,1,0
BRDA:308,24,0,0
BRDA:308,24,1,0
BRDA:320,25,0,0
BRDA:320,25,1,0
BRDA:383,26,0,0
BRDA:383,26,1,0
BRDA:399,27,0,0
BRDA:399,27,1,0
BRDA:446,28,0,0
BRDA:446,28,1,0
BRDA:446,29,0,0
BRDA:446,29,1,0
BRDA:457,30,0,0
BRDA:457,30,1,0
BRDA:457,30,2,0
BRDA:457,30,3,0
BRDA:457,30,4,0
BRDA:457,30,5,0
BRDA:457,30,6,0
BRDA:457,30,7,0
BRDA:464,31,0,0
BRDA:464,31,1,0
BRF:70
BRH:0
end_of_record
TN:
SF:src/workers/cli/start-workers.js
FN:24,(anonymous_0)
FN:26,(anonymous_1)
FN:96,validateEnvironment
FN:98,(anonymous_3)
FN:107,(anonymous_4)
FN:116,startWorkers
FN:144,(anonymous_6)
FN:163,(anonymous_7)
FN:167,(anonymous_8)
FN:172,(anonymous_9)
FNF:10
FNH:0
FNDA:0,(anonymous_0)
FNDA:0,(anonymous_1)
FNDA:0,validateEnvironment
FNDA:0,(anonymous_3)
FNDA:0,(anonymous_4)
FNDA:0,startWorkers
FNDA:0,(anonymous_6)
FNDA:0,(anonymous_7)
FNDA:0,(anonymous_8)
FNDA:0,(anonymous_9)
DA:17,0
DA:18,0
DA:21,0
DA:22,0
DA:24,0
DA:25,0
DA:26,0
DA:27,0
DA:28,0
DA:29,0
DA:30,0
DA:31,0
DA:32,0
DA:33,0
DA:38,0
DA:58,0
DA:59,0
DA:63,0
DA:64,0
DA:65,0
DA:66,0
DA:68,0
DA:69,0
DA:74,0
DA:75,0
DA:97,0
DA:98,0
DA:100,0
DA:101,0
DA:102,0
DA:106,0
DA:107,0
DA:109,0
DA:110,0
DA:117,0
DA:130,0
DA:132,0
DA:134,0
DA:135,0
DA:137,0
DA:138,0
DA:139,0
DA:140,0
DA:143,0
DA:144,0
DA:145,0
DA:146,0
DA:151,0
DA:154,0
DA:155,0
DA:156,0
DA:158,0
DA:163,0
DA:164,0
DA:167,0
DA:168,0
DA:172,0
DA:173,0
DA:174,0
LF:59
LH:0
BRDA:25,0,0,0
BRDA:25,0,1,0
BRDA:27,1,0,0
BRDA:27,1,1,0
BRDA:29,2,0,0
BRDA:29,2,1,0
BRDA:31,3,0,0
BRDA:31,3,1,0
BRDA:58,4,0,0
BRDA:58,4,1,0
BRDA:63,5,0,0
BRDA:63,5,1,0
BRDA:74,6,0,0
BRDA:74,6,1,0
BRDA:100,7,0,0
BRDA:100,7,1,0
BRDA:109,8,0,0
BRDA:109,8,1,0
BRDA:121,9,0,0
BRDA:121,9,1,0
BRDA:123,10,0,0
BRDA:123,10,1,0
BRDA:143,11,0,0
BRDA:143,11,1,0
BRDA:155,12,0,0
BRDA:155,12,1,0
BRF:26
BRH:0
end_of_record
TN:
SF:src/workers/cli/worker-status.js
FN:24,(anonymous_0)
FN:36,(anonymous_1)
FN:62,(anonymous_2)
FN:77,(anonymous_3)
FN:98,(anonymous_4)
FN:119,(anonymous_5)
FN:139,(anonymous_6)
FN:155,(anonymous_7)
FN:156,(anonymous_8)
FN:162,(anonymous_9)
FN:167,(anonymous_10)
FN:177,(anonymous_11)
FN:204,(anonymous_12)
FN:220,(anonymous_13)
FN:238,(anonymous_14)
FN:239,(anonymous_15)
FN:252,(anonymous_16)
FN:268,(anonymous_17)
FN:276,(anonymous_18)
FN:293,(anonymous_19)
FN:298,(anonymous_20)
FN:323,(anonymous_21)
FN:337,(anonymous_22)
FNF:23
FNH:0
FNDA:0,(anonymous_0)
FNDA:0,(anonymous_1)
FNDA:0,(anonymous_2)
FNDA:0,(anonymous_3)
FNDA:0,(anonymous_4)
FNDA:0,(anonymous_5)
FNDA:0,(anonymous_6)
FNDA:0,(anonymous_7)
FNDA:0,(anonymous_8)
FNDA:0,(anonymous_9)
FNDA:0,(anonymous_10)
FNDA:0,(anonymous_11)
FNDA:0,(anonymous_12)
FNDA:0,(anonymous_13)
FNDA:0,(anonymous_14)
FNDA:0,(anonymous_15)
FNDA:0,(anonymous_16)
FNDA:0,(anonymous_17)
FNDA:0,(anonymous_18)
FNDA:0,(anonymous_19)
FNDA:0,(anonymous_20)
FNDA:0,(anonymous_21)
FNDA:0,(anonymous_22)
DA:19,0
DA:20,0
DA:21,0
DA:25,0
DA:33,0
DA:38,0
DA:39,0
DA:41,0
DA:42,0
DA:46,0
DA:47,0
DA:49,0
DA:50,0
DA:57,0
DA:58,0
DA:63,0
DA:65,0
DA:67,0
DA:73,0
DA:75,0
DA:77,0
DA:78,0
DA:79,0
DA:87,0
DA:90,0
DA:93,0
DA:94,0
DA:99,0
DA:101,0
DA:102,0
DA:103,0
DA:105,0
DA:106,0
DA:107,0
DA:108,0
DA:111,0
DA:114,0
DA:115,0
DA:120,0
DA:122,0
DA:123,0
DA:129,0
DA:131,0
DA:134,0
DA:135,0
DA:140,0
DA:142,0
DA:144,0
DA:146,0
DA:151,0
DA:153,0
DA:155,0
DA:156,0
DA:162,0
DA:163,0
DA:166,0
DA:167,0
DA:168,0
DA:169,0
DA:170,0
DA:173,0
DA:177,0
DA:178,0
DA:179,0
DA:187,0
DA:188,0
DA:189,0
DA:190,0
DA:192,0
DA:196,0
DA:199,0
DA:200,0
DA:205,0
DA:217,0
DA:221,0
DA:222,0
DA:225,0
DA:236,0
DA:237,0
DA:238,0
DA:239,0
DA:240,0
DA:241,0
DA:242,0
DA:243,0
DA:244,0
DA:245,0
DA:250,0
DA:251,0
DA:252,0
DA:253,0
DA:258,0
DA:259,0
DA:260,0
DA:268,0
DA:269,0
DA:274,0
DA:275,0
DA:276,0
DA:277,0
DA:278,0
DA:286,0
DA:290,0
DA:294,0
DA:295,0
DA:296,0
DA:298,0
DA:299,0
DA:300,0
DA:301,0
DA:302,0
DA:303,0
DA:305,0
DA:309,0
DA:310,0
DA:313,0
DA:314,0
DA:320,0
DA:321,0
DA:323,0
DA:324,0
DA:325,0
DA:326,0
DA:327,0
DA:328,0
DA:329,0
DA:330,0
DA:331,0
DA:336,0
DA:337,0
DA:338,0
DA:339,0
LF:132
LH:0
BRDA:24,0,0,0
BRDA:39,1,0,0
BRDA:39,1,1,0
BRDA:41,2,0,0
BRDA:41,2,1,0
BRDA:41,3,0,0
BRDA:41,3,1,0
BRDA:46,4,0,0
BRDA:46,4,1,0
BRDA:49,5,0,0
BRDA:49,5,1,0
BRDA:49,6,0,0
BRDA:49,6,1,0
BRDA:54,7,0,0
BRDA:54,7,1,0
BRDA:57,8,0,0
BRDA:57,8,1,0
BRDA:63,9,0,0
BRDA:63,9,1,0
BRDA:73,10,0,0
BRDA:73,10,1,0
BRDA:78,11,0,0
BRDA:78,11,1,0
BRDA:87,12,0,0
BRDA:87,12,1,0
BRDA:99,13,0,0
BRDA:99,13,1,0
BRDA:120,14,0,0
BRDA:120,14,1,0
BRDA:129,15,0,0
BRDA:129,15,1,0
BRDA:140,16,0,0
BRDA:140,16,1,0
BRDA:151,17,0,0
BRDA:151,17,1,0
BRDA:163,18,0,0
BRDA:163,18,1,0
BRDA:163,18,2,0
BRDA:166,19,0,0
BRDA:166,19,1,0
BRDA:178,20,0,0
BRDA:178,20,1,0
BRDA:189,21,0,0
BRDA:189,21,1,0
BRDA:190,22,0,0
BRDA:190,22,1,0
BRDA:192,23,0,0
BRDA:192,23,1,0
BRDA:221,24,0,0
BRDA:221,24,1,0
BRDA:231,25,0,0
BRDA:231,25,1,0
BRDA:232,26,0,0
BRDA:232,26,1,0
BRDA:236,27,0,0
BRDA:236,27,1,0
BRDA:250,28,0,0
BRDA:250,28,1,0
BRDA:258,29,0,0
BRDA:258,29,1,0
BRDA:274,30,0,0
BRDA:274,30,1,0
BRDA:274,31,0,0
BRDA:274,31,1,0
BRDA:278,32,0,0
BRDA:278,32,1,0
BRDA:294,33,0,0
BRDA:294,33,1,0
BRDA:324,34,0,0
BRDA:324,34,1,0
BRDA:326,35,0,0
BRDA:326,35,1,0
BRDA:328,36,0,0
BRDA:328,36,1,0
BRDA:330,37,0,0
BRDA:330,37,1,0
BRF:76
BRH:0
end_of_record
